[2023-12-06 11:22:59,707] {taskinstance.py:1179} INFO - Dependencies all met for <TaskInstance: ETL_redshift_docker_airflow.extraer_data scheduled__2023-12-05T00:00:00+00:00 [queued]>
[2023-12-06 11:22:59,718] {taskinstance.py:1179} INFO - Dependencies all met for <TaskInstance: ETL_redshift_docker_airflow.extraer_data scheduled__2023-12-05T00:00:00+00:00 [queued]>
[2023-12-06 11:22:59,719] {taskinstance.py:1376} INFO - 
--------------------------------------------------------------------------------
[2023-12-06 11:22:59,842] {taskinstance.py:1377} INFO - Starting attempt 1 of 6
[2023-12-06 11:22:59,843] {taskinstance.py:1378} INFO - 
--------------------------------------------------------------------------------
[2023-12-06 11:22:59,938] {taskinstance.py:1397} INFO - Executing <Task(PythonOperator): extraer_data> on 2023-12-05 00:00:00+00:00
[2023-12-06 11:22:59,960] {standard_task_runner.py:52} INFO - Started process 204 to run task
[2023-12-06 11:23:00,023] {standard_task_runner.py:79} INFO - Running: ['***', 'tasks', 'run', 'ETL_redshift_docker_***', 'extraer_data', 'scheduled__2023-12-05T00:00:00+00:00', '--job-id', '18', '--raw', '--subdir', 'DAGS_FOLDER/ETL a Redshift.py', '--cfg-path', '/tmp/tmpcsbflfia', '--error-file', '/tmp/tmpg84_bwlh']
[2023-12-06 11:23:00,049] {standard_task_runner.py:80} INFO - Job 18: Subtask extraer_data
[2023-12-06 11:23:00,998] {task_command.py:371} INFO - Running <TaskInstance: ETL_redshift_docker_airflow.extraer_data scheduled__2023-12-05T00:00:00+00:00 [running]> on host 4357a10b93bd
[2023-12-06 11:23:01,524] {logging_mixin.py:115} WARNING - /home/***/.local/lib/python3.7/site-packages/***/utils/context.py:202 AirflowContextDeprecationWarning: Accessing 'execution_date' from the template is deprecated and will be removed in a future version. Please use 'data_interval_start' or 'logical_date' instead.
[2023-12-06 11:23:02,023] {taskinstance.py:1591} INFO - Exporting the following env vars:
AIRFLOW_CTX_DAG_OWNER=ManuelMoyano
AIRFLOW_CTX_DAG_ID=ETL_redshift_docker_***
AIRFLOW_CTX_TASK_ID=extraer_data
AIRFLOW_CTX_EXECUTION_DATE=2023-12-05T00:00:00+00:00
AIRFLOW_CTX_TRY_NUMBER=1
AIRFLOW_CTX_DAG_RUN_ID=scheduled__2023-12-05T00:00:00+00:00
[2023-12-06 11:23:02,025] {logging_mixin.py:115} INFO - Adquiriendo data para la fecha: 2023-12-05 0
[2023-12-06 11:23:14,045] {python.py:173} INFO - Done. Returned value was: None
[2023-12-06 11:23:14,059] {taskinstance.py:1420} INFO - Marking task as SUCCESS. dag_id=ETL_redshift_docker_***, task_id=extraer_data, execution_date=20231205T000000, start_date=20231206T112259, end_date=20231206T112314
[2023-12-06 11:23:14,118] {local_task_job.py:156} INFO - Task exited with return code 0
[2023-12-06 11:23:14,171] {local_task_job.py:273} INFO - 1 downstream tasks scheduled from follow-on schedule check
