[2023-12-07 22:07:33,930] {taskinstance.py:1179} INFO - Dependencies all met for <TaskInstance: ETL_redshift_docker_airflow.transformar_data manual__2023-12-07T22:07:28.972230+00:00 [queued]>
[2023-12-07 22:07:33,941] {taskinstance.py:1179} INFO - Dependencies all met for <TaskInstance: ETL_redshift_docker_airflow.transformar_data manual__2023-12-07T22:07:28.972230+00:00 [queued]>
[2023-12-07 22:07:33,941] {taskinstance.py:1376} INFO - 
--------------------------------------------------------------------------------
[2023-12-07 22:07:33,941] {taskinstance.py:1377} INFO - Starting attempt 1 of 6
[2023-12-07 22:07:33,942] {taskinstance.py:1378} INFO - 
--------------------------------------------------------------------------------
[2023-12-07 22:07:33,958] {taskinstance.py:1397} INFO - Executing <Task(PythonOperator): transformar_data> on 2023-12-07 22:07:28.972230+00:00
[2023-12-07 22:07:33,962] {standard_task_runner.py:52} INFO - Started process 434 to run task
[2023-12-07 22:07:33,966] {standard_task_runner.py:79} INFO - Running: ['***', 'tasks', 'run', 'ETL_redshift_docker_***', 'transformar_data', 'manual__2023-12-07T22:07:28.972230+00:00', '--job-id', '148', '--raw', '--subdir', 'DAGS_FOLDER/ETL a Redshift.py', '--cfg-path', '/tmp/tmpd5yr9gyq', '--error-file', '/tmp/tmpem9xt23x']
[2023-12-07 22:07:33,967] {standard_task_runner.py:80} INFO - Job 148: Subtask transformar_data
[2023-12-07 22:07:34,025] {task_command.py:371} INFO - Running <TaskInstance: ETL_redshift_docker_airflow.transformar_data manual__2023-12-07T22:07:28.972230+00:00 [running]> on host 4357a10b93bd
[2023-12-07 22:07:34,062] {logging_mixin.py:115} WARNING - /home/***/.local/lib/python3.7/site-packages/***/utils/context.py:202 AirflowContextDeprecationWarning: Accessing 'execution_date' from the template is deprecated and will be removed in a future version. Please use 'data_interval_start' or 'logical_date' instead.
[2023-12-07 22:07:34,103] {taskinstance.py:1591} INFO - Exporting the following env vars:
AIRFLOW_CTX_DAG_OWNER=ManuelMoyano
AIRFLOW_CTX_DAG_ID=ETL_redshift_docker_***
AIRFLOW_CTX_TASK_ID=transformar_data
AIRFLOW_CTX_EXECUTION_DATE=2023-12-07T22:07:28.972230+00:00
AIRFLOW_CTX_TRY_NUMBER=1
AIRFLOW_CTX_DAG_RUN_ID=manual__2023-12-07T22:07:28.972230+00:00
[2023-12-07 22:07:34,104] {logging_mixin.py:115} INFO - Transformando la data para la fecha: 2023-12-07 22
[2023-12-07 22:07:34,122] {python.py:173} INFO - Done. Returned value was: None
[2023-12-07 22:07:34,136] {taskinstance.py:1420} INFO - Marking task as SUCCESS. dag_id=ETL_redshift_docker_***, task_id=transformar_data, execution_date=20231207T220728, start_date=20231207T220733, end_date=20231207T220734
[2023-12-07 22:07:34,177] {local_task_job.py:156} INFO - Task exited with return code 0
[2023-12-07 22:07:34,226] {local_task_job.py:273} INFO - 1 downstream tasks scheduled from follow-on schedule check
