[2023-12-20T22:23:48.699+0000] {taskinstance.py:1957} INFO - Dependencies all met for dep_context=non-requeueable deps ti=<TaskInstance: ETL_redshift_docker_airflow.mensaje_carga_completada manual__2023-12-20T22:23:22.472609+00:00 [queued]>
[2023-12-20T22:23:48.708+0000] {taskinstance.py:1957} INFO - Dependencies all met for dep_context=requeueable deps ti=<TaskInstance: ETL_redshift_docker_airflow.mensaje_carga_completada manual__2023-12-20T22:23:22.472609+00:00 [queued]>
[2023-12-20T22:23:48.709+0000] {taskinstance.py:2171} INFO - Starting attempt 1 of 6
[2023-12-20T22:23:48.723+0000] {taskinstance.py:2192} INFO - Executing <Task(PythonOperator): mensaje_carga_completada> on 2023-12-20 22:23:22.472609+00:00
[2023-12-20T22:23:48.728+0000] {standard_task_runner.py:60} INFO - Started process 107 to run task
[2023-12-20T22:23:48.731+0000] {standard_task_runner.py:87} INFO - Running: ['***', 'tasks', 'run', 'ETL_redshift_docker_***', 'mensaje_carga_completada', 'manual__2023-12-20T22:23:22.472609+00:00', '--job-id', '385', '--raw', '--subdir', 'DAGS_FOLDER/ETL a Redshift.py', '--cfg-path', '/tmp/tmptsxlkkdy']
[2023-12-20T22:23:48.733+0000] {standard_task_runner.py:88} INFO - Job 385: Subtask mensaje_carga_completada
[2023-12-20T22:23:48.746+0000] {warnings.py:109} WARNING - /home/***/.local/lib/python3.8/site-packages/***/settings.py:195: DeprecationWarning: The sql_alchemy_conn option in [core] has been moved to the sql_alchemy_conn option in [database] - the old setting has been used, but please update your config.
  SQL_ALCHEMY_CONN = conf.get("database", "SQL_ALCHEMY_CONN")

[2023-12-20T22:23:48.777+0000] {task_command.py:423} INFO - Running <TaskInstance: ETL_redshift_docker_airflow.mensaje_carga_completada manual__2023-12-20T22:23:22.472609+00:00 [running]> on host de1b3d441485
[2023-12-20T22:23:48.821+0000] {warnings.py:109} WARNING - /home/***/.local/lib/python3.8/site-packages/***/utils/context.py:207: AirflowContextDeprecationWarning: Accessing 'execution_date' from the template is deprecated and will be removed in a future version. Please use 'data_interval_start' or 'logical_date' instead.
  warnings.warn(_create_deprecation_warning(key, self._deprecation_replacements[key]))

[2023-12-20T22:23:48.861+0000] {taskinstance.py:2481} INFO - Exporting env vars: AIRFLOW_CTX_DAG_OWNER='ManuelMoyano' AIRFLOW_CTX_DAG_ID='ETL_redshift_docker_***' AIRFLOW_CTX_TASK_ID='mensaje_carga_completada' AIRFLOW_CTX_EXECUTION_DATE='2023-12-20T22:23:22.472609+00:00' AIRFLOW_CTX_TRY_NUMBER='1' AIRFLOW_CTX_DAG_RUN_ID='manual__2023-12-20T22:23:22.472609+00:00'
[2023-12-20T22:23:48.863+0000] {logging_mixin.py:188} INFO - Enviando mensaje de finalización en la fecha: 2023-12-20 22
[2023-12-20T22:23:50.371+0000] {logging_mixin.py:188} INFO - 'ascii' codec can't encode character '\xe1' in position 73: ordinal not in range(128)
[2023-12-20T22:23:50.371+0000] {logging_mixin.py:188} INFO - Failure
[2023-12-20T22:23:50.372+0000] {python.py:201} INFO - Done. Returned value was: None
[2023-12-20T22:23:50.381+0000] {taskinstance.py:1138} INFO - Marking task as SUCCESS. dag_id=ETL_redshift_docker_***, task_id=mensaje_carga_completada, execution_date=20231220T222322, start_date=20231220T222348, end_date=20231220T222350
[2023-12-20T22:23:50.429+0000] {local_task_job_runner.py:234} INFO - Task exited with return code 0
[2023-12-20T22:23:50.443+0000] {taskinstance.py:3281} INFO - 0 downstream tasks scheduled from follow-on schedule check
