[2023-12-20T18:40:30.256+0000] {taskinstance.py:1957} INFO - Dependencies all met for dep_context=non-requeueable deps ti=<TaskInstance: ETL_redshift_docker_airflow.transformar_data scheduled__2023-12-19T00:00:00+00:00 [queued]>
[2023-12-20T18:40:30.279+0000] {taskinstance.py:1957} INFO - Dependencies all met for dep_context=requeueable deps ti=<TaskInstance: ETL_redshift_docker_airflow.transformar_data scheduled__2023-12-19T00:00:00+00:00 [queued]>
[2023-12-20T18:40:30.280+0000] {taskinstance.py:2171} INFO - Starting attempt 1 of 6
[2023-12-20T18:40:30.311+0000] {taskinstance.py:2192} INFO - Executing <Task(PythonOperator): transformar_data> on 2023-12-19 00:00:00+00:00
[2023-12-20T18:40:30.332+0000] {standard_task_runner.py:60} INFO - Started process 301 to run task
[2023-12-20T18:40:30.338+0000] {standard_task_runner.py:87} INFO - Running: ['***', 'tasks', 'run', 'ETL_redshift_docker_***', 'transformar_data', 'scheduled__2023-12-19T00:00:00+00:00', '--job-id', '234', '--raw', '--subdir', 'DAGS_FOLDER/ETL a Redshift.py', '--cfg-path', '/tmp/tmpjkflvnsb']
[2023-12-20T18:40:30.342+0000] {standard_task_runner.py:88} INFO - Job 234: Subtask transformar_data
[2023-12-20T18:40:30.377+0000] {warnings.py:109} WARNING - /home/***/.local/lib/python3.8/site-packages/***/settings.py:195: DeprecationWarning: The sql_alchemy_conn option in [core] has been moved to the sql_alchemy_conn option in [database] - the old setting has been used, but please update your config.
  SQL_ALCHEMY_CONN = conf.get("database", "SQL_ALCHEMY_CONN")

[2023-12-20T18:40:30.454+0000] {task_command.py:423} INFO - Running <TaskInstance: ETL_redshift_docker_airflow.transformar_data scheduled__2023-12-19T00:00:00+00:00 [running]> on host de1b3d441485
[2023-12-20T18:40:30.456+0000] {warnings.py:109} WARNING - /home/***/.local/lib/python3.8/site-packages/***/settings.py:364: DeprecationWarning: The sql_engine_encoding option in [core] has been moved to the sql_engine_encoding option in [database] - the old setting has been used, but please update your config.
  engine_args["encoding"] = conf.get("database", "SQL_ENGINE_ENCODING", fallback="utf-8")

[2023-12-20T18:40:30.536+0000] {warnings.py:109} WARNING - /home/***/.local/lib/python3.8/site-packages/***/utils/context.py:207: AirflowContextDeprecationWarning: Accessing 'execution_date' from the template is deprecated and will be removed in a future version. Please use 'data_interval_start' or 'logical_date' instead.
  warnings.warn(_create_deprecation_warning(key, self._deprecation_replacements[key]))

[2023-12-20T18:40:30.591+0000] {taskinstance.py:2481} INFO - Exporting env vars: AIRFLOW_CTX_DAG_OWNER='ManuelMoyano' AIRFLOW_CTX_DAG_ID='ETL_redshift_docker_***' AIRFLOW_CTX_TASK_ID='transformar_data' AIRFLOW_CTX_EXECUTION_DATE='2023-12-19T00:00:00+00:00' AIRFLOW_CTX_TRY_NUMBER='1' AIRFLOW_CTX_DAG_RUN_ID='scheduled__2023-12-19T00:00:00+00:00'
[2023-12-20T18:40:30.593+0000] {logging_mixin.py:188} INFO - Transformando la data para la fecha: 2023-12-19 0
[2023-12-20T18:40:30.690+0000] {python.py:201} INFO - Done. Returned value was: None
[2023-12-20T18:40:30.717+0000] {taskinstance.py:1138} INFO - Marking task as SUCCESS. dag_id=ETL_redshift_docker_***, task_id=transformar_data, execution_date=20231219T000000, start_date=20231220T184030, end_date=20231220T184030
[2023-12-20T18:40:30.839+0000] {local_task_job_runner.py:234} INFO - Task exited with return code 0
[2023-12-20T18:40:30.883+0000] {taskinstance.py:3281} INFO - 1 downstream tasks scheduled from follow-on schedule check
