[2023-12-06 11:33:17,710] {taskinstance.py:1179} INFO - Dependencies all met for <TaskInstance: ETL_redshift_docker_airflow.transformar_data scheduled__2023-12-05T00:00:00+00:00 [queued]>
[2023-12-06 11:33:17,720] {taskinstance.py:1179} INFO - Dependencies all met for <TaskInstance: ETL_redshift_docker_airflow.transformar_data scheduled__2023-12-05T00:00:00+00:00 [queued]>
[2023-12-06 11:33:17,721] {taskinstance.py:1376} INFO - 
--------------------------------------------------------------------------------
[2023-12-06 11:33:17,722] {taskinstance.py:1377} INFO - Starting attempt 3 of 6
[2023-12-06 11:33:17,722] {taskinstance.py:1378} INFO - 
--------------------------------------------------------------------------------
[2023-12-06 11:33:17,739] {taskinstance.py:1397} INFO - Executing <Task(PythonOperator): transformar_data> on 2023-12-05 00:00:00+00:00
[2023-12-06 11:33:17,746] {standard_task_runner.py:52} INFO - Started process 580 to run task
[2023-12-06 11:33:17,749] {standard_task_runner.py:79} INFO - Running: ['***', 'tasks', 'run', 'ETL_redshift_docker_***', 'transformar_data', 'scheduled__2023-12-05T00:00:00+00:00', '--job-id', '27', '--raw', '--subdir', 'DAGS_FOLDER/ETL a Redshift.py', '--cfg-path', '/tmp/tmpgbur551n', '--error-file', '/tmp/tmpmamzr5ea']
[2023-12-06 11:33:17,751] {standard_task_runner.py:80} INFO - Job 27: Subtask transformar_data
[2023-12-06 11:33:17,949] {task_command.py:371} INFO - Running <TaskInstance: ETL_redshift_docker_airflow.transformar_data scheduled__2023-12-05T00:00:00+00:00 [running]> on host 4357a10b93bd
[2023-12-06 11:33:18,007] {logging_mixin.py:115} WARNING - /home/***/.local/lib/python3.7/site-packages/***/utils/context.py:202 AirflowContextDeprecationWarning: Accessing 'execution_date' from the template is deprecated and will be removed in a future version. Please use 'data_interval_start' or 'logical_date' instead.
[2023-12-06 11:33:18,039] {taskinstance.py:1591} INFO - Exporting the following env vars:
AIRFLOW_CTX_DAG_OWNER=ManuelMoyano
AIRFLOW_CTX_DAG_ID=ETL_redshift_docker_***
AIRFLOW_CTX_TASK_ID=transformar_data
AIRFLOW_CTX_EXECUTION_DATE=2023-12-05T00:00:00+00:00
AIRFLOW_CTX_TRY_NUMBER=3
AIRFLOW_CTX_DAG_RUN_ID=scheduled__2023-12-05T00:00:00+00:00
[2023-12-06 11:33:18,040] {logging_mixin.py:115} INFO - Transformando la data para la fecha: 2023-12-05 0
[2023-12-06 11:33:18,041] {taskinstance.py:1909} ERROR - Task failed with exception
Traceback (most recent call last):
  File "/home/airflow/.local/lib/python3.7/site-packages/airflow/operators/python.py", line 171, in execute
    return_value = self.execute_callable()
  File "/home/airflow/.local/lib/python3.7/site-packages/airflow/operators/python.py", line 189, in execute_callable
    return self.python_callable(*self.op_args, **self.op_kwargs)
  File "/opt/airflow/dags/ETL a Redshift.py", line 101, in transformar_data
    fullpage_movie = pages[f'df_movie_{1}']
KeyError: 'df_movie_1'
[2023-12-06 11:33:18,049] {taskinstance.py:1420} INFO - Marking task as UP_FOR_RETRY. dag_id=ETL_redshift_docker_***, task_id=transformar_data, execution_date=20231205T000000, start_date=20231206T113317, end_date=20231206T113318
[2023-12-06 11:33:18,071] {standard_task_runner.py:97} ERROR - Failed to execute job 27 for task transformar_data ('df_movie_1'; 580)
[2023-12-06 11:33:18,082] {local_task_job.py:156} INFO - Task exited with return code 1
[2023-12-06 11:33:18,142] {local_task_job.py:273} INFO - 0 downstream tasks scheduled from follow-on schedule check
[2023-12-06 19:04:10,094] {taskinstance.py:1179} INFO - Dependencies all met for <TaskInstance: ETL_redshift_docker_airflow.transformar_data scheduled__2023-12-05T00:00:00+00:00 [queued]>
[2023-12-06 19:04:10,110] {taskinstance.py:1179} INFO - Dependencies all met for <TaskInstance: ETL_redshift_docker_airflow.transformar_data scheduled__2023-12-05T00:00:00+00:00 [queued]>
[2023-12-06 19:04:10,111] {taskinstance.py:1376} INFO - 
--------------------------------------------------------------------------------
[2023-12-06 19:04:10,111] {taskinstance.py:1377} INFO - Starting attempt 3 of 6
[2023-12-06 19:04:10,111] {taskinstance.py:1378} INFO - 
--------------------------------------------------------------------------------
[2023-12-06 19:04:10,133] {taskinstance.py:1397} INFO - Executing <Task(PythonOperator): transformar_data> on 2023-12-05 00:00:00+00:00
[2023-12-06 19:04:10,140] {standard_task_runner.py:52} INFO - Started process 1188 to run task
[2023-12-06 19:04:10,150] {standard_task_runner.py:79} INFO - Running: ['***', 'tasks', 'run', 'ETL_redshift_docker_***', 'transformar_data', 'scheduled__2023-12-05T00:00:00+00:00', '--job-id', '54', '--raw', '--subdir', 'DAGS_FOLDER/ETL a Redshift.py', '--cfg-path', '/tmp/tmp54a1swzg', '--error-file', '/tmp/tmp6ozo2thp']
[2023-12-06 19:04:10,154] {standard_task_runner.py:80} INFO - Job 54: Subtask transformar_data
[2023-12-06 19:04:10,297] {task_command.py:371} INFO - Running <TaskInstance: ETL_redshift_docker_airflow.transformar_data scheduled__2023-12-05T00:00:00+00:00 [running]> on host 4357a10b93bd
[2023-12-06 19:04:10,364] {logging_mixin.py:115} WARNING - /home/***/.local/lib/python3.7/site-packages/***/utils/context.py:202 AirflowContextDeprecationWarning: Accessing 'execution_date' from the template is deprecated and will be removed in a future version. Please use 'data_interval_start' or 'logical_date' instead.
[2023-12-06 19:04:10,414] {taskinstance.py:1591} INFO - Exporting the following env vars:
AIRFLOW_CTX_DAG_OWNER=ManuelMoyano
AIRFLOW_CTX_DAG_ID=ETL_redshift_docker_***
AIRFLOW_CTX_TASK_ID=transformar_data
AIRFLOW_CTX_EXECUTION_DATE=2023-12-05T00:00:00+00:00
AIRFLOW_CTX_TRY_NUMBER=3
AIRFLOW_CTX_DAG_RUN_ID=scheduled__2023-12-05T00:00:00+00:00
[2023-12-06 19:04:10,415] {logging_mixin.py:115} INFO - Transformando la data para la fecha: 2023-12-05 0
[2023-12-06 19:04:10,415] {taskinstance.py:1909} ERROR - Task failed with exception
Traceback (most recent call last):
  File "/home/airflow/.local/lib/python3.7/site-packages/airflow/operators/python.py", line 171, in execute
    return_value = self.execute_callable()
  File "/home/airflow/.local/lib/python3.7/site-packages/airflow/operators/python.py", line 189, in execute_callable
    return self.python_callable(*self.op_args, **self.op_kwargs)
  File "/opt/airflow/dags/ETL a Redshift.py", line 107, in transformar_data
    fullpage_movie = pages[f'df_movie_{1}']
KeyError: 'df_movie_1'
[2023-12-06 19:04:10,428] {taskinstance.py:1420} INFO - Marking task as UP_FOR_RETRY. dag_id=ETL_redshift_docker_***, task_id=transformar_data, execution_date=20231205T000000, start_date=20231206T190410, end_date=20231206T190410
[2023-12-06 19:04:10,453] {standard_task_runner.py:97} ERROR - Failed to execute job 54 for task transformar_data ('df_movie_1'; 1188)
[2023-12-06 19:04:10,483] {local_task_job.py:156} INFO - Task exited with return code 1
[2023-12-06 19:04:10,635] {local_task_job.py:273} INFO - 0 downstream tasks scheduled from follow-on schedule check
