[2023-12-06 19:22:16,415] {taskinstance.py:1179} INFO - Dependencies all met for <TaskInstance: ETL_redshift_docker_airflow.extraer_data manual__2023-12-06T19:16:07.113074+00:00 [queued]>
[2023-12-06 19:22:16,436] {taskinstance.py:1179} INFO - Dependencies all met for <TaskInstance: ETL_redshift_docker_airflow.extraer_data manual__2023-12-06T19:16:07.113074+00:00 [queued]>
[2023-12-06 19:22:16,437] {taskinstance.py:1376} INFO - 
--------------------------------------------------------------------------------
[2023-12-06 19:22:16,437] {taskinstance.py:1377} INFO - Starting attempt 2 of 6
[2023-12-06 19:22:16,438] {taskinstance.py:1378} INFO - 
--------------------------------------------------------------------------------
[2023-12-06 19:22:16,472] {taskinstance.py:1397} INFO - Executing <Task(PythonOperator): extraer_data> on 2023-12-06 19:16:07.113074+00:00
[2023-12-06 19:22:16,484] {standard_task_runner.py:52} INFO - Started process 1874 to run task
[2023-12-06 19:22:16,495] {standard_task_runner.py:79} INFO - Running: ['***', 'tasks', 'run', 'ETL_redshift_docker_***', 'extraer_data', 'manual__2023-12-06T19:16:07.113074+00:00', '--job-id', '70', '--raw', '--subdir', 'DAGS_FOLDER/ETL a Redshift.py', '--cfg-path', '/tmp/tmptjv8l7b8', '--error-file', '/tmp/tmplp729z13']
[2023-12-06 19:22:16,498] {standard_task_runner.py:80} INFO - Job 70: Subtask extraer_data
[2023-12-06 19:22:16,706] {task_command.py:371} INFO - Running <TaskInstance: ETL_redshift_docker_airflow.extraer_data manual__2023-12-06T19:16:07.113074+00:00 [running]> on host 4357a10b93bd
[2023-12-06 19:22:16,835] {logging_mixin.py:115} WARNING - /home/***/.local/lib/python3.7/site-packages/***/utils/context.py:202 AirflowContextDeprecationWarning: Accessing 'execution_date' from the template is deprecated and will be removed in a future version. Please use 'data_interval_start' or 'logical_date' instead.
[2023-12-06 19:22:16,943] {taskinstance.py:1591} INFO - Exporting the following env vars:
AIRFLOW_CTX_DAG_OWNER=ManuelMoyano
AIRFLOW_CTX_DAG_ID=ETL_redshift_docker_***
AIRFLOW_CTX_TASK_ID=extraer_data
AIRFLOW_CTX_EXECUTION_DATE=2023-12-06T19:16:07.113074+00:00
AIRFLOW_CTX_TRY_NUMBER=2
AIRFLOW_CTX_DAG_RUN_ID=manual__2023-12-06T19:16:07.113074+00:00
[2023-12-06 19:22:16,947] {logging_mixin.py:115} INFO - Adquiriendo data para la fecha: 2023-12-06 19
[2023-12-06 19:22:18,151] {taskinstance.py:1909} ERROR - Task failed with exception
Traceback (most recent call last):
  File "/home/airflow/.local/lib/python3.7/site-packages/airflow/operators/python.py", line 171, in execute
    return_value = self.execute_callable()
  File "/home/airflow/.local/lib/python3.7/site-packages/airflow/operators/python.py", line 189, in execute_callable
    return self.python_callable(*self.op_args, **self.op_kwargs)
  File "/opt/airflow/dags/ETL a Redshift.py", line 82, in extraer_data
    with open(dag_path+'/raw_data/'+"data_"+str(date.year)+'-'+str(date.month)+'-'+str(date.day)+'-'+str(date.hour)+".json", "w") as json_file:
AttributeError: type object 'datetime.date' has no attribute 'hour'
[2023-12-06 19:22:18,207] {taskinstance.py:1420} INFO - Marking task as UP_FOR_RETRY. dag_id=ETL_redshift_docker_***, task_id=extraer_data, execution_date=20231206T191607, start_date=20231206T192216, end_date=20231206T192218
[2023-12-06 19:22:18,276] {standard_task_runner.py:97} ERROR - Failed to execute job 70 for task extraer_data (type object 'datetime.date' has no attribute 'hour'; 1874)
[2023-12-06 19:22:18,303] {local_task_job.py:156} INFO - Task exited with return code 1
[2023-12-06 19:22:18,428] {local_task_job.py:273} INFO - 0 downstream tasks scheduled from follow-on schedule check
