[2023-12-20T22:44:16.182+0000] {taskinstance.py:1957} INFO - Dependencies all met for dep_context=non-requeueable deps ti=<TaskInstance: ETL_redshift_docker_airflow.mensaje_carga_completada manual__2023-12-20T22:43:59.798854+00:00 [queued]>
[2023-12-20T22:44:16.191+0000] {taskinstance.py:1957} INFO - Dependencies all met for dep_context=requeueable deps ti=<TaskInstance: ETL_redshift_docker_airflow.mensaje_carga_completada manual__2023-12-20T22:43:59.798854+00:00 [queued]>
[2023-12-20T22:44:16.192+0000] {taskinstance.py:2171} INFO - Starting attempt 1 of 6
[2023-12-20T22:44:16.205+0000] {taskinstance.py:2192} INFO - Executing <Task(PythonOperator): mensaje_carga_completada> on 2023-12-20 22:43:59.798854+00:00
[2023-12-20T22:44:16.210+0000] {standard_task_runner.py:60} INFO - Started process 958 to run task
[2023-12-20T22:44:16.213+0000] {standard_task_runner.py:87} INFO - Running: ['***', 'tasks', 'run', 'ETL_redshift_docker_***', 'mensaje_carga_completada', 'manual__2023-12-20T22:43:59.798854+00:00', '--job-id', '405', '--raw', '--subdir', 'DAGS_FOLDER/ETL a Redshift.py', '--cfg-path', '/tmp/tmpa7e45ob7']
[2023-12-20T22:44:16.214+0000] {standard_task_runner.py:88} INFO - Job 405: Subtask mensaje_carga_completada
[2023-12-20T22:44:16.229+0000] {warnings.py:109} WARNING - /home/***/.local/lib/python3.8/site-packages/***/settings.py:195: DeprecationWarning: The sql_alchemy_conn option in [core] has been moved to the sql_alchemy_conn option in [database] - the old setting has been used, but please update your config.
  SQL_ALCHEMY_CONN = conf.get("database", "SQL_ALCHEMY_CONN")

[2023-12-20T22:44:16.265+0000] {task_command.py:423} INFO - Running <TaskInstance: ETL_redshift_docker_airflow.mensaje_carga_completada manual__2023-12-20T22:43:59.798854+00:00 [running]> on host de1b3d441485
[2023-12-20T22:44:16.315+0000] {warnings.py:109} WARNING - /home/***/.local/lib/python3.8/site-packages/***/utils/context.py:207: AirflowContextDeprecationWarning: Accessing 'execution_date' from the template is deprecated and will be removed in a future version. Please use 'data_interval_start' or 'logical_date' instead.
  warnings.warn(_create_deprecation_warning(key, self._deprecation_replacements[key]))

[2023-12-20T22:44:16.348+0000] {taskinstance.py:2481} INFO - Exporting env vars: AIRFLOW_CTX_DAG_OWNER='ManuelMoyano' AIRFLOW_CTX_DAG_ID='ETL_redshift_docker_***' AIRFLOW_CTX_TASK_ID='mensaje_carga_completada' AIRFLOW_CTX_EXECUTION_DATE='2023-12-20T22:43:59.798854+00:00' AIRFLOW_CTX_TRY_NUMBER='1' AIRFLOW_CTX_DAG_RUN_ID='manual__2023-12-20T22:43:59.798854+00:00'
[2023-12-20T22:44:16.349+0000] {logging_mixin.py:188} INFO - Enviando mensaje de finalización en la fecha: 2023-12-20 22
[2023-12-20T22:44:17.537+0000] {logging_mixin.py:188} INFO - 'ascii' codec can't encode character '\xed' in position 55: ordinal not in range(128)
[2023-12-20T22:44:17.538+0000] {logging_mixin.py:188} INFO - Failure
[2023-12-20T22:44:17.539+0000] {python.py:201} INFO - Done. Returned value was: None
[2023-12-20T22:44:17.547+0000] {taskinstance.py:1138} INFO - Marking task as SUCCESS. dag_id=ETL_redshift_docker_***, task_id=mensaje_carga_completada, execution_date=20231220T224359, start_date=20231220T224416, end_date=20231220T224417
[2023-12-20T22:44:17.590+0000] {local_task_job_runner.py:234} INFO - Task exited with return code 0
[2023-12-20T22:44:17.604+0000] {taskinstance.py:3281} INFO - 0 downstream tasks scheduled from follow-on schedule check
