[2023-12-07 22:09:37,710] {taskinstance.py:1179} INFO - Dependencies all met for <TaskInstance: ETL_redshift_docker_airflow.transformar_data manual__2023-12-07T21:54:18.648009+00:00 [queued]>
[2023-12-07 22:09:37,722] {taskinstance.py:1179} INFO - Dependencies all met for <TaskInstance: ETL_redshift_docker_airflow.transformar_data manual__2023-12-07T21:54:18.648009+00:00 [queued]>
[2023-12-07 22:09:37,723] {taskinstance.py:1376} INFO - 
--------------------------------------------------------------------------------
[2023-12-07 22:09:37,723] {taskinstance.py:1377} INFO - Starting attempt 2 of 6
[2023-12-07 22:09:37,723] {taskinstance.py:1378} INFO - 
--------------------------------------------------------------------------------
[2023-12-07 22:09:37,741] {taskinstance.py:1397} INFO - Executing <Task(PythonOperator): transformar_data> on 2023-12-07 21:54:18.648009+00:00
[2023-12-07 22:09:37,745] {standard_task_runner.py:52} INFO - Started process 548 to run task
[2023-12-07 22:09:37,749] {standard_task_runner.py:79} INFO - Running: ['***', 'tasks', 'run', 'ETL_redshift_docker_***', 'transformar_data', 'manual__2023-12-07T21:54:18.648009+00:00', '--job-id', '162', '--raw', '--subdir', 'DAGS_FOLDER/ETL a Redshift.py', '--cfg-path', '/tmp/tmpajq0jgn7', '--error-file', '/tmp/tmp56bd2w1o']
[2023-12-07 22:09:37,750] {standard_task_runner.py:80} INFO - Job 162: Subtask transformar_data
[2023-12-07 22:09:37,816] {task_command.py:371} INFO - Running <TaskInstance: ETL_redshift_docker_airflow.transformar_data manual__2023-12-07T21:54:18.648009+00:00 [running]> on host 4357a10b93bd
[2023-12-07 22:09:37,852] {logging_mixin.py:115} WARNING - /home/***/.local/lib/python3.7/site-packages/***/utils/context.py:202 AirflowContextDeprecationWarning: Accessing 'execution_date' from the template is deprecated and will be removed in a future version. Please use 'data_interval_start' or 'logical_date' instead.
[2023-12-07 22:09:37,885] {taskinstance.py:1591} INFO - Exporting the following env vars:
AIRFLOW_CTX_DAG_OWNER=ManuelMoyano
AIRFLOW_CTX_DAG_ID=ETL_redshift_docker_***
AIRFLOW_CTX_TASK_ID=transformar_data
AIRFLOW_CTX_EXECUTION_DATE=2023-12-07T21:54:18.648009+00:00
AIRFLOW_CTX_TRY_NUMBER=2
AIRFLOW_CTX_DAG_RUN_ID=manual__2023-12-07T21:54:18.648009+00:00
[2023-12-07 22:09:37,886] {logging_mixin.py:115} INFO - Transformando la data para la fecha: 2023-12-07 21
[2023-12-07 22:09:37,905] {python.py:173} INFO - Done. Returned value was: None
[2023-12-07 22:09:37,918] {taskinstance.py:1420} INFO - Marking task as SUCCESS. dag_id=ETL_redshift_docker_***, task_id=transformar_data, execution_date=20231207T215418, start_date=20231207T220937, end_date=20231207T220937
[2023-12-07 22:09:37,960] {local_task_job.py:156} INFO - Task exited with return code 0
[2023-12-07 22:09:37,998] {local_task_job.py:273} INFO - 1 downstream tasks scheduled from follow-on schedule check
