[2023-12-06 19:36:01,852] {taskinstance.py:1179} INFO - Dependencies all met for <TaskInstance: ETL_redshift_docker_airflow.extraer_data manual__2023-12-06T19:25:16.790853+00:00 [queued]>
[2023-12-06 19:36:01,898] {taskinstance.py:1179} INFO - Dependencies all met for <TaskInstance: ETL_redshift_docker_airflow.extraer_data manual__2023-12-06T19:25:16.790853+00:00 [queued]>
[2023-12-06 19:36:01,901] {taskinstance.py:1376} INFO - 
--------------------------------------------------------------------------------
[2023-12-06 19:36:01,906] {taskinstance.py:1377} INFO - Starting attempt 2 of 6
[2023-12-06 19:36:01,907] {taskinstance.py:1378} INFO - 
--------------------------------------------------------------------------------
[2023-12-06 19:36:01,989] {taskinstance.py:1397} INFO - Executing <Task(PythonOperator): extraer_data> on 2023-12-06 19:25:16.790853+00:00
[2023-12-06 19:36:02,028] {standard_task_runner.py:52} INFO - Started process 203 to run task
[2023-12-06 19:36:02,038] {standard_task_runner.py:79} INFO - Running: ['***', 'tasks', 'run', 'ETL_redshift_docker_***', 'extraer_data', 'manual__2023-12-06T19:25:16.790853+00:00', '--job-id', '85', '--raw', '--subdir', 'DAGS_FOLDER/ETL a Redshift.py', '--cfg-path', '/tmp/tmp6t8dp373', '--error-file', '/tmp/tmpuwmccvhz']
[2023-12-06 19:36:02,048] {standard_task_runner.py:80} INFO - Job 85: Subtask extraer_data
[2023-12-06 19:36:02,396] {task_command.py:371} INFO - Running <TaskInstance: ETL_redshift_docker_airflow.extraer_data manual__2023-12-06T19:25:16.790853+00:00 [running]> on host 4357a10b93bd
[2023-12-06 19:36:02,552] {logging_mixin.py:115} WARNING - /home/***/.local/lib/python3.7/site-packages/***/utils/context.py:202 AirflowContextDeprecationWarning: Accessing 'execution_date' from the template is deprecated and will be removed in a future version. Please use 'data_interval_start' or 'logical_date' instead.
[2023-12-06 19:36:02,624] {taskinstance.py:1591} INFO - Exporting the following env vars:
AIRFLOW_CTX_DAG_OWNER=ManuelMoyano
AIRFLOW_CTX_DAG_ID=ETL_redshift_docker_***
AIRFLOW_CTX_TASK_ID=extraer_data
AIRFLOW_CTX_EXECUTION_DATE=2023-12-06T19:25:16.790853+00:00
AIRFLOW_CTX_TRY_NUMBER=2
AIRFLOW_CTX_DAG_RUN_ID=manual__2023-12-06T19:25:16.790853+00:00
[2023-12-06 19:36:02,628] {logging_mixin.py:115} INFO - Adquiriendo data para la fecha: 2023-12-06 19
[2023-12-06 19:36:04,181] {taskinstance.py:1909} ERROR - Task failed with exception
Traceback (most recent call last):
  File "/home/airflow/.local/lib/python3.7/site-packages/airflow/operators/python.py", line 171, in execute
    return_value = self.execute_callable()
  File "/home/airflow/.local/lib/python3.7/site-packages/airflow/operators/python.py", line 189, in execute_callable
    return self.python_callable(*self.op_args, **self.op_kwargs)
  File "/opt/airflow/dags/ETL a Redshift.py", line 82, in extraer_data
    with open(dag_path+'/raw_data/'+"data_"+str(date.year)+'-'+str(date.month)+'-'+str(date.day)+".json", "w") as json_file:
FileNotFoundError: [Errno 2] No such file or directory: "/opt/airflow/raw_data/data_<attribute 'year' of 'datetime.date' objects>-<attribute 'month' of 'datetime.date' objects>-<attribute 'day' of 'datetime.date' objects>.json"
[2023-12-06 19:36:04,201] {taskinstance.py:1420} INFO - Marking task as UP_FOR_RETRY. dag_id=ETL_redshift_docker_***, task_id=extraer_data, execution_date=20231206T192516, start_date=20231206T193601, end_date=20231206T193604
[2023-12-06 19:36:04,228] {standard_task_runner.py:97} ERROR - Failed to execute job 85 for task extraer_data ([Errno 2] No such file or directory: "/opt/airflow/raw_data/data_<attribute 'year' of 'datetime.date' objects>-<attribute 'month' of 'datetime.date' objects>-<attribute 'day' of 'datetime.date' objects>.json"; 203)
[2023-12-06 19:36:04,264] {local_task_job.py:156} INFO - Task exited with return code 1
[2023-12-06 19:36:04,327] {local_task_job.py:273} INFO - 0 downstream tasks scheduled from follow-on schedule check
