[2023-12-06 11:23:25,050] {taskinstance.py:1179} INFO - Dependencies all met for <TaskInstance: ETL_redshift_docker_airflow.extraer_data manual__2023-12-06T11:23:23.725705+00:00 [queued]>
[2023-12-06 11:23:25,072] {taskinstance.py:1179} INFO - Dependencies all met for <TaskInstance: ETL_redshift_docker_airflow.extraer_data manual__2023-12-06T11:23:23.725705+00:00 [queued]>
[2023-12-06 11:23:25,072] {taskinstance.py:1376} INFO - 
--------------------------------------------------------------------------------
[2023-12-06 11:23:25,073] {taskinstance.py:1377} INFO - Starting attempt 1 of 6
[2023-12-06 11:23:25,074] {taskinstance.py:1378} INFO - 
--------------------------------------------------------------------------------
[2023-12-06 11:23:25,095] {taskinstance.py:1397} INFO - Executing <Task(PythonOperator): extraer_data> on 2023-12-06 11:23:23.725705+00:00
[2023-12-06 11:23:25,101] {standard_task_runner.py:52} INFO - Started process 223 to run task
[2023-12-06 11:23:25,105] {standard_task_runner.py:79} INFO - Running: ['***', 'tasks', 'run', 'ETL_redshift_docker_***', 'extraer_data', 'manual__2023-12-06T11:23:23.725705+00:00', '--job-id', '20', '--raw', '--subdir', 'DAGS_FOLDER/ETL a Redshift.py', '--cfg-path', '/tmp/tmpgxvxwcag', '--error-file', '/tmp/tmpx3_ky0gz']
[2023-12-06 11:23:25,107] {standard_task_runner.py:80} INFO - Job 20: Subtask extraer_data
[2023-12-06 11:23:25,191] {task_command.py:371} INFO - Running <TaskInstance: ETL_redshift_docker_airflow.extraer_data manual__2023-12-06T11:23:23.725705+00:00 [running]> on host 4357a10b93bd
[2023-12-06 11:23:25,238] {logging_mixin.py:115} WARNING - /home/***/.local/lib/python3.7/site-packages/***/utils/context.py:202 AirflowContextDeprecationWarning: Accessing 'execution_date' from the template is deprecated and will be removed in a future version. Please use 'data_interval_start' or 'logical_date' instead.
[2023-12-06 11:23:25,281] {taskinstance.py:1591} INFO - Exporting the following env vars:
AIRFLOW_CTX_DAG_OWNER=ManuelMoyano
AIRFLOW_CTX_DAG_ID=ETL_redshift_docker_***
AIRFLOW_CTX_TASK_ID=extraer_data
AIRFLOW_CTX_EXECUTION_DATE=2023-12-06T11:23:23.725705+00:00
AIRFLOW_CTX_TRY_NUMBER=1
AIRFLOW_CTX_DAG_RUN_ID=manual__2023-12-06T11:23:23.725705+00:00
[2023-12-06 11:23:25,283] {logging_mixin.py:115} INFO - Adquiriendo data para la fecha: 2023-12-06 11
[2023-12-06 11:23:34,122] {python.py:173} INFO - Done. Returned value was: None
[2023-12-06 11:23:34,134] {taskinstance.py:1420} INFO - Marking task as SUCCESS. dag_id=ETL_redshift_docker_***, task_id=extraer_data, execution_date=20231206T112323, start_date=20231206T112325, end_date=20231206T112334
[2023-12-06 11:23:34,180] {local_task_job.py:156} INFO - Task exited with return code 0
[2023-12-06 11:23:34,212] {local_task_job.py:273} INFO - 1 downstream tasks scheduled from follow-on schedule check
