[2023-12-07 22:19:36,169] {taskinstance.py:1179} INFO - Dependencies all met for <TaskInstance: ETL_redshift_docker_airflow.cargar_data manual__2023-12-06T21:26:03.000440+00:00 [queued]>
[2023-12-07 22:19:36,186] {taskinstance.py:1179} INFO - Dependencies all met for <TaskInstance: ETL_redshift_docker_airflow.cargar_data manual__2023-12-06T21:26:03.000440+00:00 [queued]>
[2023-12-07 22:19:36,186] {taskinstance.py:1376} INFO - 
--------------------------------------------------------------------------------
[2023-12-07 22:19:36,187] {taskinstance.py:1377} INFO - Starting attempt 3 of 6
[2023-12-07 22:19:36,187] {taskinstance.py:1378} INFO - 
--------------------------------------------------------------------------------
[2023-12-07 22:19:36,208] {taskinstance.py:1397} INFO - Executing <Task(PythonOperator): cargar_data> on 2023-12-06 21:26:03.000440+00:00
[2023-12-07 22:19:36,215] {standard_task_runner.py:52} INFO - Started process 964 to run task
[2023-12-07 22:19:36,219] {standard_task_runner.py:79} INFO - Running: ['***', 'tasks', 'run', 'ETL_redshift_docker_***', 'cargar_data', 'manual__2023-12-06T21:26:03.000440+00:00', '--job-id', '184', '--raw', '--subdir', 'DAGS_FOLDER/ETL a Redshift.py', '--cfg-path', '/tmp/tmpy8ytaswg', '--error-file', '/tmp/tmp3i8iku5s']
[2023-12-07 22:19:36,220] {standard_task_runner.py:80} INFO - Job 184: Subtask cargar_data
[2023-12-07 22:19:36,304] {task_command.py:371} INFO - Running <TaskInstance: ETL_redshift_docker_airflow.cargar_data manual__2023-12-06T21:26:03.000440+00:00 [running]> on host 4357a10b93bd
[2023-12-07 22:19:36,356] {logging_mixin.py:115} WARNING - /home/***/.local/lib/python3.7/site-packages/***/utils/context.py:202 AirflowContextDeprecationWarning: Accessing 'execution_date' from the template is deprecated and will be removed in a future version. Please use 'data_interval_start' or 'logical_date' instead.
[2023-12-07 22:19:36,404] {taskinstance.py:1591} INFO - Exporting the following env vars:
AIRFLOW_CTX_DAG_OWNER=ManuelMoyano
AIRFLOW_CTX_DAG_ID=ETL_redshift_docker_***
AIRFLOW_CTX_TASK_ID=cargar_data
AIRFLOW_CTX_EXECUTION_DATE=2023-12-06T21:26:03.000440+00:00
AIRFLOW_CTX_TRY_NUMBER=3
AIRFLOW_CTX_DAG_RUN_ID=manual__2023-12-06T21:26:03.000440+00:00
[2023-12-07 22:19:36,406] {logging_mixin.py:115} INFO - Cargando la data para la fecha: 2023-12-06 21
[2023-12-07 22:19:40,346] {python.py:173} INFO - Done. Returned value was: None
[2023-12-07 22:19:40,359] {taskinstance.py:1420} INFO - Marking task as SUCCESS. dag_id=ETL_redshift_docker_***, task_id=cargar_data, execution_date=20231206T212603, start_date=20231207T221936, end_date=20231207T221940
[2023-12-07 22:19:40,407] {local_task_job.py:156} INFO - Task exited with return code 0
[2023-12-07 22:19:40,436] {local_task_job.py:273} INFO - 0 downstream tasks scheduled from follow-on schedule check
