[2023-12-07 22:16:39,555] {taskinstance.py:1179} INFO - Dependencies all met for <TaskInstance: ETL_redshift_docker_airflow.transformar_data manual__2023-12-07T22:16:32.209588+00:00 [queued]>
[2023-12-07 22:16:39,572] {taskinstance.py:1179} INFO - Dependencies all met for <TaskInstance: ETL_redshift_docker_airflow.transformar_data manual__2023-12-07T22:16:32.209588+00:00 [queued]>
[2023-12-07 22:16:39,573] {taskinstance.py:1376} INFO - 
--------------------------------------------------------------------------------
[2023-12-07 22:16:39,573] {taskinstance.py:1377} INFO - Starting attempt 1 of 6
[2023-12-07 22:16:39,574] {taskinstance.py:1378} INFO - 
--------------------------------------------------------------------------------
[2023-12-07 22:16:39,597] {taskinstance.py:1397} INFO - Executing <Task(PythonOperator): transformar_data> on 2023-12-07 22:16:32.209588+00:00
[2023-12-07 22:16:39,606] {standard_task_runner.py:52} INFO - Started process 842 to run task
[2023-12-07 22:16:39,609] {standard_task_runner.py:79} INFO - Running: ['***', 'tasks', 'run', 'ETL_redshift_docker_***', 'transformar_data', 'manual__2023-12-07T22:16:32.209588+00:00', '--job-id', '178', '--raw', '--subdir', 'DAGS_FOLDER/ETL a Redshift.py', '--cfg-path', '/tmp/tmpk7x0rgcy', '--error-file', '/tmp/tmpklo6cmt0']
[2023-12-07 22:16:39,610] {standard_task_runner.py:80} INFO - Job 178: Subtask transformar_data
[2023-12-07 22:16:39,718] {task_command.py:371} INFO - Running <TaskInstance: ETL_redshift_docker_airflow.transformar_data manual__2023-12-07T22:16:32.209588+00:00 [running]> on host 4357a10b93bd
[2023-12-07 22:16:39,764] {logging_mixin.py:115} WARNING - /home/***/.local/lib/python3.7/site-packages/***/utils/context.py:202 AirflowContextDeprecationWarning: Accessing 'execution_date' from the template is deprecated and will be removed in a future version. Please use 'data_interval_start' or 'logical_date' instead.
[2023-12-07 22:16:39,800] {taskinstance.py:1591} INFO - Exporting the following env vars:
AIRFLOW_CTX_DAG_OWNER=ManuelMoyano
AIRFLOW_CTX_DAG_ID=ETL_redshift_docker_***
AIRFLOW_CTX_TASK_ID=transformar_data
AIRFLOW_CTX_EXECUTION_DATE=2023-12-07T22:16:32.209588+00:00
AIRFLOW_CTX_TRY_NUMBER=1
AIRFLOW_CTX_DAG_RUN_ID=manual__2023-12-07T22:16:32.209588+00:00
[2023-12-07 22:16:39,801] {logging_mixin.py:115} INFO - Transformando la data para la fecha: 2023-12-07 22
[2023-12-07 22:16:39,824] {python.py:173} INFO - Done. Returned value was: None
[2023-12-07 22:16:39,837] {taskinstance.py:1420} INFO - Marking task as SUCCESS. dag_id=ETL_redshift_docker_***, task_id=transformar_data, execution_date=20231207T221632, start_date=20231207T221639, end_date=20231207T221639
[2023-12-07 22:16:39,863] {local_task_job.py:156} INFO - Task exited with return code 0
[2023-12-07 22:16:39,902] {local_task_job.py:273} INFO - 1 downstream tasks scheduled from follow-on schedule check
