[2023-12-07 22:04:19,037] {taskinstance.py:1179} INFO - Dependencies all met for <TaskInstance: ETL_redshift_docker_airflow.extraer_data manual__2023-12-07T21:34:35.619321+00:00 [queued]>
[2023-12-07 22:04:19,047] {taskinstance.py:1179} INFO - Dependencies all met for <TaskInstance: ETL_redshift_docker_airflow.extraer_data manual__2023-12-07T21:34:35.619321+00:00 [queued]>
[2023-12-07 22:04:19,048] {taskinstance.py:1376} INFO - 
--------------------------------------------------------------------------------
[2023-12-07 22:04:19,048] {taskinstance.py:1377} INFO - Starting attempt 5 of 6
[2023-12-07 22:04:19,049] {taskinstance.py:1378} INFO - 
--------------------------------------------------------------------------------
[2023-12-07 22:04:19,070] {taskinstance.py:1397} INFO - Executing <Task(PythonOperator): extraer_data> on 2023-12-07 21:34:35.619321+00:00
[2023-12-07 22:04:19,135] {standard_task_runner.py:52} INFO - Started process 284 to run task
[2023-12-07 22:04:19,141] {standard_task_runner.py:79} INFO - Running: ['***', 'tasks', 'run', 'ETL_redshift_docker_***', 'extraer_data', 'manual__2023-12-07T21:34:35.619321+00:00', '--job-id', '136', '--raw', '--subdir', 'DAGS_FOLDER/ETL a Redshift.py', '--cfg-path', '/tmp/tmpzea4fvn8', '--error-file', '/tmp/tmp54d0pseg']
[2023-12-07 22:04:19,143] {standard_task_runner.py:80} INFO - Job 136: Subtask extraer_data
[2023-12-07 22:04:19,215] {task_command.py:371} INFO - Running <TaskInstance: ETL_redshift_docker_airflow.extraer_data manual__2023-12-07T21:34:35.619321+00:00 [running]> on host 4357a10b93bd
[2023-12-07 22:04:19,262] {logging_mixin.py:115} WARNING - /home/***/.local/lib/python3.7/site-packages/***/utils/context.py:202 AirflowContextDeprecationWarning: Accessing 'execution_date' from the template is deprecated and will be removed in a future version. Please use 'data_interval_start' or 'logical_date' instead.
[2023-12-07 22:04:19,306] {taskinstance.py:1591} INFO - Exporting the following env vars:
AIRFLOW_CTX_DAG_OWNER=ManuelMoyano
AIRFLOW_CTX_DAG_ID=ETL_redshift_docker_***
AIRFLOW_CTX_TASK_ID=extraer_data
AIRFLOW_CTX_EXECUTION_DATE=2023-12-07T21:34:35.619321+00:00
AIRFLOW_CTX_TRY_NUMBER=5
AIRFLOW_CTX_DAG_RUN_ID=manual__2023-12-07T21:34:35.619321+00:00
[2023-12-07 22:04:19,307] {logging_mixin.py:115} INFO - Adquiriendo data para la fecha: 2023-12-07 21
[2023-12-07 22:04:21,198] {python.py:173} INFO - Done. Returned value was: None
[2023-12-07 22:04:21,212] {taskinstance.py:1420} INFO - Marking task as SUCCESS. dag_id=ETL_redshift_docker_***, task_id=extraer_data, execution_date=20231207T213435, start_date=20231207T220419, end_date=20231207T220421
[2023-12-07 22:04:21,238] {local_task_job.py:156} INFO - Task exited with return code 0
[2023-12-07 22:04:21,282] {local_task_job.py:273} INFO - 1 downstream tasks scheduled from follow-on schedule check
