[2023-12-06 11:37:40,161] {processor.py:153} INFO - Started process (PID=731) to work on /opt/airflow/dags/ETL/Scripts/pip-3.10.exe
[2023-12-06 11:37:40,162] {processor.py:641} INFO - Processing file /opt/airflow/dags/ETL/Scripts/pip-3.10.exe for tasks to queue
[2023-12-06 11:37:40,163] {logging_mixin.py:115} INFO - [2023-12-06 11:37:40,163] {dagbag.py:508} INFO - Filling up the DagBag from /opt/airflow/dags/ETL/Scripts/pip-3.10.exe
[2023-12-06 11:37:40,172] {logging_mixin.py:115} INFO - [2023-12-06 11:37:40,172] {dagbag.py:371} INFO - File /opt/airflow/dags/ETL/Scripts/pip-3.10.exe:__main__.py assumed to contain no DAGs. Skipping.
[2023-12-06 11:37:40,173] {processor.py:653} WARNING - No viable dags retrieved from /opt/airflow/dags/ETL/Scripts/pip-3.10.exe
[2023-12-06 11:37:40,185] {processor.py:161} INFO - Processing /opt/airflow/dags/ETL/Scripts/pip-3.10.exe took 0.027 seconds
[2023-12-06 11:37:50,573] {processor.py:153} INFO - Started process (PID=777) to work on /opt/airflow/dags/ETL/Scripts/pip-3.10.exe
[2023-12-06 11:37:50,573] {processor.py:641} INFO - Processing file /opt/airflow/dags/ETL/Scripts/pip-3.10.exe for tasks to queue
[2023-12-06 11:37:50,574] {logging_mixin.py:115} INFO - [2023-12-06 11:37:50,574] {dagbag.py:508} INFO - Filling up the DagBag from /opt/airflow/dags/ETL/Scripts/pip-3.10.exe
[2023-12-06 11:37:50,582] {logging_mixin.py:115} INFO - [2023-12-06 11:37:50,582] {dagbag.py:371} INFO - File /opt/airflow/dags/ETL/Scripts/pip-3.10.exe:__main__.py assumed to contain no DAGs. Skipping.
[2023-12-06 11:37:50,583] {processor.py:653} WARNING - No viable dags retrieved from /opt/airflow/dags/ETL/Scripts/pip-3.10.exe
[2023-12-06 11:37:50,597] {processor.py:161} INFO - Processing /opt/airflow/dags/ETL/Scripts/pip-3.10.exe took 0.028 seconds
[2023-12-06 11:38:01,120] {processor.py:153} INFO - Started process (PID=823) to work on /opt/airflow/dags/ETL/Scripts/pip-3.10.exe
[2023-12-06 11:38:01,121] {processor.py:641} INFO - Processing file /opt/airflow/dags/ETL/Scripts/pip-3.10.exe for tasks to queue
[2023-12-06 11:38:01,121] {logging_mixin.py:115} INFO - [2023-12-06 11:38:01,121] {dagbag.py:508} INFO - Filling up the DagBag from /opt/airflow/dags/ETL/Scripts/pip-3.10.exe
[2023-12-06 11:38:01,129] {logging_mixin.py:115} INFO - [2023-12-06 11:38:01,129] {dagbag.py:371} INFO - File /opt/airflow/dags/ETL/Scripts/pip-3.10.exe:__main__.py assumed to contain no DAGs. Skipping.
[2023-12-06 11:38:01,130] {processor.py:653} WARNING - No viable dags retrieved from /opt/airflow/dags/ETL/Scripts/pip-3.10.exe
[2023-12-06 11:38:01,142] {processor.py:161} INFO - Processing /opt/airflow/dags/ETL/Scripts/pip-3.10.exe took 0.027 seconds
[2023-12-06 11:38:11,508] {processor.py:153} INFO - Started process (PID=872) to work on /opt/airflow/dags/ETL/Scripts/pip-3.10.exe
[2023-12-06 11:38:11,509] {processor.py:641} INFO - Processing file /opt/airflow/dags/ETL/Scripts/pip-3.10.exe for tasks to queue
[2023-12-06 11:38:11,509] {logging_mixin.py:115} INFO - [2023-12-06 11:38:11,509] {dagbag.py:508} INFO - Filling up the DagBag from /opt/airflow/dags/ETL/Scripts/pip-3.10.exe
[2023-12-06 11:38:11,517] {logging_mixin.py:115} INFO - [2023-12-06 11:38:11,517] {dagbag.py:371} INFO - File /opt/airflow/dags/ETL/Scripts/pip-3.10.exe:__main__.py assumed to contain no DAGs. Skipping.
[2023-12-06 11:38:11,518] {processor.py:653} WARNING - No viable dags retrieved from /opt/airflow/dags/ETL/Scripts/pip-3.10.exe
[2023-12-06 11:38:11,530] {processor.py:161} INFO - Processing /opt/airflow/dags/ETL/Scripts/pip-3.10.exe took 0.024 seconds
[2023-12-06 11:38:21,857] {processor.py:153} INFO - Started process (PID=921) to work on /opt/airflow/dags/ETL/Scripts/pip-3.10.exe
[2023-12-06 11:38:21,857] {processor.py:641} INFO - Processing file /opt/airflow/dags/ETL/Scripts/pip-3.10.exe for tasks to queue
[2023-12-06 11:38:21,858] {logging_mixin.py:115} INFO - [2023-12-06 11:38:21,858] {dagbag.py:508} INFO - Filling up the DagBag from /opt/airflow/dags/ETL/Scripts/pip-3.10.exe
[2023-12-06 11:38:21,866] {logging_mixin.py:115} INFO - [2023-12-06 11:38:21,866] {dagbag.py:371} INFO - File /opt/airflow/dags/ETL/Scripts/pip-3.10.exe:__main__.py assumed to contain no DAGs. Skipping.
[2023-12-06 11:38:21,866] {processor.py:653} WARNING - No viable dags retrieved from /opt/airflow/dags/ETL/Scripts/pip-3.10.exe
[2023-12-06 11:38:21,878] {processor.py:161} INFO - Processing /opt/airflow/dags/ETL/Scripts/pip-3.10.exe took 0.024 seconds
[2023-12-06 11:38:32,234] {processor.py:153} INFO - Started process (PID=967) to work on /opt/airflow/dags/ETL/Scripts/pip-3.10.exe
[2023-12-06 11:38:32,234] {processor.py:641} INFO - Processing file /opt/airflow/dags/ETL/Scripts/pip-3.10.exe for tasks to queue
[2023-12-06 11:38:32,235] {logging_mixin.py:115} INFO - [2023-12-06 11:38:32,235] {dagbag.py:508} INFO - Filling up the DagBag from /opt/airflow/dags/ETL/Scripts/pip-3.10.exe
[2023-12-06 11:38:32,242] {logging_mixin.py:115} INFO - [2023-12-06 11:38:32,241] {dagbag.py:371} INFO - File /opt/airflow/dags/ETL/Scripts/pip-3.10.exe:__main__.py assumed to contain no DAGs. Skipping.
[2023-12-06 11:38:32,242] {processor.py:653} WARNING - No viable dags retrieved from /opt/airflow/dags/ETL/Scripts/pip-3.10.exe
[2023-12-06 11:38:32,256] {processor.py:161} INFO - Processing /opt/airflow/dags/ETL/Scripts/pip-3.10.exe took 0.024 seconds
[2023-12-06 11:38:42,796] {processor.py:153} INFO - Started process (PID=1016) to work on /opt/airflow/dags/ETL/Scripts/pip-3.10.exe
[2023-12-06 11:38:42,797] {processor.py:641} INFO - Processing file /opt/airflow/dags/ETL/Scripts/pip-3.10.exe for tasks to queue
[2023-12-06 11:38:42,798] {logging_mixin.py:115} INFO - [2023-12-06 11:38:42,798] {dagbag.py:508} INFO - Filling up the DagBag from /opt/airflow/dags/ETL/Scripts/pip-3.10.exe
[2023-12-06 11:38:42,806] {logging_mixin.py:115} INFO - [2023-12-06 11:38:42,806] {dagbag.py:371} INFO - File /opt/airflow/dags/ETL/Scripts/pip-3.10.exe:__main__.py assumed to contain no DAGs. Skipping.
[2023-12-06 11:38:42,807] {processor.py:653} WARNING - No viable dags retrieved from /opt/airflow/dags/ETL/Scripts/pip-3.10.exe
[2023-12-06 11:38:42,819] {processor.py:161} INFO - Processing /opt/airflow/dags/ETL/Scripts/pip-3.10.exe took 0.028 seconds
[2023-12-06 11:38:53,257] {processor.py:153} INFO - Started process (PID=1062) to work on /opt/airflow/dags/ETL/Scripts/pip-3.10.exe
[2023-12-06 11:38:53,257] {processor.py:641} INFO - Processing file /opt/airflow/dags/ETL/Scripts/pip-3.10.exe for tasks to queue
[2023-12-06 11:38:53,258] {logging_mixin.py:115} INFO - [2023-12-06 11:38:53,258] {dagbag.py:508} INFO - Filling up the DagBag from /opt/airflow/dags/ETL/Scripts/pip-3.10.exe
[2023-12-06 11:38:53,266] {logging_mixin.py:115} INFO - [2023-12-06 11:38:53,266] {dagbag.py:371} INFO - File /opt/airflow/dags/ETL/Scripts/pip-3.10.exe:__main__.py assumed to contain no DAGs. Skipping.
[2023-12-06 11:38:53,266] {processor.py:653} WARNING - No viable dags retrieved from /opt/airflow/dags/ETL/Scripts/pip-3.10.exe
[2023-12-06 11:38:53,278] {processor.py:161} INFO - Processing /opt/airflow/dags/ETL/Scripts/pip-3.10.exe took 0.024 seconds
[2023-12-06 11:39:03,627] {processor.py:153} INFO - Started process (PID=1108) to work on /opt/airflow/dags/ETL/Scripts/pip-3.10.exe
[2023-12-06 11:39:03,628] {processor.py:641} INFO - Processing file /opt/airflow/dags/ETL/Scripts/pip-3.10.exe for tasks to queue
[2023-12-06 11:39:03,628] {logging_mixin.py:115} INFO - [2023-12-06 11:39:03,628] {dagbag.py:508} INFO - Filling up the DagBag from /opt/airflow/dags/ETL/Scripts/pip-3.10.exe
[2023-12-06 11:39:03,636] {logging_mixin.py:115} INFO - [2023-12-06 11:39:03,636] {dagbag.py:371} INFO - File /opt/airflow/dags/ETL/Scripts/pip-3.10.exe:__main__.py assumed to contain no DAGs. Skipping.
[2023-12-06 11:39:03,637] {processor.py:653} WARNING - No viable dags retrieved from /opt/airflow/dags/ETL/Scripts/pip-3.10.exe
[2023-12-06 11:39:03,653] {processor.py:161} INFO - Processing /opt/airflow/dags/ETL/Scripts/pip-3.10.exe took 0.030 seconds
[2023-12-06 11:39:14,117] {processor.py:153} INFO - Started process (PID=1154) to work on /opt/airflow/dags/ETL/Scripts/pip-3.10.exe
[2023-12-06 11:39:14,119] {processor.py:641} INFO - Processing file /opt/airflow/dags/ETL/Scripts/pip-3.10.exe for tasks to queue
[2023-12-06 11:39:14,120] {logging_mixin.py:115} INFO - [2023-12-06 11:39:14,119] {dagbag.py:508} INFO - Filling up the DagBag from /opt/airflow/dags/ETL/Scripts/pip-3.10.exe
[2023-12-06 11:39:14,132] {logging_mixin.py:115} INFO - [2023-12-06 11:39:14,132] {dagbag.py:371} INFO - File /opt/airflow/dags/ETL/Scripts/pip-3.10.exe:__main__.py assumed to contain no DAGs. Skipping.
[2023-12-06 11:39:14,133] {processor.py:653} WARNING - No viable dags retrieved from /opt/airflow/dags/ETL/Scripts/pip-3.10.exe
[2023-12-06 11:39:14,195] {processor.py:161} INFO - Processing /opt/airflow/dags/ETL/Scripts/pip-3.10.exe took 0.082 seconds
[2023-12-06 11:39:24,602] {processor.py:153} INFO - Started process (PID=1200) to work on /opt/airflow/dags/ETL/Scripts/pip-3.10.exe
[2023-12-06 11:39:24,603] {processor.py:641} INFO - Processing file /opt/airflow/dags/ETL/Scripts/pip-3.10.exe for tasks to queue
[2023-12-06 11:39:24,603] {logging_mixin.py:115} INFO - [2023-12-06 11:39:24,603] {dagbag.py:508} INFO - Filling up the DagBag from /opt/airflow/dags/ETL/Scripts/pip-3.10.exe
[2023-12-06 11:39:24,611] {logging_mixin.py:115} INFO - [2023-12-06 11:39:24,611] {dagbag.py:371} INFO - File /opt/airflow/dags/ETL/Scripts/pip-3.10.exe:__main__.py assumed to contain no DAGs. Skipping.
[2023-12-06 11:39:24,612] {processor.py:653} WARNING - No viable dags retrieved from /opt/airflow/dags/ETL/Scripts/pip-3.10.exe
[2023-12-06 11:39:24,624] {processor.py:161} INFO - Processing /opt/airflow/dags/ETL/Scripts/pip-3.10.exe took 0.025 seconds
[2023-12-06 11:39:34,963] {processor.py:153} INFO - Started process (PID=1246) to work on /opt/airflow/dags/ETL/Scripts/pip-3.10.exe
[2023-12-06 11:39:34,964] {processor.py:641} INFO - Processing file /opt/airflow/dags/ETL/Scripts/pip-3.10.exe for tasks to queue
[2023-12-06 11:39:34,965] {logging_mixin.py:115} INFO - [2023-12-06 11:39:34,965] {dagbag.py:508} INFO - Filling up the DagBag from /opt/airflow/dags/ETL/Scripts/pip-3.10.exe
[2023-12-06 11:39:34,973] {logging_mixin.py:115} INFO - [2023-12-06 11:39:34,973] {dagbag.py:371} INFO - File /opt/airflow/dags/ETL/Scripts/pip-3.10.exe:__main__.py assumed to contain no DAGs. Skipping.
[2023-12-06 11:39:34,974] {processor.py:653} WARNING - No viable dags retrieved from /opt/airflow/dags/ETL/Scripts/pip-3.10.exe
[2023-12-06 11:39:34,988] {processor.py:161} INFO - Processing /opt/airflow/dags/ETL/Scripts/pip-3.10.exe took 0.030 seconds
[2023-12-06 11:39:45,347] {processor.py:153} INFO - Started process (PID=1292) to work on /opt/airflow/dags/ETL/Scripts/pip-3.10.exe
[2023-12-06 11:39:45,348] {processor.py:641} INFO - Processing file /opt/airflow/dags/ETL/Scripts/pip-3.10.exe for tasks to queue
[2023-12-06 11:39:45,349] {logging_mixin.py:115} INFO - [2023-12-06 11:39:45,349] {dagbag.py:508} INFO - Filling up the DagBag from /opt/airflow/dags/ETL/Scripts/pip-3.10.exe
[2023-12-06 11:39:45,356] {logging_mixin.py:115} INFO - [2023-12-06 11:39:45,356] {dagbag.py:371} INFO - File /opt/airflow/dags/ETL/Scripts/pip-3.10.exe:__main__.py assumed to contain no DAGs. Skipping.
[2023-12-06 11:39:45,356] {processor.py:653} WARNING - No viable dags retrieved from /opt/airflow/dags/ETL/Scripts/pip-3.10.exe
[2023-12-06 11:39:45,369] {processor.py:161} INFO - Processing /opt/airflow/dags/ETL/Scripts/pip-3.10.exe took 0.024 seconds
[2023-12-06 11:39:55,752] {processor.py:153} INFO - Started process (PID=1338) to work on /opt/airflow/dags/ETL/Scripts/pip-3.10.exe
[2023-12-06 11:39:55,754] {processor.py:641} INFO - Processing file /opt/airflow/dags/ETL/Scripts/pip-3.10.exe for tasks to queue
[2023-12-06 11:39:55,755] {logging_mixin.py:115} INFO - [2023-12-06 11:39:55,755] {dagbag.py:508} INFO - Filling up the DagBag from /opt/airflow/dags/ETL/Scripts/pip-3.10.exe
[2023-12-06 11:39:55,763] {logging_mixin.py:115} INFO - [2023-12-06 11:39:55,763] {dagbag.py:371} INFO - File /opt/airflow/dags/ETL/Scripts/pip-3.10.exe:__main__.py assumed to contain no DAGs. Skipping.
[2023-12-06 11:39:55,764] {processor.py:653} WARNING - No viable dags retrieved from /opt/airflow/dags/ETL/Scripts/pip-3.10.exe
[2023-12-06 11:39:55,779] {processor.py:161} INFO - Processing /opt/airflow/dags/ETL/Scripts/pip-3.10.exe took 0.033 seconds
[2023-12-06 11:40:06,116] {processor.py:153} INFO - Started process (PID=1384) to work on /opt/airflow/dags/ETL/Scripts/pip-3.10.exe
[2023-12-06 11:40:06,117] {processor.py:641} INFO - Processing file /opt/airflow/dags/ETL/Scripts/pip-3.10.exe for tasks to queue
[2023-12-06 11:40:06,118] {logging_mixin.py:115} INFO - [2023-12-06 11:40:06,118] {dagbag.py:508} INFO - Filling up the DagBag from /opt/airflow/dags/ETL/Scripts/pip-3.10.exe
[2023-12-06 11:40:06,126] {logging_mixin.py:115} INFO - [2023-12-06 11:40:06,125] {dagbag.py:371} INFO - File /opt/airflow/dags/ETL/Scripts/pip-3.10.exe:__main__.py assumed to contain no DAGs. Skipping.
[2023-12-06 11:40:06,126] {processor.py:653} WARNING - No viable dags retrieved from /opt/airflow/dags/ETL/Scripts/pip-3.10.exe
[2023-12-06 11:40:06,138] {processor.py:161} INFO - Processing /opt/airflow/dags/ETL/Scripts/pip-3.10.exe took 0.025 seconds
[2023-12-06 11:40:16,477] {processor.py:153} INFO - Started process (PID=1430) to work on /opt/airflow/dags/ETL/Scripts/pip-3.10.exe
[2023-12-06 11:40:16,477] {processor.py:641} INFO - Processing file /opt/airflow/dags/ETL/Scripts/pip-3.10.exe for tasks to queue
[2023-12-06 11:40:16,478] {logging_mixin.py:115} INFO - [2023-12-06 11:40:16,478] {dagbag.py:508} INFO - Filling up the DagBag from /opt/airflow/dags/ETL/Scripts/pip-3.10.exe
[2023-12-06 11:40:16,485] {logging_mixin.py:115} INFO - [2023-12-06 11:40:16,485] {dagbag.py:371} INFO - File /opt/airflow/dags/ETL/Scripts/pip-3.10.exe:__main__.py assumed to contain no DAGs. Skipping.
[2023-12-06 11:40:16,486] {processor.py:653} WARNING - No viable dags retrieved from /opt/airflow/dags/ETL/Scripts/pip-3.10.exe
[2023-12-06 11:40:16,499] {processor.py:161} INFO - Processing /opt/airflow/dags/ETL/Scripts/pip-3.10.exe took 0.025 seconds
[2023-12-06 11:40:26,894] {processor.py:153} INFO - Started process (PID=1476) to work on /opt/airflow/dags/ETL/Scripts/pip-3.10.exe
[2023-12-06 11:40:26,895] {processor.py:641} INFO - Processing file /opt/airflow/dags/ETL/Scripts/pip-3.10.exe for tasks to queue
[2023-12-06 11:40:26,896] {logging_mixin.py:115} INFO - [2023-12-06 11:40:26,896] {dagbag.py:508} INFO - Filling up the DagBag from /opt/airflow/dags/ETL/Scripts/pip-3.10.exe
[2023-12-06 11:40:26,906] {logging_mixin.py:115} INFO - [2023-12-06 11:40:26,906] {dagbag.py:371} INFO - File /opt/airflow/dags/ETL/Scripts/pip-3.10.exe:__main__.py assumed to contain no DAGs. Skipping.
[2023-12-06 11:40:26,908] {processor.py:653} WARNING - No viable dags retrieved from /opt/airflow/dags/ETL/Scripts/pip-3.10.exe
[2023-12-06 11:40:26,923] {processor.py:161} INFO - Processing /opt/airflow/dags/ETL/Scripts/pip-3.10.exe took 0.032 seconds
[2023-12-06 11:40:37,286] {processor.py:153} INFO - Started process (PID=1522) to work on /opt/airflow/dags/ETL/Scripts/pip-3.10.exe
[2023-12-06 11:40:37,287] {processor.py:641} INFO - Processing file /opt/airflow/dags/ETL/Scripts/pip-3.10.exe for tasks to queue
[2023-12-06 11:40:37,287] {logging_mixin.py:115} INFO - [2023-12-06 11:40:37,287] {dagbag.py:508} INFO - Filling up the DagBag from /opt/airflow/dags/ETL/Scripts/pip-3.10.exe
[2023-12-06 11:40:37,298] {logging_mixin.py:115} INFO - [2023-12-06 11:40:37,297] {dagbag.py:371} INFO - File /opt/airflow/dags/ETL/Scripts/pip-3.10.exe:__main__.py assumed to contain no DAGs. Skipping.
[2023-12-06 11:40:37,298] {processor.py:653} WARNING - No viable dags retrieved from /opt/airflow/dags/ETL/Scripts/pip-3.10.exe
[2023-12-06 11:40:37,313] {processor.py:161} INFO - Processing /opt/airflow/dags/ETL/Scripts/pip-3.10.exe took 0.031 seconds
[2023-12-06 11:40:47,664] {processor.py:153} INFO - Started process (PID=1562) to work on /opt/airflow/dags/ETL/Scripts/pip-3.10.exe
[2023-12-06 11:40:47,665] {processor.py:641} INFO - Processing file /opt/airflow/dags/ETL/Scripts/pip-3.10.exe for tasks to queue
[2023-12-06 11:40:47,665] {logging_mixin.py:115} INFO - [2023-12-06 11:40:47,665] {dagbag.py:508} INFO - Filling up the DagBag from /opt/airflow/dags/ETL/Scripts/pip-3.10.exe
[2023-12-06 11:40:47,672] {logging_mixin.py:115} INFO - [2023-12-06 11:40:47,672] {dagbag.py:371} INFO - File /opt/airflow/dags/ETL/Scripts/pip-3.10.exe:__main__.py assumed to contain no DAGs. Skipping.
[2023-12-06 11:40:47,673] {processor.py:653} WARNING - No viable dags retrieved from /opt/airflow/dags/ETL/Scripts/pip-3.10.exe
[2023-12-06 11:40:47,687] {processor.py:161} INFO - Processing /opt/airflow/dags/ETL/Scripts/pip-3.10.exe took 0.027 seconds
[2023-12-06 11:40:58,008] {processor.py:153} INFO - Started process (PID=1608) to work on /opt/airflow/dags/ETL/Scripts/pip-3.10.exe
[2023-12-06 11:40:58,009] {processor.py:641} INFO - Processing file /opt/airflow/dags/ETL/Scripts/pip-3.10.exe for tasks to queue
[2023-12-06 11:40:58,010] {logging_mixin.py:115} INFO - [2023-12-06 11:40:58,010] {dagbag.py:508} INFO - Filling up the DagBag from /opt/airflow/dags/ETL/Scripts/pip-3.10.exe
[2023-12-06 11:40:58,017] {logging_mixin.py:115} INFO - [2023-12-06 11:40:58,017] {dagbag.py:371} INFO - File /opt/airflow/dags/ETL/Scripts/pip-3.10.exe:__main__.py assumed to contain no DAGs. Skipping.
[2023-12-06 11:40:58,018] {processor.py:653} WARNING - No viable dags retrieved from /opt/airflow/dags/ETL/Scripts/pip-3.10.exe
[2023-12-06 11:40:58,031] {processor.py:161} INFO - Processing /opt/airflow/dags/ETL/Scripts/pip-3.10.exe took 0.025 seconds
[2023-12-06 11:41:08,421] {processor.py:153} INFO - Started process (PID=1654) to work on /opt/airflow/dags/ETL/Scripts/pip-3.10.exe
[2023-12-06 11:41:08,421] {processor.py:641} INFO - Processing file /opt/airflow/dags/ETL/Scripts/pip-3.10.exe for tasks to queue
[2023-12-06 11:41:08,422] {logging_mixin.py:115} INFO - [2023-12-06 11:41:08,422] {dagbag.py:508} INFO - Filling up the DagBag from /opt/airflow/dags/ETL/Scripts/pip-3.10.exe
[2023-12-06 11:41:08,430] {logging_mixin.py:115} INFO - [2023-12-06 11:41:08,430] {dagbag.py:371} INFO - File /opt/airflow/dags/ETL/Scripts/pip-3.10.exe:__main__.py assumed to contain no DAGs. Skipping.
[2023-12-06 11:41:08,430] {processor.py:653} WARNING - No viable dags retrieved from /opt/airflow/dags/ETL/Scripts/pip-3.10.exe
[2023-12-06 11:41:08,444] {processor.py:161} INFO - Processing /opt/airflow/dags/ETL/Scripts/pip-3.10.exe took 0.027 seconds
[2023-12-06 11:41:18,841] {processor.py:153} INFO - Started process (PID=1700) to work on /opt/airflow/dags/ETL/Scripts/pip-3.10.exe
[2023-12-06 11:41:18,842] {processor.py:641} INFO - Processing file /opt/airflow/dags/ETL/Scripts/pip-3.10.exe for tasks to queue
[2023-12-06 11:41:18,843] {logging_mixin.py:115} INFO - [2023-12-06 11:41:18,843] {dagbag.py:508} INFO - Filling up the DagBag from /opt/airflow/dags/ETL/Scripts/pip-3.10.exe
[2023-12-06 11:41:18,851] {logging_mixin.py:115} INFO - [2023-12-06 11:41:18,851] {dagbag.py:371} INFO - File /opt/airflow/dags/ETL/Scripts/pip-3.10.exe:__main__.py assumed to contain no DAGs. Skipping.
[2023-12-06 11:41:18,851] {processor.py:653} WARNING - No viable dags retrieved from /opt/airflow/dags/ETL/Scripts/pip-3.10.exe
[2023-12-06 11:41:18,863] {processor.py:161} INFO - Processing /opt/airflow/dags/ETL/Scripts/pip-3.10.exe took 0.025 seconds
[2023-12-06 11:41:29,247] {processor.py:153} INFO - Started process (PID=1746) to work on /opt/airflow/dags/ETL/Scripts/pip-3.10.exe
[2023-12-06 11:41:29,248] {processor.py:641} INFO - Processing file /opt/airflow/dags/ETL/Scripts/pip-3.10.exe for tasks to queue
[2023-12-06 11:41:29,248] {logging_mixin.py:115} INFO - [2023-12-06 11:41:29,248] {dagbag.py:508} INFO - Filling up the DagBag from /opt/airflow/dags/ETL/Scripts/pip-3.10.exe
[2023-12-06 11:41:29,256] {logging_mixin.py:115} INFO - [2023-12-06 11:41:29,256] {dagbag.py:371} INFO - File /opt/airflow/dags/ETL/Scripts/pip-3.10.exe:__main__.py assumed to contain no DAGs. Skipping.
[2023-12-06 11:41:29,257] {processor.py:653} WARNING - No viable dags retrieved from /opt/airflow/dags/ETL/Scripts/pip-3.10.exe
[2023-12-06 11:41:29,268] {processor.py:161} INFO - Processing /opt/airflow/dags/ETL/Scripts/pip-3.10.exe took 0.024 seconds
[2023-12-06 11:41:39,639] {processor.py:153} INFO - Started process (PID=1792) to work on /opt/airflow/dags/ETL/Scripts/pip-3.10.exe
[2023-12-06 11:41:39,640] {processor.py:641} INFO - Processing file /opt/airflow/dags/ETL/Scripts/pip-3.10.exe for tasks to queue
[2023-12-06 11:41:39,640] {logging_mixin.py:115} INFO - [2023-12-06 11:41:39,640] {dagbag.py:508} INFO - Filling up the DagBag from /opt/airflow/dags/ETL/Scripts/pip-3.10.exe
[2023-12-06 11:41:39,648] {logging_mixin.py:115} INFO - [2023-12-06 11:41:39,648] {dagbag.py:371} INFO - File /opt/airflow/dags/ETL/Scripts/pip-3.10.exe:__main__.py assumed to contain no DAGs. Skipping.
[2023-12-06 11:41:39,648] {processor.py:653} WARNING - No viable dags retrieved from /opt/airflow/dags/ETL/Scripts/pip-3.10.exe
[2023-12-06 11:41:39,661] {processor.py:161} INFO - Processing /opt/airflow/dags/ETL/Scripts/pip-3.10.exe took 0.024 seconds
[2023-12-06 11:41:50,074] {processor.py:153} INFO - Started process (PID=1838) to work on /opt/airflow/dags/ETL/Scripts/pip-3.10.exe
[2023-12-06 11:41:50,075] {processor.py:641} INFO - Processing file /opt/airflow/dags/ETL/Scripts/pip-3.10.exe for tasks to queue
[2023-12-06 11:41:50,075] {logging_mixin.py:115} INFO - [2023-12-06 11:41:50,075] {dagbag.py:508} INFO - Filling up the DagBag from /opt/airflow/dags/ETL/Scripts/pip-3.10.exe
[2023-12-06 11:41:50,083] {logging_mixin.py:115} INFO - [2023-12-06 11:41:50,083] {dagbag.py:371} INFO - File /opt/airflow/dags/ETL/Scripts/pip-3.10.exe:__main__.py assumed to contain no DAGs. Skipping.
[2023-12-06 11:41:50,083] {processor.py:653} WARNING - No viable dags retrieved from /opt/airflow/dags/ETL/Scripts/pip-3.10.exe
[2023-12-06 11:41:50,095] {processor.py:161} INFO - Processing /opt/airflow/dags/ETL/Scripts/pip-3.10.exe took 0.025 seconds
[2023-12-06 11:42:00,326] {processor.py:153} INFO - Started process (PID=1884) to work on /opt/airflow/dags/ETL/Scripts/pip-3.10.exe
[2023-12-06 11:42:00,327] {processor.py:641} INFO - Processing file /opt/airflow/dags/ETL/Scripts/pip-3.10.exe for tasks to queue
[2023-12-06 11:42:00,327] {logging_mixin.py:115} INFO - [2023-12-06 11:42:00,327] {dagbag.py:508} INFO - Filling up the DagBag from /opt/airflow/dags/ETL/Scripts/pip-3.10.exe
[2023-12-06 11:42:00,335] {logging_mixin.py:115} INFO - [2023-12-06 11:42:00,335] {dagbag.py:371} INFO - File /opt/airflow/dags/ETL/Scripts/pip-3.10.exe:__main__.py assumed to contain no DAGs. Skipping.
[2023-12-06 11:42:00,336] {processor.py:653} WARNING - No viable dags retrieved from /opt/airflow/dags/ETL/Scripts/pip-3.10.exe
[2023-12-06 11:42:00,348] {processor.py:161} INFO - Processing /opt/airflow/dags/ETL/Scripts/pip-3.10.exe took 0.025 seconds
[2023-12-06 11:42:10,729] {processor.py:153} INFO - Started process (PID=1930) to work on /opt/airflow/dags/ETL/Scripts/pip-3.10.exe
[2023-12-06 11:42:10,730] {processor.py:641} INFO - Processing file /opt/airflow/dags/ETL/Scripts/pip-3.10.exe for tasks to queue
[2023-12-06 11:42:10,731] {logging_mixin.py:115} INFO - [2023-12-06 11:42:10,731] {dagbag.py:508} INFO - Filling up the DagBag from /opt/airflow/dags/ETL/Scripts/pip-3.10.exe
[2023-12-06 11:42:10,739] {logging_mixin.py:115} INFO - [2023-12-06 11:42:10,739] {dagbag.py:371} INFO - File /opt/airflow/dags/ETL/Scripts/pip-3.10.exe:__main__.py assumed to contain no DAGs. Skipping.
[2023-12-06 11:42:10,739] {processor.py:653} WARNING - No viable dags retrieved from /opt/airflow/dags/ETL/Scripts/pip-3.10.exe
[2023-12-06 11:42:10,753] {processor.py:161} INFO - Processing /opt/airflow/dags/ETL/Scripts/pip-3.10.exe took 0.026 seconds
[2023-12-06 11:42:21,163] {processor.py:153} INFO - Started process (PID=1976) to work on /opt/airflow/dags/ETL/Scripts/pip-3.10.exe
[2023-12-06 11:42:21,164] {processor.py:641} INFO - Processing file /opt/airflow/dags/ETL/Scripts/pip-3.10.exe for tasks to queue
[2023-12-06 11:42:21,164] {logging_mixin.py:115} INFO - [2023-12-06 11:42:21,164] {dagbag.py:508} INFO - Filling up the DagBag from /opt/airflow/dags/ETL/Scripts/pip-3.10.exe
[2023-12-06 11:42:21,171] {logging_mixin.py:115} INFO - [2023-12-06 11:42:21,171] {dagbag.py:371} INFO - File /opt/airflow/dags/ETL/Scripts/pip-3.10.exe:__main__.py assumed to contain no DAGs. Skipping.
[2023-12-06 11:42:21,172] {processor.py:653} WARNING - No viable dags retrieved from /opt/airflow/dags/ETL/Scripts/pip-3.10.exe
[2023-12-06 11:42:21,184] {processor.py:161} INFO - Processing /opt/airflow/dags/ETL/Scripts/pip-3.10.exe took 0.024 seconds
[2023-12-06 11:42:36,973] {processor.py:153} INFO - Started process (PID=2016) to work on /opt/airflow/dags/ETL/Scripts/pip-3.10.exe
[2023-12-06 11:42:36,974] {processor.py:641} INFO - Processing file /opt/airflow/dags/ETL/Scripts/pip-3.10.exe for tasks to queue
[2023-12-06 11:42:36,974] {logging_mixin.py:115} INFO - [2023-12-06 11:42:36,974] {dagbag.py:508} INFO - Filling up the DagBag from /opt/airflow/dags/ETL/Scripts/pip-3.10.exe
[2023-12-06 11:42:36,980] {logging_mixin.py:115} INFO - [2023-12-06 11:42:36,980] {dagbag.py:371} INFO - File /opt/airflow/dags/ETL/Scripts/pip-3.10.exe:__main__.py assumed to contain no DAGs. Skipping.
[2023-12-06 11:42:36,980] {processor.py:653} WARNING - No viable dags retrieved from /opt/airflow/dags/ETL/Scripts/pip-3.10.exe
[2023-12-06 11:42:36,992] {processor.py:161} INFO - Processing /opt/airflow/dags/ETL/Scripts/pip-3.10.exe took 0.022 seconds
[2023-12-06 11:42:47,422] {processor.py:153} INFO - Started process (PID=2061) to work on /opt/airflow/dags/ETL/Scripts/pip-3.10.exe
[2023-12-06 11:42:47,423] {processor.py:641} INFO - Processing file /opt/airflow/dags/ETL/Scripts/pip-3.10.exe for tasks to queue
[2023-12-06 11:42:47,424] {logging_mixin.py:115} INFO - [2023-12-06 11:42:47,424] {dagbag.py:508} INFO - Filling up the DagBag from /opt/airflow/dags/ETL/Scripts/pip-3.10.exe
[2023-12-06 11:42:47,431] {logging_mixin.py:115} INFO - [2023-12-06 11:42:47,431] {dagbag.py:371} INFO - File /opt/airflow/dags/ETL/Scripts/pip-3.10.exe:__main__.py assumed to contain no DAGs. Skipping.
[2023-12-06 11:42:47,432] {processor.py:653} WARNING - No viable dags retrieved from /opt/airflow/dags/ETL/Scripts/pip-3.10.exe
[2023-12-06 11:42:47,444] {processor.py:161} INFO - Processing /opt/airflow/dags/ETL/Scripts/pip-3.10.exe took 0.024 seconds
[2023-12-06 11:42:57,819] {processor.py:153} INFO - Started process (PID=2108) to work on /opt/airflow/dags/ETL/Scripts/pip-3.10.exe
[2023-12-06 11:42:57,820] {processor.py:641} INFO - Processing file /opt/airflow/dags/ETL/Scripts/pip-3.10.exe for tasks to queue
[2023-12-06 11:42:57,821] {logging_mixin.py:115} INFO - [2023-12-06 11:42:57,821] {dagbag.py:508} INFO - Filling up the DagBag from /opt/airflow/dags/ETL/Scripts/pip-3.10.exe
[2023-12-06 11:42:57,829] {logging_mixin.py:115} INFO - [2023-12-06 11:42:57,829] {dagbag.py:371} INFO - File /opt/airflow/dags/ETL/Scripts/pip-3.10.exe:__main__.py assumed to contain no DAGs. Skipping.
[2023-12-06 11:42:57,829] {processor.py:653} WARNING - No viable dags retrieved from /opt/airflow/dags/ETL/Scripts/pip-3.10.exe
[2023-12-06 11:42:57,841] {processor.py:161} INFO - Processing /opt/airflow/dags/ETL/Scripts/pip-3.10.exe took 0.024 seconds
[2023-12-06 11:43:08,260] {processor.py:153} INFO - Started process (PID=2154) to work on /opt/airflow/dags/ETL/Scripts/pip-3.10.exe
[2023-12-06 11:43:08,260] {processor.py:641} INFO - Processing file /opt/airflow/dags/ETL/Scripts/pip-3.10.exe for tasks to queue
[2023-12-06 11:43:08,261] {logging_mixin.py:115} INFO - [2023-12-06 11:43:08,261] {dagbag.py:508} INFO - Filling up the DagBag from /opt/airflow/dags/ETL/Scripts/pip-3.10.exe
[2023-12-06 11:43:08,268] {logging_mixin.py:115} INFO - [2023-12-06 11:43:08,268] {dagbag.py:371} INFO - File /opt/airflow/dags/ETL/Scripts/pip-3.10.exe:__main__.py assumed to contain no DAGs. Skipping.
[2023-12-06 11:43:08,269] {processor.py:653} WARNING - No viable dags retrieved from /opt/airflow/dags/ETL/Scripts/pip-3.10.exe
[2023-12-06 11:43:08,283] {processor.py:161} INFO - Processing /opt/airflow/dags/ETL/Scripts/pip-3.10.exe took 0.027 seconds
[2023-12-06 11:43:18,713] {processor.py:153} INFO - Started process (PID=2200) to work on /opt/airflow/dags/ETL/Scripts/pip-3.10.exe
[2023-12-06 11:43:18,714] {processor.py:641} INFO - Processing file /opt/airflow/dags/ETL/Scripts/pip-3.10.exe for tasks to queue
[2023-12-06 11:43:18,715] {logging_mixin.py:115} INFO - [2023-12-06 11:43:18,715] {dagbag.py:508} INFO - Filling up the DagBag from /opt/airflow/dags/ETL/Scripts/pip-3.10.exe
[2023-12-06 11:43:18,723] {logging_mixin.py:115} INFO - [2023-12-06 11:43:18,723] {dagbag.py:371} INFO - File /opt/airflow/dags/ETL/Scripts/pip-3.10.exe:__main__.py assumed to contain no DAGs. Skipping.
[2023-12-06 11:43:18,724] {processor.py:653} WARNING - No viable dags retrieved from /opt/airflow/dags/ETL/Scripts/pip-3.10.exe
[2023-12-06 11:43:18,738] {processor.py:161} INFO - Processing /opt/airflow/dags/ETL/Scripts/pip-3.10.exe took 0.028 seconds
[2023-12-06 11:43:29,121] {processor.py:153} INFO - Started process (PID=2249) to work on /opt/airflow/dags/ETL/Scripts/pip-3.10.exe
[2023-12-06 11:43:29,122] {processor.py:641} INFO - Processing file /opt/airflow/dags/ETL/Scripts/pip-3.10.exe for tasks to queue
[2023-12-06 11:43:29,122] {logging_mixin.py:115} INFO - [2023-12-06 11:43:29,122] {dagbag.py:508} INFO - Filling up the DagBag from /opt/airflow/dags/ETL/Scripts/pip-3.10.exe
[2023-12-06 11:43:29,131] {logging_mixin.py:115} INFO - [2023-12-06 11:43:29,131] {dagbag.py:371} INFO - File /opt/airflow/dags/ETL/Scripts/pip-3.10.exe:__main__.py assumed to contain no DAGs. Skipping.
[2023-12-06 11:43:29,132] {processor.py:653} WARNING - No viable dags retrieved from /opt/airflow/dags/ETL/Scripts/pip-3.10.exe
[2023-12-06 11:43:29,148] {processor.py:161} INFO - Processing /opt/airflow/dags/ETL/Scripts/pip-3.10.exe took 0.030 seconds
[2023-12-06 11:43:39,520] {processor.py:153} INFO - Started process (PID=2295) to work on /opt/airflow/dags/ETL/Scripts/pip-3.10.exe
[2023-12-06 11:43:39,520] {processor.py:641} INFO - Processing file /opt/airflow/dags/ETL/Scripts/pip-3.10.exe for tasks to queue
[2023-12-06 11:43:39,521] {logging_mixin.py:115} INFO - [2023-12-06 11:43:39,521] {dagbag.py:508} INFO - Filling up the DagBag from /opt/airflow/dags/ETL/Scripts/pip-3.10.exe
[2023-12-06 11:43:39,529] {logging_mixin.py:115} INFO - [2023-12-06 11:43:39,529] {dagbag.py:371} INFO - File /opt/airflow/dags/ETL/Scripts/pip-3.10.exe:__main__.py assumed to contain no DAGs. Skipping.
[2023-12-06 11:43:39,529] {processor.py:653} WARNING - No viable dags retrieved from /opt/airflow/dags/ETL/Scripts/pip-3.10.exe
[2023-12-06 11:43:39,541] {processor.py:161} INFO - Processing /opt/airflow/dags/ETL/Scripts/pip-3.10.exe took 0.024 seconds
[2023-12-06 11:43:49,983] {processor.py:153} INFO - Started process (PID=2343) to work on /opt/airflow/dags/ETL/Scripts/pip-3.10.exe
[2023-12-06 11:43:49,984] {processor.py:641} INFO - Processing file /opt/airflow/dags/ETL/Scripts/pip-3.10.exe for tasks to queue
[2023-12-06 11:43:49,985] {logging_mixin.py:115} INFO - [2023-12-06 11:43:49,985] {dagbag.py:508} INFO - Filling up the DagBag from /opt/airflow/dags/ETL/Scripts/pip-3.10.exe
[2023-12-06 11:43:49,997] {logging_mixin.py:115} INFO - [2023-12-06 11:43:49,997] {dagbag.py:371} INFO - File /opt/airflow/dags/ETL/Scripts/pip-3.10.exe:__main__.py assumed to contain no DAGs. Skipping.
[2023-12-06 11:43:49,999] {processor.py:653} WARNING - No viable dags retrieved from /opt/airflow/dags/ETL/Scripts/pip-3.10.exe
[2023-12-06 11:43:50,020] {processor.py:161} INFO - Processing /opt/airflow/dags/ETL/Scripts/pip-3.10.exe took 0.041 seconds
[2023-12-06 11:44:00,446] {processor.py:153} INFO - Started process (PID=2390) to work on /opt/airflow/dags/ETL/Scripts/pip-3.10.exe
[2023-12-06 11:44:00,447] {processor.py:641} INFO - Processing file /opt/airflow/dags/ETL/Scripts/pip-3.10.exe for tasks to queue
[2023-12-06 11:44:00,448] {logging_mixin.py:115} INFO - [2023-12-06 11:44:00,447] {dagbag.py:508} INFO - Filling up the DagBag from /opt/airflow/dags/ETL/Scripts/pip-3.10.exe
[2023-12-06 11:44:00,456] {logging_mixin.py:115} INFO - [2023-12-06 11:44:00,456] {dagbag.py:371} INFO - File /opt/airflow/dags/ETL/Scripts/pip-3.10.exe:__main__.py assumed to contain no DAGs. Skipping.
[2023-12-06 11:44:00,457] {processor.py:653} WARNING - No viable dags retrieved from /opt/airflow/dags/ETL/Scripts/pip-3.10.exe
[2023-12-06 11:44:00,473] {processor.py:161} INFO - Processing /opt/airflow/dags/ETL/Scripts/pip-3.10.exe took 0.029 seconds
[2023-12-06 11:44:10,910] {processor.py:153} INFO - Started process (PID=2435) to work on /opt/airflow/dags/ETL/Scripts/pip-3.10.exe
[2023-12-06 11:44:10,910] {processor.py:641} INFO - Processing file /opt/airflow/dags/ETL/Scripts/pip-3.10.exe for tasks to queue
[2023-12-06 11:44:10,911] {logging_mixin.py:115} INFO - [2023-12-06 11:44:10,911] {dagbag.py:508} INFO - Filling up the DagBag from /opt/airflow/dags/ETL/Scripts/pip-3.10.exe
[2023-12-06 11:44:10,920] {logging_mixin.py:115} INFO - [2023-12-06 11:44:10,919] {dagbag.py:371} INFO - File /opt/airflow/dags/ETL/Scripts/pip-3.10.exe:__main__.py assumed to contain no DAGs. Skipping.
[2023-12-06 11:44:10,920] {processor.py:653} WARNING - No viable dags retrieved from /opt/airflow/dags/ETL/Scripts/pip-3.10.exe
[2023-12-06 11:44:10,934] {processor.py:161} INFO - Processing /opt/airflow/dags/ETL/Scripts/pip-3.10.exe took 0.027 seconds
[2023-12-06 11:44:21,350] {processor.py:153} INFO - Started process (PID=2482) to work on /opt/airflow/dags/ETL/Scripts/pip-3.10.exe
[2023-12-06 11:44:21,351] {processor.py:641} INFO - Processing file /opt/airflow/dags/ETL/Scripts/pip-3.10.exe for tasks to queue
[2023-12-06 11:44:21,352] {logging_mixin.py:115} INFO - [2023-12-06 11:44:21,352] {dagbag.py:508} INFO - Filling up the DagBag from /opt/airflow/dags/ETL/Scripts/pip-3.10.exe
[2023-12-06 11:44:21,359] {logging_mixin.py:115} INFO - [2023-12-06 11:44:21,359] {dagbag.py:371} INFO - File /opt/airflow/dags/ETL/Scripts/pip-3.10.exe:__main__.py assumed to contain no DAGs. Skipping.
[2023-12-06 11:44:21,359] {processor.py:653} WARNING - No viable dags retrieved from /opt/airflow/dags/ETL/Scripts/pip-3.10.exe
[2023-12-06 11:44:21,372] {processor.py:161} INFO - Processing /opt/airflow/dags/ETL/Scripts/pip-3.10.exe took 0.026 seconds
[2023-12-06 11:44:31,828] {processor.py:153} INFO - Started process (PID=2528) to work on /opt/airflow/dags/ETL/Scripts/pip-3.10.exe
[2023-12-06 11:44:31,829] {processor.py:641} INFO - Processing file /opt/airflow/dags/ETL/Scripts/pip-3.10.exe for tasks to queue
[2023-12-06 11:44:31,829] {logging_mixin.py:115} INFO - [2023-12-06 11:44:31,829] {dagbag.py:508} INFO - Filling up the DagBag from /opt/airflow/dags/ETL/Scripts/pip-3.10.exe
[2023-12-06 11:44:31,837] {logging_mixin.py:115} INFO - [2023-12-06 11:44:31,837] {dagbag.py:371} INFO - File /opt/airflow/dags/ETL/Scripts/pip-3.10.exe:__main__.py assumed to contain no DAGs. Skipping.
[2023-12-06 11:44:31,838] {processor.py:653} WARNING - No viable dags retrieved from /opt/airflow/dags/ETL/Scripts/pip-3.10.exe
[2023-12-06 11:44:31,851] {processor.py:161} INFO - Processing /opt/airflow/dags/ETL/Scripts/pip-3.10.exe took 0.026 seconds
[2023-12-06 11:44:42,307] {processor.py:153} INFO - Started process (PID=2574) to work on /opt/airflow/dags/ETL/Scripts/pip-3.10.exe
[2023-12-06 11:44:42,308] {processor.py:641} INFO - Processing file /opt/airflow/dags/ETL/Scripts/pip-3.10.exe for tasks to queue
[2023-12-06 11:44:42,308] {logging_mixin.py:115} INFO - [2023-12-06 11:44:42,308] {dagbag.py:508} INFO - Filling up the DagBag from /opt/airflow/dags/ETL/Scripts/pip-3.10.exe
[2023-12-06 11:44:42,315] {logging_mixin.py:115} INFO - [2023-12-06 11:44:42,315] {dagbag.py:371} INFO - File /opt/airflow/dags/ETL/Scripts/pip-3.10.exe:__main__.py assumed to contain no DAGs. Skipping.
[2023-12-06 11:44:42,316] {processor.py:653} WARNING - No viable dags retrieved from /opt/airflow/dags/ETL/Scripts/pip-3.10.exe
[2023-12-06 11:44:42,329] {processor.py:161} INFO - Processing /opt/airflow/dags/ETL/Scripts/pip-3.10.exe took 0.026 seconds
[2023-12-06 11:44:52,795] {processor.py:153} INFO - Started process (PID=2620) to work on /opt/airflow/dags/ETL/Scripts/pip-3.10.exe
[2023-12-06 11:44:52,796] {processor.py:641} INFO - Processing file /opt/airflow/dags/ETL/Scripts/pip-3.10.exe for tasks to queue
[2023-12-06 11:44:52,797] {logging_mixin.py:115} INFO - [2023-12-06 11:44:52,797] {dagbag.py:508} INFO - Filling up the DagBag from /opt/airflow/dags/ETL/Scripts/pip-3.10.exe
[2023-12-06 11:44:52,805] {logging_mixin.py:115} INFO - [2023-12-06 11:44:52,804] {dagbag.py:371} INFO - File /opt/airflow/dags/ETL/Scripts/pip-3.10.exe:__main__.py assumed to contain no DAGs. Skipping.
[2023-12-06 11:44:52,805] {processor.py:653} WARNING - No viable dags retrieved from /opt/airflow/dags/ETL/Scripts/pip-3.10.exe
[2023-12-06 11:44:52,824] {processor.py:161} INFO - Processing /opt/airflow/dags/ETL/Scripts/pip-3.10.exe took 0.034 seconds
[2023-12-06 11:45:03,285] {processor.py:153} INFO - Started process (PID=2666) to work on /opt/airflow/dags/ETL/Scripts/pip-3.10.exe
[2023-12-06 11:45:03,286] {processor.py:641} INFO - Processing file /opt/airflow/dags/ETL/Scripts/pip-3.10.exe for tasks to queue
[2023-12-06 11:45:03,286] {logging_mixin.py:115} INFO - [2023-12-06 11:45:03,286] {dagbag.py:508} INFO - Filling up the DagBag from /opt/airflow/dags/ETL/Scripts/pip-3.10.exe
[2023-12-06 11:45:03,295] {logging_mixin.py:115} INFO - [2023-12-06 11:45:03,295] {dagbag.py:371} INFO - File /opt/airflow/dags/ETL/Scripts/pip-3.10.exe:__main__.py assumed to contain no DAGs. Skipping.
[2023-12-06 11:45:03,296] {processor.py:653} WARNING - No viable dags retrieved from /opt/airflow/dags/ETL/Scripts/pip-3.10.exe
[2023-12-06 11:45:03,310] {processor.py:161} INFO - Processing /opt/airflow/dags/ETL/Scripts/pip-3.10.exe took 0.029 seconds
[2023-12-06 11:45:13,701] {processor.py:153} INFO - Started process (PID=2712) to work on /opt/airflow/dags/ETL/Scripts/pip-3.10.exe
[2023-12-06 11:45:13,702] {processor.py:641} INFO - Processing file /opt/airflow/dags/ETL/Scripts/pip-3.10.exe for tasks to queue
[2023-12-06 11:45:13,702] {logging_mixin.py:115} INFO - [2023-12-06 11:45:13,702] {dagbag.py:508} INFO - Filling up the DagBag from /opt/airflow/dags/ETL/Scripts/pip-3.10.exe
[2023-12-06 11:45:13,709] {logging_mixin.py:115} INFO - [2023-12-06 11:45:13,709] {dagbag.py:371} INFO - File /opt/airflow/dags/ETL/Scripts/pip-3.10.exe:__main__.py assumed to contain no DAGs. Skipping.
[2023-12-06 11:45:13,710] {processor.py:653} WARNING - No viable dags retrieved from /opt/airflow/dags/ETL/Scripts/pip-3.10.exe
[2023-12-06 11:45:13,722] {processor.py:161} INFO - Processing /opt/airflow/dags/ETL/Scripts/pip-3.10.exe took 0.023 seconds
[2023-12-06 11:45:24,026] {processor.py:153} INFO - Started process (PID=2758) to work on /opt/airflow/dags/ETL/Scripts/pip-3.10.exe
[2023-12-06 11:45:24,026] {processor.py:641} INFO - Processing file /opt/airflow/dags/ETL/Scripts/pip-3.10.exe for tasks to queue
[2023-12-06 11:45:24,027] {logging_mixin.py:115} INFO - [2023-12-06 11:45:24,027] {dagbag.py:508} INFO - Filling up the DagBag from /opt/airflow/dags/ETL/Scripts/pip-3.10.exe
[2023-12-06 11:45:24,034] {logging_mixin.py:115} INFO - [2023-12-06 11:45:24,034] {dagbag.py:371} INFO - File /opt/airflow/dags/ETL/Scripts/pip-3.10.exe:__main__.py assumed to contain no DAGs. Skipping.
[2023-12-06 11:45:24,035] {processor.py:653} WARNING - No viable dags retrieved from /opt/airflow/dags/ETL/Scripts/pip-3.10.exe
[2023-12-06 11:45:24,048] {processor.py:161} INFO - Processing /opt/airflow/dags/ETL/Scripts/pip-3.10.exe took 0.025 seconds
[2023-12-06 11:45:34,422] {processor.py:153} INFO - Started process (PID=2804) to work on /opt/airflow/dags/ETL/Scripts/pip-3.10.exe
[2023-12-06 11:45:34,422] {processor.py:641} INFO - Processing file /opt/airflow/dags/ETL/Scripts/pip-3.10.exe for tasks to queue
[2023-12-06 11:45:34,423] {logging_mixin.py:115} INFO - [2023-12-06 11:45:34,423] {dagbag.py:508} INFO - Filling up the DagBag from /opt/airflow/dags/ETL/Scripts/pip-3.10.exe
[2023-12-06 11:45:34,435] {logging_mixin.py:115} INFO - [2023-12-06 11:45:34,435] {dagbag.py:371} INFO - File /opt/airflow/dags/ETL/Scripts/pip-3.10.exe:__main__.py assumed to contain no DAGs. Skipping.
[2023-12-06 11:45:34,436] {processor.py:653} WARNING - No viable dags retrieved from /opt/airflow/dags/ETL/Scripts/pip-3.10.exe
[2023-12-06 11:45:34,454] {processor.py:161} INFO - Processing /opt/airflow/dags/ETL/Scripts/pip-3.10.exe took 0.036 seconds
[2023-12-06 11:45:44,925] {processor.py:153} INFO - Started process (PID=2850) to work on /opt/airflow/dags/ETL/Scripts/pip-3.10.exe
[2023-12-06 11:45:44,925] {processor.py:641} INFO - Processing file /opt/airflow/dags/ETL/Scripts/pip-3.10.exe for tasks to queue
[2023-12-06 11:45:44,926] {logging_mixin.py:115} INFO - [2023-12-06 11:45:44,926] {dagbag.py:508} INFO - Filling up the DagBag from /opt/airflow/dags/ETL/Scripts/pip-3.10.exe
[2023-12-06 11:45:44,934] {logging_mixin.py:115} INFO - [2023-12-06 11:45:44,933] {dagbag.py:371} INFO - File /opt/airflow/dags/ETL/Scripts/pip-3.10.exe:__main__.py assumed to contain no DAGs. Skipping.
[2023-12-06 11:45:44,934] {processor.py:653} WARNING - No viable dags retrieved from /opt/airflow/dags/ETL/Scripts/pip-3.10.exe
[2023-12-06 11:45:44,947] {processor.py:161} INFO - Processing /opt/airflow/dags/ETL/Scripts/pip-3.10.exe took 0.026 seconds
[2023-12-06 11:45:55,458] {processor.py:153} INFO - Started process (PID=2896) to work on /opt/airflow/dags/ETL/Scripts/pip-3.10.exe
[2023-12-06 11:45:55,459] {processor.py:641} INFO - Processing file /opt/airflow/dags/ETL/Scripts/pip-3.10.exe for tasks to queue
[2023-12-06 11:45:55,460] {logging_mixin.py:115} INFO - [2023-12-06 11:45:55,460] {dagbag.py:508} INFO - Filling up the DagBag from /opt/airflow/dags/ETL/Scripts/pip-3.10.exe
[2023-12-06 11:45:55,476] {logging_mixin.py:115} INFO - [2023-12-06 11:45:55,476] {dagbag.py:371} INFO - File /opt/airflow/dags/ETL/Scripts/pip-3.10.exe:__main__.py assumed to contain no DAGs. Skipping.
[2023-12-06 11:45:55,477] {processor.py:653} WARNING - No viable dags retrieved from /opt/airflow/dags/ETL/Scripts/pip-3.10.exe
[2023-12-06 11:45:55,496] {processor.py:161} INFO - Processing /opt/airflow/dags/ETL/Scripts/pip-3.10.exe took 0.042 seconds
[2023-12-06 11:46:05,870] {processor.py:153} INFO - Started process (PID=2942) to work on /opt/airflow/dags/ETL/Scripts/pip-3.10.exe
[2023-12-06 11:46:05,871] {processor.py:641} INFO - Processing file /opt/airflow/dags/ETL/Scripts/pip-3.10.exe for tasks to queue
[2023-12-06 11:46:05,871] {logging_mixin.py:115} INFO - [2023-12-06 11:46:05,871] {dagbag.py:508} INFO - Filling up the DagBag from /opt/airflow/dags/ETL/Scripts/pip-3.10.exe
[2023-12-06 11:46:05,880] {logging_mixin.py:115} INFO - [2023-12-06 11:46:05,880] {dagbag.py:371} INFO - File /opt/airflow/dags/ETL/Scripts/pip-3.10.exe:__main__.py assumed to contain no DAGs. Skipping.
[2023-12-06 11:46:05,880] {processor.py:653} WARNING - No viable dags retrieved from /opt/airflow/dags/ETL/Scripts/pip-3.10.exe
[2023-12-06 11:46:05,892] {processor.py:161} INFO - Processing /opt/airflow/dags/ETL/Scripts/pip-3.10.exe took 0.025 seconds
[2023-12-06 11:46:16,315] {processor.py:153} INFO - Started process (PID=2988) to work on /opt/airflow/dags/ETL/Scripts/pip-3.10.exe
[2023-12-06 11:46:16,316] {processor.py:641} INFO - Processing file /opt/airflow/dags/ETL/Scripts/pip-3.10.exe for tasks to queue
[2023-12-06 11:46:16,316] {logging_mixin.py:115} INFO - [2023-12-06 11:46:16,316] {dagbag.py:508} INFO - Filling up the DagBag from /opt/airflow/dags/ETL/Scripts/pip-3.10.exe
[2023-12-06 11:46:16,325] {logging_mixin.py:115} INFO - [2023-12-06 11:46:16,325] {dagbag.py:371} INFO - File /opt/airflow/dags/ETL/Scripts/pip-3.10.exe:__main__.py assumed to contain no DAGs. Skipping.
[2023-12-06 11:46:16,325] {processor.py:653} WARNING - No viable dags retrieved from /opt/airflow/dags/ETL/Scripts/pip-3.10.exe
[2023-12-06 11:46:16,340] {processor.py:161} INFO - Processing /opt/airflow/dags/ETL/Scripts/pip-3.10.exe took 0.027 seconds
[2023-12-06 11:46:26,785] {processor.py:153} INFO - Started process (PID=3034) to work on /opt/airflow/dags/ETL/Scripts/pip-3.10.exe
[2023-12-06 11:46:26,786] {processor.py:641} INFO - Processing file /opt/airflow/dags/ETL/Scripts/pip-3.10.exe for tasks to queue
[2023-12-06 11:46:26,787] {logging_mixin.py:115} INFO - [2023-12-06 11:46:26,787] {dagbag.py:508} INFO - Filling up the DagBag from /opt/airflow/dags/ETL/Scripts/pip-3.10.exe
[2023-12-06 11:46:26,795] {logging_mixin.py:115} INFO - [2023-12-06 11:46:26,795] {dagbag.py:371} INFO - File /opt/airflow/dags/ETL/Scripts/pip-3.10.exe:__main__.py assumed to contain no DAGs. Skipping.
[2023-12-06 11:46:26,796] {processor.py:653} WARNING - No viable dags retrieved from /opt/airflow/dags/ETL/Scripts/pip-3.10.exe
[2023-12-06 11:46:26,809] {processor.py:161} INFO - Processing /opt/airflow/dags/ETL/Scripts/pip-3.10.exe took 0.026 seconds
[2023-12-06 11:46:37,165] {processor.py:153} INFO - Started process (PID=3080) to work on /opt/airflow/dags/ETL/Scripts/pip-3.10.exe
[2023-12-06 11:46:37,166] {processor.py:641} INFO - Processing file /opt/airflow/dags/ETL/Scripts/pip-3.10.exe for tasks to queue
[2023-12-06 11:46:37,166] {logging_mixin.py:115} INFO - [2023-12-06 11:46:37,166] {dagbag.py:508} INFO - Filling up the DagBag from /opt/airflow/dags/ETL/Scripts/pip-3.10.exe
[2023-12-06 11:46:37,173] {logging_mixin.py:115} INFO - [2023-12-06 11:46:37,173] {dagbag.py:371} INFO - File /opt/airflow/dags/ETL/Scripts/pip-3.10.exe:__main__.py assumed to contain no DAGs. Skipping.
[2023-12-06 11:46:37,174] {processor.py:653} WARNING - No viable dags retrieved from /opt/airflow/dags/ETL/Scripts/pip-3.10.exe
[2023-12-06 11:46:37,186] {processor.py:161} INFO - Processing /opt/airflow/dags/ETL/Scripts/pip-3.10.exe took 0.023 seconds
[2023-12-06 11:46:47,577] {processor.py:153} INFO - Started process (PID=3126) to work on /opt/airflow/dags/ETL/Scripts/pip-3.10.exe
[2023-12-06 11:46:47,578] {processor.py:641} INFO - Processing file /opt/airflow/dags/ETL/Scripts/pip-3.10.exe for tasks to queue
[2023-12-06 11:46:47,579] {logging_mixin.py:115} INFO - [2023-12-06 11:46:47,579] {dagbag.py:508} INFO - Filling up the DagBag from /opt/airflow/dags/ETL/Scripts/pip-3.10.exe
[2023-12-06 11:46:47,586] {logging_mixin.py:115} INFO - [2023-12-06 11:46:47,586] {dagbag.py:371} INFO - File /opt/airflow/dags/ETL/Scripts/pip-3.10.exe:__main__.py assumed to contain no DAGs. Skipping.
[2023-12-06 11:46:47,587] {processor.py:653} WARNING - No viable dags retrieved from /opt/airflow/dags/ETL/Scripts/pip-3.10.exe
[2023-12-06 11:46:47,599] {processor.py:161} INFO - Processing /opt/airflow/dags/ETL/Scripts/pip-3.10.exe took 0.024 seconds
[2023-12-06 11:46:57,914] {processor.py:153} INFO - Started process (PID=3172) to work on /opt/airflow/dags/ETL/Scripts/pip-3.10.exe
[2023-12-06 11:46:57,914] {processor.py:641} INFO - Processing file /opt/airflow/dags/ETL/Scripts/pip-3.10.exe for tasks to queue
[2023-12-06 11:46:57,915] {logging_mixin.py:115} INFO - [2023-12-06 11:46:57,915] {dagbag.py:508} INFO - Filling up the DagBag from /opt/airflow/dags/ETL/Scripts/pip-3.10.exe
[2023-12-06 11:46:57,923] {logging_mixin.py:115} INFO - [2023-12-06 11:46:57,923] {dagbag.py:371} INFO - File /opt/airflow/dags/ETL/Scripts/pip-3.10.exe:__main__.py assumed to contain no DAGs. Skipping.
[2023-12-06 11:46:57,923] {processor.py:653} WARNING - No viable dags retrieved from /opt/airflow/dags/ETL/Scripts/pip-3.10.exe
[2023-12-06 11:46:57,936] {processor.py:161} INFO - Processing /opt/airflow/dags/ETL/Scripts/pip-3.10.exe took 0.025 seconds
[2023-12-06 11:47:08,328] {processor.py:153} INFO - Started process (PID=3218) to work on /opt/airflow/dags/ETL/Scripts/pip-3.10.exe
[2023-12-06 11:47:08,328] {processor.py:641} INFO - Processing file /opt/airflow/dags/ETL/Scripts/pip-3.10.exe for tasks to queue
[2023-12-06 11:47:08,329] {logging_mixin.py:115} INFO - [2023-12-06 11:47:08,329] {dagbag.py:508} INFO - Filling up the DagBag from /opt/airflow/dags/ETL/Scripts/pip-3.10.exe
[2023-12-06 11:47:08,336] {logging_mixin.py:115} INFO - [2023-12-06 11:47:08,336] {dagbag.py:371} INFO - File /opt/airflow/dags/ETL/Scripts/pip-3.10.exe:__main__.py assumed to contain no DAGs. Skipping.
[2023-12-06 11:47:08,337] {processor.py:653} WARNING - No viable dags retrieved from /opt/airflow/dags/ETL/Scripts/pip-3.10.exe
[2023-12-06 11:47:08,355] {processor.py:161} INFO - Processing /opt/airflow/dags/ETL/Scripts/pip-3.10.exe took 0.031 seconds
[2023-12-06 11:47:18,870] {processor.py:153} INFO - Started process (PID=3264) to work on /opt/airflow/dags/ETL/Scripts/pip-3.10.exe
[2023-12-06 11:47:18,870] {processor.py:641} INFO - Processing file /opt/airflow/dags/ETL/Scripts/pip-3.10.exe for tasks to queue
[2023-12-06 11:47:18,871] {logging_mixin.py:115} INFO - [2023-12-06 11:47:18,871] {dagbag.py:508} INFO - Filling up the DagBag from /opt/airflow/dags/ETL/Scripts/pip-3.10.exe
[2023-12-06 11:47:18,880] {logging_mixin.py:115} INFO - [2023-12-06 11:47:18,880] {dagbag.py:371} INFO - File /opt/airflow/dags/ETL/Scripts/pip-3.10.exe:__main__.py assumed to contain no DAGs. Skipping.
[2023-12-06 11:47:18,880] {processor.py:653} WARNING - No viable dags retrieved from /opt/airflow/dags/ETL/Scripts/pip-3.10.exe
[2023-12-06 11:47:18,892] {processor.py:161} INFO - Processing /opt/airflow/dags/ETL/Scripts/pip-3.10.exe took 0.025 seconds
[2023-12-06 11:47:35,671] {processor.py:153} INFO - Started process (PID=3304) to work on /opt/airflow/dags/ETL/Scripts/pip-3.10.exe
[2023-12-06 11:47:35,672] {processor.py:641} INFO - Processing file /opt/airflow/dags/ETL/Scripts/pip-3.10.exe for tasks to queue
[2023-12-06 11:47:35,673] {logging_mixin.py:115} INFO - [2023-12-06 11:47:35,673] {dagbag.py:508} INFO - Filling up the DagBag from /opt/airflow/dags/ETL/Scripts/pip-3.10.exe
[2023-12-06 11:47:35,681] {logging_mixin.py:115} INFO - [2023-12-06 11:47:35,681] {dagbag.py:371} INFO - File /opt/airflow/dags/ETL/Scripts/pip-3.10.exe:__main__.py assumed to contain no DAGs. Skipping.
[2023-12-06 11:47:35,682] {processor.py:653} WARNING - No viable dags retrieved from /opt/airflow/dags/ETL/Scripts/pip-3.10.exe
[2023-12-06 11:47:35,695] {processor.py:161} INFO - Processing /opt/airflow/dags/ETL/Scripts/pip-3.10.exe took 0.028 seconds
[2023-12-06 11:47:46,046] {processor.py:153} INFO - Started process (PID=3350) to work on /opt/airflow/dags/ETL/Scripts/pip-3.10.exe
[2023-12-06 11:47:46,047] {processor.py:641} INFO - Processing file /opt/airflow/dags/ETL/Scripts/pip-3.10.exe for tasks to queue
[2023-12-06 11:47:46,048] {logging_mixin.py:115} INFO - [2023-12-06 11:47:46,048] {dagbag.py:508} INFO - Filling up the DagBag from /opt/airflow/dags/ETL/Scripts/pip-3.10.exe
[2023-12-06 11:47:46,064] {logging_mixin.py:115} INFO - [2023-12-06 11:47:46,064] {dagbag.py:371} INFO - File /opt/airflow/dags/ETL/Scripts/pip-3.10.exe:__main__.py assumed to contain no DAGs. Skipping.
[2023-12-06 11:47:46,066] {processor.py:653} WARNING - No viable dags retrieved from /opt/airflow/dags/ETL/Scripts/pip-3.10.exe
[2023-12-06 11:47:46,090] {processor.py:161} INFO - Processing /opt/airflow/dags/ETL/Scripts/pip-3.10.exe took 0.048 seconds
[2023-12-06 11:47:56,566] {processor.py:153} INFO - Started process (PID=3396) to work on /opt/airflow/dags/ETL/Scripts/pip-3.10.exe
[2023-12-06 11:47:56,566] {processor.py:641} INFO - Processing file /opt/airflow/dags/ETL/Scripts/pip-3.10.exe for tasks to queue
[2023-12-06 11:47:56,567] {logging_mixin.py:115} INFO - [2023-12-06 11:47:56,567] {dagbag.py:508} INFO - Filling up the DagBag from /opt/airflow/dags/ETL/Scripts/pip-3.10.exe
[2023-12-06 11:47:56,575] {logging_mixin.py:115} INFO - [2023-12-06 11:47:56,575] {dagbag.py:371} INFO - File /opt/airflow/dags/ETL/Scripts/pip-3.10.exe:__main__.py assumed to contain no DAGs. Skipping.
[2023-12-06 11:47:56,575] {processor.py:653} WARNING - No viable dags retrieved from /opt/airflow/dags/ETL/Scripts/pip-3.10.exe
[2023-12-06 11:47:56,590] {processor.py:161} INFO - Processing /opt/airflow/dags/ETL/Scripts/pip-3.10.exe took 0.026 seconds
[2023-12-06 11:48:07,002] {processor.py:153} INFO - Started process (PID=3442) to work on /opt/airflow/dags/ETL/Scripts/pip-3.10.exe
[2023-12-06 11:48:07,003] {processor.py:641} INFO - Processing file /opt/airflow/dags/ETL/Scripts/pip-3.10.exe for tasks to queue
[2023-12-06 11:48:07,004] {logging_mixin.py:115} INFO - [2023-12-06 11:48:07,003] {dagbag.py:508} INFO - Filling up the DagBag from /opt/airflow/dags/ETL/Scripts/pip-3.10.exe
[2023-12-06 11:48:07,012] {logging_mixin.py:115} INFO - [2023-12-06 11:48:07,012] {dagbag.py:371} INFO - File /opt/airflow/dags/ETL/Scripts/pip-3.10.exe:__main__.py assumed to contain no DAGs. Skipping.
[2023-12-06 11:48:07,012] {processor.py:653} WARNING - No viable dags retrieved from /opt/airflow/dags/ETL/Scripts/pip-3.10.exe
[2023-12-06 11:48:07,025] {processor.py:161} INFO - Processing /opt/airflow/dags/ETL/Scripts/pip-3.10.exe took 0.026 seconds
[2023-12-06 11:48:17,440] {processor.py:153} INFO - Started process (PID=3488) to work on /opt/airflow/dags/ETL/Scripts/pip-3.10.exe
[2023-12-06 11:48:17,441] {processor.py:641} INFO - Processing file /opt/airflow/dags/ETL/Scripts/pip-3.10.exe for tasks to queue
[2023-12-06 11:48:17,442] {logging_mixin.py:115} INFO - [2023-12-06 11:48:17,442] {dagbag.py:508} INFO - Filling up the DagBag from /opt/airflow/dags/ETL/Scripts/pip-3.10.exe
[2023-12-06 11:48:17,450] {logging_mixin.py:115} INFO - [2023-12-06 11:48:17,449] {dagbag.py:371} INFO - File /opt/airflow/dags/ETL/Scripts/pip-3.10.exe:__main__.py assumed to contain no DAGs. Skipping.
[2023-12-06 11:48:17,450] {processor.py:653} WARNING - No viable dags retrieved from /opt/airflow/dags/ETL/Scripts/pip-3.10.exe
[2023-12-06 11:48:17,462] {processor.py:161} INFO - Processing /opt/airflow/dags/ETL/Scripts/pip-3.10.exe took 0.025 seconds
[2023-12-06 11:48:27,946] {processor.py:153} INFO - Started process (PID=3537) to work on /opt/airflow/dags/ETL/Scripts/pip-3.10.exe
[2023-12-06 11:48:27,947] {processor.py:641} INFO - Processing file /opt/airflow/dags/ETL/Scripts/pip-3.10.exe for tasks to queue
[2023-12-06 11:48:27,947] {logging_mixin.py:115} INFO - [2023-12-06 11:48:27,947] {dagbag.py:508} INFO - Filling up the DagBag from /opt/airflow/dags/ETL/Scripts/pip-3.10.exe
[2023-12-06 11:48:27,954] {logging_mixin.py:115} INFO - [2023-12-06 11:48:27,954] {dagbag.py:371} INFO - File /opt/airflow/dags/ETL/Scripts/pip-3.10.exe:__main__.py assumed to contain no DAGs. Skipping.
[2023-12-06 11:48:27,954] {processor.py:653} WARNING - No viable dags retrieved from /opt/airflow/dags/ETL/Scripts/pip-3.10.exe
[2023-12-06 11:48:27,967] {processor.py:161} INFO - Processing /opt/airflow/dags/ETL/Scripts/pip-3.10.exe took 0.025 seconds
[2023-12-06 11:48:38,403] {processor.py:153} INFO - Started process (PID=3583) to work on /opt/airflow/dags/ETL/Scripts/pip-3.10.exe
[2023-12-06 11:48:38,404] {processor.py:641} INFO - Processing file /opt/airflow/dags/ETL/Scripts/pip-3.10.exe for tasks to queue
[2023-12-06 11:48:38,404] {logging_mixin.py:115} INFO - [2023-12-06 11:48:38,404] {dagbag.py:508} INFO - Filling up the DagBag from /opt/airflow/dags/ETL/Scripts/pip-3.10.exe
[2023-12-06 11:48:38,413] {logging_mixin.py:115} INFO - [2023-12-06 11:48:38,413] {dagbag.py:371} INFO - File /opt/airflow/dags/ETL/Scripts/pip-3.10.exe:__main__.py assumed to contain no DAGs. Skipping.
[2023-12-06 11:48:38,414] {processor.py:653} WARNING - No viable dags retrieved from /opt/airflow/dags/ETL/Scripts/pip-3.10.exe
[2023-12-06 11:48:38,426] {processor.py:161} INFO - Processing /opt/airflow/dags/ETL/Scripts/pip-3.10.exe took 0.025 seconds
[2023-12-06 11:48:48,925] {processor.py:153} INFO - Started process (PID=3632) to work on /opt/airflow/dags/ETL/Scripts/pip-3.10.exe
[2023-12-06 11:48:48,926] {processor.py:641} INFO - Processing file /opt/airflow/dags/ETL/Scripts/pip-3.10.exe for tasks to queue
[2023-12-06 11:48:48,926] {logging_mixin.py:115} INFO - [2023-12-06 11:48:48,926] {dagbag.py:508} INFO - Filling up the DagBag from /opt/airflow/dags/ETL/Scripts/pip-3.10.exe
[2023-12-06 11:48:48,934] {logging_mixin.py:115} INFO - [2023-12-06 11:48:48,934] {dagbag.py:371} INFO - File /opt/airflow/dags/ETL/Scripts/pip-3.10.exe:__main__.py assumed to contain no DAGs. Skipping.
[2023-12-06 11:48:48,934] {processor.py:653} WARNING - No viable dags retrieved from /opt/airflow/dags/ETL/Scripts/pip-3.10.exe
[2023-12-06 11:48:48,947] {processor.py:161} INFO - Processing /opt/airflow/dags/ETL/Scripts/pip-3.10.exe took 0.026 seconds
[2023-12-06 11:48:59,420] {processor.py:153} INFO - Started process (PID=3678) to work on /opt/airflow/dags/ETL/Scripts/pip-3.10.exe
[2023-12-06 11:48:59,420] {processor.py:641} INFO - Processing file /opt/airflow/dags/ETL/Scripts/pip-3.10.exe for tasks to queue
[2023-12-06 11:48:59,421] {logging_mixin.py:115} INFO - [2023-12-06 11:48:59,421] {dagbag.py:508} INFO - Filling up the DagBag from /opt/airflow/dags/ETL/Scripts/pip-3.10.exe
[2023-12-06 11:48:59,429] {logging_mixin.py:115} INFO - [2023-12-06 11:48:59,429] {dagbag.py:371} INFO - File /opt/airflow/dags/ETL/Scripts/pip-3.10.exe:__main__.py assumed to contain no DAGs. Skipping.
[2023-12-06 11:48:59,430] {processor.py:653} WARNING - No viable dags retrieved from /opt/airflow/dags/ETL/Scripts/pip-3.10.exe
[2023-12-06 11:48:59,442] {processor.py:161} INFO - Processing /opt/airflow/dags/ETL/Scripts/pip-3.10.exe took 0.025 seconds
[2023-12-06 11:49:09,856] {processor.py:153} INFO - Started process (PID=3724) to work on /opt/airflow/dags/ETL/Scripts/pip-3.10.exe
[2023-12-06 11:49:09,856] {processor.py:641} INFO - Processing file /opt/airflow/dags/ETL/Scripts/pip-3.10.exe for tasks to queue
[2023-12-06 11:49:09,857] {logging_mixin.py:115} INFO - [2023-12-06 11:49:09,857] {dagbag.py:508} INFO - Filling up the DagBag from /opt/airflow/dags/ETL/Scripts/pip-3.10.exe
[2023-12-06 11:49:09,865] {logging_mixin.py:115} INFO - [2023-12-06 11:49:09,865] {dagbag.py:371} INFO - File /opt/airflow/dags/ETL/Scripts/pip-3.10.exe:__main__.py assumed to contain no DAGs. Skipping.
[2023-12-06 11:49:09,866] {processor.py:653} WARNING - No viable dags retrieved from /opt/airflow/dags/ETL/Scripts/pip-3.10.exe
[2023-12-06 11:49:09,879] {processor.py:161} INFO - Processing /opt/airflow/dags/ETL/Scripts/pip-3.10.exe took 0.026 seconds
[2023-12-06 11:49:20,347] {processor.py:153} INFO - Started process (PID=3770) to work on /opt/airflow/dags/ETL/Scripts/pip-3.10.exe
[2023-12-06 11:49:20,347] {processor.py:641} INFO - Processing file /opt/airflow/dags/ETL/Scripts/pip-3.10.exe for tasks to queue
[2023-12-06 11:49:20,348] {logging_mixin.py:115} INFO - [2023-12-06 11:49:20,348] {dagbag.py:508} INFO - Filling up the DagBag from /opt/airflow/dags/ETL/Scripts/pip-3.10.exe
[2023-12-06 11:49:20,356] {logging_mixin.py:115} INFO - [2023-12-06 11:49:20,356] {dagbag.py:371} INFO - File /opt/airflow/dags/ETL/Scripts/pip-3.10.exe:__main__.py assumed to contain no DAGs. Skipping.
[2023-12-06 11:49:20,357] {processor.py:653} WARNING - No viable dags retrieved from /opt/airflow/dags/ETL/Scripts/pip-3.10.exe
[2023-12-06 11:49:20,369] {processor.py:161} INFO - Processing /opt/airflow/dags/ETL/Scripts/pip-3.10.exe took 0.025 seconds
[2023-12-06 11:49:30,874] {processor.py:153} INFO - Started process (PID=3816) to work on /opt/airflow/dags/ETL/Scripts/pip-3.10.exe
[2023-12-06 11:49:30,875] {processor.py:641} INFO - Processing file /opt/airflow/dags/ETL/Scripts/pip-3.10.exe for tasks to queue
[2023-12-06 11:49:30,875] {logging_mixin.py:115} INFO - [2023-12-06 11:49:30,875] {dagbag.py:508} INFO - Filling up the DagBag from /opt/airflow/dags/ETL/Scripts/pip-3.10.exe
[2023-12-06 11:49:30,883] {logging_mixin.py:115} INFO - [2023-12-06 11:49:30,883] {dagbag.py:371} INFO - File /opt/airflow/dags/ETL/Scripts/pip-3.10.exe:__main__.py assumed to contain no DAGs. Skipping.
[2023-12-06 11:49:30,884] {processor.py:653} WARNING - No viable dags retrieved from /opt/airflow/dags/ETL/Scripts/pip-3.10.exe
[2023-12-06 11:49:30,897] {processor.py:161} INFO - Processing /opt/airflow/dags/ETL/Scripts/pip-3.10.exe took 0.026 seconds
[2023-12-06 11:49:41,362] {processor.py:153} INFO - Started process (PID=3862) to work on /opt/airflow/dags/ETL/Scripts/pip-3.10.exe
[2023-12-06 11:49:41,362] {processor.py:641} INFO - Processing file /opt/airflow/dags/ETL/Scripts/pip-3.10.exe for tasks to queue
[2023-12-06 11:49:41,363] {logging_mixin.py:115} INFO - [2023-12-06 11:49:41,363] {dagbag.py:508} INFO - Filling up the DagBag from /opt/airflow/dags/ETL/Scripts/pip-3.10.exe
[2023-12-06 11:49:41,371] {logging_mixin.py:115} INFO - [2023-12-06 11:49:41,371] {dagbag.py:371} INFO - File /opt/airflow/dags/ETL/Scripts/pip-3.10.exe:__main__.py assumed to contain no DAGs. Skipping.
[2023-12-06 11:49:41,372] {processor.py:653} WARNING - No viable dags retrieved from /opt/airflow/dags/ETL/Scripts/pip-3.10.exe
[2023-12-06 11:49:41,384] {processor.py:161} INFO - Processing /opt/airflow/dags/ETL/Scripts/pip-3.10.exe took 0.025 seconds
[2023-12-06 11:49:51,754] {processor.py:153} INFO - Started process (PID=3908) to work on /opt/airflow/dags/ETL/Scripts/pip-3.10.exe
[2023-12-06 11:49:51,754] {processor.py:641} INFO - Processing file /opt/airflow/dags/ETL/Scripts/pip-3.10.exe for tasks to queue
[2023-12-06 11:49:51,755] {logging_mixin.py:115} INFO - [2023-12-06 11:49:51,755] {dagbag.py:508} INFO - Filling up the DagBag from /opt/airflow/dags/ETL/Scripts/pip-3.10.exe
[2023-12-06 11:49:51,763] {logging_mixin.py:115} INFO - [2023-12-06 11:49:51,762] {dagbag.py:371} INFO - File /opt/airflow/dags/ETL/Scripts/pip-3.10.exe:__main__.py assumed to contain no DAGs. Skipping.
[2023-12-06 11:49:51,763] {processor.py:653} WARNING - No viable dags retrieved from /opt/airflow/dags/ETL/Scripts/pip-3.10.exe
[2023-12-06 11:49:51,776] {processor.py:161} INFO - Processing /opt/airflow/dags/ETL/Scripts/pip-3.10.exe took 0.026 seconds
[2023-12-06 11:50:02,159] {processor.py:153} INFO - Started process (PID=3954) to work on /opt/airflow/dags/ETL/Scripts/pip-3.10.exe
[2023-12-06 11:50:02,160] {processor.py:641} INFO - Processing file /opt/airflow/dags/ETL/Scripts/pip-3.10.exe for tasks to queue
[2023-12-06 11:50:02,160] {logging_mixin.py:115} INFO - [2023-12-06 11:50:02,160] {dagbag.py:508} INFO - Filling up the DagBag from /opt/airflow/dags/ETL/Scripts/pip-3.10.exe
[2023-12-06 11:50:02,167] {logging_mixin.py:115} INFO - [2023-12-06 11:50:02,167] {dagbag.py:371} INFO - File /opt/airflow/dags/ETL/Scripts/pip-3.10.exe:__main__.py assumed to contain no DAGs. Skipping.
[2023-12-06 11:50:02,167] {processor.py:653} WARNING - No viable dags retrieved from /opt/airflow/dags/ETL/Scripts/pip-3.10.exe
[2023-12-06 11:50:02,179] {processor.py:161} INFO - Processing /opt/airflow/dags/ETL/Scripts/pip-3.10.exe took 0.023 seconds
[2023-12-06 11:50:12,626] {processor.py:153} INFO - Started process (PID=4000) to work on /opt/airflow/dags/ETL/Scripts/pip-3.10.exe
[2023-12-06 11:50:12,627] {processor.py:641} INFO - Processing file /opt/airflow/dags/ETL/Scripts/pip-3.10.exe for tasks to queue
[2023-12-06 11:50:12,628] {logging_mixin.py:115} INFO - [2023-12-06 11:50:12,628] {dagbag.py:508} INFO - Filling up the DagBag from /opt/airflow/dags/ETL/Scripts/pip-3.10.exe
[2023-12-06 11:50:12,637] {logging_mixin.py:115} INFO - [2023-12-06 11:50:12,637] {dagbag.py:371} INFO - File /opt/airflow/dags/ETL/Scripts/pip-3.10.exe:__main__.py assumed to contain no DAGs. Skipping.
[2023-12-06 11:50:12,638] {processor.py:653} WARNING - No viable dags retrieved from /opt/airflow/dags/ETL/Scripts/pip-3.10.exe
[2023-12-06 11:50:12,654] {processor.py:161} INFO - Processing /opt/airflow/dags/ETL/Scripts/pip-3.10.exe took 0.030 seconds
[2023-12-06 11:50:22,977] {processor.py:153} INFO - Started process (PID=4046) to work on /opt/airflow/dags/ETL/Scripts/pip-3.10.exe
[2023-12-06 11:50:22,978] {processor.py:641} INFO - Processing file /opt/airflow/dags/ETL/Scripts/pip-3.10.exe for tasks to queue
[2023-12-06 11:50:22,978] {logging_mixin.py:115} INFO - [2023-12-06 11:50:22,978] {dagbag.py:508} INFO - Filling up the DagBag from /opt/airflow/dags/ETL/Scripts/pip-3.10.exe
[2023-12-06 11:50:22,986] {logging_mixin.py:115} INFO - [2023-12-06 11:50:22,986] {dagbag.py:371} INFO - File /opt/airflow/dags/ETL/Scripts/pip-3.10.exe:__main__.py assumed to contain no DAGs. Skipping.
[2023-12-06 11:50:22,986] {processor.py:653} WARNING - No viable dags retrieved from /opt/airflow/dags/ETL/Scripts/pip-3.10.exe
[2023-12-06 11:50:22,998] {processor.py:161} INFO - Processing /opt/airflow/dags/ETL/Scripts/pip-3.10.exe took 0.024 seconds
[2023-12-06 11:50:33,358] {processor.py:153} INFO - Started process (PID=4092) to work on /opt/airflow/dags/ETL/Scripts/pip-3.10.exe
[2023-12-06 11:50:33,359] {processor.py:641} INFO - Processing file /opt/airflow/dags/ETL/Scripts/pip-3.10.exe for tasks to queue
[2023-12-06 11:50:33,360] {logging_mixin.py:115} INFO - [2023-12-06 11:50:33,360] {dagbag.py:508} INFO - Filling up the DagBag from /opt/airflow/dags/ETL/Scripts/pip-3.10.exe
[2023-12-06 11:50:33,368] {logging_mixin.py:115} INFO - [2023-12-06 11:50:33,368] {dagbag.py:371} INFO - File /opt/airflow/dags/ETL/Scripts/pip-3.10.exe:__main__.py assumed to contain no DAGs. Skipping.
[2023-12-06 11:50:33,369] {processor.py:653} WARNING - No viable dags retrieved from /opt/airflow/dags/ETL/Scripts/pip-3.10.exe
[2023-12-06 11:50:33,381] {processor.py:161} INFO - Processing /opt/airflow/dags/ETL/Scripts/pip-3.10.exe took 0.025 seconds
[2023-12-06 11:50:43,801] {processor.py:153} INFO - Started process (PID=4138) to work on /opt/airflow/dags/ETL/Scripts/pip-3.10.exe
[2023-12-06 11:50:43,802] {processor.py:641} INFO - Processing file /opt/airflow/dags/ETL/Scripts/pip-3.10.exe for tasks to queue
[2023-12-06 11:50:43,802] {logging_mixin.py:115} INFO - [2023-12-06 11:50:43,802] {dagbag.py:508} INFO - Filling up the DagBag from /opt/airflow/dags/ETL/Scripts/pip-3.10.exe
[2023-12-06 11:50:43,810] {logging_mixin.py:115} INFO - [2023-12-06 11:50:43,810] {dagbag.py:371} INFO - File /opt/airflow/dags/ETL/Scripts/pip-3.10.exe:__main__.py assumed to contain no DAGs. Skipping.
[2023-12-06 11:50:43,811] {processor.py:653} WARNING - No viable dags retrieved from /opt/airflow/dags/ETL/Scripts/pip-3.10.exe
[2023-12-06 11:50:43,822] {processor.py:161} INFO - Processing /opt/airflow/dags/ETL/Scripts/pip-3.10.exe took 0.024 seconds
[2023-12-06 11:50:54,229] {processor.py:153} INFO - Started process (PID=4184) to work on /opt/airflow/dags/ETL/Scripts/pip-3.10.exe
[2023-12-06 11:50:54,230] {processor.py:641} INFO - Processing file /opt/airflow/dags/ETL/Scripts/pip-3.10.exe for tasks to queue
[2023-12-06 11:50:54,231] {logging_mixin.py:115} INFO - [2023-12-06 11:50:54,231] {dagbag.py:508} INFO - Filling up the DagBag from /opt/airflow/dags/ETL/Scripts/pip-3.10.exe
[2023-12-06 11:50:54,240] {logging_mixin.py:115} INFO - [2023-12-06 11:50:54,240] {dagbag.py:371} INFO - File /opt/airflow/dags/ETL/Scripts/pip-3.10.exe:__main__.py assumed to contain no DAGs. Skipping.
[2023-12-06 11:50:54,240] {processor.py:653} WARNING - No viable dags retrieved from /opt/airflow/dags/ETL/Scripts/pip-3.10.exe
[2023-12-06 11:50:54,253] {processor.py:161} INFO - Processing /opt/airflow/dags/ETL/Scripts/pip-3.10.exe took 0.026 seconds
[2023-12-06 11:51:04,696] {processor.py:153} INFO - Started process (PID=4230) to work on /opt/airflow/dags/ETL/Scripts/pip-3.10.exe
[2023-12-06 11:51:04,697] {processor.py:641} INFO - Processing file /opt/airflow/dags/ETL/Scripts/pip-3.10.exe for tasks to queue
[2023-12-06 11:51:04,698] {logging_mixin.py:115} INFO - [2023-12-06 11:51:04,698] {dagbag.py:508} INFO - Filling up the DagBag from /opt/airflow/dags/ETL/Scripts/pip-3.10.exe
[2023-12-06 11:51:04,712] {logging_mixin.py:115} INFO - [2023-12-06 11:51:04,712] {dagbag.py:371} INFO - File /opt/airflow/dags/ETL/Scripts/pip-3.10.exe:__main__.py assumed to contain no DAGs. Skipping.
[2023-12-06 11:51:04,713] {processor.py:653} WARNING - No viable dags retrieved from /opt/airflow/dags/ETL/Scripts/pip-3.10.exe
[2023-12-06 11:51:04,728] {processor.py:161} INFO - Processing /opt/airflow/dags/ETL/Scripts/pip-3.10.exe took 0.035 seconds
[2023-12-06 11:51:15,087] {processor.py:153} INFO - Started process (PID=4276) to work on /opt/airflow/dags/ETL/Scripts/pip-3.10.exe
[2023-12-06 11:51:15,088] {processor.py:641} INFO - Processing file /opt/airflow/dags/ETL/Scripts/pip-3.10.exe for tasks to queue
[2023-12-06 11:51:15,089] {logging_mixin.py:115} INFO - [2023-12-06 11:51:15,089] {dagbag.py:508} INFO - Filling up the DagBag from /opt/airflow/dags/ETL/Scripts/pip-3.10.exe
[2023-12-06 11:51:15,097] {logging_mixin.py:115} INFO - [2023-12-06 11:51:15,097] {dagbag.py:371} INFO - File /opt/airflow/dags/ETL/Scripts/pip-3.10.exe:__main__.py assumed to contain no DAGs. Skipping.
[2023-12-06 11:51:15,098] {processor.py:653} WARNING - No viable dags retrieved from /opt/airflow/dags/ETL/Scripts/pip-3.10.exe
[2023-12-06 11:51:15,110] {processor.py:161} INFO - Processing /opt/airflow/dags/ETL/Scripts/pip-3.10.exe took 0.026 seconds
[2023-12-06 11:51:25,547] {processor.py:153} INFO - Started process (PID=4322) to work on /opt/airflow/dags/ETL/Scripts/pip-3.10.exe
[2023-12-06 11:51:25,548] {processor.py:641} INFO - Processing file /opt/airflow/dags/ETL/Scripts/pip-3.10.exe for tasks to queue
[2023-12-06 11:51:25,549] {logging_mixin.py:115} INFO - [2023-12-06 11:51:25,549] {dagbag.py:508} INFO - Filling up the DagBag from /opt/airflow/dags/ETL/Scripts/pip-3.10.exe
[2023-12-06 11:51:25,560] {logging_mixin.py:115} INFO - [2023-12-06 11:51:25,560] {dagbag.py:371} INFO - File /opt/airflow/dags/ETL/Scripts/pip-3.10.exe:__main__.py assumed to contain no DAGs. Skipping.
[2023-12-06 11:51:25,562] {processor.py:653} WARNING - No viable dags retrieved from /opt/airflow/dags/ETL/Scripts/pip-3.10.exe
[2023-12-06 11:51:25,579] {processor.py:161} INFO - Processing /opt/airflow/dags/ETL/Scripts/pip-3.10.exe took 0.037 seconds
[2023-12-06 11:51:36,052] {processor.py:153} INFO - Started process (PID=4368) to work on /opt/airflow/dags/ETL/Scripts/pip-3.10.exe
[2023-12-06 11:51:36,053] {processor.py:641} INFO - Processing file /opt/airflow/dags/ETL/Scripts/pip-3.10.exe for tasks to queue
[2023-12-06 11:51:36,054] {logging_mixin.py:115} INFO - [2023-12-06 11:51:36,054] {dagbag.py:508} INFO - Filling up the DagBag from /opt/airflow/dags/ETL/Scripts/pip-3.10.exe
[2023-12-06 11:51:36,061] {logging_mixin.py:115} INFO - [2023-12-06 11:51:36,061] {dagbag.py:371} INFO - File /opt/airflow/dags/ETL/Scripts/pip-3.10.exe:__main__.py assumed to contain no DAGs. Skipping.
[2023-12-06 11:51:36,062] {processor.py:653} WARNING - No viable dags retrieved from /opt/airflow/dags/ETL/Scripts/pip-3.10.exe
[2023-12-06 11:51:36,074] {processor.py:161} INFO - Processing /opt/airflow/dags/ETL/Scripts/pip-3.10.exe took 0.025 seconds
[2023-12-06 11:51:46,517] {processor.py:153} INFO - Started process (PID=4414) to work on /opt/airflow/dags/ETL/Scripts/pip-3.10.exe
[2023-12-06 11:51:46,518] {processor.py:641} INFO - Processing file /opt/airflow/dags/ETL/Scripts/pip-3.10.exe for tasks to queue
[2023-12-06 11:51:46,519] {logging_mixin.py:115} INFO - [2023-12-06 11:51:46,518] {dagbag.py:508} INFO - Filling up the DagBag from /opt/airflow/dags/ETL/Scripts/pip-3.10.exe
[2023-12-06 11:51:46,646] {logging_mixin.py:115} INFO - [2023-12-06 11:51:46,646] {dagbag.py:371} INFO - File /opt/airflow/dags/ETL/Scripts/pip-3.10.exe:__main__.py assumed to contain no DAGs. Skipping.
[2023-12-06 11:51:46,647] {processor.py:653} WARNING - No viable dags retrieved from /opt/airflow/dags/ETL/Scripts/pip-3.10.exe
[2023-12-06 11:51:46,662] {processor.py:161} INFO - Processing /opt/airflow/dags/ETL/Scripts/pip-3.10.exe took 0.148 seconds
[2023-12-06 11:51:56,727] {processor.py:153} INFO - Started process (PID=4460) to work on /opt/airflow/dags/ETL/Scripts/pip-3.10.exe
[2023-12-06 11:51:56,728] {processor.py:641} INFO - Processing file /opt/airflow/dags/ETL/Scripts/pip-3.10.exe for tasks to queue
[2023-12-06 11:51:56,729] {logging_mixin.py:115} INFO - [2023-12-06 11:51:56,729] {dagbag.py:508} INFO - Filling up the DagBag from /opt/airflow/dags/ETL/Scripts/pip-3.10.exe
[2023-12-06 11:51:56,740] {logging_mixin.py:115} INFO - [2023-12-06 11:51:56,740] {dagbag.py:371} INFO - File /opt/airflow/dags/ETL/Scripts/pip-3.10.exe:__main__.py assumed to contain no DAGs. Skipping.
[2023-12-06 11:51:56,741] {processor.py:653} WARNING - No viable dags retrieved from /opt/airflow/dags/ETL/Scripts/pip-3.10.exe
[2023-12-06 11:51:56,761] {processor.py:161} INFO - Processing /opt/airflow/dags/ETL/Scripts/pip-3.10.exe took 0.037 seconds
[2023-12-06 11:52:07,404] {processor.py:153} INFO - Started process (PID=4506) to work on /opt/airflow/dags/ETL/Scripts/pip-3.10.exe
[2023-12-06 11:52:07,407] {processor.py:641} INFO - Processing file /opt/airflow/dags/ETL/Scripts/pip-3.10.exe for tasks to queue
[2023-12-06 11:52:07,409] {logging_mixin.py:115} INFO - [2023-12-06 11:52:07,409] {dagbag.py:508} INFO - Filling up the DagBag from /opt/airflow/dags/ETL/Scripts/pip-3.10.exe
[2023-12-06 11:52:07,427] {logging_mixin.py:115} INFO - [2023-12-06 11:52:07,427] {dagbag.py:371} INFO - File /opt/airflow/dags/ETL/Scripts/pip-3.10.exe:__main__.py assumed to contain no DAGs. Skipping.
[2023-12-06 11:52:07,429] {processor.py:653} WARNING - No viable dags retrieved from /opt/airflow/dags/ETL/Scripts/pip-3.10.exe
[2023-12-06 11:52:07,450] {processor.py:161} INFO - Processing /opt/airflow/dags/ETL/Scripts/pip-3.10.exe took 0.054 seconds
[2023-12-06 11:52:17,839] {processor.py:153} INFO - Started process (PID=4552) to work on /opt/airflow/dags/ETL/Scripts/pip-3.10.exe
[2023-12-06 11:52:17,839] {processor.py:641} INFO - Processing file /opt/airflow/dags/ETL/Scripts/pip-3.10.exe for tasks to queue
[2023-12-06 11:52:17,840] {logging_mixin.py:115} INFO - [2023-12-06 11:52:17,840] {dagbag.py:508} INFO - Filling up the DagBag from /opt/airflow/dags/ETL/Scripts/pip-3.10.exe
[2023-12-06 11:52:17,846] {logging_mixin.py:115} INFO - [2023-12-06 11:52:17,846] {dagbag.py:371} INFO - File /opt/airflow/dags/ETL/Scripts/pip-3.10.exe:__main__.py assumed to contain no DAGs. Skipping.
[2023-12-06 11:52:17,847] {processor.py:653} WARNING - No viable dags retrieved from /opt/airflow/dags/ETL/Scripts/pip-3.10.exe
[2023-12-06 11:52:17,867] {processor.py:161} INFO - Processing /opt/airflow/dags/ETL/Scripts/pip-3.10.exe took 0.034 seconds
[2023-12-06 11:52:37,380] {processor.py:153} INFO - Started process (PID=4603) to work on /opt/airflow/dags/ETL/Scripts/pip-3.10.exe
[2023-12-06 11:52:37,381] {processor.py:641} INFO - Processing file /opt/airflow/dags/ETL/Scripts/pip-3.10.exe for tasks to queue
[2023-12-06 11:52:37,381] {logging_mixin.py:115} INFO - [2023-12-06 11:52:37,381] {dagbag.py:508} INFO - Filling up the DagBag from /opt/airflow/dags/ETL/Scripts/pip-3.10.exe
[2023-12-06 11:52:37,393] {logging_mixin.py:115} INFO - [2023-12-06 11:52:37,393] {dagbag.py:371} INFO - File /opt/airflow/dags/ETL/Scripts/pip-3.10.exe:__main__.py assumed to contain no DAGs. Skipping.
[2023-12-06 11:52:37,394] {processor.py:653} WARNING - No viable dags retrieved from /opt/airflow/dags/ETL/Scripts/pip-3.10.exe
[2023-12-06 11:52:37,408] {processor.py:161} INFO - Processing /opt/airflow/dags/ETL/Scripts/pip-3.10.exe took 0.031 seconds
[2023-12-06 11:52:48,307] {processor.py:153} INFO - Started process (PID=4649) to work on /opt/airflow/dags/ETL/Scripts/pip-3.10.exe
[2023-12-06 11:52:48,308] {processor.py:641} INFO - Processing file /opt/airflow/dags/ETL/Scripts/pip-3.10.exe for tasks to queue
[2023-12-06 11:52:48,309] {logging_mixin.py:115} INFO - [2023-12-06 11:52:48,309] {dagbag.py:508} INFO - Filling up the DagBag from /opt/airflow/dags/ETL/Scripts/pip-3.10.exe
[2023-12-06 11:52:48,322] {logging_mixin.py:115} INFO - [2023-12-06 11:52:48,322] {dagbag.py:371} INFO - File /opt/airflow/dags/ETL/Scripts/pip-3.10.exe:__main__.py assumed to contain no DAGs. Skipping.
[2023-12-06 11:52:48,323] {processor.py:653} WARNING - No viable dags retrieved from /opt/airflow/dags/ETL/Scripts/pip-3.10.exe
[2023-12-06 11:52:48,338] {processor.py:161} INFO - Processing /opt/airflow/dags/ETL/Scripts/pip-3.10.exe took 0.034 seconds
[2023-12-06 11:52:59,213] {processor.py:153} INFO - Started process (PID=4695) to work on /opt/airflow/dags/ETL/Scripts/pip-3.10.exe
[2023-12-06 11:52:59,213] {processor.py:641} INFO - Processing file /opt/airflow/dags/ETL/Scripts/pip-3.10.exe for tasks to queue
[2023-12-06 11:52:59,214] {logging_mixin.py:115} INFO - [2023-12-06 11:52:59,214] {dagbag.py:508} INFO - Filling up the DagBag from /opt/airflow/dags/ETL/Scripts/pip-3.10.exe
[2023-12-06 11:52:59,226] {logging_mixin.py:115} INFO - [2023-12-06 11:52:59,225] {dagbag.py:371} INFO - File /opt/airflow/dags/ETL/Scripts/pip-3.10.exe:__main__.py assumed to contain no DAGs. Skipping.
[2023-12-06 11:52:59,226] {processor.py:653} WARNING - No viable dags retrieved from /opt/airflow/dags/ETL/Scripts/pip-3.10.exe
[2023-12-06 11:52:59,241] {processor.py:161} INFO - Processing /opt/airflow/dags/ETL/Scripts/pip-3.10.exe took 0.034 seconds
[2023-12-06 11:53:09,848] {processor.py:153} INFO - Started process (PID=4741) to work on /opt/airflow/dags/ETL/Scripts/pip-3.10.exe
[2023-12-06 11:53:09,848] {processor.py:641} INFO - Processing file /opt/airflow/dags/ETL/Scripts/pip-3.10.exe for tasks to queue
[2023-12-06 11:53:09,849] {logging_mixin.py:115} INFO - [2023-12-06 11:53:09,849] {dagbag.py:508} INFO - Filling up the DagBag from /opt/airflow/dags/ETL/Scripts/pip-3.10.exe
[2023-12-06 11:53:09,860] {logging_mixin.py:115} INFO - [2023-12-06 11:53:09,860] {dagbag.py:371} INFO - File /opt/airflow/dags/ETL/Scripts/pip-3.10.exe:__main__.py assumed to contain no DAGs. Skipping.
[2023-12-06 11:53:09,860] {processor.py:653} WARNING - No viable dags retrieved from /opt/airflow/dags/ETL/Scripts/pip-3.10.exe
[2023-12-06 11:53:09,874] {processor.py:161} INFO - Processing /opt/airflow/dags/ETL/Scripts/pip-3.10.exe took 0.029 seconds
[2023-12-06 11:53:20,505] {processor.py:153} INFO - Started process (PID=4787) to work on /opt/airflow/dags/ETL/Scripts/pip-3.10.exe
[2023-12-06 11:53:20,506] {processor.py:641} INFO - Processing file /opt/airflow/dags/ETL/Scripts/pip-3.10.exe for tasks to queue
[2023-12-06 11:53:20,506] {logging_mixin.py:115} INFO - [2023-12-06 11:53:20,506] {dagbag.py:508} INFO - Filling up the DagBag from /opt/airflow/dags/ETL/Scripts/pip-3.10.exe
[2023-12-06 11:53:20,515] {logging_mixin.py:115} INFO - [2023-12-06 11:53:20,515] {dagbag.py:371} INFO - File /opt/airflow/dags/ETL/Scripts/pip-3.10.exe:__main__.py assumed to contain no DAGs. Skipping.
[2023-12-06 11:53:20,516] {processor.py:653} WARNING - No viable dags retrieved from /opt/airflow/dags/ETL/Scripts/pip-3.10.exe
[2023-12-06 11:53:20,531] {processor.py:161} INFO - Processing /opt/airflow/dags/ETL/Scripts/pip-3.10.exe took 0.031 seconds
[2023-12-06 11:53:31,267] {processor.py:153} INFO - Started process (PID=4833) to work on /opt/airflow/dags/ETL/Scripts/pip-3.10.exe
[2023-12-06 11:53:31,275] {processor.py:641} INFO - Processing file /opt/airflow/dags/ETL/Scripts/pip-3.10.exe for tasks to queue
[2023-12-06 11:53:31,277] {logging_mixin.py:115} INFO - [2023-12-06 11:53:31,277] {dagbag.py:508} INFO - Filling up the DagBag from /opt/airflow/dags/ETL/Scripts/pip-3.10.exe
[2023-12-06 11:53:31,299] {logging_mixin.py:115} INFO - [2023-12-06 11:53:31,299] {dagbag.py:371} INFO - File /opt/airflow/dags/ETL/Scripts/pip-3.10.exe:__main__.py assumed to contain no DAGs. Skipping.
[2023-12-06 11:53:31,300] {processor.py:653} WARNING - No viable dags retrieved from /opt/airflow/dags/ETL/Scripts/pip-3.10.exe
[2023-12-06 11:53:31,324] {processor.py:161} INFO - Processing /opt/airflow/dags/ETL/Scripts/pip-3.10.exe took 0.077 seconds
