[2023-12-06 11:37:40,207] {processor.py:153} INFO - Started process (PID=738) to work on /opt/airflow/dags/ETL/Scripts/pip.exe
[2023-12-06 11:37:40,207] {processor.py:641} INFO - Processing file /opt/airflow/dags/ETL/Scripts/pip.exe for tasks to queue
[2023-12-06 11:37:40,208] {logging_mixin.py:115} INFO - [2023-12-06 11:37:40,208] {dagbag.py:508} INFO - Filling up the DagBag from /opt/airflow/dags/ETL/Scripts/pip.exe
[2023-12-06 11:37:40,216] {logging_mixin.py:115} INFO - [2023-12-06 11:37:40,216] {dagbag.py:371} INFO - File /opt/airflow/dags/ETL/Scripts/pip.exe:__main__.py assumed to contain no DAGs. Skipping.
[2023-12-06 11:37:40,217] {processor.py:653} WARNING - No viable dags retrieved from /opt/airflow/dags/ETL/Scripts/pip.exe
[2023-12-06 11:37:40,232] {processor.py:161} INFO - Processing /opt/airflow/dags/ETL/Scripts/pip.exe took 0.027 seconds
[2023-12-06 11:37:50,627] {processor.py:153} INFO - Started process (PID=784) to work on /opt/airflow/dags/ETL/Scripts/pip.exe
[2023-12-06 11:37:50,627] {processor.py:641} INFO - Processing file /opt/airflow/dags/ETL/Scripts/pip.exe for tasks to queue
[2023-12-06 11:37:50,628] {logging_mixin.py:115} INFO - [2023-12-06 11:37:50,628] {dagbag.py:508} INFO - Filling up the DagBag from /opt/airflow/dags/ETL/Scripts/pip.exe
[2023-12-06 11:37:50,637] {logging_mixin.py:115} INFO - [2023-12-06 11:37:50,637] {dagbag.py:371} INFO - File /opt/airflow/dags/ETL/Scripts/pip.exe:__main__.py assumed to contain no DAGs. Skipping.
[2023-12-06 11:37:50,638] {processor.py:653} WARNING - No viable dags retrieved from /opt/airflow/dags/ETL/Scripts/pip.exe
[2023-12-06 11:37:50,650] {processor.py:161} INFO - Processing /opt/airflow/dags/ETL/Scripts/pip.exe took 0.026 seconds
[2023-12-06 11:38:01,173] {processor.py:153} INFO - Started process (PID=830) to work on /opt/airflow/dags/ETL/Scripts/pip.exe
[2023-12-06 11:38:01,174] {processor.py:641} INFO - Processing file /opt/airflow/dags/ETL/Scripts/pip.exe for tasks to queue
[2023-12-06 11:38:01,174] {logging_mixin.py:115} INFO - [2023-12-06 11:38:01,174] {dagbag.py:508} INFO - Filling up the DagBag from /opt/airflow/dags/ETL/Scripts/pip.exe
[2023-12-06 11:38:01,181] {logging_mixin.py:115} INFO - [2023-12-06 11:38:01,181] {dagbag.py:371} INFO - File /opt/airflow/dags/ETL/Scripts/pip.exe:__main__.py assumed to contain no DAGs. Skipping.
[2023-12-06 11:38:01,182] {processor.py:653} WARNING - No viable dags retrieved from /opt/airflow/dags/ETL/Scripts/pip.exe
[2023-12-06 11:38:01,193] {processor.py:161} INFO - Processing /opt/airflow/dags/ETL/Scripts/pip.exe took 0.023 seconds
[2023-12-06 11:38:11,555] {processor.py:153} INFO - Started process (PID=879) to work on /opt/airflow/dags/ETL/Scripts/pip.exe
[2023-12-06 11:38:11,556] {processor.py:641} INFO - Processing file /opt/airflow/dags/ETL/Scripts/pip.exe for tasks to queue
[2023-12-06 11:38:11,557] {logging_mixin.py:115} INFO - [2023-12-06 11:38:11,557] {dagbag.py:508} INFO - Filling up the DagBag from /opt/airflow/dags/ETL/Scripts/pip.exe
[2023-12-06 11:38:11,564] {logging_mixin.py:115} INFO - [2023-12-06 11:38:11,564] {dagbag.py:371} INFO - File /opt/airflow/dags/ETL/Scripts/pip.exe:__main__.py assumed to contain no DAGs. Skipping.
[2023-12-06 11:38:11,565] {processor.py:653} WARNING - No viable dags retrieved from /opt/airflow/dags/ETL/Scripts/pip.exe
[2023-12-06 11:38:11,577] {processor.py:161} INFO - Processing /opt/airflow/dags/ETL/Scripts/pip.exe took 0.024 seconds
[2023-12-06 11:38:21,907] {processor.py:153} INFO - Started process (PID=928) to work on /opt/airflow/dags/ETL/Scripts/pip.exe
[2023-12-06 11:38:21,907] {processor.py:641} INFO - Processing file /opt/airflow/dags/ETL/Scripts/pip.exe for tasks to queue
[2023-12-06 11:38:21,908] {logging_mixin.py:115} INFO - [2023-12-06 11:38:21,908] {dagbag.py:508} INFO - Filling up the DagBag from /opt/airflow/dags/ETL/Scripts/pip.exe
[2023-12-06 11:38:21,916] {logging_mixin.py:115} INFO - [2023-12-06 11:38:21,916] {dagbag.py:371} INFO - File /opt/airflow/dags/ETL/Scripts/pip.exe:__main__.py assumed to contain no DAGs. Skipping.
[2023-12-06 11:38:21,917] {processor.py:653} WARNING - No viable dags retrieved from /opt/airflow/dags/ETL/Scripts/pip.exe
[2023-12-06 11:38:21,929] {processor.py:161} INFO - Processing /opt/airflow/dags/ETL/Scripts/pip.exe took 0.025 seconds
[2023-12-06 11:38:32,288] {processor.py:153} INFO - Started process (PID=974) to work on /opt/airflow/dags/ETL/Scripts/pip.exe
[2023-12-06 11:38:32,288] {processor.py:641} INFO - Processing file /opt/airflow/dags/ETL/Scripts/pip.exe for tasks to queue
[2023-12-06 11:38:32,289] {logging_mixin.py:115} INFO - [2023-12-06 11:38:32,289] {dagbag.py:508} INFO - Filling up the DagBag from /opt/airflow/dags/ETL/Scripts/pip.exe
[2023-12-06 11:38:32,297] {logging_mixin.py:115} INFO - [2023-12-06 11:38:32,297] {dagbag.py:371} INFO - File /opt/airflow/dags/ETL/Scripts/pip.exe:__main__.py assumed to contain no DAGs. Skipping.
[2023-12-06 11:38:32,298] {processor.py:653} WARNING - No viable dags retrieved from /opt/airflow/dags/ETL/Scripts/pip.exe
[2023-12-06 11:38:32,310] {processor.py:161} INFO - Processing /opt/airflow/dags/ETL/Scripts/pip.exe took 0.026 seconds
[2023-12-06 11:38:42,846] {processor.py:153} INFO - Started process (PID=1023) to work on /opt/airflow/dags/ETL/Scripts/pip.exe
[2023-12-06 11:38:42,847] {processor.py:641} INFO - Processing file /opt/airflow/dags/ETL/Scripts/pip.exe for tasks to queue
[2023-12-06 11:38:42,847] {logging_mixin.py:115} INFO - [2023-12-06 11:38:42,847] {dagbag.py:508} INFO - Filling up the DagBag from /opt/airflow/dags/ETL/Scripts/pip.exe
[2023-12-06 11:38:42,856] {logging_mixin.py:115} INFO - [2023-12-06 11:38:42,856] {dagbag.py:371} INFO - File /opt/airflow/dags/ETL/Scripts/pip.exe:__main__.py assumed to contain no DAGs. Skipping.
[2023-12-06 11:38:42,856] {processor.py:653} WARNING - No viable dags retrieved from /opt/airflow/dags/ETL/Scripts/pip.exe
[2023-12-06 11:38:42,868] {processor.py:161} INFO - Processing /opt/airflow/dags/ETL/Scripts/pip.exe took 0.025 seconds
[2023-12-06 11:38:53,306] {processor.py:153} INFO - Started process (PID=1069) to work on /opt/airflow/dags/ETL/Scripts/pip.exe
[2023-12-06 11:38:53,307] {processor.py:641} INFO - Processing file /opt/airflow/dags/ETL/Scripts/pip.exe for tasks to queue
[2023-12-06 11:38:53,308] {logging_mixin.py:115} INFO - [2023-12-06 11:38:53,308] {dagbag.py:508} INFO - Filling up the DagBag from /opt/airflow/dags/ETL/Scripts/pip.exe
[2023-12-06 11:38:53,317] {logging_mixin.py:115} INFO - [2023-12-06 11:38:53,317] {dagbag.py:371} INFO - File /opt/airflow/dags/ETL/Scripts/pip.exe:__main__.py assumed to contain no DAGs. Skipping.
[2023-12-06 11:38:53,318] {processor.py:653} WARNING - No viable dags retrieved from /opt/airflow/dags/ETL/Scripts/pip.exe
[2023-12-06 11:38:53,332] {processor.py:161} INFO - Processing /opt/airflow/dags/ETL/Scripts/pip.exe took 0.030 seconds
[2023-12-06 11:39:03,679] {processor.py:153} INFO - Started process (PID=1115) to work on /opt/airflow/dags/ETL/Scripts/pip.exe
[2023-12-06 11:39:03,680] {processor.py:641} INFO - Processing file /opt/airflow/dags/ETL/Scripts/pip.exe for tasks to queue
[2023-12-06 11:39:03,681] {logging_mixin.py:115} INFO - [2023-12-06 11:39:03,681] {dagbag.py:508} INFO - Filling up the DagBag from /opt/airflow/dags/ETL/Scripts/pip.exe
[2023-12-06 11:39:03,689] {logging_mixin.py:115} INFO - [2023-12-06 11:39:03,689] {dagbag.py:371} INFO - File /opt/airflow/dags/ETL/Scripts/pip.exe:__main__.py assumed to contain no DAGs. Skipping.
[2023-12-06 11:39:03,689] {processor.py:653} WARNING - No viable dags retrieved from /opt/airflow/dags/ETL/Scripts/pip.exe
[2023-12-06 11:39:03,701] {processor.py:161} INFO - Processing /opt/airflow/dags/ETL/Scripts/pip.exe took 0.024 seconds
[2023-12-06 11:39:14,240] {processor.py:153} INFO - Started process (PID=1161) to work on /opt/airflow/dags/ETL/Scripts/pip.exe
[2023-12-06 11:39:14,241] {processor.py:641} INFO - Processing file /opt/airflow/dags/ETL/Scripts/pip.exe for tasks to queue
[2023-12-06 11:39:14,242] {logging_mixin.py:115} INFO - [2023-12-06 11:39:14,242] {dagbag.py:508} INFO - Filling up the DagBag from /opt/airflow/dags/ETL/Scripts/pip.exe
[2023-12-06 11:39:14,254] {logging_mixin.py:115} INFO - [2023-12-06 11:39:14,254] {dagbag.py:371} INFO - File /opt/airflow/dags/ETL/Scripts/pip.exe:__main__.py assumed to contain no DAGs. Skipping.
[2023-12-06 11:39:14,255] {processor.py:653} WARNING - No viable dags retrieved from /opt/airflow/dags/ETL/Scripts/pip.exe
[2023-12-06 11:39:14,273] {processor.py:161} INFO - Processing /opt/airflow/dags/ETL/Scripts/pip.exe took 0.039 seconds
[2023-12-06 11:39:24,650] {processor.py:153} INFO - Started process (PID=1207) to work on /opt/airflow/dags/ETL/Scripts/pip.exe
[2023-12-06 11:39:24,650] {processor.py:641} INFO - Processing file /opt/airflow/dags/ETL/Scripts/pip.exe for tasks to queue
[2023-12-06 11:39:24,651] {logging_mixin.py:115} INFO - [2023-12-06 11:39:24,651] {dagbag.py:508} INFO - Filling up the DagBag from /opt/airflow/dags/ETL/Scripts/pip.exe
[2023-12-06 11:39:24,659] {logging_mixin.py:115} INFO - [2023-12-06 11:39:24,659] {dagbag.py:371} INFO - File /opt/airflow/dags/ETL/Scripts/pip.exe:__main__.py assumed to contain no DAGs. Skipping.
[2023-12-06 11:39:24,660] {processor.py:653} WARNING - No viable dags retrieved from /opt/airflow/dags/ETL/Scripts/pip.exe
[2023-12-06 11:39:24,672] {processor.py:161} INFO - Processing /opt/airflow/dags/ETL/Scripts/pip.exe took 0.025 seconds
[2023-12-06 11:39:35,022] {processor.py:153} INFO - Started process (PID=1253) to work on /opt/airflow/dags/ETL/Scripts/pip.exe
[2023-12-06 11:39:35,023] {processor.py:641} INFO - Processing file /opt/airflow/dags/ETL/Scripts/pip.exe for tasks to queue
[2023-12-06 11:39:35,023] {logging_mixin.py:115} INFO - [2023-12-06 11:39:35,023] {dagbag.py:508} INFO - Filling up the DagBag from /opt/airflow/dags/ETL/Scripts/pip.exe
[2023-12-06 11:39:35,033] {logging_mixin.py:115} INFO - [2023-12-06 11:39:35,033] {dagbag.py:371} INFO - File /opt/airflow/dags/ETL/Scripts/pip.exe:__main__.py assumed to contain no DAGs. Skipping.
[2023-12-06 11:39:35,033] {processor.py:653} WARNING - No viable dags retrieved from /opt/airflow/dags/ETL/Scripts/pip.exe
[2023-12-06 11:39:35,047] {processor.py:161} INFO - Processing /opt/airflow/dags/ETL/Scripts/pip.exe took 0.029 seconds
[2023-12-06 11:39:45,396] {processor.py:153} INFO - Started process (PID=1299) to work on /opt/airflow/dags/ETL/Scripts/pip.exe
[2023-12-06 11:39:45,396] {processor.py:641} INFO - Processing file /opt/airflow/dags/ETL/Scripts/pip.exe for tasks to queue
[2023-12-06 11:39:45,397] {logging_mixin.py:115} INFO - [2023-12-06 11:39:45,397] {dagbag.py:508} INFO - Filling up the DagBag from /opt/airflow/dags/ETL/Scripts/pip.exe
[2023-12-06 11:39:45,406] {logging_mixin.py:115} INFO - [2023-12-06 11:39:45,405] {dagbag.py:371} INFO - File /opt/airflow/dags/ETL/Scripts/pip.exe:__main__.py assumed to contain no DAGs. Skipping.
[2023-12-06 11:39:45,406] {processor.py:653} WARNING - No viable dags retrieved from /opt/airflow/dags/ETL/Scripts/pip.exe
[2023-12-06 11:39:45,419] {processor.py:161} INFO - Processing /opt/airflow/dags/ETL/Scripts/pip.exe took 0.026 seconds
[2023-12-06 11:39:55,811] {processor.py:153} INFO - Started process (PID=1345) to work on /opt/airflow/dags/ETL/Scripts/pip.exe
[2023-12-06 11:39:55,812] {processor.py:641} INFO - Processing file /opt/airflow/dags/ETL/Scripts/pip.exe for tasks to queue
[2023-12-06 11:39:55,813] {logging_mixin.py:115} INFO - [2023-12-06 11:39:55,813] {dagbag.py:508} INFO - Filling up the DagBag from /opt/airflow/dags/ETL/Scripts/pip.exe
[2023-12-06 11:39:55,822] {logging_mixin.py:115} INFO - [2023-12-06 11:39:55,822] {dagbag.py:371} INFO - File /opt/airflow/dags/ETL/Scripts/pip.exe:__main__.py assumed to contain no DAGs. Skipping.
[2023-12-06 11:39:55,823] {processor.py:653} WARNING - No viable dags retrieved from /opt/airflow/dags/ETL/Scripts/pip.exe
[2023-12-06 11:39:55,834] {processor.py:161} INFO - Processing /opt/airflow/dags/ETL/Scripts/pip.exe took 0.026 seconds
[2023-12-06 11:40:06,165] {processor.py:153} INFO - Started process (PID=1391) to work on /opt/airflow/dags/ETL/Scripts/pip.exe
[2023-12-06 11:40:06,166] {processor.py:641} INFO - Processing file /opt/airflow/dags/ETL/Scripts/pip.exe for tasks to queue
[2023-12-06 11:40:06,166] {logging_mixin.py:115} INFO - [2023-12-06 11:40:06,166] {dagbag.py:508} INFO - Filling up the DagBag from /opt/airflow/dags/ETL/Scripts/pip.exe
[2023-12-06 11:40:06,174] {logging_mixin.py:115} INFO - [2023-12-06 11:40:06,174] {dagbag.py:371} INFO - File /opt/airflow/dags/ETL/Scripts/pip.exe:__main__.py assumed to contain no DAGs. Skipping.
[2023-12-06 11:40:06,175] {processor.py:653} WARNING - No viable dags retrieved from /opt/airflow/dags/ETL/Scripts/pip.exe
[2023-12-06 11:40:06,187] {processor.py:161} INFO - Processing /opt/airflow/dags/ETL/Scripts/pip.exe took 0.024 seconds
[2023-12-06 11:40:16,529] {processor.py:153} INFO - Started process (PID=1437) to work on /opt/airflow/dags/ETL/Scripts/pip.exe
[2023-12-06 11:40:16,529] {processor.py:641} INFO - Processing file /opt/airflow/dags/ETL/Scripts/pip.exe for tasks to queue
[2023-12-06 11:40:16,530] {logging_mixin.py:115} INFO - [2023-12-06 11:40:16,530] {dagbag.py:508} INFO - Filling up the DagBag from /opt/airflow/dags/ETL/Scripts/pip.exe
[2023-12-06 11:40:16,538] {logging_mixin.py:115} INFO - [2023-12-06 11:40:16,538] {dagbag.py:371} INFO - File /opt/airflow/dags/ETL/Scripts/pip.exe:__main__.py assumed to contain no DAGs. Skipping.
[2023-12-06 11:40:16,538] {processor.py:653} WARNING - No viable dags retrieved from /opt/airflow/dags/ETL/Scripts/pip.exe
[2023-12-06 11:40:16,551] {processor.py:161} INFO - Processing /opt/airflow/dags/ETL/Scripts/pip.exe took 0.025 seconds
[2023-12-06 11:40:26,952] {processor.py:153} INFO - Started process (PID=1483) to work on /opt/airflow/dags/ETL/Scripts/pip.exe
[2023-12-06 11:40:26,953] {processor.py:641} INFO - Processing file /opt/airflow/dags/ETL/Scripts/pip.exe for tasks to queue
[2023-12-06 11:40:26,953] {logging_mixin.py:115} INFO - [2023-12-06 11:40:26,953] {dagbag.py:508} INFO - Filling up the DagBag from /opt/airflow/dags/ETL/Scripts/pip.exe
[2023-12-06 11:40:26,963] {logging_mixin.py:115} INFO - [2023-12-06 11:40:26,963] {dagbag.py:371} INFO - File /opt/airflow/dags/ETL/Scripts/pip.exe:__main__.py assumed to contain no DAGs. Skipping.
[2023-12-06 11:40:26,963] {processor.py:653} WARNING - No viable dags retrieved from /opt/airflow/dags/ETL/Scripts/pip.exe
[2023-12-06 11:40:26,976] {processor.py:161} INFO - Processing /opt/airflow/dags/ETL/Scripts/pip.exe took 0.026 seconds
[2023-12-06 11:40:37,340] {processor.py:153} INFO - Started process (PID=1529) to work on /opt/airflow/dags/ETL/Scripts/pip.exe
[2023-12-06 11:40:37,341] {processor.py:641} INFO - Processing file /opt/airflow/dags/ETL/Scripts/pip.exe for tasks to queue
[2023-12-06 11:40:37,342] {logging_mixin.py:115} INFO - [2023-12-06 11:40:37,342] {dagbag.py:508} INFO - Filling up the DagBag from /opt/airflow/dags/ETL/Scripts/pip.exe
[2023-12-06 11:40:37,351] {logging_mixin.py:115} INFO - [2023-12-06 11:40:37,351] {dagbag.py:371} INFO - File /opt/airflow/dags/ETL/Scripts/pip.exe:__main__.py assumed to contain no DAGs. Skipping.
[2023-12-06 11:40:37,352] {processor.py:653} WARNING - No viable dags retrieved from /opt/airflow/dags/ETL/Scripts/pip.exe
[2023-12-06 11:40:37,364] {processor.py:161} INFO - Processing /opt/airflow/dags/ETL/Scripts/pip.exe took 0.026 seconds
[2023-12-06 11:40:47,716] {processor.py:153} INFO - Started process (PID=1569) to work on /opt/airflow/dags/ETL/Scripts/pip.exe
[2023-12-06 11:40:47,717] {processor.py:641} INFO - Processing file /opt/airflow/dags/ETL/Scripts/pip.exe for tasks to queue
[2023-12-06 11:40:47,718] {logging_mixin.py:115} INFO - [2023-12-06 11:40:47,718] {dagbag.py:508} INFO - Filling up the DagBag from /opt/airflow/dags/ETL/Scripts/pip.exe
[2023-12-06 11:40:47,724] {logging_mixin.py:115} INFO - [2023-12-06 11:40:47,724] {dagbag.py:371} INFO - File /opt/airflow/dags/ETL/Scripts/pip.exe:__main__.py assumed to contain no DAGs. Skipping.
[2023-12-06 11:40:47,725] {processor.py:653} WARNING - No viable dags retrieved from /opt/airflow/dags/ETL/Scripts/pip.exe
[2023-12-06 11:40:47,738] {processor.py:161} INFO - Processing /opt/airflow/dags/ETL/Scripts/pip.exe took 0.024 seconds
[2023-12-06 11:40:58,059] {processor.py:153} INFO - Started process (PID=1615) to work on /opt/airflow/dags/ETL/Scripts/pip.exe
[2023-12-06 11:40:58,060] {processor.py:641} INFO - Processing file /opt/airflow/dags/ETL/Scripts/pip.exe for tasks to queue
[2023-12-06 11:40:58,061] {logging_mixin.py:115} INFO - [2023-12-06 11:40:58,060] {dagbag.py:508} INFO - Filling up the DagBag from /opt/airflow/dags/ETL/Scripts/pip.exe
[2023-12-06 11:40:58,068] {logging_mixin.py:115} INFO - [2023-12-06 11:40:58,068] {dagbag.py:371} INFO - File /opt/airflow/dags/ETL/Scripts/pip.exe:__main__.py assumed to contain no DAGs. Skipping.
[2023-12-06 11:40:58,069] {processor.py:653} WARNING - No viable dags retrieved from /opt/airflow/dags/ETL/Scripts/pip.exe
[2023-12-06 11:40:58,081] {processor.py:161} INFO - Processing /opt/airflow/dags/ETL/Scripts/pip.exe took 0.024 seconds
[2023-12-06 11:41:08,469] {processor.py:153} INFO - Started process (PID=1661) to work on /opt/airflow/dags/ETL/Scripts/pip.exe
[2023-12-06 11:41:08,470] {processor.py:641} INFO - Processing file /opt/airflow/dags/ETL/Scripts/pip.exe for tasks to queue
[2023-12-06 11:41:08,470] {logging_mixin.py:115} INFO - [2023-12-06 11:41:08,470] {dagbag.py:508} INFO - Filling up the DagBag from /opt/airflow/dags/ETL/Scripts/pip.exe
[2023-12-06 11:41:08,479] {logging_mixin.py:115} INFO - [2023-12-06 11:41:08,479] {dagbag.py:371} INFO - File /opt/airflow/dags/ETL/Scripts/pip.exe:__main__.py assumed to contain no DAGs. Skipping.
[2023-12-06 11:41:08,479] {processor.py:653} WARNING - No viable dags retrieved from /opt/airflow/dags/ETL/Scripts/pip.exe
[2023-12-06 11:41:08,491] {processor.py:161} INFO - Processing /opt/airflow/dags/ETL/Scripts/pip.exe took 0.024 seconds
[2023-12-06 11:41:18,891] {processor.py:153} INFO - Started process (PID=1707) to work on /opt/airflow/dags/ETL/Scripts/pip.exe
[2023-12-06 11:41:18,892] {processor.py:641} INFO - Processing file /opt/airflow/dags/ETL/Scripts/pip.exe for tasks to queue
[2023-12-06 11:41:18,892] {logging_mixin.py:115} INFO - [2023-12-06 11:41:18,892] {dagbag.py:508} INFO - Filling up the DagBag from /opt/airflow/dags/ETL/Scripts/pip.exe
[2023-12-06 11:41:18,900] {logging_mixin.py:115} INFO - [2023-12-06 11:41:18,900] {dagbag.py:371} INFO - File /opt/airflow/dags/ETL/Scripts/pip.exe:__main__.py assumed to contain no DAGs. Skipping.
[2023-12-06 11:41:18,901] {processor.py:653} WARNING - No viable dags retrieved from /opt/airflow/dags/ETL/Scripts/pip.exe
[2023-12-06 11:41:18,912] {processor.py:161} INFO - Processing /opt/airflow/dags/ETL/Scripts/pip.exe took 0.024 seconds
[2023-12-06 11:41:29,295] {processor.py:153} INFO - Started process (PID=1753) to work on /opt/airflow/dags/ETL/Scripts/pip.exe
[2023-12-06 11:41:29,295] {processor.py:641} INFO - Processing file /opt/airflow/dags/ETL/Scripts/pip.exe for tasks to queue
[2023-12-06 11:41:29,296] {logging_mixin.py:115} INFO - [2023-12-06 11:41:29,296] {dagbag.py:508} INFO - Filling up the DagBag from /opt/airflow/dags/ETL/Scripts/pip.exe
[2023-12-06 11:41:29,303] {logging_mixin.py:115} INFO - [2023-12-06 11:41:29,303] {dagbag.py:371} INFO - File /opt/airflow/dags/ETL/Scripts/pip.exe:__main__.py assumed to contain no DAGs. Skipping.
[2023-12-06 11:41:29,304] {processor.py:653} WARNING - No viable dags retrieved from /opt/airflow/dags/ETL/Scripts/pip.exe
[2023-12-06 11:41:29,316] {processor.py:161} INFO - Processing /opt/airflow/dags/ETL/Scripts/pip.exe took 0.024 seconds
[2023-12-06 11:41:39,687] {processor.py:153} INFO - Started process (PID=1799) to work on /opt/airflow/dags/ETL/Scripts/pip.exe
[2023-12-06 11:41:39,688] {processor.py:641} INFO - Processing file /opt/airflow/dags/ETL/Scripts/pip.exe for tasks to queue
[2023-12-06 11:41:39,688] {logging_mixin.py:115} INFO - [2023-12-06 11:41:39,688] {dagbag.py:508} INFO - Filling up the DagBag from /opt/airflow/dags/ETL/Scripts/pip.exe
[2023-12-06 11:41:39,697] {logging_mixin.py:115} INFO - [2023-12-06 11:41:39,697] {dagbag.py:371} INFO - File /opt/airflow/dags/ETL/Scripts/pip.exe:__main__.py assumed to contain no DAGs. Skipping.
[2023-12-06 11:41:39,697] {processor.py:653} WARNING - No viable dags retrieved from /opt/airflow/dags/ETL/Scripts/pip.exe
[2023-12-06 11:41:39,710] {processor.py:161} INFO - Processing /opt/airflow/dags/ETL/Scripts/pip.exe took 0.026 seconds
[2023-12-06 11:41:50,119] {processor.py:153} INFO - Started process (PID=1845) to work on /opt/airflow/dags/ETL/Scripts/pip.exe
[2023-12-06 11:41:50,120] {processor.py:641} INFO - Processing file /opt/airflow/dags/ETL/Scripts/pip.exe for tasks to queue
[2023-12-06 11:41:50,120] {logging_mixin.py:115} INFO - [2023-12-06 11:41:50,120] {dagbag.py:508} INFO - Filling up the DagBag from /opt/airflow/dags/ETL/Scripts/pip.exe
[2023-12-06 11:41:50,127] {logging_mixin.py:115} INFO - [2023-12-06 11:41:50,127] {dagbag.py:371} INFO - File /opt/airflow/dags/ETL/Scripts/pip.exe:__main__.py assumed to contain no DAGs. Skipping.
[2023-12-06 11:41:50,128] {processor.py:653} WARNING - No viable dags retrieved from /opt/airflow/dags/ETL/Scripts/pip.exe
[2023-12-06 11:41:50,140] {processor.py:161} INFO - Processing /opt/airflow/dags/ETL/Scripts/pip.exe took 0.023 seconds
[2023-12-06 11:42:00,375] {processor.py:153} INFO - Started process (PID=1891) to work on /opt/airflow/dags/ETL/Scripts/pip.exe
[2023-12-06 11:42:00,375] {processor.py:641} INFO - Processing file /opt/airflow/dags/ETL/Scripts/pip.exe for tasks to queue
[2023-12-06 11:42:00,376] {logging_mixin.py:115} INFO - [2023-12-06 11:42:00,376] {dagbag.py:508} INFO - Filling up the DagBag from /opt/airflow/dags/ETL/Scripts/pip.exe
[2023-12-06 11:42:00,384] {logging_mixin.py:115} INFO - [2023-12-06 11:42:00,384] {dagbag.py:371} INFO - File /opt/airflow/dags/ETL/Scripts/pip.exe:__main__.py assumed to contain no DAGs. Skipping.
[2023-12-06 11:42:00,385] {processor.py:653} WARNING - No viable dags retrieved from /opt/airflow/dags/ETL/Scripts/pip.exe
[2023-12-06 11:42:00,398] {processor.py:161} INFO - Processing /opt/airflow/dags/ETL/Scripts/pip.exe took 0.026 seconds
[2023-12-06 11:42:10,778] {processor.py:153} INFO - Started process (PID=1937) to work on /opt/airflow/dags/ETL/Scripts/pip.exe
[2023-12-06 11:42:10,778] {processor.py:641} INFO - Processing file /opt/airflow/dags/ETL/Scripts/pip.exe for tasks to queue
[2023-12-06 11:42:10,779] {logging_mixin.py:115} INFO - [2023-12-06 11:42:10,779] {dagbag.py:508} INFO - Filling up the DagBag from /opt/airflow/dags/ETL/Scripts/pip.exe
[2023-12-06 11:42:10,788] {logging_mixin.py:115} INFO - [2023-12-06 11:42:10,787] {dagbag.py:371} INFO - File /opt/airflow/dags/ETL/Scripts/pip.exe:__main__.py assumed to contain no DAGs. Skipping.
[2023-12-06 11:42:10,788] {processor.py:653} WARNING - No viable dags retrieved from /opt/airflow/dags/ETL/Scripts/pip.exe
[2023-12-06 11:42:10,801] {processor.py:161} INFO - Processing /opt/airflow/dags/ETL/Scripts/pip.exe took 0.026 seconds
[2023-12-06 11:42:21,211] {processor.py:153} INFO - Started process (PID=1983) to work on /opt/airflow/dags/ETL/Scripts/pip.exe
[2023-12-06 11:42:21,212] {processor.py:641} INFO - Processing file /opt/airflow/dags/ETL/Scripts/pip.exe for tasks to queue
[2023-12-06 11:42:21,212] {logging_mixin.py:115} INFO - [2023-12-06 11:42:21,212] {dagbag.py:508} INFO - Filling up the DagBag from /opt/airflow/dags/ETL/Scripts/pip.exe
[2023-12-06 11:42:21,219] {logging_mixin.py:115} INFO - [2023-12-06 11:42:21,219] {dagbag.py:371} INFO - File /opt/airflow/dags/ETL/Scripts/pip.exe:__main__.py assumed to contain no DAGs. Skipping.
[2023-12-06 11:42:21,220] {processor.py:653} WARNING - No viable dags retrieved from /opt/airflow/dags/ETL/Scripts/pip.exe
[2023-12-06 11:42:21,232] {processor.py:161} INFO - Processing /opt/airflow/dags/ETL/Scripts/pip.exe took 0.024 seconds
[2023-12-06 11:42:37,016] {processor.py:153} INFO - Started process (PID=2023) to work on /opt/airflow/dags/ETL/Scripts/pip.exe
[2023-12-06 11:42:37,016] {processor.py:641} INFO - Processing file /opt/airflow/dags/ETL/Scripts/pip.exe for tasks to queue
[2023-12-06 11:42:37,017] {logging_mixin.py:115} INFO - [2023-12-06 11:42:37,017] {dagbag.py:508} INFO - Filling up the DagBag from /opt/airflow/dags/ETL/Scripts/pip.exe
[2023-12-06 11:42:37,025] {logging_mixin.py:115} INFO - [2023-12-06 11:42:37,025] {dagbag.py:371} INFO - File /opt/airflow/dags/ETL/Scripts/pip.exe:__main__.py assumed to contain no DAGs. Skipping.
[2023-12-06 11:42:37,025] {processor.py:653} WARNING - No viable dags retrieved from /opt/airflow/dags/ETL/Scripts/pip.exe
[2023-12-06 11:42:37,037] {processor.py:161} INFO - Processing /opt/airflow/dags/ETL/Scripts/pip.exe took 0.024 seconds
[2023-12-06 11:42:47,469] {processor.py:153} INFO - Started process (PID=2069) to work on /opt/airflow/dags/ETL/Scripts/pip.exe
[2023-12-06 11:42:47,470] {processor.py:641} INFO - Processing file /opt/airflow/dags/ETL/Scripts/pip.exe for tasks to queue
[2023-12-06 11:42:47,471] {logging_mixin.py:115} INFO - [2023-12-06 11:42:47,471] {dagbag.py:508} INFO - Filling up the DagBag from /opt/airflow/dags/ETL/Scripts/pip.exe
[2023-12-06 11:42:47,480] {logging_mixin.py:115} INFO - [2023-12-06 11:42:47,480] {dagbag.py:371} INFO - File /opt/airflow/dags/ETL/Scripts/pip.exe:__main__.py assumed to contain no DAGs. Skipping.
[2023-12-06 11:42:47,480] {processor.py:653} WARNING - No viable dags retrieved from /opt/airflow/dags/ETL/Scripts/pip.exe
[2023-12-06 11:42:47,492] {processor.py:161} INFO - Processing /opt/airflow/dags/ETL/Scripts/pip.exe took 0.026 seconds
[2023-12-06 11:42:57,866] {processor.py:153} INFO - Started process (PID=2115) to work on /opt/airflow/dags/ETL/Scripts/pip.exe
[2023-12-06 11:42:57,866] {processor.py:641} INFO - Processing file /opt/airflow/dags/ETL/Scripts/pip.exe for tasks to queue
[2023-12-06 11:42:57,867] {logging_mixin.py:115} INFO - [2023-12-06 11:42:57,867] {dagbag.py:508} INFO - Filling up the DagBag from /opt/airflow/dags/ETL/Scripts/pip.exe
[2023-12-06 11:42:57,875] {logging_mixin.py:115} INFO - [2023-12-06 11:42:57,875] {dagbag.py:371} INFO - File /opt/airflow/dags/ETL/Scripts/pip.exe:__main__.py assumed to contain no DAGs. Skipping.
[2023-12-06 11:42:57,876] {processor.py:653} WARNING - No viable dags retrieved from /opt/airflow/dags/ETL/Scripts/pip.exe
[2023-12-06 11:42:57,888] {processor.py:161} INFO - Processing /opt/airflow/dags/ETL/Scripts/pip.exe took 0.024 seconds
[2023-12-06 11:43:08,313] {processor.py:153} INFO - Started process (PID=2161) to work on /opt/airflow/dags/ETL/Scripts/pip.exe
[2023-12-06 11:43:08,313] {processor.py:641} INFO - Processing file /opt/airflow/dags/ETL/Scripts/pip.exe for tasks to queue
[2023-12-06 11:43:08,314] {logging_mixin.py:115} INFO - [2023-12-06 11:43:08,314] {dagbag.py:508} INFO - Filling up the DagBag from /opt/airflow/dags/ETL/Scripts/pip.exe
[2023-12-06 11:43:08,323] {logging_mixin.py:115} INFO - [2023-12-06 11:43:08,322] {dagbag.py:371} INFO - File /opt/airflow/dags/ETL/Scripts/pip.exe:__main__.py assumed to contain no DAGs. Skipping.
[2023-12-06 11:43:08,323] {processor.py:653} WARNING - No viable dags retrieved from /opt/airflow/dags/ETL/Scripts/pip.exe
[2023-12-06 11:43:08,335] {processor.py:161} INFO - Processing /opt/airflow/dags/ETL/Scripts/pip.exe took 0.026 seconds
[2023-12-06 11:43:18,771] {processor.py:153} INFO - Started process (PID=2207) to work on /opt/airflow/dags/ETL/Scripts/pip.exe
[2023-12-06 11:43:18,771] {processor.py:641} INFO - Processing file /opt/airflow/dags/ETL/Scripts/pip.exe for tasks to queue
[2023-12-06 11:43:18,772] {logging_mixin.py:115} INFO - [2023-12-06 11:43:18,772] {dagbag.py:508} INFO - Filling up the DagBag from /opt/airflow/dags/ETL/Scripts/pip.exe
[2023-12-06 11:43:18,781] {logging_mixin.py:115} INFO - [2023-12-06 11:43:18,781] {dagbag.py:371} INFO - File /opt/airflow/dags/ETL/Scripts/pip.exe:__main__.py assumed to contain no DAGs. Skipping.
[2023-12-06 11:43:18,782] {processor.py:653} WARNING - No viable dags retrieved from /opt/airflow/dags/ETL/Scripts/pip.exe
[2023-12-06 11:43:18,794] {processor.py:161} INFO - Processing /opt/airflow/dags/ETL/Scripts/pip.exe took 0.027 seconds
[2023-12-06 11:43:29,178] {processor.py:153} INFO - Started process (PID=2256) to work on /opt/airflow/dags/ETL/Scripts/pip.exe
[2023-12-06 11:43:29,179] {processor.py:641} INFO - Processing file /opt/airflow/dags/ETL/Scripts/pip.exe for tasks to queue
[2023-12-06 11:43:29,179] {logging_mixin.py:115} INFO - [2023-12-06 11:43:29,179] {dagbag.py:508} INFO - Filling up the DagBag from /opt/airflow/dags/ETL/Scripts/pip.exe
[2023-12-06 11:43:29,188] {logging_mixin.py:115} INFO - [2023-12-06 11:43:29,188] {dagbag.py:371} INFO - File /opt/airflow/dags/ETL/Scripts/pip.exe:__main__.py assumed to contain no DAGs. Skipping.
[2023-12-06 11:43:29,189] {processor.py:653} WARNING - No viable dags retrieved from /opt/airflow/dags/ETL/Scripts/pip.exe
[2023-12-06 11:43:29,200] {processor.py:161} INFO - Processing /opt/airflow/dags/ETL/Scripts/pip.exe took 0.025 seconds
[2023-12-06 11:43:39,568] {processor.py:153} INFO - Started process (PID=2302) to work on /opt/airflow/dags/ETL/Scripts/pip.exe
[2023-12-06 11:43:39,568] {processor.py:641} INFO - Processing file /opt/airflow/dags/ETL/Scripts/pip.exe for tasks to queue
[2023-12-06 11:43:39,569] {logging_mixin.py:115} INFO - [2023-12-06 11:43:39,569] {dagbag.py:508} INFO - Filling up the DagBag from /opt/airflow/dags/ETL/Scripts/pip.exe
[2023-12-06 11:43:39,577] {logging_mixin.py:115} INFO - [2023-12-06 11:43:39,577] {dagbag.py:371} INFO - File /opt/airflow/dags/ETL/Scripts/pip.exe:__main__.py assumed to contain no DAGs. Skipping.
[2023-12-06 11:43:39,578] {processor.py:653} WARNING - No viable dags retrieved from /opt/airflow/dags/ETL/Scripts/pip.exe
[2023-12-06 11:43:39,590] {processor.py:161} INFO - Processing /opt/airflow/dags/ETL/Scripts/pip.exe took 0.025 seconds
[2023-12-06 11:43:50,063] {processor.py:153} INFO - Started process (PID=2351) to work on /opt/airflow/dags/ETL/Scripts/pip.exe
[2023-12-06 11:43:50,064] {processor.py:641} INFO - Processing file /opt/airflow/dags/ETL/Scripts/pip.exe for tasks to queue
[2023-12-06 11:43:50,065] {logging_mixin.py:115} INFO - [2023-12-06 11:43:50,065] {dagbag.py:508} INFO - Filling up the DagBag from /opt/airflow/dags/ETL/Scripts/pip.exe
[2023-12-06 11:43:50,079] {logging_mixin.py:115} INFO - [2023-12-06 11:43:50,078] {dagbag.py:371} INFO - File /opt/airflow/dags/ETL/Scripts/pip.exe:__main__.py assumed to contain no DAGs. Skipping.
[2023-12-06 11:43:50,080] {processor.py:653} WARNING - No viable dags retrieved from /opt/airflow/dags/ETL/Scripts/pip.exe
[2023-12-06 11:43:50,096] {processor.py:161} INFO - Processing /opt/airflow/dags/ETL/Scripts/pip.exe took 0.039 seconds
[2023-12-06 11:44:00,500] {processor.py:153} INFO - Started process (PID=2397) to work on /opt/airflow/dags/ETL/Scripts/pip.exe
[2023-12-06 11:44:00,501] {processor.py:641} INFO - Processing file /opt/airflow/dags/ETL/Scripts/pip.exe for tasks to queue
[2023-12-06 11:44:00,502] {logging_mixin.py:115} INFO - [2023-12-06 11:44:00,502] {dagbag.py:508} INFO - Filling up the DagBag from /opt/airflow/dags/ETL/Scripts/pip.exe
[2023-12-06 11:44:00,511] {logging_mixin.py:115} INFO - [2023-12-06 11:44:00,511] {dagbag.py:371} INFO - File /opt/airflow/dags/ETL/Scripts/pip.exe:__main__.py assumed to contain no DAGs. Skipping.
[2023-12-06 11:44:00,511] {processor.py:653} WARNING - No viable dags retrieved from /opt/airflow/dags/ETL/Scripts/pip.exe
[2023-12-06 11:44:00,524] {processor.py:161} INFO - Processing /opt/airflow/dags/ETL/Scripts/pip.exe took 0.026 seconds
[2023-12-06 11:44:10,962] {processor.py:153} INFO - Started process (PID=2443) to work on /opt/airflow/dags/ETL/Scripts/pip.exe
[2023-12-06 11:44:10,963] {processor.py:641} INFO - Processing file /opt/airflow/dags/ETL/Scripts/pip.exe for tasks to queue
[2023-12-06 11:44:10,963] {logging_mixin.py:115} INFO - [2023-12-06 11:44:10,963] {dagbag.py:508} INFO - Filling up the DagBag from /opt/airflow/dags/ETL/Scripts/pip.exe
[2023-12-06 11:44:10,972] {logging_mixin.py:115} INFO - [2023-12-06 11:44:10,972] {dagbag.py:371} INFO - File /opt/airflow/dags/ETL/Scripts/pip.exe:__main__.py assumed to contain no DAGs. Skipping.
[2023-12-06 11:44:10,972] {processor.py:653} WARNING - No viable dags retrieved from /opt/airflow/dags/ETL/Scripts/pip.exe
[2023-12-06 11:44:10,984] {processor.py:161} INFO - Processing /opt/airflow/dags/ETL/Scripts/pip.exe took 0.024 seconds
[2023-12-06 11:44:21,397] {processor.py:153} INFO - Started process (PID=2489) to work on /opt/airflow/dags/ETL/Scripts/pip.exe
[2023-12-06 11:44:21,397] {processor.py:641} INFO - Processing file /opt/airflow/dags/ETL/Scripts/pip.exe for tasks to queue
[2023-12-06 11:44:21,398] {logging_mixin.py:115} INFO - [2023-12-06 11:44:21,398] {dagbag.py:508} INFO - Filling up the DagBag from /opt/airflow/dags/ETL/Scripts/pip.exe
[2023-12-06 11:44:21,405] {logging_mixin.py:115} INFO - [2023-12-06 11:44:21,405] {dagbag.py:371} INFO - File /opt/airflow/dags/ETL/Scripts/pip.exe:__main__.py assumed to contain no DAGs. Skipping.
[2023-12-06 11:44:21,405] {processor.py:653} WARNING - No viable dags retrieved from /opt/airflow/dags/ETL/Scripts/pip.exe
[2023-12-06 11:44:21,417] {processor.py:161} INFO - Processing /opt/airflow/dags/ETL/Scripts/pip.exe took 0.024 seconds
[2023-12-06 11:44:31,879] {processor.py:153} INFO - Started process (PID=2535) to work on /opt/airflow/dags/ETL/Scripts/pip.exe
[2023-12-06 11:44:31,880] {processor.py:641} INFO - Processing file /opt/airflow/dags/ETL/Scripts/pip.exe for tasks to queue
[2023-12-06 11:44:31,880] {logging_mixin.py:115} INFO - [2023-12-06 11:44:31,880] {dagbag.py:508} INFO - Filling up the DagBag from /opt/airflow/dags/ETL/Scripts/pip.exe
[2023-12-06 11:44:31,889] {logging_mixin.py:115} INFO - [2023-12-06 11:44:31,889] {dagbag.py:371} INFO - File /opt/airflow/dags/ETL/Scripts/pip.exe:__main__.py assumed to contain no DAGs. Skipping.
[2023-12-06 11:44:31,890] {processor.py:653} WARNING - No viable dags retrieved from /opt/airflow/dags/ETL/Scripts/pip.exe
[2023-12-06 11:44:31,903] {processor.py:161} INFO - Processing /opt/airflow/dags/ETL/Scripts/pip.exe took 0.026 seconds
[2023-12-06 11:44:42,362] {processor.py:153} INFO - Started process (PID=2581) to work on /opt/airflow/dags/ETL/Scripts/pip.exe
[2023-12-06 11:44:42,362] {processor.py:641} INFO - Processing file /opt/airflow/dags/ETL/Scripts/pip.exe for tasks to queue
[2023-12-06 11:44:42,363] {logging_mixin.py:115} INFO - [2023-12-06 11:44:42,363] {dagbag.py:508} INFO - Filling up the DagBag from /opt/airflow/dags/ETL/Scripts/pip.exe
[2023-12-06 11:44:42,372] {logging_mixin.py:115} INFO - [2023-12-06 11:44:42,372] {dagbag.py:371} INFO - File /opt/airflow/dags/ETL/Scripts/pip.exe:__main__.py assumed to contain no DAGs. Skipping.
[2023-12-06 11:44:42,373] {processor.py:653} WARNING - No viable dags retrieved from /opt/airflow/dags/ETL/Scripts/pip.exe
[2023-12-06 11:44:42,386] {processor.py:161} INFO - Processing /opt/airflow/dags/ETL/Scripts/pip.exe took 0.027 seconds
[2023-12-06 11:44:52,864] {processor.py:153} INFO - Started process (PID=2627) to work on /opt/airflow/dags/ETL/Scripts/pip.exe
[2023-12-06 11:44:52,865] {processor.py:641} INFO - Processing file /opt/airflow/dags/ETL/Scripts/pip.exe for tasks to queue
[2023-12-06 11:44:52,866] {logging_mixin.py:115} INFO - [2023-12-06 11:44:52,866] {dagbag.py:508} INFO - Filling up the DagBag from /opt/airflow/dags/ETL/Scripts/pip.exe
[2023-12-06 11:44:52,878] {logging_mixin.py:115} INFO - [2023-12-06 11:44:52,878] {dagbag.py:371} INFO - File /opt/airflow/dags/ETL/Scripts/pip.exe:__main__.py assumed to contain no DAGs. Skipping.
[2023-12-06 11:44:52,879] {processor.py:653} WARNING - No viable dags retrieved from /opt/airflow/dags/ETL/Scripts/pip.exe
[2023-12-06 11:44:52,900] {processor.py:161} INFO - Processing /opt/airflow/dags/ETL/Scripts/pip.exe took 0.040 seconds
[2023-12-06 11:45:03,340] {processor.py:153} INFO - Started process (PID=2673) to work on /opt/airflow/dags/ETL/Scripts/pip.exe
[2023-12-06 11:45:03,341] {processor.py:641} INFO - Processing file /opt/airflow/dags/ETL/Scripts/pip.exe for tasks to queue
[2023-12-06 11:45:03,342] {logging_mixin.py:115} INFO - [2023-12-06 11:45:03,342] {dagbag.py:508} INFO - Filling up the DagBag from /opt/airflow/dags/ETL/Scripts/pip.exe
[2023-12-06 11:45:03,351] {logging_mixin.py:115} INFO - [2023-12-06 11:45:03,351] {dagbag.py:371} INFO - File /opt/airflow/dags/ETL/Scripts/pip.exe:__main__.py assumed to contain no DAGs. Skipping.
[2023-12-06 11:45:03,352] {processor.py:653} WARNING - No viable dags retrieved from /opt/airflow/dags/ETL/Scripts/pip.exe
[2023-12-06 11:45:03,366] {processor.py:161} INFO - Processing /opt/airflow/dags/ETL/Scripts/pip.exe took 0.030 seconds
[2023-12-06 11:45:13,747] {processor.py:153} INFO - Started process (PID=2719) to work on /opt/airflow/dags/ETL/Scripts/pip.exe
[2023-12-06 11:45:13,747] {processor.py:641} INFO - Processing file /opt/airflow/dags/ETL/Scripts/pip.exe for tasks to queue
[2023-12-06 11:45:13,748] {logging_mixin.py:115} INFO - [2023-12-06 11:45:13,748] {dagbag.py:508} INFO - Filling up the DagBag from /opt/airflow/dags/ETL/Scripts/pip.exe
[2023-12-06 11:45:13,754] {logging_mixin.py:115} INFO - [2023-12-06 11:45:13,754] {dagbag.py:371} INFO - File /opt/airflow/dags/ETL/Scripts/pip.exe:__main__.py assumed to contain no DAGs. Skipping.
[2023-12-06 11:45:13,754] {processor.py:653} WARNING - No viable dags retrieved from /opt/airflow/dags/ETL/Scripts/pip.exe
[2023-12-06 11:45:13,767] {processor.py:161} INFO - Processing /opt/airflow/dags/ETL/Scripts/pip.exe took 0.023 seconds
[2023-12-06 11:45:24,074] {processor.py:153} INFO - Started process (PID=2765) to work on /opt/airflow/dags/ETL/Scripts/pip.exe
[2023-12-06 11:45:24,074] {processor.py:641} INFO - Processing file /opt/airflow/dags/ETL/Scripts/pip.exe for tasks to queue
[2023-12-06 11:45:24,075] {logging_mixin.py:115} INFO - [2023-12-06 11:45:24,075] {dagbag.py:508} INFO - Filling up the DagBag from /opt/airflow/dags/ETL/Scripts/pip.exe
[2023-12-06 11:45:24,083] {logging_mixin.py:115} INFO - [2023-12-06 11:45:24,083] {dagbag.py:371} INFO - File /opt/airflow/dags/ETL/Scripts/pip.exe:__main__.py assumed to contain no DAGs. Skipping.
[2023-12-06 11:45:24,084] {processor.py:653} WARNING - No viable dags retrieved from /opt/airflow/dags/ETL/Scripts/pip.exe
[2023-12-06 11:45:24,096] {processor.py:161} INFO - Processing /opt/airflow/dags/ETL/Scripts/pip.exe took 0.025 seconds
[2023-12-06 11:45:34,489] {processor.py:153} INFO - Started process (PID=2811) to work on /opt/airflow/dags/ETL/Scripts/pip.exe
[2023-12-06 11:45:34,490] {processor.py:641} INFO - Processing file /opt/airflow/dags/ETL/Scripts/pip.exe for tasks to queue
[2023-12-06 11:45:34,491] {logging_mixin.py:115} INFO - [2023-12-06 11:45:34,491] {dagbag.py:508} INFO - Filling up the DagBag from /opt/airflow/dags/ETL/Scripts/pip.exe
[2023-12-06 11:45:34,500] {logging_mixin.py:115} INFO - [2023-12-06 11:45:34,500] {dagbag.py:371} INFO - File /opt/airflow/dags/ETL/Scripts/pip.exe:__main__.py assumed to contain no DAGs. Skipping.
[2023-12-06 11:45:34,500] {processor.py:653} WARNING - No viable dags retrieved from /opt/airflow/dags/ETL/Scripts/pip.exe
[2023-12-06 11:45:34,514] {processor.py:161} INFO - Processing /opt/airflow/dags/ETL/Scripts/pip.exe took 0.027 seconds
[2023-12-06 11:45:44,983] {processor.py:153} INFO - Started process (PID=2857) to work on /opt/airflow/dags/ETL/Scripts/pip.exe
[2023-12-06 11:45:44,984] {processor.py:641} INFO - Processing file /opt/airflow/dags/ETL/Scripts/pip.exe for tasks to queue
[2023-12-06 11:45:44,985] {logging_mixin.py:115} INFO - [2023-12-06 11:45:44,985] {dagbag.py:508} INFO - Filling up the DagBag from /opt/airflow/dags/ETL/Scripts/pip.exe
[2023-12-06 11:45:44,997] {logging_mixin.py:115} INFO - [2023-12-06 11:45:44,997] {dagbag.py:371} INFO - File /opt/airflow/dags/ETL/Scripts/pip.exe:__main__.py assumed to contain no DAGs. Skipping.
[2023-12-06 11:45:44,998] {processor.py:653} WARNING - No viable dags retrieved from /opt/airflow/dags/ETL/Scripts/pip.exe
[2023-12-06 11:45:45,013] {processor.py:161} INFO - Processing /opt/airflow/dags/ETL/Scripts/pip.exe took 0.033 seconds
[2023-12-06 11:45:55,526] {processor.py:153} INFO - Started process (PID=2903) to work on /opt/airflow/dags/ETL/Scripts/pip.exe
[2023-12-06 11:45:55,527] {processor.py:641} INFO - Processing file /opt/airflow/dags/ETL/Scripts/pip.exe for tasks to queue
[2023-12-06 11:45:55,527] {logging_mixin.py:115} INFO - [2023-12-06 11:45:55,527] {dagbag.py:508} INFO - Filling up the DagBag from /opt/airflow/dags/ETL/Scripts/pip.exe
[2023-12-06 11:45:55,536] {logging_mixin.py:115} INFO - [2023-12-06 11:45:55,536] {dagbag.py:371} INFO - File /opt/airflow/dags/ETL/Scripts/pip.exe:__main__.py assumed to contain no DAGs. Skipping.
[2023-12-06 11:45:55,537] {processor.py:653} WARNING - No viable dags retrieved from /opt/airflow/dags/ETL/Scripts/pip.exe
[2023-12-06 11:45:55,549] {processor.py:161} INFO - Processing /opt/airflow/dags/ETL/Scripts/pip.exe took 0.025 seconds
[2023-12-06 11:46:05,917] {processor.py:153} INFO - Started process (PID=2949) to work on /opt/airflow/dags/ETL/Scripts/pip.exe
[2023-12-06 11:46:05,918] {processor.py:641} INFO - Processing file /opt/airflow/dags/ETL/Scripts/pip.exe for tasks to queue
[2023-12-06 11:46:05,919] {logging_mixin.py:115} INFO - [2023-12-06 11:46:05,919] {dagbag.py:508} INFO - Filling up the DagBag from /opt/airflow/dags/ETL/Scripts/pip.exe
[2023-12-06 11:46:05,925] {logging_mixin.py:115} INFO - [2023-12-06 11:46:05,925] {dagbag.py:371} INFO - File /opt/airflow/dags/ETL/Scripts/pip.exe:__main__.py assumed to contain no DAGs. Skipping.
[2023-12-06 11:46:05,925] {processor.py:653} WARNING - No viable dags retrieved from /opt/airflow/dags/ETL/Scripts/pip.exe
[2023-12-06 11:46:05,940] {processor.py:161} INFO - Processing /opt/airflow/dags/ETL/Scripts/pip.exe took 0.025 seconds
[2023-12-06 11:46:16,368] {processor.py:153} INFO - Started process (PID=2995) to work on /opt/airflow/dags/ETL/Scripts/pip.exe
[2023-12-06 11:46:16,369] {processor.py:641} INFO - Processing file /opt/airflow/dags/ETL/Scripts/pip.exe for tasks to queue
[2023-12-06 11:46:16,370] {logging_mixin.py:115} INFO - [2023-12-06 11:46:16,370] {dagbag.py:508} INFO - Filling up the DagBag from /opt/airflow/dags/ETL/Scripts/pip.exe
[2023-12-06 11:46:16,380] {logging_mixin.py:115} INFO - [2023-12-06 11:46:16,380] {dagbag.py:371} INFO - File /opt/airflow/dags/ETL/Scripts/pip.exe:__main__.py assumed to contain no DAGs. Skipping.
[2023-12-06 11:46:16,381] {processor.py:653} WARNING - No viable dags retrieved from /opt/airflow/dags/ETL/Scripts/pip.exe
[2023-12-06 11:46:16,393] {processor.py:161} INFO - Processing /opt/airflow/dags/ETL/Scripts/pip.exe took 0.029 seconds
[2023-12-06 11:46:26,838] {processor.py:153} INFO - Started process (PID=3041) to work on /opt/airflow/dags/ETL/Scripts/pip.exe
[2023-12-06 11:46:26,838] {processor.py:641} INFO - Processing file /opt/airflow/dags/ETL/Scripts/pip.exe for tasks to queue
[2023-12-06 11:46:26,839] {logging_mixin.py:115} INFO - [2023-12-06 11:46:26,839] {dagbag.py:508} INFO - Filling up the DagBag from /opt/airflow/dags/ETL/Scripts/pip.exe
[2023-12-06 11:46:26,847] {logging_mixin.py:115} INFO - [2023-12-06 11:46:26,847] {dagbag.py:371} INFO - File /opt/airflow/dags/ETL/Scripts/pip.exe:__main__.py assumed to contain no DAGs. Skipping.
[2023-12-06 11:46:26,847] {processor.py:653} WARNING - No viable dags retrieved from /opt/airflow/dags/ETL/Scripts/pip.exe
[2023-12-06 11:46:26,860] {processor.py:161} INFO - Processing /opt/airflow/dags/ETL/Scripts/pip.exe took 0.025 seconds
[2023-12-06 11:46:37,209] {processor.py:153} INFO - Started process (PID=3087) to work on /opt/airflow/dags/ETL/Scripts/pip.exe
[2023-12-06 11:46:37,210] {processor.py:641} INFO - Processing file /opt/airflow/dags/ETL/Scripts/pip.exe for tasks to queue
[2023-12-06 11:46:37,210] {logging_mixin.py:115} INFO - [2023-12-06 11:46:37,210] {dagbag.py:508} INFO - Filling up the DagBag from /opt/airflow/dags/ETL/Scripts/pip.exe
[2023-12-06 11:46:37,218] {logging_mixin.py:115} INFO - [2023-12-06 11:46:37,218] {dagbag.py:371} INFO - File /opt/airflow/dags/ETL/Scripts/pip.exe:__main__.py assumed to contain no DAGs. Skipping.
[2023-12-06 11:46:37,219] {processor.py:653} WARNING - No viable dags retrieved from /opt/airflow/dags/ETL/Scripts/pip.exe
[2023-12-06 11:46:37,230] {processor.py:161} INFO - Processing /opt/airflow/dags/ETL/Scripts/pip.exe took 0.024 seconds
[2023-12-06 11:46:47,625] {processor.py:153} INFO - Started process (PID=3133) to work on /opt/airflow/dags/ETL/Scripts/pip.exe
[2023-12-06 11:46:47,625] {processor.py:641} INFO - Processing file /opt/airflow/dags/ETL/Scripts/pip.exe for tasks to queue
[2023-12-06 11:46:47,626] {logging_mixin.py:115} INFO - [2023-12-06 11:46:47,626] {dagbag.py:508} INFO - Filling up the DagBag from /opt/airflow/dags/ETL/Scripts/pip.exe
[2023-12-06 11:46:47,634] {logging_mixin.py:115} INFO - [2023-12-06 11:46:47,634] {dagbag.py:371} INFO - File /opt/airflow/dags/ETL/Scripts/pip.exe:__main__.py assumed to contain no DAGs. Skipping.
[2023-12-06 11:46:47,634] {processor.py:653} WARNING - No viable dags retrieved from /opt/airflow/dags/ETL/Scripts/pip.exe
[2023-12-06 11:46:47,649] {processor.py:161} INFO - Processing /opt/airflow/dags/ETL/Scripts/pip.exe took 0.027 seconds
[2023-12-06 11:46:57,962] {processor.py:153} INFO - Started process (PID=3179) to work on /opt/airflow/dags/ETL/Scripts/pip.exe
[2023-12-06 11:46:57,963] {processor.py:641} INFO - Processing file /opt/airflow/dags/ETL/Scripts/pip.exe for tasks to queue
[2023-12-06 11:46:57,963] {logging_mixin.py:115} INFO - [2023-12-06 11:46:57,963] {dagbag.py:508} INFO - Filling up the DagBag from /opt/airflow/dags/ETL/Scripts/pip.exe
[2023-12-06 11:46:57,972] {logging_mixin.py:115} INFO - [2023-12-06 11:46:57,972] {dagbag.py:371} INFO - File /opt/airflow/dags/ETL/Scripts/pip.exe:__main__.py assumed to contain no DAGs. Skipping.
[2023-12-06 11:46:57,973] {processor.py:653} WARNING - No viable dags retrieved from /opt/airflow/dags/ETL/Scripts/pip.exe
[2023-12-06 11:46:57,986] {processor.py:161} INFO - Processing /opt/airflow/dags/ETL/Scripts/pip.exe took 0.027 seconds
[2023-12-06 11:47:08,405] {processor.py:153} INFO - Started process (PID=3225) to work on /opt/airflow/dags/ETL/Scripts/pip.exe
[2023-12-06 11:47:08,406] {processor.py:641} INFO - Processing file /opt/airflow/dags/ETL/Scripts/pip.exe for tasks to queue
[2023-12-06 11:47:08,407] {logging_mixin.py:115} INFO - [2023-12-06 11:47:08,407] {dagbag.py:508} INFO - Filling up the DagBag from /opt/airflow/dags/ETL/Scripts/pip.exe
[2023-12-06 11:47:08,422] {logging_mixin.py:115} INFO - [2023-12-06 11:47:08,422] {dagbag.py:371} INFO - File /opt/airflow/dags/ETL/Scripts/pip.exe:__main__.py assumed to contain no DAGs. Skipping.
[2023-12-06 11:47:08,423] {processor.py:653} WARNING - No viable dags retrieved from /opt/airflow/dags/ETL/Scripts/pip.exe
[2023-12-06 11:47:08,446] {processor.py:161} INFO - Processing /opt/airflow/dags/ETL/Scripts/pip.exe took 0.044 seconds
[2023-12-06 11:47:18,918] {processor.py:153} INFO - Started process (PID=3271) to work on /opt/airflow/dags/ETL/Scripts/pip.exe
[2023-12-06 11:47:18,919] {processor.py:641} INFO - Processing file /opt/airflow/dags/ETL/Scripts/pip.exe for tasks to queue
[2023-12-06 11:47:18,919] {logging_mixin.py:115} INFO - [2023-12-06 11:47:18,919] {dagbag.py:508} INFO - Filling up the DagBag from /opt/airflow/dags/ETL/Scripts/pip.exe
[2023-12-06 11:47:18,926] {logging_mixin.py:115} INFO - [2023-12-06 11:47:18,926] {dagbag.py:371} INFO - File /opt/airflow/dags/ETL/Scripts/pip.exe:__main__.py assumed to contain no DAGs. Skipping.
[2023-12-06 11:47:18,926] {processor.py:653} WARNING - No viable dags retrieved from /opt/airflow/dags/ETL/Scripts/pip.exe
[2023-12-06 11:47:18,939] {processor.py:161} INFO - Processing /opt/airflow/dags/ETL/Scripts/pip.exe took 0.024 seconds
[2023-12-06 11:47:35,723] {processor.py:153} INFO - Started process (PID=3311) to work on /opt/airflow/dags/ETL/Scripts/pip.exe
[2023-12-06 11:47:35,724] {processor.py:641} INFO - Processing file /opt/airflow/dags/ETL/Scripts/pip.exe for tasks to queue
[2023-12-06 11:47:35,724] {logging_mixin.py:115} INFO - [2023-12-06 11:47:35,724] {dagbag.py:508} INFO - Filling up the DagBag from /opt/airflow/dags/ETL/Scripts/pip.exe
[2023-12-06 11:47:35,731] {logging_mixin.py:115} INFO - [2023-12-06 11:47:35,731] {dagbag.py:371} INFO - File /opt/airflow/dags/ETL/Scripts/pip.exe:__main__.py assumed to contain no DAGs. Skipping.
[2023-12-06 11:47:35,731] {processor.py:653} WARNING - No viable dags retrieved from /opt/airflow/dags/ETL/Scripts/pip.exe
[2023-12-06 11:47:35,749] {processor.py:161} INFO - Processing /opt/airflow/dags/ETL/Scripts/pip.exe took 0.028 seconds
[2023-12-06 11:47:46,142] {processor.py:153} INFO - Started process (PID=3357) to work on /opt/airflow/dags/ETL/Scripts/pip.exe
[2023-12-06 11:47:46,143] {processor.py:641} INFO - Processing file /opt/airflow/dags/ETL/Scripts/pip.exe for tasks to queue
[2023-12-06 11:47:46,144] {logging_mixin.py:115} INFO - [2023-12-06 11:47:46,144] {dagbag.py:508} INFO - Filling up the DagBag from /opt/airflow/dags/ETL/Scripts/pip.exe
[2023-12-06 11:47:46,156] {logging_mixin.py:115} INFO - [2023-12-06 11:47:46,156] {dagbag.py:371} INFO - File /opt/airflow/dags/ETL/Scripts/pip.exe:__main__.py assumed to contain no DAGs. Skipping.
[2023-12-06 11:47:46,158] {processor.py:653} WARNING - No viable dags retrieved from /opt/airflow/dags/ETL/Scripts/pip.exe
[2023-12-06 11:47:46,185] {processor.py:161} INFO - Processing /opt/airflow/dags/ETL/Scripts/pip.exe took 0.049 seconds
[2023-12-06 11:47:56,617] {processor.py:153} INFO - Started process (PID=3403) to work on /opt/airflow/dags/ETL/Scripts/pip.exe
[2023-12-06 11:47:56,618] {processor.py:641} INFO - Processing file /opt/airflow/dags/ETL/Scripts/pip.exe for tasks to queue
[2023-12-06 11:47:56,618] {logging_mixin.py:115} INFO - [2023-12-06 11:47:56,618] {dagbag.py:508} INFO - Filling up the DagBag from /opt/airflow/dags/ETL/Scripts/pip.exe
[2023-12-06 11:47:56,626] {logging_mixin.py:115} INFO - [2023-12-06 11:47:56,626] {dagbag.py:371} INFO - File /opt/airflow/dags/ETL/Scripts/pip.exe:__main__.py assumed to contain no DAGs. Skipping.
[2023-12-06 11:47:56,627] {processor.py:653} WARNING - No viable dags retrieved from /opt/airflow/dags/ETL/Scripts/pip.exe
[2023-12-06 11:47:56,642] {processor.py:161} INFO - Processing /opt/airflow/dags/ETL/Scripts/pip.exe took 0.027 seconds
[2023-12-06 11:48:07,052] {processor.py:153} INFO - Started process (PID=3449) to work on /opt/airflow/dags/ETL/Scripts/pip.exe
[2023-12-06 11:48:07,053] {processor.py:641} INFO - Processing file /opt/airflow/dags/ETL/Scripts/pip.exe for tasks to queue
[2023-12-06 11:48:07,054] {logging_mixin.py:115} INFO - [2023-12-06 11:48:07,054] {dagbag.py:508} INFO - Filling up the DagBag from /opt/airflow/dags/ETL/Scripts/pip.exe
[2023-12-06 11:48:07,061] {logging_mixin.py:115} INFO - [2023-12-06 11:48:07,061] {dagbag.py:371} INFO - File /opt/airflow/dags/ETL/Scripts/pip.exe:__main__.py assumed to contain no DAGs. Skipping.
[2023-12-06 11:48:07,062] {processor.py:653} WARNING - No viable dags retrieved from /opt/airflow/dags/ETL/Scripts/pip.exe
[2023-12-06 11:48:07,075] {processor.py:161} INFO - Processing /opt/airflow/dags/ETL/Scripts/pip.exe took 0.025 seconds
[2023-12-06 11:48:17,488] {processor.py:153} INFO - Started process (PID=3495) to work on /opt/airflow/dags/ETL/Scripts/pip.exe
[2023-12-06 11:48:17,489] {processor.py:641} INFO - Processing file /opt/airflow/dags/ETL/Scripts/pip.exe for tasks to queue
[2023-12-06 11:48:17,490] {logging_mixin.py:115} INFO - [2023-12-06 11:48:17,490] {dagbag.py:508} INFO - Filling up the DagBag from /opt/airflow/dags/ETL/Scripts/pip.exe
[2023-12-06 11:48:17,497] {logging_mixin.py:115} INFO - [2023-12-06 11:48:17,497] {dagbag.py:371} INFO - File /opt/airflow/dags/ETL/Scripts/pip.exe:__main__.py assumed to contain no DAGs. Skipping.
[2023-12-06 11:48:17,497] {processor.py:653} WARNING - No viable dags retrieved from /opt/airflow/dags/ETL/Scripts/pip.exe
[2023-12-06 11:48:17,510] {processor.py:161} INFO - Processing /opt/airflow/dags/ETL/Scripts/pip.exe took 0.024 seconds
[2023-12-06 11:48:27,993] {processor.py:153} INFO - Started process (PID=3544) to work on /opt/airflow/dags/ETL/Scripts/pip.exe
[2023-12-06 11:48:27,993] {processor.py:641} INFO - Processing file /opt/airflow/dags/ETL/Scripts/pip.exe for tasks to queue
[2023-12-06 11:48:27,994] {logging_mixin.py:115} INFO - [2023-12-06 11:48:27,994] {dagbag.py:508} INFO - Filling up the DagBag from /opt/airflow/dags/ETL/Scripts/pip.exe
[2023-12-06 11:48:28,002] {logging_mixin.py:115} INFO - [2023-12-06 11:48:28,002] {dagbag.py:371} INFO - File /opt/airflow/dags/ETL/Scripts/pip.exe:__main__.py assumed to contain no DAGs. Skipping.
[2023-12-06 11:48:28,003] {processor.py:653} WARNING - No viable dags retrieved from /opt/airflow/dags/ETL/Scripts/pip.exe
[2023-12-06 11:48:28,015] {processor.py:161} INFO - Processing /opt/airflow/dags/ETL/Scripts/pip.exe took 0.024 seconds
[2023-12-06 11:48:38,453] {processor.py:153} INFO - Started process (PID=3590) to work on /opt/airflow/dags/ETL/Scripts/pip.exe
[2023-12-06 11:48:38,454] {processor.py:641} INFO - Processing file /opt/airflow/dags/ETL/Scripts/pip.exe for tasks to queue
[2023-12-06 11:48:38,454] {logging_mixin.py:115} INFO - [2023-12-06 11:48:38,454] {dagbag.py:508} INFO - Filling up the DagBag from /opt/airflow/dags/ETL/Scripts/pip.exe
[2023-12-06 11:48:38,463] {logging_mixin.py:115} INFO - [2023-12-06 11:48:38,463] {dagbag.py:371} INFO - File /opt/airflow/dags/ETL/Scripts/pip.exe:__main__.py assumed to contain no DAGs. Skipping.
[2023-12-06 11:48:38,463] {processor.py:653} WARNING - No viable dags retrieved from /opt/airflow/dags/ETL/Scripts/pip.exe
[2023-12-06 11:48:38,476] {processor.py:161} INFO - Processing /opt/airflow/dags/ETL/Scripts/pip.exe took 0.026 seconds
[2023-12-06 11:48:48,973] {processor.py:153} INFO - Started process (PID=3639) to work on /opt/airflow/dags/ETL/Scripts/pip.exe
[2023-12-06 11:48:48,973] {processor.py:641} INFO - Processing file /opt/airflow/dags/ETL/Scripts/pip.exe for tasks to queue
[2023-12-06 11:48:48,974] {logging_mixin.py:115} INFO - [2023-12-06 11:48:48,974] {dagbag.py:508} INFO - Filling up the DagBag from /opt/airflow/dags/ETL/Scripts/pip.exe
[2023-12-06 11:48:48,982] {logging_mixin.py:115} INFO - [2023-12-06 11:48:48,982] {dagbag.py:371} INFO - File /opt/airflow/dags/ETL/Scripts/pip.exe:__main__.py assumed to contain no DAGs. Skipping.
[2023-12-06 11:48:48,982] {processor.py:653} WARNING - No viable dags retrieved from /opt/airflow/dags/ETL/Scripts/pip.exe
[2023-12-06 11:48:48,995] {processor.py:161} INFO - Processing /opt/airflow/dags/ETL/Scripts/pip.exe took 0.025 seconds
[2023-12-06 11:48:59,470] {processor.py:153} INFO - Started process (PID=3685) to work on /opt/airflow/dags/ETL/Scripts/pip.exe
[2023-12-06 11:48:59,471] {processor.py:641} INFO - Processing file /opt/airflow/dags/ETL/Scripts/pip.exe for tasks to queue
[2023-12-06 11:48:59,471] {logging_mixin.py:115} INFO - [2023-12-06 11:48:59,471] {dagbag.py:508} INFO - Filling up the DagBag from /opt/airflow/dags/ETL/Scripts/pip.exe
[2023-12-06 11:48:59,480] {logging_mixin.py:115} INFO - [2023-12-06 11:48:59,480] {dagbag.py:371} INFO - File /opt/airflow/dags/ETL/Scripts/pip.exe:__main__.py assumed to contain no DAGs. Skipping.
[2023-12-06 11:48:59,481] {processor.py:653} WARNING - No viable dags retrieved from /opt/airflow/dags/ETL/Scripts/pip.exe
[2023-12-06 11:48:59,493] {processor.py:161} INFO - Processing /opt/airflow/dags/ETL/Scripts/pip.exe took 0.026 seconds
[2023-12-06 11:49:09,911] {processor.py:153} INFO - Started process (PID=3731) to work on /opt/airflow/dags/ETL/Scripts/pip.exe
[2023-12-06 11:49:09,912] {processor.py:641} INFO - Processing file /opt/airflow/dags/ETL/Scripts/pip.exe for tasks to queue
[2023-12-06 11:49:09,913] {logging_mixin.py:115} INFO - [2023-12-06 11:49:09,913] {dagbag.py:508} INFO - Filling up the DagBag from /opt/airflow/dags/ETL/Scripts/pip.exe
[2023-12-06 11:49:09,921] {logging_mixin.py:115} INFO - [2023-12-06 11:49:09,921] {dagbag.py:371} INFO - File /opt/airflow/dags/ETL/Scripts/pip.exe:__main__.py assumed to contain no DAGs. Skipping.
[2023-12-06 11:49:09,922] {processor.py:653} WARNING - No viable dags retrieved from /opt/airflow/dags/ETL/Scripts/pip.exe
[2023-12-06 11:49:09,934] {processor.py:161} INFO - Processing /opt/airflow/dags/ETL/Scripts/pip.exe took 0.025 seconds
[2023-12-06 11:49:20,407] {processor.py:153} INFO - Started process (PID=3777) to work on /opt/airflow/dags/ETL/Scripts/pip.exe
[2023-12-06 11:49:20,408] {processor.py:641} INFO - Processing file /opt/airflow/dags/ETL/Scripts/pip.exe for tasks to queue
[2023-12-06 11:49:20,408] {logging_mixin.py:115} INFO - [2023-12-06 11:49:20,408] {dagbag.py:508} INFO - Filling up the DagBag from /opt/airflow/dags/ETL/Scripts/pip.exe
[2023-12-06 11:49:20,416] {logging_mixin.py:115} INFO - [2023-12-06 11:49:20,416] {dagbag.py:371} INFO - File /opt/airflow/dags/ETL/Scripts/pip.exe:__main__.py assumed to contain no DAGs. Skipping.
[2023-12-06 11:49:20,417] {processor.py:653} WARNING - No viable dags retrieved from /opt/airflow/dags/ETL/Scripts/pip.exe
[2023-12-06 11:49:20,471] {processor.py:161} INFO - Processing /opt/airflow/dags/ETL/Scripts/pip.exe took 0.067 seconds
[2023-12-06 11:49:30,925] {processor.py:153} INFO - Started process (PID=3823) to work on /opt/airflow/dags/ETL/Scripts/pip.exe
[2023-12-06 11:49:30,926] {processor.py:641} INFO - Processing file /opt/airflow/dags/ETL/Scripts/pip.exe for tasks to queue
[2023-12-06 11:49:30,926] {logging_mixin.py:115} INFO - [2023-12-06 11:49:30,926] {dagbag.py:508} INFO - Filling up the DagBag from /opt/airflow/dags/ETL/Scripts/pip.exe
[2023-12-06 11:49:30,934] {logging_mixin.py:115} INFO - [2023-12-06 11:49:30,934] {dagbag.py:371} INFO - File /opt/airflow/dags/ETL/Scripts/pip.exe:__main__.py assumed to contain no DAGs. Skipping.
[2023-12-06 11:49:30,934] {processor.py:653} WARNING - No viable dags retrieved from /opt/airflow/dags/ETL/Scripts/pip.exe
[2023-12-06 11:49:30,947] {processor.py:161} INFO - Processing /opt/airflow/dags/ETL/Scripts/pip.exe took 0.024 seconds
[2023-12-06 11:49:41,411] {processor.py:153} INFO - Started process (PID=3869) to work on /opt/airflow/dags/ETL/Scripts/pip.exe
[2023-12-06 11:49:41,411] {processor.py:641} INFO - Processing file /opt/airflow/dags/ETL/Scripts/pip.exe for tasks to queue
[2023-12-06 11:49:41,412] {logging_mixin.py:115} INFO - [2023-12-06 11:49:41,412] {dagbag.py:508} INFO - Filling up the DagBag from /opt/airflow/dags/ETL/Scripts/pip.exe
[2023-12-06 11:49:41,420] {logging_mixin.py:115} INFO - [2023-12-06 11:49:41,420] {dagbag.py:371} INFO - File /opt/airflow/dags/ETL/Scripts/pip.exe:__main__.py assumed to contain no DAGs. Skipping.
[2023-12-06 11:49:41,420] {processor.py:653} WARNING - No viable dags retrieved from /opt/airflow/dags/ETL/Scripts/pip.exe
[2023-12-06 11:49:41,432] {processor.py:161} INFO - Processing /opt/airflow/dags/ETL/Scripts/pip.exe took 0.024 seconds
[2023-12-06 11:49:51,803] {processor.py:153} INFO - Started process (PID=3915) to work on /opt/airflow/dags/ETL/Scripts/pip.exe
[2023-12-06 11:49:51,804] {processor.py:641} INFO - Processing file /opt/airflow/dags/ETL/Scripts/pip.exe for tasks to queue
[2023-12-06 11:49:51,804] {logging_mixin.py:115} INFO - [2023-12-06 11:49:51,804] {dagbag.py:508} INFO - Filling up the DagBag from /opt/airflow/dags/ETL/Scripts/pip.exe
[2023-12-06 11:49:51,813] {logging_mixin.py:115} INFO - [2023-12-06 11:49:51,813] {dagbag.py:371} INFO - File /opt/airflow/dags/ETL/Scripts/pip.exe:__main__.py assumed to contain no DAGs. Skipping.
[2023-12-06 11:49:51,813] {processor.py:653} WARNING - No viable dags retrieved from /opt/airflow/dags/ETL/Scripts/pip.exe
[2023-12-06 11:49:51,824] {processor.py:161} INFO - Processing /opt/airflow/dags/ETL/Scripts/pip.exe took 0.024 seconds
[2023-12-06 11:50:02,207] {processor.py:153} INFO - Started process (PID=3961) to work on /opt/airflow/dags/ETL/Scripts/pip.exe
[2023-12-06 11:50:02,207] {processor.py:641} INFO - Processing file /opt/airflow/dags/ETL/Scripts/pip.exe for tasks to queue
[2023-12-06 11:50:02,208] {logging_mixin.py:115} INFO - [2023-12-06 11:50:02,208] {dagbag.py:508} INFO - Filling up the DagBag from /opt/airflow/dags/ETL/Scripts/pip.exe
[2023-12-06 11:50:02,217] {logging_mixin.py:115} INFO - [2023-12-06 11:50:02,217] {dagbag.py:371} INFO - File /opt/airflow/dags/ETL/Scripts/pip.exe:__main__.py assumed to contain no DAGs. Skipping.
[2023-12-06 11:50:02,218] {processor.py:653} WARNING - No viable dags retrieved from /opt/airflow/dags/ETL/Scripts/pip.exe
[2023-12-06 11:50:02,230] {processor.py:161} INFO - Processing /opt/airflow/dags/ETL/Scripts/pip.exe took 0.027 seconds
[2023-12-06 11:50:12,683] {processor.py:153} INFO - Started process (PID=4007) to work on /opt/airflow/dags/ETL/Scripts/pip.exe
[2023-12-06 11:50:12,683] {processor.py:641} INFO - Processing file /opt/airflow/dags/ETL/Scripts/pip.exe for tasks to queue
[2023-12-06 11:50:12,684] {logging_mixin.py:115} INFO - [2023-12-06 11:50:12,684] {dagbag.py:508} INFO - Filling up the DagBag from /opt/airflow/dags/ETL/Scripts/pip.exe
[2023-12-06 11:50:12,692] {logging_mixin.py:115} INFO - [2023-12-06 11:50:12,692] {dagbag.py:371} INFO - File /opt/airflow/dags/ETL/Scripts/pip.exe:__main__.py assumed to contain no DAGs. Skipping.
[2023-12-06 11:50:12,692] {processor.py:653} WARNING - No viable dags retrieved from /opt/airflow/dags/ETL/Scripts/pip.exe
[2023-12-06 11:50:12,704] {processor.py:161} INFO - Processing /opt/airflow/dags/ETL/Scripts/pip.exe took 0.024 seconds
[2023-12-06 11:50:23,024] {processor.py:153} INFO - Started process (PID=4053) to work on /opt/airflow/dags/ETL/Scripts/pip.exe
[2023-12-06 11:50:23,024] {processor.py:641} INFO - Processing file /opt/airflow/dags/ETL/Scripts/pip.exe for tasks to queue
[2023-12-06 11:50:23,025] {logging_mixin.py:115} INFO - [2023-12-06 11:50:23,025] {dagbag.py:508} INFO - Filling up the DagBag from /opt/airflow/dags/ETL/Scripts/pip.exe
[2023-12-06 11:50:23,033] {logging_mixin.py:115} INFO - [2023-12-06 11:50:23,033] {dagbag.py:371} INFO - File /opt/airflow/dags/ETL/Scripts/pip.exe:__main__.py assumed to contain no DAGs. Skipping.
[2023-12-06 11:50:23,034] {processor.py:653} WARNING - No viable dags retrieved from /opt/airflow/dags/ETL/Scripts/pip.exe
[2023-12-06 11:50:23,047] {processor.py:161} INFO - Processing /opt/airflow/dags/ETL/Scripts/pip.exe took 0.026 seconds
[2023-12-06 11:50:33,409] {processor.py:153} INFO - Started process (PID=4099) to work on /opt/airflow/dags/ETL/Scripts/pip.exe
[2023-12-06 11:50:33,410] {processor.py:641} INFO - Processing file /opt/airflow/dags/ETL/Scripts/pip.exe for tasks to queue
[2023-12-06 11:50:33,410] {logging_mixin.py:115} INFO - [2023-12-06 11:50:33,410] {dagbag.py:508} INFO - Filling up the DagBag from /opt/airflow/dags/ETL/Scripts/pip.exe
[2023-12-06 11:50:33,418] {logging_mixin.py:115} INFO - [2023-12-06 11:50:33,418] {dagbag.py:371} INFO - File /opt/airflow/dags/ETL/Scripts/pip.exe:__main__.py assumed to contain no DAGs. Skipping.
[2023-12-06 11:50:33,419] {processor.py:653} WARNING - No viable dags retrieved from /opt/airflow/dags/ETL/Scripts/pip.exe
[2023-12-06 11:50:33,432] {processor.py:161} INFO - Processing /opt/airflow/dags/ETL/Scripts/pip.exe took 0.025 seconds
[2023-12-06 11:50:43,850] {processor.py:153} INFO - Started process (PID=4145) to work on /opt/airflow/dags/ETL/Scripts/pip.exe
[2023-12-06 11:50:43,850] {processor.py:641} INFO - Processing file /opt/airflow/dags/ETL/Scripts/pip.exe for tasks to queue
[2023-12-06 11:50:43,851] {logging_mixin.py:115} INFO - [2023-12-06 11:50:43,851] {dagbag.py:508} INFO - Filling up the DagBag from /opt/airflow/dags/ETL/Scripts/pip.exe
[2023-12-06 11:50:43,858] {logging_mixin.py:115} INFO - [2023-12-06 11:50:43,858] {dagbag.py:371} INFO - File /opt/airflow/dags/ETL/Scripts/pip.exe:__main__.py assumed to contain no DAGs. Skipping.
[2023-12-06 11:50:43,859] {processor.py:653} WARNING - No viable dags retrieved from /opt/airflow/dags/ETL/Scripts/pip.exe
[2023-12-06 11:50:43,876] {processor.py:161} INFO - Processing /opt/airflow/dags/ETL/Scripts/pip.exe took 0.030 seconds
[2023-12-06 11:50:54,278] {processor.py:153} INFO - Started process (PID=4191) to work on /opt/airflow/dags/ETL/Scripts/pip.exe
[2023-12-06 11:50:54,278] {processor.py:641} INFO - Processing file /opt/airflow/dags/ETL/Scripts/pip.exe for tasks to queue
[2023-12-06 11:50:54,279] {logging_mixin.py:115} INFO - [2023-12-06 11:50:54,279] {dagbag.py:508} INFO - Filling up the DagBag from /opt/airflow/dags/ETL/Scripts/pip.exe
[2023-12-06 11:50:54,286] {logging_mixin.py:115} INFO - [2023-12-06 11:50:54,285] {dagbag.py:371} INFO - File /opt/airflow/dags/ETL/Scripts/pip.exe:__main__.py assumed to contain no DAGs. Skipping.
[2023-12-06 11:50:54,286] {processor.py:653} WARNING - No viable dags retrieved from /opt/airflow/dags/ETL/Scripts/pip.exe
[2023-12-06 11:50:54,297] {processor.py:161} INFO - Processing /opt/airflow/dags/ETL/Scripts/pip.exe took 0.022 seconds
[2023-12-06 11:51:04,761] {processor.py:153} INFO - Started process (PID=4237) to work on /opt/airflow/dags/ETL/Scripts/pip.exe
[2023-12-06 11:51:04,762] {processor.py:641} INFO - Processing file /opt/airflow/dags/ETL/Scripts/pip.exe for tasks to queue
[2023-12-06 11:51:04,762] {logging_mixin.py:115} INFO - [2023-12-06 11:51:04,762] {dagbag.py:508} INFO - Filling up the DagBag from /opt/airflow/dags/ETL/Scripts/pip.exe
[2023-12-06 11:51:04,771] {logging_mixin.py:115} INFO - [2023-12-06 11:51:04,770] {dagbag.py:371} INFO - File /opt/airflow/dags/ETL/Scripts/pip.exe:__main__.py assumed to contain no DAGs. Skipping.
[2023-12-06 11:51:04,771] {processor.py:653} WARNING - No viable dags retrieved from /opt/airflow/dags/ETL/Scripts/pip.exe
[2023-12-06 11:51:04,783] {processor.py:161} INFO - Processing /opt/airflow/dags/ETL/Scripts/pip.exe took 0.026 seconds
[2023-12-06 11:51:15,139] {processor.py:153} INFO - Started process (PID=4283) to work on /opt/airflow/dags/ETL/Scripts/pip.exe
[2023-12-06 11:51:15,140] {processor.py:641} INFO - Processing file /opt/airflow/dags/ETL/Scripts/pip.exe for tasks to queue
[2023-12-06 11:51:15,140] {logging_mixin.py:115} INFO - [2023-12-06 11:51:15,140] {dagbag.py:508} INFO - Filling up the DagBag from /opt/airflow/dags/ETL/Scripts/pip.exe
[2023-12-06 11:51:15,150] {logging_mixin.py:115} INFO - [2023-12-06 11:51:15,150] {dagbag.py:371} INFO - File /opt/airflow/dags/ETL/Scripts/pip.exe:__main__.py assumed to contain no DAGs. Skipping.
[2023-12-06 11:51:15,151] {processor.py:653} WARNING - No viable dags retrieved from /opt/airflow/dags/ETL/Scripts/pip.exe
[2023-12-06 11:51:15,166] {processor.py:161} INFO - Processing /opt/airflow/dags/ETL/Scripts/pip.exe took 0.030 seconds
[2023-12-06 11:51:25,615] {processor.py:153} INFO - Started process (PID=4329) to work on /opt/airflow/dags/ETL/Scripts/pip.exe
[2023-12-06 11:51:25,615] {processor.py:641} INFO - Processing file /opt/airflow/dags/ETL/Scripts/pip.exe for tasks to queue
[2023-12-06 11:51:25,616] {logging_mixin.py:115} INFO - [2023-12-06 11:51:25,616] {dagbag.py:508} INFO - Filling up the DagBag from /opt/airflow/dags/ETL/Scripts/pip.exe
[2023-12-06 11:51:25,626] {logging_mixin.py:115} INFO - [2023-12-06 11:51:25,626] {dagbag.py:371} INFO - File /opt/airflow/dags/ETL/Scripts/pip.exe:__main__.py assumed to contain no DAGs. Skipping.
[2023-12-06 11:51:25,627] {processor.py:653} WARNING - No viable dags retrieved from /opt/airflow/dags/ETL/Scripts/pip.exe
[2023-12-06 11:51:25,646] {processor.py:161} INFO - Processing /opt/airflow/dags/ETL/Scripts/pip.exe took 0.035 seconds
[2023-12-06 11:51:36,099] {processor.py:153} INFO - Started process (PID=4375) to work on /opt/airflow/dags/ETL/Scripts/pip.exe
[2023-12-06 11:51:36,099] {processor.py:641} INFO - Processing file /opt/airflow/dags/ETL/Scripts/pip.exe for tasks to queue
[2023-12-06 11:51:36,100] {logging_mixin.py:115} INFO - [2023-12-06 11:51:36,100] {dagbag.py:508} INFO - Filling up the DagBag from /opt/airflow/dags/ETL/Scripts/pip.exe
[2023-12-06 11:51:36,108] {logging_mixin.py:115} INFO - [2023-12-06 11:51:36,108] {dagbag.py:371} INFO - File /opt/airflow/dags/ETL/Scripts/pip.exe:__main__.py assumed to contain no DAGs. Skipping.
[2023-12-06 11:51:36,109] {processor.py:653} WARNING - No viable dags retrieved from /opt/airflow/dags/ETL/Scripts/pip.exe
[2023-12-06 11:51:36,121] {processor.py:161} INFO - Processing /opt/airflow/dags/ETL/Scripts/pip.exe took 0.025 seconds
[2023-12-06 11:51:46,692] {processor.py:153} INFO - Started process (PID=4421) to work on /opt/airflow/dags/ETL/Scripts/pip.exe
[2023-12-06 11:51:46,692] {processor.py:641} INFO - Processing file /opt/airflow/dags/ETL/Scripts/pip.exe for tasks to queue
[2023-12-06 11:51:46,693] {logging_mixin.py:115} INFO - [2023-12-06 11:51:46,693] {dagbag.py:508} INFO - Filling up the DagBag from /opt/airflow/dags/ETL/Scripts/pip.exe
[2023-12-06 11:51:46,770] {logging_mixin.py:115} INFO - [2023-12-06 11:51:46,770] {dagbag.py:371} INFO - File /opt/airflow/dags/ETL/Scripts/pip.exe:__main__.py assumed to contain no DAGs. Skipping.
[2023-12-06 11:51:46,828] {processor.py:653} WARNING - No viable dags retrieved from /opt/airflow/dags/ETL/Scripts/pip.exe
[2023-12-06 11:51:46,846] {processor.py:161} INFO - Processing /opt/airflow/dags/ETL/Scripts/pip.exe took 0.158 seconds
[2023-12-06 11:51:57,770] {processor.py:153} INFO - Started process (PID=4467) to work on /opt/airflow/dags/ETL/Scripts/pip.exe
[2023-12-06 11:51:57,771] {processor.py:641} INFO - Processing file /opt/airflow/dags/ETL/Scripts/pip.exe for tasks to queue
[2023-12-06 11:51:57,771] {logging_mixin.py:115} INFO - [2023-12-06 11:51:57,771] {dagbag.py:508} INFO - Filling up the DagBag from /opt/airflow/dags/ETL/Scripts/pip.exe
[2023-12-06 11:51:57,782] {logging_mixin.py:115} INFO - [2023-12-06 11:51:57,781] {dagbag.py:371} INFO - File /opt/airflow/dags/ETL/Scripts/pip.exe:__main__.py assumed to contain no DAGs. Skipping.
[2023-12-06 11:51:57,783] {processor.py:653} WARNING - No viable dags retrieved from /opt/airflow/dags/ETL/Scripts/pip.exe
[2023-12-06 11:51:57,832] {processor.py:161} INFO - Processing /opt/airflow/dags/ETL/Scripts/pip.exe took 0.066 seconds
[2023-12-06 11:52:08,421] {processor.py:153} INFO - Started process (PID=4513) to work on /opt/airflow/dags/ETL/Scripts/pip.exe
[2023-12-06 11:52:08,454] {processor.py:641} INFO - Processing file /opt/airflow/dags/ETL/Scripts/pip.exe for tasks to queue
[2023-12-06 11:52:08,454] {logging_mixin.py:115} INFO - [2023-12-06 11:52:08,454] {dagbag.py:508} INFO - Filling up the DagBag from /opt/airflow/dags/ETL/Scripts/pip.exe
[2023-12-06 11:52:08,466] {logging_mixin.py:115} INFO - [2023-12-06 11:52:08,466] {dagbag.py:371} INFO - File /opt/airflow/dags/ETL/Scripts/pip.exe:__main__.py assumed to contain no DAGs. Skipping.
[2023-12-06 11:52:08,467] {processor.py:653} WARNING - No viable dags retrieved from /opt/airflow/dags/ETL/Scripts/pip.exe
[2023-12-06 11:52:08,483] {processor.py:161} INFO - Processing /opt/airflow/dags/ETL/Scripts/pip.exe took 0.066 seconds
[2023-12-06 11:52:18,862] {processor.py:153} INFO - Started process (PID=4559) to work on /opt/airflow/dags/ETL/Scripts/pip.exe
[2023-12-06 11:52:18,862] {processor.py:641} INFO - Processing file /opt/airflow/dags/ETL/Scripts/pip.exe for tasks to queue
[2023-12-06 11:52:18,863] {logging_mixin.py:115} INFO - [2023-12-06 11:52:18,863] {dagbag.py:508} INFO - Filling up the DagBag from /opt/airflow/dags/ETL/Scripts/pip.exe
[2023-12-06 11:52:18,872] {logging_mixin.py:115} INFO - [2023-12-06 11:52:18,872] {dagbag.py:371} INFO - File /opt/airflow/dags/ETL/Scripts/pip.exe:__main__.py assumed to contain no DAGs. Skipping.
[2023-12-06 11:52:18,872] {processor.py:653} WARNING - No viable dags retrieved from /opt/airflow/dags/ETL/Scripts/pip.exe
[2023-12-06 11:52:18,885] {processor.py:161} INFO - Processing /opt/airflow/dags/ETL/Scripts/pip.exe took 0.025 seconds
[2023-12-06 11:52:37,440] {processor.py:153} INFO - Started process (PID=4608) to work on /opt/airflow/dags/ETL/Scripts/pip.exe
[2023-12-06 11:52:37,441] {processor.py:641} INFO - Processing file /opt/airflow/dags/ETL/Scripts/pip.exe for tasks to queue
[2023-12-06 11:52:37,442] {logging_mixin.py:115} INFO - [2023-12-06 11:52:37,441] {dagbag.py:508} INFO - Filling up the DagBag from /opt/airflow/dags/ETL/Scripts/pip.exe
[2023-12-06 11:52:37,451] {logging_mixin.py:115} INFO - [2023-12-06 11:52:37,451] {dagbag.py:371} INFO - File /opt/airflow/dags/ETL/Scripts/pip.exe:__main__.py assumed to contain no DAGs. Skipping.
[2023-12-06 11:52:37,452] {processor.py:653} WARNING - No viable dags retrieved from /opt/airflow/dags/ETL/Scripts/pip.exe
[2023-12-06 11:52:37,467] {processor.py:161} INFO - Processing /opt/airflow/dags/ETL/Scripts/pip.exe took 0.032 seconds
[2023-12-06 11:52:48,369] {processor.py:153} INFO - Started process (PID=4654) to work on /opt/airflow/dags/ETL/Scripts/pip.exe
[2023-12-06 11:52:48,370] {processor.py:641} INFO - Processing file /opt/airflow/dags/ETL/Scripts/pip.exe for tasks to queue
[2023-12-06 11:52:48,372] {logging_mixin.py:115} INFO - [2023-12-06 11:52:48,372] {dagbag.py:508} INFO - Filling up the DagBag from /opt/airflow/dags/ETL/Scripts/pip.exe
[2023-12-06 11:52:48,383] {logging_mixin.py:115} INFO - [2023-12-06 11:52:48,383] {dagbag.py:371} INFO - File /opt/airflow/dags/ETL/Scripts/pip.exe:__main__.py assumed to contain no DAGs. Skipping.
[2023-12-06 11:52:48,384] {processor.py:653} WARNING - No viable dags retrieved from /opt/airflow/dags/ETL/Scripts/pip.exe
[2023-12-06 11:52:48,401] {processor.py:161} INFO - Processing /opt/airflow/dags/ETL/Scripts/pip.exe took 0.036 seconds
[2023-12-06 11:52:59,268] {processor.py:153} INFO - Started process (PID=4700) to work on /opt/airflow/dags/ETL/Scripts/pip.exe
[2023-12-06 11:52:59,270] {processor.py:641} INFO - Processing file /opt/airflow/dags/ETL/Scripts/pip.exe for tasks to queue
[2023-12-06 11:52:59,271] {logging_mixin.py:115} INFO - [2023-12-06 11:52:59,271] {dagbag.py:508} INFO - Filling up the DagBag from /opt/airflow/dags/ETL/Scripts/pip.exe
[2023-12-06 11:52:59,283] {logging_mixin.py:115} INFO - [2023-12-06 11:52:59,283] {dagbag.py:371} INFO - File /opt/airflow/dags/ETL/Scripts/pip.exe:__main__.py assumed to contain no DAGs. Skipping.
[2023-12-06 11:52:59,284] {processor.py:653} WARNING - No viable dags retrieved from /opt/airflow/dags/ETL/Scripts/pip.exe
[2023-12-06 11:52:59,299] {processor.py:161} INFO - Processing /opt/airflow/dags/ETL/Scripts/pip.exe took 0.034 seconds
[2023-12-06 11:53:09,908] {processor.py:153} INFO - Started process (PID=4746) to work on /opt/airflow/dags/ETL/Scripts/pip.exe
[2023-12-06 11:53:09,908] {processor.py:641} INFO - Processing file /opt/airflow/dags/ETL/Scripts/pip.exe for tasks to queue
[2023-12-06 11:53:09,909] {logging_mixin.py:115} INFO - [2023-12-06 11:53:09,909] {dagbag.py:508} INFO - Filling up the DagBag from /opt/airflow/dags/ETL/Scripts/pip.exe
[2023-12-06 11:53:09,918] {logging_mixin.py:115} INFO - [2023-12-06 11:53:09,918] {dagbag.py:371} INFO - File /opt/airflow/dags/ETL/Scripts/pip.exe:__main__.py assumed to contain no DAGs. Skipping.
[2023-12-06 11:53:09,919] {processor.py:653} WARNING - No viable dags retrieved from /opt/airflow/dags/ETL/Scripts/pip.exe
[2023-12-06 11:53:09,936] {processor.py:161} INFO - Processing /opt/airflow/dags/ETL/Scripts/pip.exe took 0.034 seconds
[2023-12-06 11:53:20,559] {processor.py:153} INFO - Started process (PID=4792) to work on /opt/airflow/dags/ETL/Scripts/pip.exe
[2023-12-06 11:53:20,560] {processor.py:641} INFO - Processing file /opt/airflow/dags/ETL/Scripts/pip.exe for tasks to queue
[2023-12-06 11:53:20,560] {logging_mixin.py:115} INFO - [2023-12-06 11:53:20,560] {dagbag.py:508} INFO - Filling up the DagBag from /opt/airflow/dags/ETL/Scripts/pip.exe
[2023-12-06 11:53:20,570] {logging_mixin.py:115} INFO - [2023-12-06 11:53:20,569] {dagbag.py:371} INFO - File /opt/airflow/dags/ETL/Scripts/pip.exe:__main__.py assumed to contain no DAGs. Skipping.
[2023-12-06 11:53:20,572] {processor.py:653} WARNING - No viable dags retrieved from /opt/airflow/dags/ETL/Scripts/pip.exe
[2023-12-06 11:53:20,585] {processor.py:161} INFO - Processing /opt/airflow/dags/ETL/Scripts/pip.exe took 0.030 seconds
[2023-12-06 11:53:31,384] {processor.py:153} INFO - Started process (PID=4838) to work on /opt/airflow/dags/ETL/Scripts/pip.exe
[2023-12-06 11:53:31,385] {processor.py:641} INFO - Processing file /opt/airflow/dags/ETL/Scripts/pip.exe for tasks to queue
[2023-12-06 11:53:31,386] {logging_mixin.py:115} INFO - [2023-12-06 11:53:31,386] {dagbag.py:508} INFO - Filling up the DagBag from /opt/airflow/dags/ETL/Scripts/pip.exe
[2023-12-06 11:53:31,399] {logging_mixin.py:115} INFO - [2023-12-06 11:53:31,399] {dagbag.py:371} INFO - File /opt/airflow/dags/ETL/Scripts/pip.exe:__main__.py assumed to contain no DAGs. Skipping.
[2023-12-06 11:53:31,401] {processor.py:653} WARNING - No viable dags retrieved from /opt/airflow/dags/ETL/Scripts/pip.exe
[2023-12-06 11:53:31,426] {processor.py:161} INFO - Processing /opt/airflow/dags/ETL/Scripts/pip.exe took 0.047 seconds
