[2023-12-06 11:37:40,210] {processor.py:153} INFO - Started process (PID=741) to work on /opt/airflow/dags/ETL/Scripts/pip3.10.exe
[2023-12-06 11:37:40,211] {processor.py:641} INFO - Processing file /opt/airflow/dags/ETL/Scripts/pip3.10.exe for tasks to queue
[2023-12-06 11:37:40,211] {logging_mixin.py:115} INFO - [2023-12-06 11:37:40,211] {dagbag.py:508} INFO - Filling up the DagBag from /opt/airflow/dags/ETL/Scripts/pip3.10.exe
[2023-12-06 11:37:40,218] {logging_mixin.py:115} INFO - [2023-12-06 11:37:40,218] {dagbag.py:371} INFO - File /opt/airflow/dags/ETL/Scripts/pip3.10.exe:__main__.py assumed to contain no DAGs. Skipping.
[2023-12-06 11:37:40,219] {processor.py:653} WARNING - No viable dags retrieved from /opt/airflow/dags/ETL/Scripts/pip3.10.exe
[2023-12-06 11:37:40,235] {processor.py:161} INFO - Processing /opt/airflow/dags/ETL/Scripts/pip3.10.exe took 0.028 seconds
[2023-12-06 11:37:50,628] {processor.py:153} INFO - Started process (PID=787) to work on /opt/airflow/dags/ETL/Scripts/pip3.10.exe
[2023-12-06 11:37:50,628] {processor.py:641} INFO - Processing file /opt/airflow/dags/ETL/Scripts/pip3.10.exe for tasks to queue
[2023-12-06 11:37:50,629] {logging_mixin.py:115} INFO - [2023-12-06 11:37:50,629] {dagbag.py:508} INFO - Filling up the DagBag from /opt/airflow/dags/ETL/Scripts/pip3.10.exe
[2023-12-06 11:37:50,637] {logging_mixin.py:115} INFO - [2023-12-06 11:37:50,637] {dagbag.py:371} INFO - File /opt/airflow/dags/ETL/Scripts/pip3.10.exe:__main__.py assumed to contain no DAGs. Skipping.
[2023-12-06 11:37:50,637] {processor.py:653} WARNING - No viable dags retrieved from /opt/airflow/dags/ETL/Scripts/pip3.10.exe
[2023-12-06 11:37:50,650] {processor.py:161} INFO - Processing /opt/airflow/dags/ETL/Scripts/pip3.10.exe took 0.026 seconds
[2023-12-06 11:38:01,217] {processor.py:153} INFO - Started process (PID=835) to work on /opt/airflow/dags/ETL/Scripts/pip3.10.exe
[2023-12-06 11:38:01,218] {processor.py:641} INFO - Processing file /opt/airflow/dags/ETL/Scripts/pip3.10.exe for tasks to queue
[2023-12-06 11:38:01,218] {logging_mixin.py:115} INFO - [2023-12-06 11:38:01,218] {dagbag.py:508} INFO - Filling up the DagBag from /opt/airflow/dags/ETL/Scripts/pip3.10.exe
[2023-12-06 11:38:01,227] {logging_mixin.py:115} INFO - [2023-12-06 11:38:01,227] {dagbag.py:371} INFO - File /opt/airflow/dags/ETL/Scripts/pip3.10.exe:__main__.py assumed to contain no DAGs. Skipping.
[2023-12-06 11:38:01,227] {processor.py:653} WARNING - No viable dags retrieved from /opt/airflow/dags/ETL/Scripts/pip3.10.exe
[2023-12-06 11:38:01,240] {processor.py:161} INFO - Processing /opt/airflow/dags/ETL/Scripts/pip3.10.exe took 0.026 seconds
[2023-12-06 11:38:11,555] {processor.py:153} INFO - Started process (PID=882) to work on /opt/airflow/dags/ETL/Scripts/pip3.10.exe
[2023-12-06 11:38:11,556] {processor.py:641} INFO - Processing file /opt/airflow/dags/ETL/Scripts/pip3.10.exe for tasks to queue
[2023-12-06 11:38:11,557] {logging_mixin.py:115} INFO - [2023-12-06 11:38:11,557] {dagbag.py:508} INFO - Filling up the DagBag from /opt/airflow/dags/ETL/Scripts/pip3.10.exe
[2023-12-06 11:38:11,564] {logging_mixin.py:115} INFO - [2023-12-06 11:38:11,564] {dagbag.py:371} INFO - File /opt/airflow/dags/ETL/Scripts/pip3.10.exe:__main__.py assumed to contain no DAGs. Skipping.
[2023-12-06 11:38:11,565] {processor.py:653} WARNING - No viable dags retrieved from /opt/airflow/dags/ETL/Scripts/pip3.10.exe
[2023-12-06 11:38:11,577] {processor.py:161} INFO - Processing /opt/airflow/dags/ETL/Scripts/pip3.10.exe took 0.024 seconds
[2023-12-06 11:38:21,907] {processor.py:153} INFO - Started process (PID=931) to work on /opt/airflow/dags/ETL/Scripts/pip3.10.exe
[2023-12-06 11:38:21,907] {processor.py:641} INFO - Processing file /opt/airflow/dags/ETL/Scripts/pip3.10.exe for tasks to queue
[2023-12-06 11:38:21,908] {logging_mixin.py:115} INFO - [2023-12-06 11:38:21,908] {dagbag.py:508} INFO - Filling up the DagBag from /opt/airflow/dags/ETL/Scripts/pip3.10.exe
[2023-12-06 11:38:21,916] {logging_mixin.py:115} INFO - [2023-12-06 11:38:21,916] {dagbag.py:371} INFO - File /opt/airflow/dags/ETL/Scripts/pip3.10.exe:__main__.py assumed to contain no DAGs. Skipping.
[2023-12-06 11:38:21,917] {processor.py:653} WARNING - No viable dags retrieved from /opt/airflow/dags/ETL/Scripts/pip3.10.exe
[2023-12-06 11:38:21,929] {processor.py:161} INFO - Processing /opt/airflow/dags/ETL/Scripts/pip3.10.exe took 0.025 seconds
[2023-12-06 11:38:32,288] {processor.py:153} INFO - Started process (PID=977) to work on /opt/airflow/dags/ETL/Scripts/pip3.10.exe
[2023-12-06 11:38:32,288] {processor.py:641} INFO - Processing file /opt/airflow/dags/ETL/Scripts/pip3.10.exe for tasks to queue
[2023-12-06 11:38:32,289] {logging_mixin.py:115} INFO - [2023-12-06 11:38:32,289] {dagbag.py:508} INFO - Filling up the DagBag from /opt/airflow/dags/ETL/Scripts/pip3.10.exe
[2023-12-06 11:38:32,297] {logging_mixin.py:115} INFO - [2023-12-06 11:38:32,297] {dagbag.py:371} INFO - File /opt/airflow/dags/ETL/Scripts/pip3.10.exe:__main__.py assumed to contain no DAGs. Skipping.
[2023-12-06 11:38:32,298] {processor.py:653} WARNING - No viable dags retrieved from /opt/airflow/dags/ETL/Scripts/pip3.10.exe
[2023-12-06 11:38:32,310] {processor.py:161} INFO - Processing /opt/airflow/dags/ETL/Scripts/pip3.10.exe took 0.025 seconds
[2023-12-06 11:38:42,902] {processor.py:153} INFO - Started process (PID=1028) to work on /opt/airflow/dags/ETL/Scripts/pip3.10.exe
[2023-12-06 11:38:42,903] {processor.py:641} INFO - Processing file /opt/airflow/dags/ETL/Scripts/pip3.10.exe for tasks to queue
[2023-12-06 11:38:42,904] {logging_mixin.py:115} INFO - [2023-12-06 11:38:42,904] {dagbag.py:508} INFO - Filling up the DagBag from /opt/airflow/dags/ETL/Scripts/pip3.10.exe
[2023-12-06 11:38:42,911] {logging_mixin.py:115} INFO - [2023-12-06 11:38:42,910] {dagbag.py:371} INFO - File /opt/airflow/dags/ETL/Scripts/pip3.10.exe:__main__.py assumed to contain no DAGs. Skipping.
[2023-12-06 11:38:42,911] {processor.py:653} WARNING - No viable dags retrieved from /opt/airflow/dags/ETL/Scripts/pip3.10.exe
[2023-12-06 11:38:42,932] {processor.py:161} INFO - Processing /opt/airflow/dags/ETL/Scripts/pip3.10.exe took 0.034 seconds
[2023-12-06 11:38:53,306] {processor.py:153} INFO - Started process (PID=1072) to work on /opt/airflow/dags/ETL/Scripts/pip3.10.exe
[2023-12-06 11:38:53,307] {processor.py:641} INFO - Processing file /opt/airflow/dags/ETL/Scripts/pip3.10.exe for tasks to queue
[2023-12-06 11:38:53,308] {logging_mixin.py:115} INFO - [2023-12-06 11:38:53,307] {dagbag.py:508} INFO - Filling up the DagBag from /opt/airflow/dags/ETL/Scripts/pip3.10.exe
[2023-12-06 11:38:53,317] {logging_mixin.py:115} INFO - [2023-12-06 11:38:53,317] {dagbag.py:371} INFO - File /opt/airflow/dags/ETL/Scripts/pip3.10.exe:__main__.py assumed to contain no DAGs. Skipping.
[2023-12-06 11:38:53,318] {processor.py:653} WARNING - No viable dags retrieved from /opt/airflow/dags/ETL/Scripts/pip3.10.exe
[2023-12-06 11:38:53,332] {processor.py:161} INFO - Processing /opt/airflow/dags/ETL/Scripts/pip3.10.exe took 0.030 seconds
[2023-12-06 11:39:03,724] {processor.py:153} INFO - Started process (PID=1120) to work on /opt/airflow/dags/ETL/Scripts/pip3.10.exe
[2023-12-06 11:39:03,725] {processor.py:641} INFO - Processing file /opt/airflow/dags/ETL/Scripts/pip3.10.exe for tasks to queue
[2023-12-06 11:39:03,725] {logging_mixin.py:115} INFO - [2023-12-06 11:39:03,725] {dagbag.py:508} INFO - Filling up the DagBag from /opt/airflow/dags/ETL/Scripts/pip3.10.exe
[2023-12-06 11:39:03,733] {logging_mixin.py:115} INFO - [2023-12-06 11:39:03,733] {dagbag.py:371} INFO - File /opt/airflow/dags/ETL/Scripts/pip3.10.exe:__main__.py assumed to contain no DAGs. Skipping.
[2023-12-06 11:39:03,733] {processor.py:653} WARNING - No viable dags retrieved from /opt/airflow/dags/ETL/Scripts/pip3.10.exe
[2023-12-06 11:39:03,747] {processor.py:161} INFO - Processing /opt/airflow/dags/ETL/Scripts/pip3.10.exe took 0.026 seconds
[2023-12-06 11:39:14,240] {processor.py:153} INFO - Started process (PID=1163) to work on /opt/airflow/dags/ETL/Scripts/pip3.10.exe
[2023-12-06 11:39:14,241] {processor.py:641} INFO - Processing file /opt/airflow/dags/ETL/Scripts/pip3.10.exe for tasks to queue
[2023-12-06 11:39:14,242] {logging_mixin.py:115} INFO - [2023-12-06 11:39:14,242] {dagbag.py:508} INFO - Filling up the DagBag from /opt/airflow/dags/ETL/Scripts/pip3.10.exe
[2023-12-06 11:39:14,254] {logging_mixin.py:115} INFO - [2023-12-06 11:39:14,254] {dagbag.py:371} INFO - File /opt/airflow/dags/ETL/Scripts/pip3.10.exe:__main__.py assumed to contain no DAGs. Skipping.
[2023-12-06 11:39:14,255] {processor.py:653} WARNING - No viable dags retrieved from /opt/airflow/dags/ETL/Scripts/pip3.10.exe
[2023-12-06 11:39:14,273] {processor.py:161} INFO - Processing /opt/airflow/dags/ETL/Scripts/pip3.10.exe took 0.039 seconds
[2023-12-06 11:39:24,650] {processor.py:153} INFO - Started process (PID=1210) to work on /opt/airflow/dags/ETL/Scripts/pip3.10.exe
[2023-12-06 11:39:24,650] {processor.py:641} INFO - Processing file /opt/airflow/dags/ETL/Scripts/pip3.10.exe for tasks to queue
[2023-12-06 11:39:24,651] {logging_mixin.py:115} INFO - [2023-12-06 11:39:24,651] {dagbag.py:508} INFO - Filling up the DagBag from /opt/airflow/dags/ETL/Scripts/pip3.10.exe
[2023-12-06 11:39:24,659] {logging_mixin.py:115} INFO - [2023-12-06 11:39:24,659] {dagbag.py:371} INFO - File /opt/airflow/dags/ETL/Scripts/pip3.10.exe:__main__.py assumed to contain no DAGs. Skipping.
[2023-12-06 11:39:24,660] {processor.py:653} WARNING - No viable dags retrieved from /opt/airflow/dags/ETL/Scripts/pip3.10.exe
[2023-12-06 11:39:24,672] {processor.py:161} INFO - Processing /opt/airflow/dags/ETL/Scripts/pip3.10.exe took 0.025 seconds
[2023-12-06 11:39:35,022] {processor.py:153} INFO - Started process (PID=1256) to work on /opt/airflow/dags/ETL/Scripts/pip3.10.exe
[2023-12-06 11:39:35,023] {processor.py:641} INFO - Processing file /opt/airflow/dags/ETL/Scripts/pip3.10.exe for tasks to queue
[2023-12-06 11:39:35,023] {logging_mixin.py:115} INFO - [2023-12-06 11:39:35,023] {dagbag.py:508} INFO - Filling up the DagBag from /opt/airflow/dags/ETL/Scripts/pip3.10.exe
[2023-12-06 11:39:35,032] {logging_mixin.py:115} INFO - [2023-12-06 11:39:35,032] {dagbag.py:371} INFO - File /opt/airflow/dags/ETL/Scripts/pip3.10.exe:__main__.py assumed to contain no DAGs. Skipping.
[2023-12-06 11:39:35,033] {processor.py:653} WARNING - No viable dags retrieved from /opt/airflow/dags/ETL/Scripts/pip3.10.exe
[2023-12-06 11:39:35,047] {processor.py:161} INFO - Processing /opt/airflow/dags/ETL/Scripts/pip3.10.exe took 0.029 seconds
[2023-12-06 11:39:45,396] {processor.py:153} INFO - Started process (PID=1302) to work on /opt/airflow/dags/ETL/Scripts/pip3.10.exe
[2023-12-06 11:39:45,396] {processor.py:641} INFO - Processing file /opt/airflow/dags/ETL/Scripts/pip3.10.exe for tasks to queue
[2023-12-06 11:39:45,397] {logging_mixin.py:115} INFO - [2023-12-06 11:39:45,397] {dagbag.py:508} INFO - Filling up the DagBag from /opt/airflow/dags/ETL/Scripts/pip3.10.exe
[2023-12-06 11:39:45,406] {logging_mixin.py:115} INFO - [2023-12-06 11:39:45,405] {dagbag.py:371} INFO - File /opt/airflow/dags/ETL/Scripts/pip3.10.exe:__main__.py assumed to contain no DAGs. Skipping.
[2023-12-06 11:39:45,406] {processor.py:653} WARNING - No viable dags retrieved from /opt/airflow/dags/ETL/Scripts/pip3.10.exe
[2023-12-06 11:39:45,419] {processor.py:161} INFO - Processing /opt/airflow/dags/ETL/Scripts/pip3.10.exe took 0.026 seconds
[2023-12-06 11:39:55,811] {processor.py:153} INFO - Started process (PID=1348) to work on /opt/airflow/dags/ETL/Scripts/pip3.10.exe
[2023-12-06 11:39:55,812] {processor.py:641} INFO - Processing file /opt/airflow/dags/ETL/Scripts/pip3.10.exe for tasks to queue
[2023-12-06 11:39:55,813] {logging_mixin.py:115} INFO - [2023-12-06 11:39:55,813] {dagbag.py:508} INFO - Filling up the DagBag from /opt/airflow/dags/ETL/Scripts/pip3.10.exe
[2023-12-06 11:39:55,822] {logging_mixin.py:115} INFO - [2023-12-06 11:39:55,822] {dagbag.py:371} INFO - File /opt/airflow/dags/ETL/Scripts/pip3.10.exe:__main__.py assumed to contain no DAGs. Skipping.
[2023-12-06 11:39:55,822] {processor.py:653} WARNING - No viable dags retrieved from /opt/airflow/dags/ETL/Scripts/pip3.10.exe
[2023-12-06 11:39:55,834] {processor.py:161} INFO - Processing /opt/airflow/dags/ETL/Scripts/pip3.10.exe took 0.026 seconds
[2023-12-06 11:40:06,165] {processor.py:153} INFO - Started process (PID=1394) to work on /opt/airflow/dags/ETL/Scripts/pip3.10.exe
[2023-12-06 11:40:06,166] {processor.py:641} INFO - Processing file /opt/airflow/dags/ETL/Scripts/pip3.10.exe for tasks to queue
[2023-12-06 11:40:06,166] {logging_mixin.py:115} INFO - [2023-12-06 11:40:06,166] {dagbag.py:508} INFO - Filling up the DagBag from /opt/airflow/dags/ETL/Scripts/pip3.10.exe
[2023-12-06 11:40:06,174] {logging_mixin.py:115} INFO - [2023-12-06 11:40:06,174] {dagbag.py:371} INFO - File /opt/airflow/dags/ETL/Scripts/pip3.10.exe:__main__.py assumed to contain no DAGs. Skipping.
[2023-12-06 11:40:06,175] {processor.py:653} WARNING - No viable dags retrieved from /opt/airflow/dags/ETL/Scripts/pip3.10.exe
[2023-12-06 11:40:06,187] {processor.py:161} INFO - Processing /opt/airflow/dags/ETL/Scripts/pip3.10.exe took 0.024 seconds
[2023-12-06 11:40:16,579] {processor.py:153} INFO - Started process (PID=1442) to work on /opt/airflow/dags/ETL/Scripts/pip3.10.exe
[2023-12-06 11:40:16,580] {processor.py:641} INFO - Processing file /opt/airflow/dags/ETL/Scripts/pip3.10.exe for tasks to queue
[2023-12-06 11:40:16,580] {logging_mixin.py:115} INFO - [2023-12-06 11:40:16,580] {dagbag.py:508} INFO - Filling up the DagBag from /opt/airflow/dags/ETL/Scripts/pip3.10.exe
[2023-12-06 11:40:16,590] {logging_mixin.py:115} INFO - [2023-12-06 11:40:16,590] {dagbag.py:371} INFO - File /opt/airflow/dags/ETL/Scripts/pip3.10.exe:__main__.py assumed to contain no DAGs. Skipping.
[2023-12-06 11:40:16,592] {processor.py:653} WARNING - No viable dags retrieved from /opt/airflow/dags/ETL/Scripts/pip3.10.exe
[2023-12-06 11:40:16,611] {processor.py:161} INFO - Processing /opt/airflow/dags/ETL/Scripts/pip3.10.exe took 0.035 seconds
[2023-12-06 11:40:27,000] {processor.py:153} INFO - Started process (PID=1488) to work on /opt/airflow/dags/ETL/Scripts/pip3.10.exe
[2023-12-06 11:40:27,000] {processor.py:641} INFO - Processing file /opt/airflow/dags/ETL/Scripts/pip3.10.exe for tasks to queue
[2023-12-06 11:40:27,001] {logging_mixin.py:115} INFO - [2023-12-06 11:40:27,001] {dagbag.py:508} INFO - Filling up the DagBag from /opt/airflow/dags/ETL/Scripts/pip3.10.exe
[2023-12-06 11:40:27,009] {logging_mixin.py:115} INFO - [2023-12-06 11:40:27,009] {dagbag.py:371} INFO - File /opt/airflow/dags/ETL/Scripts/pip3.10.exe:__main__.py assumed to contain no DAGs. Skipping.
[2023-12-06 11:40:27,010] {processor.py:653} WARNING - No viable dags retrieved from /opt/airflow/dags/ETL/Scripts/pip3.10.exe
[2023-12-06 11:40:27,022] {processor.py:161} INFO - Processing /opt/airflow/dags/ETL/Scripts/pip3.10.exe took 0.025 seconds
[2023-12-06 11:40:37,390] {processor.py:153} INFO - Started process (PID=1534) to work on /opt/airflow/dags/ETL/Scripts/pip3.10.exe
[2023-12-06 11:40:37,391] {processor.py:641} INFO - Processing file /opt/airflow/dags/ETL/Scripts/pip3.10.exe for tasks to queue
[2023-12-06 11:40:37,391] {logging_mixin.py:115} INFO - [2023-12-06 11:40:37,391] {dagbag.py:508} INFO - Filling up the DagBag from /opt/airflow/dags/ETL/Scripts/pip3.10.exe
[2023-12-06 11:40:37,400] {logging_mixin.py:115} INFO - [2023-12-06 11:40:37,400] {dagbag.py:371} INFO - File /opt/airflow/dags/ETL/Scripts/pip3.10.exe:__main__.py assumed to contain no DAGs. Skipping.
[2023-12-06 11:40:37,400] {processor.py:653} WARNING - No viable dags retrieved from /opt/airflow/dags/ETL/Scripts/pip3.10.exe
[2023-12-06 11:40:37,413] {processor.py:161} INFO - Processing /opt/airflow/dags/ETL/Scripts/pip3.10.exe took 0.025 seconds
[2023-12-06 11:40:47,717] {processor.py:153} INFO - Started process (PID=1572) to work on /opt/airflow/dags/ETL/Scripts/pip3.10.exe
[2023-12-06 11:40:47,718] {processor.py:641} INFO - Processing file /opt/airflow/dags/ETL/Scripts/pip3.10.exe for tasks to queue
[2023-12-06 11:40:47,719] {logging_mixin.py:115} INFO - [2023-12-06 11:40:47,719] {dagbag.py:508} INFO - Filling up the DagBag from /opt/airflow/dags/ETL/Scripts/pip3.10.exe
[2023-12-06 11:40:47,725] {logging_mixin.py:115} INFO - [2023-12-06 11:40:47,725] {dagbag.py:371} INFO - File /opt/airflow/dags/ETL/Scripts/pip3.10.exe:__main__.py assumed to contain no DAGs. Skipping.
[2023-12-06 11:40:47,726] {processor.py:653} WARNING - No viable dags retrieved from /opt/airflow/dags/ETL/Scripts/pip3.10.exe
[2023-12-06 11:40:47,738] {processor.py:161} INFO - Processing /opt/airflow/dags/ETL/Scripts/pip3.10.exe took 0.024 seconds
[2023-12-06 11:40:58,059] {processor.py:153} INFO - Started process (PID=1618) to work on /opt/airflow/dags/ETL/Scripts/pip3.10.exe
[2023-12-06 11:40:58,060] {processor.py:641} INFO - Processing file /opt/airflow/dags/ETL/Scripts/pip3.10.exe for tasks to queue
[2023-12-06 11:40:58,061] {logging_mixin.py:115} INFO - [2023-12-06 11:40:58,060] {dagbag.py:508} INFO - Filling up the DagBag from /opt/airflow/dags/ETL/Scripts/pip3.10.exe
[2023-12-06 11:40:58,068] {logging_mixin.py:115} INFO - [2023-12-06 11:40:58,068] {dagbag.py:371} INFO - File /opt/airflow/dags/ETL/Scripts/pip3.10.exe:__main__.py assumed to contain no DAGs. Skipping.
[2023-12-06 11:40:58,069] {processor.py:653} WARNING - No viable dags retrieved from /opt/airflow/dags/ETL/Scripts/pip3.10.exe
[2023-12-06 11:40:58,081] {processor.py:161} INFO - Processing /opt/airflow/dags/ETL/Scripts/pip3.10.exe took 0.024 seconds
[2023-12-06 11:41:08,515] {processor.py:153} INFO - Started process (PID=1666) to work on /opt/airflow/dags/ETL/Scripts/pip3.10.exe
[2023-12-06 11:41:08,515] {processor.py:641} INFO - Processing file /opt/airflow/dags/ETL/Scripts/pip3.10.exe for tasks to queue
[2023-12-06 11:41:08,516] {logging_mixin.py:115} INFO - [2023-12-06 11:41:08,516] {dagbag.py:508} INFO - Filling up the DagBag from /opt/airflow/dags/ETL/Scripts/pip3.10.exe
[2023-12-06 11:41:08,524] {logging_mixin.py:115} INFO - [2023-12-06 11:41:08,524] {dagbag.py:371} INFO - File /opt/airflow/dags/ETL/Scripts/pip3.10.exe:__main__.py assumed to contain no DAGs. Skipping.
[2023-12-06 11:41:08,525] {processor.py:653} WARNING - No viable dags retrieved from /opt/airflow/dags/ETL/Scripts/pip3.10.exe
[2023-12-06 11:41:08,536] {processor.py:161} INFO - Processing /opt/airflow/dags/ETL/Scripts/pip3.10.exe took 0.024 seconds
[2023-12-06 11:41:18,891] {processor.py:153} INFO - Started process (PID=1710) to work on /opt/airflow/dags/ETL/Scripts/pip3.10.exe
[2023-12-06 11:41:18,892] {processor.py:641} INFO - Processing file /opt/airflow/dags/ETL/Scripts/pip3.10.exe for tasks to queue
[2023-12-06 11:41:18,892] {logging_mixin.py:115} INFO - [2023-12-06 11:41:18,892] {dagbag.py:508} INFO - Filling up the DagBag from /opt/airflow/dags/ETL/Scripts/pip3.10.exe
[2023-12-06 11:41:18,900] {logging_mixin.py:115} INFO - [2023-12-06 11:41:18,900] {dagbag.py:371} INFO - File /opt/airflow/dags/ETL/Scripts/pip3.10.exe:__main__.py assumed to contain no DAGs. Skipping.
[2023-12-06 11:41:18,901] {processor.py:653} WARNING - No viable dags retrieved from /opt/airflow/dags/ETL/Scripts/pip3.10.exe
[2023-12-06 11:41:18,912] {processor.py:161} INFO - Processing /opt/airflow/dags/ETL/Scripts/pip3.10.exe took 0.024 seconds
[2023-12-06 11:41:29,295] {processor.py:153} INFO - Started process (PID=1756) to work on /opt/airflow/dags/ETL/Scripts/pip3.10.exe
[2023-12-06 11:41:29,295] {processor.py:641} INFO - Processing file /opt/airflow/dags/ETL/Scripts/pip3.10.exe for tasks to queue
[2023-12-06 11:41:29,296] {logging_mixin.py:115} INFO - [2023-12-06 11:41:29,296] {dagbag.py:508} INFO - Filling up the DagBag from /opt/airflow/dags/ETL/Scripts/pip3.10.exe
[2023-12-06 11:41:29,303] {logging_mixin.py:115} INFO - [2023-12-06 11:41:29,303] {dagbag.py:371} INFO - File /opt/airflow/dags/ETL/Scripts/pip3.10.exe:__main__.py assumed to contain no DAGs. Skipping.
[2023-12-06 11:41:29,304] {processor.py:653} WARNING - No viable dags retrieved from /opt/airflow/dags/ETL/Scripts/pip3.10.exe
[2023-12-06 11:41:29,316] {processor.py:161} INFO - Processing /opt/airflow/dags/ETL/Scripts/pip3.10.exe took 0.024 seconds
[2023-12-06 11:41:39,735] {processor.py:153} INFO - Started process (PID=1804) to work on /opt/airflow/dags/ETL/Scripts/pip3.10.exe
[2023-12-06 11:41:39,736] {processor.py:641} INFO - Processing file /opt/airflow/dags/ETL/Scripts/pip3.10.exe for tasks to queue
[2023-12-06 11:41:39,736] {logging_mixin.py:115} INFO - [2023-12-06 11:41:39,736] {dagbag.py:508} INFO - Filling up the DagBag from /opt/airflow/dags/ETL/Scripts/pip3.10.exe
[2023-12-06 11:41:39,744] {logging_mixin.py:115} INFO - [2023-12-06 11:41:39,744] {dagbag.py:371} INFO - File /opt/airflow/dags/ETL/Scripts/pip3.10.exe:__main__.py assumed to contain no DAGs. Skipping.
[2023-12-06 11:41:39,745] {processor.py:653} WARNING - No viable dags retrieved from /opt/airflow/dags/ETL/Scripts/pip3.10.exe
[2023-12-06 11:41:39,759] {processor.py:161} INFO - Processing /opt/airflow/dags/ETL/Scripts/pip3.10.exe took 0.027 seconds
[2023-12-06 11:41:50,166] {processor.py:153} INFO - Started process (PID=1850) to work on /opt/airflow/dags/ETL/Scripts/pip3.10.exe
[2023-12-06 11:41:50,167] {processor.py:641} INFO - Processing file /opt/airflow/dags/ETL/Scripts/pip3.10.exe for tasks to queue
[2023-12-06 11:41:50,167] {logging_mixin.py:115} INFO - [2023-12-06 11:41:50,167] {dagbag.py:508} INFO - Filling up the DagBag from /opt/airflow/dags/ETL/Scripts/pip3.10.exe
[2023-12-06 11:41:50,175] {logging_mixin.py:115} INFO - [2023-12-06 11:41:50,175] {dagbag.py:371} INFO - File /opt/airflow/dags/ETL/Scripts/pip3.10.exe:__main__.py assumed to contain no DAGs. Skipping.
[2023-12-06 11:41:50,176] {processor.py:653} WARNING - No viable dags retrieved from /opt/airflow/dags/ETL/Scripts/pip3.10.exe
[2023-12-06 11:41:50,188] {processor.py:161} INFO - Processing /opt/airflow/dags/ETL/Scripts/pip3.10.exe took 0.024 seconds
[2023-12-06 11:42:00,375] {processor.py:153} INFO - Started process (PID=1894) to work on /opt/airflow/dags/ETL/Scripts/pip3.10.exe
[2023-12-06 11:42:00,376] {processor.py:641} INFO - Processing file /opt/airflow/dags/ETL/Scripts/pip3.10.exe for tasks to queue
[2023-12-06 11:42:00,376] {logging_mixin.py:115} INFO - [2023-12-06 11:42:00,376] {dagbag.py:508} INFO - Filling up the DagBag from /opt/airflow/dags/ETL/Scripts/pip3.10.exe
[2023-12-06 11:42:00,384] {logging_mixin.py:115} INFO - [2023-12-06 11:42:00,384] {dagbag.py:371} INFO - File /opt/airflow/dags/ETL/Scripts/pip3.10.exe:__main__.py assumed to contain no DAGs. Skipping.
[2023-12-06 11:42:00,385] {processor.py:653} WARNING - No viable dags retrieved from /opt/airflow/dags/ETL/Scripts/pip3.10.exe
[2023-12-06 11:42:00,398] {processor.py:161} INFO - Processing /opt/airflow/dags/ETL/Scripts/pip3.10.exe took 0.026 seconds
[2023-12-06 11:42:10,827] {processor.py:153} INFO - Started process (PID=1942) to work on /opt/airflow/dags/ETL/Scripts/pip3.10.exe
[2023-12-06 11:42:10,827] {processor.py:641} INFO - Processing file /opt/airflow/dags/ETL/Scripts/pip3.10.exe for tasks to queue
[2023-12-06 11:42:10,828] {logging_mixin.py:115} INFO - [2023-12-06 11:42:10,828] {dagbag.py:508} INFO - Filling up the DagBag from /opt/airflow/dags/ETL/Scripts/pip3.10.exe
[2023-12-06 11:42:10,834] {logging_mixin.py:115} INFO - [2023-12-06 11:42:10,834] {dagbag.py:371} INFO - File /opt/airflow/dags/ETL/Scripts/pip3.10.exe:__main__.py assumed to contain no DAGs. Skipping.
[2023-12-06 11:42:10,835] {processor.py:653} WARNING - No viable dags retrieved from /opt/airflow/dags/ETL/Scripts/pip3.10.exe
[2023-12-06 11:42:10,847] {processor.py:161} INFO - Processing /opt/airflow/dags/ETL/Scripts/pip3.10.exe took 0.024 seconds
[2023-12-06 11:42:21,255] {processor.py:153} INFO - Started process (PID=1988) to work on /opt/airflow/dags/ETL/Scripts/pip3.10.exe
[2023-12-06 11:42:21,255] {processor.py:641} INFO - Processing file /opt/airflow/dags/ETL/Scripts/pip3.10.exe for tasks to queue
[2023-12-06 11:42:21,256] {logging_mixin.py:115} INFO - [2023-12-06 11:42:21,256] {dagbag.py:508} INFO - Filling up the DagBag from /opt/airflow/dags/ETL/Scripts/pip3.10.exe
[2023-12-06 11:42:21,264] {logging_mixin.py:115} INFO - [2023-12-06 11:42:21,264] {dagbag.py:371} INFO - File /opt/airflow/dags/ETL/Scripts/pip3.10.exe:__main__.py assumed to contain no DAGs. Skipping.
[2023-12-06 11:42:21,265] {processor.py:653} WARNING - No viable dags retrieved from /opt/airflow/dags/ETL/Scripts/pip3.10.exe
[2023-12-06 11:42:21,278] {processor.py:161} INFO - Processing /opt/airflow/dags/ETL/Scripts/pip3.10.exe took 0.026 seconds
[2023-12-06 11:42:37,060] {processor.py:153} INFO - Started process (PID=2028) to work on /opt/airflow/dags/ETL/Scripts/pip3.10.exe
[2023-12-06 11:42:37,061] {processor.py:641} INFO - Processing file /opt/airflow/dags/ETL/Scripts/pip3.10.exe for tasks to queue
[2023-12-06 11:42:37,062] {logging_mixin.py:115} INFO - [2023-12-06 11:42:37,062] {dagbag.py:508} INFO - Filling up the DagBag from /opt/airflow/dags/ETL/Scripts/pip3.10.exe
[2023-12-06 11:42:37,068] {logging_mixin.py:115} INFO - [2023-12-06 11:42:37,068] {dagbag.py:371} INFO - File /opt/airflow/dags/ETL/Scripts/pip3.10.exe:__main__.py assumed to contain no DAGs. Skipping.
[2023-12-06 11:42:37,069] {processor.py:653} WARNING - No viable dags retrieved from /opt/airflow/dags/ETL/Scripts/pip3.10.exe
[2023-12-06 11:42:37,080] {processor.py:161} INFO - Processing /opt/airflow/dags/ETL/Scripts/pip3.10.exe took 0.023 seconds
[2023-12-06 11:42:47,516] {processor.py:153} INFO - Started process (PID=2074) to work on /opt/airflow/dags/ETL/Scripts/pip3.10.exe
[2023-12-06 11:42:47,517] {processor.py:641} INFO - Processing file /opt/airflow/dags/ETL/Scripts/pip3.10.exe for tasks to queue
[2023-12-06 11:42:47,518] {logging_mixin.py:115} INFO - [2023-12-06 11:42:47,518] {dagbag.py:508} INFO - Filling up the DagBag from /opt/airflow/dags/ETL/Scripts/pip3.10.exe
[2023-12-06 11:42:47,525] {logging_mixin.py:115} INFO - [2023-12-06 11:42:47,525] {dagbag.py:371} INFO - File /opt/airflow/dags/ETL/Scripts/pip3.10.exe:__main__.py assumed to contain no DAGs. Skipping.
[2023-12-06 11:42:47,526] {processor.py:653} WARNING - No viable dags retrieved from /opt/airflow/dags/ETL/Scripts/pip3.10.exe
[2023-12-06 11:42:47,538] {processor.py:161} INFO - Processing /opt/airflow/dags/ETL/Scripts/pip3.10.exe took 0.024 seconds
[2023-12-06 11:42:57,912] {processor.py:153} INFO - Started process (PID=2120) to work on /opt/airflow/dags/ETL/Scripts/pip3.10.exe
[2023-12-06 11:42:57,913] {processor.py:641} INFO - Processing file /opt/airflow/dags/ETL/Scripts/pip3.10.exe for tasks to queue
[2023-12-06 11:42:57,913] {logging_mixin.py:115} INFO - [2023-12-06 11:42:57,913] {dagbag.py:508} INFO - Filling up the DagBag from /opt/airflow/dags/ETL/Scripts/pip3.10.exe
[2023-12-06 11:42:57,921] {logging_mixin.py:115} INFO - [2023-12-06 11:42:57,921] {dagbag.py:371} INFO - File /opt/airflow/dags/ETL/Scripts/pip3.10.exe:__main__.py assumed to contain no DAGs. Skipping.
[2023-12-06 11:42:57,922] {processor.py:653} WARNING - No viable dags retrieved from /opt/airflow/dags/ETL/Scripts/pip3.10.exe
[2023-12-06 11:42:57,936] {processor.py:161} INFO - Processing /opt/airflow/dags/ETL/Scripts/pip3.10.exe took 0.027 seconds
[2023-12-06 11:43:08,359] {processor.py:153} INFO - Started process (PID=2166) to work on /opt/airflow/dags/ETL/Scripts/pip3.10.exe
[2023-12-06 11:43:08,360] {processor.py:641} INFO - Processing file /opt/airflow/dags/ETL/Scripts/pip3.10.exe for tasks to queue
[2023-12-06 11:43:08,360] {logging_mixin.py:115} INFO - [2023-12-06 11:43:08,360] {dagbag.py:508} INFO - Filling up the DagBag from /opt/airflow/dags/ETL/Scripts/pip3.10.exe
[2023-12-06 11:43:08,369] {logging_mixin.py:115} INFO - [2023-12-06 11:43:08,369] {dagbag.py:371} INFO - File /opt/airflow/dags/ETL/Scripts/pip3.10.exe:__main__.py assumed to contain no DAGs. Skipping.
[2023-12-06 11:43:08,370] {processor.py:653} WARNING - No viable dags retrieved from /opt/airflow/dags/ETL/Scripts/pip3.10.exe
[2023-12-06 11:43:08,384] {processor.py:161} INFO - Processing /opt/airflow/dags/ETL/Scripts/pip3.10.exe took 0.028 seconds
[2023-12-06 11:43:18,822] {processor.py:153} INFO - Started process (PID=2212) to work on /opt/airflow/dags/ETL/Scripts/pip3.10.exe
[2023-12-06 11:43:18,823] {processor.py:641} INFO - Processing file /opt/airflow/dags/ETL/Scripts/pip3.10.exe for tasks to queue
[2023-12-06 11:43:18,823] {logging_mixin.py:115} INFO - [2023-12-06 11:43:18,823] {dagbag.py:508} INFO - Filling up the DagBag from /opt/airflow/dags/ETL/Scripts/pip3.10.exe
[2023-12-06 11:43:18,831] {logging_mixin.py:115} INFO - [2023-12-06 11:43:18,831] {dagbag.py:371} INFO - File /opt/airflow/dags/ETL/Scripts/pip3.10.exe:__main__.py assumed to contain no DAGs. Skipping.
[2023-12-06 11:43:18,832] {processor.py:653} WARNING - No viable dags retrieved from /opt/airflow/dags/ETL/Scripts/pip3.10.exe
[2023-12-06 11:43:18,845] {processor.py:161} INFO - Processing /opt/airflow/dags/ETL/Scripts/pip3.10.exe took 0.026 seconds
[2023-12-06 11:43:29,224] {processor.py:153} INFO - Started process (PID=2261) to work on /opt/airflow/dags/ETL/Scripts/pip3.10.exe
[2023-12-06 11:43:29,225] {processor.py:641} INFO - Processing file /opt/airflow/dags/ETL/Scripts/pip3.10.exe for tasks to queue
[2023-12-06 11:43:29,226] {logging_mixin.py:115} INFO - [2023-12-06 11:43:29,226] {dagbag.py:508} INFO - Filling up the DagBag from /opt/airflow/dags/ETL/Scripts/pip3.10.exe
[2023-12-06 11:43:29,233] {logging_mixin.py:115} INFO - [2023-12-06 11:43:29,233] {dagbag.py:371} INFO - File /opt/airflow/dags/ETL/Scripts/pip3.10.exe:__main__.py assumed to contain no DAGs. Skipping.
[2023-12-06 11:43:29,234] {processor.py:653} WARNING - No viable dags retrieved from /opt/airflow/dags/ETL/Scripts/pip3.10.exe
[2023-12-06 11:43:29,246] {processor.py:161} INFO - Processing /opt/airflow/dags/ETL/Scripts/pip3.10.exe took 0.025 seconds
[2023-12-06 11:43:39,568] {processor.py:153} INFO - Started process (PID=2305) to work on /opt/airflow/dags/ETL/Scripts/pip3.10.exe
[2023-12-06 11:43:39,568] {processor.py:641} INFO - Processing file /opt/airflow/dags/ETL/Scripts/pip3.10.exe for tasks to queue
[2023-12-06 11:43:39,569] {logging_mixin.py:115} INFO - [2023-12-06 11:43:39,569] {dagbag.py:508} INFO - Filling up the DagBag from /opt/airflow/dags/ETL/Scripts/pip3.10.exe
[2023-12-06 11:43:39,577] {logging_mixin.py:115} INFO - [2023-12-06 11:43:39,577] {dagbag.py:371} INFO - File /opt/airflow/dags/ETL/Scripts/pip3.10.exe:__main__.py assumed to contain no DAGs. Skipping.
[2023-12-06 11:43:39,577] {processor.py:653} WARNING - No viable dags retrieved from /opt/airflow/dags/ETL/Scripts/pip3.10.exe
[2023-12-06 11:43:39,590] {processor.py:161} INFO - Processing /opt/airflow/dags/ETL/Scripts/pip3.10.exe took 0.025 seconds
[2023-12-06 11:43:50,127] {processor.py:153} INFO - Started process (PID=2356) to work on /opt/airflow/dags/ETL/Scripts/pip3.10.exe
[2023-12-06 11:43:50,128] {processor.py:641} INFO - Processing file /opt/airflow/dags/ETL/Scripts/pip3.10.exe for tasks to queue
[2023-12-06 11:43:50,128] {logging_mixin.py:115} INFO - [2023-12-06 11:43:50,128] {dagbag.py:508} INFO - Filling up the DagBag from /opt/airflow/dags/ETL/Scripts/pip3.10.exe
[2023-12-06 11:43:50,139] {logging_mixin.py:115} INFO - [2023-12-06 11:43:50,139] {dagbag.py:371} INFO - File /opt/airflow/dags/ETL/Scripts/pip3.10.exe:__main__.py assumed to contain no DAGs. Skipping.
[2023-12-06 11:43:50,140] {processor.py:653} WARNING - No viable dags retrieved from /opt/airflow/dags/ETL/Scripts/pip3.10.exe
[2023-12-06 11:43:50,155] {processor.py:161} INFO - Processing /opt/airflow/dags/ETL/Scripts/pip3.10.exe took 0.032 seconds
[2023-12-06 11:44:00,549] {processor.py:153} INFO - Started process (PID=2402) to work on /opt/airflow/dags/ETL/Scripts/pip3.10.exe
[2023-12-06 11:44:00,549] {processor.py:641} INFO - Processing file /opt/airflow/dags/ETL/Scripts/pip3.10.exe for tasks to queue
[2023-12-06 11:44:00,550] {logging_mixin.py:115} INFO - [2023-12-06 11:44:00,550] {dagbag.py:508} INFO - Filling up the DagBag from /opt/airflow/dags/ETL/Scripts/pip3.10.exe
[2023-12-06 11:44:00,559] {logging_mixin.py:115} INFO - [2023-12-06 11:44:00,559] {dagbag.py:371} INFO - File /opt/airflow/dags/ETL/Scripts/pip3.10.exe:__main__.py assumed to contain no DAGs. Skipping.
[2023-12-06 11:44:00,560] {processor.py:653} WARNING - No viable dags retrieved from /opt/airflow/dags/ETL/Scripts/pip3.10.exe
[2023-12-06 11:44:00,574] {processor.py:161} INFO - Processing /opt/airflow/dags/ETL/Scripts/pip3.10.exe took 0.028 seconds
[2023-12-06 11:44:11,007] {processor.py:153} INFO - Started process (PID=2448) to work on /opt/airflow/dags/ETL/Scripts/pip3.10.exe
[2023-12-06 11:44:11,008] {processor.py:641} INFO - Processing file /opt/airflow/dags/ETL/Scripts/pip3.10.exe for tasks to queue
[2023-12-06 11:44:11,009] {logging_mixin.py:115} INFO - [2023-12-06 11:44:11,009] {dagbag.py:508} INFO - Filling up the DagBag from /opt/airflow/dags/ETL/Scripts/pip3.10.exe
[2023-12-06 11:44:11,016] {logging_mixin.py:115} INFO - [2023-12-06 11:44:11,015] {dagbag.py:371} INFO - File /opt/airflow/dags/ETL/Scripts/pip3.10.exe:__main__.py assumed to contain no DAGs. Skipping.
[2023-12-06 11:44:11,016] {processor.py:653} WARNING - No viable dags retrieved from /opt/airflow/dags/ETL/Scripts/pip3.10.exe
[2023-12-06 11:44:11,030] {processor.py:161} INFO - Processing /opt/airflow/dags/ETL/Scripts/pip3.10.exe took 0.026 seconds
[2023-12-06 11:44:21,444] {processor.py:153} INFO - Started process (PID=2494) to work on /opt/airflow/dags/ETL/Scripts/pip3.10.exe
[2023-12-06 11:44:21,445] {processor.py:641} INFO - Processing file /opt/airflow/dags/ETL/Scripts/pip3.10.exe for tasks to queue
[2023-12-06 11:44:21,446] {logging_mixin.py:115} INFO - [2023-12-06 11:44:21,445] {dagbag.py:508} INFO - Filling up the DagBag from /opt/airflow/dags/ETL/Scripts/pip3.10.exe
[2023-12-06 11:44:21,454] {logging_mixin.py:115} INFO - [2023-12-06 11:44:21,454] {dagbag.py:371} INFO - File /opt/airflow/dags/ETL/Scripts/pip3.10.exe:__main__.py assumed to contain no DAGs. Skipping.
[2023-12-06 11:44:21,454] {processor.py:653} WARNING - No viable dags retrieved from /opt/airflow/dags/ETL/Scripts/pip3.10.exe
[2023-12-06 11:44:21,475] {processor.py:161} INFO - Processing /opt/airflow/dags/ETL/Scripts/pip3.10.exe took 0.035 seconds
[2023-12-06 11:44:31,930] {processor.py:153} INFO - Started process (PID=2540) to work on /opt/airflow/dags/ETL/Scripts/pip3.10.exe
[2023-12-06 11:44:31,931] {processor.py:641} INFO - Processing file /opt/airflow/dags/ETL/Scripts/pip3.10.exe for tasks to queue
[2023-12-06 11:44:31,932] {logging_mixin.py:115} INFO - [2023-12-06 11:44:31,932] {dagbag.py:508} INFO - Filling up the DagBag from /opt/airflow/dags/ETL/Scripts/pip3.10.exe
[2023-12-06 11:44:31,941] {logging_mixin.py:115} INFO - [2023-12-06 11:44:31,941] {dagbag.py:371} INFO - File /opt/airflow/dags/ETL/Scripts/pip3.10.exe:__main__.py assumed to contain no DAGs. Skipping.
[2023-12-06 11:44:31,942] {processor.py:653} WARNING - No viable dags retrieved from /opt/airflow/dags/ETL/Scripts/pip3.10.exe
[2023-12-06 11:44:31,958] {processor.py:161} INFO - Processing /opt/airflow/dags/ETL/Scripts/pip3.10.exe took 0.030 seconds
[2023-12-06 11:44:42,362] {processor.py:153} INFO - Started process (PID=2584) to work on /opt/airflow/dags/ETL/Scripts/pip3.10.exe
[2023-12-06 11:44:42,362] {processor.py:641} INFO - Processing file /opt/airflow/dags/ETL/Scripts/pip3.10.exe for tasks to queue
[2023-12-06 11:44:42,363] {logging_mixin.py:115} INFO - [2023-12-06 11:44:42,363] {dagbag.py:508} INFO - Filling up the DagBag from /opt/airflow/dags/ETL/Scripts/pip3.10.exe
[2023-12-06 11:44:42,372] {logging_mixin.py:115} INFO - [2023-12-06 11:44:42,371] {dagbag.py:371} INFO - File /opt/airflow/dags/ETL/Scripts/pip3.10.exe:__main__.py assumed to contain no DAGs. Skipping.
[2023-12-06 11:44:42,372] {processor.py:653} WARNING - No viable dags retrieved from /opt/airflow/dags/ETL/Scripts/pip3.10.exe
[2023-12-06 11:44:42,387] {processor.py:161} INFO - Processing /opt/airflow/dags/ETL/Scripts/pip3.10.exe took 0.028 seconds
[2023-12-06 11:44:52,865] {processor.py:153} INFO - Started process (PID=2630) to work on /opt/airflow/dags/ETL/Scripts/pip3.10.exe
[2023-12-06 11:44:52,865] {processor.py:641} INFO - Processing file /opt/airflow/dags/ETL/Scripts/pip3.10.exe for tasks to queue
[2023-12-06 11:44:52,866] {logging_mixin.py:115} INFO - [2023-12-06 11:44:52,866] {dagbag.py:508} INFO - Filling up the DagBag from /opt/airflow/dags/ETL/Scripts/pip3.10.exe
[2023-12-06 11:44:52,878] {logging_mixin.py:115} INFO - [2023-12-06 11:44:52,878] {dagbag.py:371} INFO - File /opt/airflow/dags/ETL/Scripts/pip3.10.exe:__main__.py assumed to contain no DAGs. Skipping.
[2023-12-06 11:44:52,879] {processor.py:653} WARNING - No viable dags retrieved from /opt/airflow/dags/ETL/Scripts/pip3.10.exe
[2023-12-06 11:44:52,896] {processor.py:161} INFO - Processing /opt/airflow/dags/ETL/Scripts/pip3.10.exe took 0.036 seconds
[2023-12-06 11:45:03,398] {processor.py:153} INFO - Started process (PID=2678) to work on /opt/airflow/dags/ETL/Scripts/pip3.10.exe
[2023-12-06 11:45:03,399] {processor.py:641} INFO - Processing file /opt/airflow/dags/ETL/Scripts/pip3.10.exe for tasks to queue
[2023-12-06 11:45:03,399] {logging_mixin.py:115} INFO - [2023-12-06 11:45:03,399] {dagbag.py:508} INFO - Filling up the DagBag from /opt/airflow/dags/ETL/Scripts/pip3.10.exe
[2023-12-06 11:45:03,408] {logging_mixin.py:115} INFO - [2023-12-06 11:45:03,408] {dagbag.py:371} INFO - File /opt/airflow/dags/ETL/Scripts/pip3.10.exe:__main__.py assumed to contain no DAGs. Skipping.
[2023-12-06 11:45:03,409] {processor.py:653} WARNING - No viable dags retrieved from /opt/airflow/dags/ETL/Scripts/pip3.10.exe
[2023-12-06 11:45:03,424] {processor.py:161} INFO - Processing /opt/airflow/dags/ETL/Scripts/pip3.10.exe took 0.029 seconds
[2023-12-06 11:45:13,747] {processor.py:153} INFO - Started process (PID=2722) to work on /opt/airflow/dags/ETL/Scripts/pip3.10.exe
[2023-12-06 11:45:13,748] {processor.py:641} INFO - Processing file /opt/airflow/dags/ETL/Scripts/pip3.10.exe for tasks to queue
[2023-12-06 11:45:13,749] {logging_mixin.py:115} INFO - [2023-12-06 11:45:13,748] {dagbag.py:508} INFO - Filling up the DagBag from /opt/airflow/dags/ETL/Scripts/pip3.10.exe
[2023-12-06 11:45:13,754] {logging_mixin.py:115} INFO - [2023-12-06 11:45:13,754] {dagbag.py:371} INFO - File /opt/airflow/dags/ETL/Scripts/pip3.10.exe:__main__.py assumed to contain no DAGs. Skipping.
[2023-12-06 11:45:13,755] {processor.py:653} WARNING - No viable dags retrieved from /opt/airflow/dags/ETL/Scripts/pip3.10.exe
[2023-12-06 11:45:13,767] {processor.py:161} INFO - Processing /opt/airflow/dags/ETL/Scripts/pip3.10.exe took 0.023 seconds
[2023-12-06 11:45:24,119] {processor.py:153} INFO - Started process (PID=2770) to work on /opt/airflow/dags/ETL/Scripts/pip3.10.exe
[2023-12-06 11:45:24,120] {processor.py:641} INFO - Processing file /opt/airflow/dags/ETL/Scripts/pip3.10.exe for tasks to queue
[2023-12-06 11:45:24,120] {logging_mixin.py:115} INFO - [2023-12-06 11:45:24,120] {dagbag.py:508} INFO - Filling up the DagBag from /opt/airflow/dags/ETL/Scripts/pip3.10.exe
[2023-12-06 11:45:24,126] {logging_mixin.py:115} INFO - [2023-12-06 11:45:24,126] {dagbag.py:371} INFO - File /opt/airflow/dags/ETL/Scripts/pip3.10.exe:__main__.py assumed to contain no DAGs. Skipping.
[2023-12-06 11:45:24,127] {processor.py:653} WARNING - No viable dags retrieved from /opt/airflow/dags/ETL/Scripts/pip3.10.exe
[2023-12-06 11:45:24,140] {processor.py:161} INFO - Processing /opt/airflow/dags/ETL/Scripts/pip3.10.exe took 0.023 seconds
[2023-12-06 11:45:34,547] {processor.py:153} INFO - Started process (PID=2816) to work on /opt/airflow/dags/ETL/Scripts/pip3.10.exe
[2023-12-06 11:45:34,548] {processor.py:641} INFO - Processing file /opt/airflow/dags/ETL/Scripts/pip3.10.exe for tasks to queue
[2023-12-06 11:45:34,549] {logging_mixin.py:115} INFO - [2023-12-06 11:45:34,549] {dagbag.py:508} INFO - Filling up the DagBag from /opt/airflow/dags/ETL/Scripts/pip3.10.exe
[2023-12-06 11:45:34,562] {logging_mixin.py:115} INFO - [2023-12-06 11:45:34,562] {dagbag.py:371} INFO - File /opt/airflow/dags/ETL/Scripts/pip3.10.exe:__main__.py assumed to contain no DAGs. Skipping.
[2023-12-06 11:45:34,563] {processor.py:653} WARNING - No viable dags retrieved from /opt/airflow/dags/ETL/Scripts/pip3.10.exe
[2023-12-06 11:45:34,578] {processor.py:161} INFO - Processing /opt/airflow/dags/ETL/Scripts/pip3.10.exe took 0.036 seconds
[2023-12-06 11:45:45,044] {processor.py:153} INFO - Started process (PID=2862) to work on /opt/airflow/dags/ETL/Scripts/pip3.10.exe
[2023-12-06 11:45:45,045] {processor.py:641} INFO - Processing file /opt/airflow/dags/ETL/Scripts/pip3.10.exe for tasks to queue
[2023-12-06 11:45:45,046] {logging_mixin.py:115} INFO - [2023-12-06 11:45:45,046] {dagbag.py:508} INFO - Filling up the DagBag from /opt/airflow/dags/ETL/Scripts/pip3.10.exe
[2023-12-06 11:45:45,056] {logging_mixin.py:115} INFO - [2023-12-06 11:45:45,055] {dagbag.py:371} INFO - File /opt/airflow/dags/ETL/Scripts/pip3.10.exe:__main__.py assumed to contain no DAGs. Skipping.
[2023-12-06 11:45:45,056] {processor.py:653} WARNING - No viable dags retrieved from /opt/airflow/dags/ETL/Scripts/pip3.10.exe
[2023-12-06 11:45:45,073] {processor.py:161} INFO - Processing /opt/airflow/dags/ETL/Scripts/pip3.10.exe took 0.033 seconds
[2023-12-06 11:45:55,574] {processor.py:153} INFO - Started process (PID=2908) to work on /opt/airflow/dags/ETL/Scripts/pip3.10.exe
[2023-12-06 11:45:55,575] {processor.py:641} INFO - Processing file /opt/airflow/dags/ETL/Scripts/pip3.10.exe for tasks to queue
[2023-12-06 11:45:55,576] {logging_mixin.py:115} INFO - [2023-12-06 11:45:55,576] {dagbag.py:508} INFO - Filling up the DagBag from /opt/airflow/dags/ETL/Scripts/pip3.10.exe
[2023-12-06 11:45:55,586] {logging_mixin.py:115} INFO - [2023-12-06 11:45:55,586] {dagbag.py:371} INFO - File /opt/airflow/dags/ETL/Scripts/pip3.10.exe:__main__.py assumed to contain no DAGs. Skipping.
[2023-12-06 11:45:55,587] {processor.py:653} WARNING - No viable dags retrieved from /opt/airflow/dags/ETL/Scripts/pip3.10.exe
[2023-12-06 11:45:55,602] {processor.py:161} INFO - Processing /opt/airflow/dags/ETL/Scripts/pip3.10.exe took 0.030 seconds
[2023-12-06 11:46:05,917] {processor.py:153} INFO - Started process (PID=2952) to work on /opt/airflow/dags/ETL/Scripts/pip3.10.exe
[2023-12-06 11:46:05,918] {processor.py:641} INFO - Processing file /opt/airflow/dags/ETL/Scripts/pip3.10.exe for tasks to queue
[2023-12-06 11:46:05,919] {logging_mixin.py:115} INFO - [2023-12-06 11:46:05,919] {dagbag.py:508} INFO - Filling up the DagBag from /opt/airflow/dags/ETL/Scripts/pip3.10.exe
[2023-12-06 11:46:05,925] {logging_mixin.py:115} INFO - [2023-12-06 11:46:05,925] {dagbag.py:371} INFO - File /opt/airflow/dags/ETL/Scripts/pip3.10.exe:__main__.py assumed to contain no DAGs. Skipping.
[2023-12-06 11:46:05,926] {processor.py:653} WARNING - No viable dags retrieved from /opt/airflow/dags/ETL/Scripts/pip3.10.exe
[2023-12-06 11:46:05,940] {processor.py:161} INFO - Processing /opt/airflow/dags/ETL/Scripts/pip3.10.exe took 0.025 seconds
[2023-12-06 11:46:16,440] {processor.py:153} INFO - Started process (PID=3000) to work on /opt/airflow/dags/ETL/Scripts/pip3.10.exe
[2023-12-06 11:46:16,441] {processor.py:641} INFO - Processing file /opt/airflow/dags/ETL/Scripts/pip3.10.exe for tasks to queue
[2023-12-06 11:46:16,442] {logging_mixin.py:115} INFO - [2023-12-06 11:46:16,442] {dagbag.py:508} INFO - Filling up the DagBag from /opt/airflow/dags/ETL/Scripts/pip3.10.exe
[2023-12-06 11:46:16,452] {logging_mixin.py:115} INFO - [2023-12-06 11:46:16,452] {dagbag.py:371} INFO - File /opt/airflow/dags/ETL/Scripts/pip3.10.exe:__main__.py assumed to contain no DAGs. Skipping.
[2023-12-06 11:46:16,453] {processor.py:653} WARNING - No viable dags retrieved from /opt/airflow/dags/ETL/Scripts/pip3.10.exe
[2023-12-06 11:46:16,467] {processor.py:161} INFO - Processing /opt/airflow/dags/ETL/Scripts/pip3.10.exe took 0.030 seconds
[2023-12-06 11:46:26,838] {processor.py:153} INFO - Started process (PID=3044) to work on /opt/airflow/dags/ETL/Scripts/pip3.10.exe
[2023-12-06 11:46:26,838] {processor.py:641} INFO - Processing file /opt/airflow/dags/ETL/Scripts/pip3.10.exe for tasks to queue
[2023-12-06 11:46:26,839] {logging_mixin.py:115} INFO - [2023-12-06 11:46:26,839] {dagbag.py:508} INFO - Filling up the DagBag from /opt/airflow/dags/ETL/Scripts/pip3.10.exe
[2023-12-06 11:46:26,847] {logging_mixin.py:115} INFO - [2023-12-06 11:46:26,847] {dagbag.py:371} INFO - File /opt/airflow/dags/ETL/Scripts/pip3.10.exe:__main__.py assumed to contain no DAGs. Skipping.
[2023-12-06 11:46:26,847] {processor.py:653} WARNING - No viable dags retrieved from /opt/airflow/dags/ETL/Scripts/pip3.10.exe
[2023-12-06 11:46:26,860] {processor.py:161} INFO - Processing /opt/airflow/dags/ETL/Scripts/pip3.10.exe took 0.025 seconds
[2023-12-06 11:46:37,254] {processor.py:153} INFO - Started process (PID=3092) to work on /opt/airflow/dags/ETL/Scripts/pip3.10.exe
[2023-12-06 11:46:37,255] {processor.py:641} INFO - Processing file /opt/airflow/dags/ETL/Scripts/pip3.10.exe for tasks to queue
[2023-12-06 11:46:37,256] {logging_mixin.py:115} INFO - [2023-12-06 11:46:37,255] {dagbag.py:508} INFO - Filling up the DagBag from /opt/airflow/dags/ETL/Scripts/pip3.10.exe
[2023-12-06 11:46:37,263] {logging_mixin.py:115} INFO - [2023-12-06 11:46:37,263] {dagbag.py:371} INFO - File /opt/airflow/dags/ETL/Scripts/pip3.10.exe:__main__.py assumed to contain no DAGs. Skipping.
[2023-12-06 11:46:37,264] {processor.py:653} WARNING - No viable dags retrieved from /opt/airflow/dags/ETL/Scripts/pip3.10.exe
[2023-12-06 11:46:37,276] {processor.py:161} INFO - Processing /opt/airflow/dags/ETL/Scripts/pip3.10.exe took 0.025 seconds
[2023-12-06 11:46:47,625] {processor.py:153} INFO - Started process (PID=3136) to work on /opt/airflow/dags/ETL/Scripts/pip3.10.exe
[2023-12-06 11:46:47,625] {processor.py:641} INFO - Processing file /opt/airflow/dags/ETL/Scripts/pip3.10.exe for tasks to queue
[2023-12-06 11:46:47,626] {logging_mixin.py:115} INFO - [2023-12-06 11:46:47,626] {dagbag.py:508} INFO - Filling up the DagBag from /opt/airflow/dags/ETL/Scripts/pip3.10.exe
[2023-12-06 11:46:47,634] {logging_mixin.py:115} INFO - [2023-12-06 11:46:47,634] {dagbag.py:371} INFO - File /opt/airflow/dags/ETL/Scripts/pip3.10.exe:__main__.py assumed to contain no DAGs. Skipping.
[2023-12-06 11:46:47,635] {processor.py:653} WARNING - No viable dags retrieved from /opt/airflow/dags/ETL/Scripts/pip3.10.exe
[2023-12-06 11:46:47,649] {processor.py:161} INFO - Processing /opt/airflow/dags/ETL/Scripts/pip3.10.exe took 0.027 seconds
[2023-12-06 11:46:58,010] {processor.py:153} INFO - Started process (PID=3184) to work on /opt/airflow/dags/ETL/Scripts/pip3.10.exe
[2023-12-06 11:46:58,011] {processor.py:641} INFO - Processing file /opt/airflow/dags/ETL/Scripts/pip3.10.exe for tasks to queue
[2023-12-06 11:46:58,012] {logging_mixin.py:115} INFO - [2023-12-06 11:46:58,011] {dagbag.py:508} INFO - Filling up the DagBag from /opt/airflow/dags/ETL/Scripts/pip3.10.exe
[2023-12-06 11:46:58,018] {logging_mixin.py:115} INFO - [2023-12-06 11:46:58,018] {dagbag.py:371} INFO - File /opt/airflow/dags/ETL/Scripts/pip3.10.exe:__main__.py assumed to contain no DAGs. Skipping.
[2023-12-06 11:46:58,018] {processor.py:653} WARNING - No viable dags retrieved from /opt/airflow/dags/ETL/Scripts/pip3.10.exe
[2023-12-06 11:46:58,031] {processor.py:161} INFO - Processing /opt/airflow/dags/ETL/Scripts/pip3.10.exe took 0.024 seconds
[2023-12-06 11:47:08,501] {processor.py:153} INFO - Started process (PID=3230) to work on /opt/airflow/dags/ETL/Scripts/pip3.10.exe
[2023-12-06 11:47:08,507] {processor.py:641} INFO - Processing file /opt/airflow/dags/ETL/Scripts/pip3.10.exe for tasks to queue
[2023-12-06 11:47:08,508] {logging_mixin.py:115} INFO - [2023-12-06 11:47:08,508] {dagbag.py:508} INFO - Filling up the DagBag from /opt/airflow/dags/ETL/Scripts/pip3.10.exe
[2023-12-06 11:47:08,523] {logging_mixin.py:115} INFO - [2023-12-06 11:47:08,523] {dagbag.py:371} INFO - File /opt/airflow/dags/ETL/Scripts/pip3.10.exe:__main__.py assumed to contain no DAGs. Skipping.
[2023-12-06 11:47:08,524] {processor.py:653} WARNING - No viable dags retrieved from /opt/airflow/dags/ETL/Scripts/pip3.10.exe
[2023-12-06 11:47:08,551] {processor.py:161} INFO - Processing /opt/airflow/dags/ETL/Scripts/pip3.10.exe took 0.055 seconds
[2023-12-06 11:47:18,918] {processor.py:153} INFO - Started process (PID=3274) to work on /opt/airflow/dags/ETL/Scripts/pip3.10.exe
[2023-12-06 11:47:18,919] {processor.py:641} INFO - Processing file /opt/airflow/dags/ETL/Scripts/pip3.10.exe for tasks to queue
[2023-12-06 11:47:18,919] {logging_mixin.py:115} INFO - [2023-12-06 11:47:18,919] {dagbag.py:508} INFO - Filling up the DagBag from /opt/airflow/dags/ETL/Scripts/pip3.10.exe
[2023-12-06 11:47:18,926] {logging_mixin.py:115} INFO - [2023-12-06 11:47:18,926] {dagbag.py:371} INFO - File /opt/airflow/dags/ETL/Scripts/pip3.10.exe:__main__.py assumed to contain no DAGs. Skipping.
[2023-12-06 11:47:18,926] {processor.py:653} WARNING - No viable dags retrieved from /opt/airflow/dags/ETL/Scripts/pip3.10.exe
[2023-12-06 11:47:18,939] {processor.py:161} INFO - Processing /opt/airflow/dags/ETL/Scripts/pip3.10.exe took 0.024 seconds
[2023-12-06 11:47:35,724] {processor.py:153} INFO - Started process (PID=3314) to work on /opt/airflow/dags/ETL/Scripts/pip3.10.exe
[2023-12-06 11:47:35,725] {processor.py:641} INFO - Processing file /opt/airflow/dags/ETL/Scripts/pip3.10.exe for tasks to queue
[2023-12-06 11:47:35,725] {logging_mixin.py:115} INFO - [2023-12-06 11:47:35,725] {dagbag.py:508} INFO - Filling up the DagBag from /opt/airflow/dags/ETL/Scripts/pip3.10.exe
[2023-12-06 11:47:35,731] {logging_mixin.py:115} INFO - [2023-12-06 11:47:35,731] {dagbag.py:371} INFO - File /opt/airflow/dags/ETL/Scripts/pip3.10.exe:__main__.py assumed to contain no DAGs. Skipping.
[2023-12-06 11:47:35,732] {processor.py:653} WARNING - No viable dags retrieved from /opt/airflow/dags/ETL/Scripts/pip3.10.exe
[2023-12-06 11:47:35,747] {processor.py:161} INFO - Processing /opt/airflow/dags/ETL/Scripts/pip3.10.exe took 0.026 seconds
[2023-12-06 11:47:46,142] {processor.py:153} INFO - Started process (PID=3360) to work on /opt/airflow/dags/ETL/Scripts/pip3.10.exe
[2023-12-06 11:47:46,143] {processor.py:641} INFO - Processing file /opt/airflow/dags/ETL/Scripts/pip3.10.exe for tasks to queue
[2023-12-06 11:47:46,144] {logging_mixin.py:115} INFO - [2023-12-06 11:47:46,144] {dagbag.py:508} INFO - Filling up the DagBag from /opt/airflow/dags/ETL/Scripts/pip3.10.exe
[2023-12-06 11:47:46,156] {logging_mixin.py:115} INFO - [2023-12-06 11:47:46,156] {dagbag.py:371} INFO - File /opt/airflow/dags/ETL/Scripts/pip3.10.exe:__main__.py assumed to contain no DAGs. Skipping.
[2023-12-06 11:47:46,158] {processor.py:653} WARNING - No viable dags retrieved from /opt/airflow/dags/ETL/Scripts/pip3.10.exe
[2023-12-06 11:47:46,186] {processor.py:161} INFO - Processing /opt/airflow/dags/ETL/Scripts/pip3.10.exe took 0.048 seconds
[2023-12-06 11:47:56,665] {processor.py:153} INFO - Started process (PID=3408) to work on /opt/airflow/dags/ETL/Scripts/pip3.10.exe
[2023-12-06 11:47:56,666] {processor.py:641} INFO - Processing file /opt/airflow/dags/ETL/Scripts/pip3.10.exe for tasks to queue
[2023-12-06 11:47:56,666] {logging_mixin.py:115} INFO - [2023-12-06 11:47:56,666] {dagbag.py:508} INFO - Filling up the DagBag from /opt/airflow/dags/ETL/Scripts/pip3.10.exe
[2023-12-06 11:47:56,673] {logging_mixin.py:115} INFO - [2023-12-06 11:47:56,673] {dagbag.py:371} INFO - File /opt/airflow/dags/ETL/Scripts/pip3.10.exe:__main__.py assumed to contain no DAGs. Skipping.
[2023-12-06 11:47:56,673] {processor.py:653} WARNING - No viable dags retrieved from /opt/airflow/dags/ETL/Scripts/pip3.10.exe
[2023-12-06 11:47:56,686] {processor.py:161} INFO - Processing /opt/airflow/dags/ETL/Scripts/pip3.10.exe took 0.023 seconds
[2023-12-06 11:48:07,052] {processor.py:153} INFO - Started process (PID=3452) to work on /opt/airflow/dags/ETL/Scripts/pip3.10.exe
[2023-12-06 11:48:07,053] {processor.py:641} INFO - Processing file /opt/airflow/dags/ETL/Scripts/pip3.10.exe for tasks to queue
[2023-12-06 11:48:07,054] {logging_mixin.py:115} INFO - [2023-12-06 11:48:07,054] {dagbag.py:508} INFO - Filling up the DagBag from /opt/airflow/dags/ETL/Scripts/pip3.10.exe
[2023-12-06 11:48:07,061] {logging_mixin.py:115} INFO - [2023-12-06 11:48:07,061] {dagbag.py:371} INFO - File /opt/airflow/dags/ETL/Scripts/pip3.10.exe:__main__.py assumed to contain no DAGs. Skipping.
[2023-12-06 11:48:07,062] {processor.py:653} WARNING - No viable dags retrieved from /opt/airflow/dags/ETL/Scripts/pip3.10.exe
[2023-12-06 11:48:07,075] {processor.py:161} INFO - Processing /opt/airflow/dags/ETL/Scripts/pip3.10.exe took 0.025 seconds
[2023-12-06 11:48:17,489] {processor.py:153} INFO - Started process (PID=3498) to work on /opt/airflow/dags/ETL/Scripts/pip3.10.exe
[2023-12-06 11:48:17,490] {processor.py:641} INFO - Processing file /opt/airflow/dags/ETL/Scripts/pip3.10.exe for tasks to queue
[2023-12-06 11:48:17,490] {logging_mixin.py:115} INFO - [2023-12-06 11:48:17,490] {dagbag.py:508} INFO - Filling up the DagBag from /opt/airflow/dags/ETL/Scripts/pip3.10.exe
[2023-12-06 11:48:17,497] {logging_mixin.py:115} INFO - [2023-12-06 11:48:17,497] {dagbag.py:371} INFO - File /opt/airflow/dags/ETL/Scripts/pip3.10.exe:__main__.py assumed to contain no DAGs. Skipping.
[2023-12-06 11:48:17,498] {processor.py:653} WARNING - No viable dags retrieved from /opt/airflow/dags/ETL/Scripts/pip3.10.exe
[2023-12-06 11:48:17,511] {processor.py:161} INFO - Processing /opt/airflow/dags/ETL/Scripts/pip3.10.exe took 0.025 seconds
[2023-12-06 11:48:27,993] {processor.py:153} INFO - Started process (PID=3547) to work on /opt/airflow/dags/ETL/Scripts/pip3.10.exe
[2023-12-06 11:48:27,993] {processor.py:641} INFO - Processing file /opt/airflow/dags/ETL/Scripts/pip3.10.exe for tasks to queue
[2023-12-06 11:48:27,994] {logging_mixin.py:115} INFO - [2023-12-06 11:48:27,994] {dagbag.py:508} INFO - Filling up the DagBag from /opt/airflow/dags/ETL/Scripts/pip3.10.exe
[2023-12-06 11:48:28,002] {logging_mixin.py:115} INFO - [2023-12-06 11:48:28,002] {dagbag.py:371} INFO - File /opt/airflow/dags/ETL/Scripts/pip3.10.exe:__main__.py assumed to contain no DAGs. Skipping.
[2023-12-06 11:48:28,003] {processor.py:653} WARNING - No viable dags retrieved from /opt/airflow/dags/ETL/Scripts/pip3.10.exe
[2023-12-06 11:48:28,015] {processor.py:161} INFO - Processing /opt/airflow/dags/ETL/Scripts/pip3.10.exe took 0.024 seconds
[2023-12-06 11:48:38,453] {processor.py:153} INFO - Started process (PID=3593) to work on /opt/airflow/dags/ETL/Scripts/pip3.10.exe
[2023-12-06 11:48:38,454] {processor.py:641} INFO - Processing file /opt/airflow/dags/ETL/Scripts/pip3.10.exe for tasks to queue
[2023-12-06 11:48:38,454] {logging_mixin.py:115} INFO - [2023-12-06 11:48:38,454] {dagbag.py:508} INFO - Filling up the DagBag from /opt/airflow/dags/ETL/Scripts/pip3.10.exe
[2023-12-06 11:48:38,463] {logging_mixin.py:115} INFO - [2023-12-06 11:48:38,463] {dagbag.py:371} INFO - File /opt/airflow/dags/ETL/Scripts/pip3.10.exe:__main__.py assumed to contain no DAGs. Skipping.
[2023-12-06 11:48:38,463] {processor.py:653} WARNING - No viable dags retrieved from /opt/airflow/dags/ETL/Scripts/pip3.10.exe
[2023-12-06 11:48:38,477] {processor.py:161} INFO - Processing /opt/airflow/dags/ETL/Scripts/pip3.10.exe took 0.026 seconds
[2023-12-06 11:48:48,973] {processor.py:153} INFO - Started process (PID=3642) to work on /opt/airflow/dags/ETL/Scripts/pip3.10.exe
[2023-12-06 11:48:48,973] {processor.py:641} INFO - Processing file /opt/airflow/dags/ETL/Scripts/pip3.10.exe for tasks to queue
[2023-12-06 11:48:48,974] {logging_mixin.py:115} INFO - [2023-12-06 11:48:48,974] {dagbag.py:508} INFO - Filling up the DagBag from /opt/airflow/dags/ETL/Scripts/pip3.10.exe
[2023-12-06 11:48:48,982] {logging_mixin.py:115} INFO - [2023-12-06 11:48:48,982] {dagbag.py:371} INFO - File /opt/airflow/dags/ETL/Scripts/pip3.10.exe:__main__.py assumed to contain no DAGs. Skipping.
[2023-12-06 11:48:48,982] {processor.py:653} WARNING - No viable dags retrieved from /opt/airflow/dags/ETL/Scripts/pip3.10.exe
[2023-12-06 11:48:48,995] {processor.py:161} INFO - Processing /opt/airflow/dags/ETL/Scripts/pip3.10.exe took 0.025 seconds
[2023-12-06 11:48:59,519] {processor.py:153} INFO - Started process (PID=3690) to work on /opt/airflow/dags/ETL/Scripts/pip3.10.exe
[2023-12-06 11:48:59,520] {processor.py:641} INFO - Processing file /opt/airflow/dags/ETL/Scripts/pip3.10.exe for tasks to queue
[2023-12-06 11:48:59,520] {logging_mixin.py:115} INFO - [2023-12-06 11:48:59,520] {dagbag.py:508} INFO - Filling up the DagBag from /opt/airflow/dags/ETL/Scripts/pip3.10.exe
[2023-12-06 11:48:59,528] {logging_mixin.py:115} INFO - [2023-12-06 11:48:59,528] {dagbag.py:371} INFO - File /opt/airflow/dags/ETL/Scripts/pip3.10.exe:__main__.py assumed to contain no DAGs. Skipping.
[2023-12-06 11:48:59,528] {processor.py:653} WARNING - No viable dags retrieved from /opt/airflow/dags/ETL/Scripts/pip3.10.exe
[2023-12-06 11:48:59,541] {processor.py:161} INFO - Processing /opt/airflow/dags/ETL/Scripts/pip3.10.exe took 0.025 seconds
[2023-12-06 11:49:09,912] {processor.py:153} INFO - Started process (PID=3734) to work on /opt/airflow/dags/ETL/Scripts/pip3.10.exe
[2023-12-06 11:49:09,912] {processor.py:641} INFO - Processing file /opt/airflow/dags/ETL/Scripts/pip3.10.exe for tasks to queue
[2023-12-06 11:49:09,913] {logging_mixin.py:115} INFO - [2023-12-06 11:49:09,913] {dagbag.py:508} INFO - Filling up the DagBag from /opt/airflow/dags/ETL/Scripts/pip3.10.exe
[2023-12-06 11:49:09,921] {logging_mixin.py:115} INFO - [2023-12-06 11:49:09,921] {dagbag.py:371} INFO - File /opt/airflow/dags/ETL/Scripts/pip3.10.exe:__main__.py assumed to contain no DAGs. Skipping.
[2023-12-06 11:49:09,922] {processor.py:653} WARNING - No viable dags retrieved from /opt/airflow/dags/ETL/Scripts/pip3.10.exe
[2023-12-06 11:49:09,934] {processor.py:161} INFO - Processing /opt/airflow/dags/ETL/Scripts/pip3.10.exe took 0.025 seconds
[2023-12-06 11:49:20,408] {processor.py:153} INFO - Started process (PID=3780) to work on /opt/airflow/dags/ETL/Scripts/pip3.10.exe
[2023-12-06 11:49:20,408] {processor.py:641} INFO - Processing file /opt/airflow/dags/ETL/Scripts/pip3.10.exe for tasks to queue
[2023-12-06 11:49:20,409] {logging_mixin.py:115} INFO - [2023-12-06 11:49:20,409] {dagbag.py:508} INFO - Filling up the DagBag from /opt/airflow/dags/ETL/Scripts/pip3.10.exe
[2023-12-06 11:49:20,416] {logging_mixin.py:115} INFO - [2023-12-06 11:49:20,416] {dagbag.py:371} INFO - File /opt/airflow/dags/ETL/Scripts/pip3.10.exe:__main__.py assumed to contain no DAGs. Skipping.
[2023-12-06 11:49:20,417] {processor.py:653} WARNING - No viable dags retrieved from /opt/airflow/dags/ETL/Scripts/pip3.10.exe
[2023-12-06 11:49:20,471] {processor.py:161} INFO - Processing /opt/airflow/dags/ETL/Scripts/pip3.10.exe took 0.066 seconds
[2023-12-06 11:49:30,925] {processor.py:153} INFO - Started process (PID=3826) to work on /opt/airflow/dags/ETL/Scripts/pip3.10.exe
[2023-12-06 11:49:30,926] {processor.py:641} INFO - Processing file /opt/airflow/dags/ETL/Scripts/pip3.10.exe for tasks to queue
[2023-12-06 11:49:30,926] {logging_mixin.py:115} INFO - [2023-12-06 11:49:30,926] {dagbag.py:508} INFO - Filling up the DagBag from /opt/airflow/dags/ETL/Scripts/pip3.10.exe
[2023-12-06 11:49:30,934] {logging_mixin.py:115} INFO - [2023-12-06 11:49:30,934] {dagbag.py:371} INFO - File /opt/airflow/dags/ETL/Scripts/pip3.10.exe:__main__.py assumed to contain no DAGs. Skipping.
[2023-12-06 11:49:30,934] {processor.py:653} WARNING - No viable dags retrieved from /opt/airflow/dags/ETL/Scripts/pip3.10.exe
[2023-12-06 11:49:30,947] {processor.py:161} INFO - Processing /opt/airflow/dags/ETL/Scripts/pip3.10.exe took 0.024 seconds
[2023-12-06 11:49:41,411] {processor.py:153} INFO - Started process (PID=3872) to work on /opt/airflow/dags/ETL/Scripts/pip3.10.exe
[2023-12-06 11:49:41,411] {processor.py:641} INFO - Processing file /opt/airflow/dags/ETL/Scripts/pip3.10.exe for tasks to queue
[2023-12-06 11:49:41,412] {logging_mixin.py:115} INFO - [2023-12-06 11:49:41,412] {dagbag.py:508} INFO - Filling up the DagBag from /opt/airflow/dags/ETL/Scripts/pip3.10.exe
[2023-12-06 11:49:41,420] {logging_mixin.py:115} INFO - [2023-12-06 11:49:41,420] {dagbag.py:371} INFO - File /opt/airflow/dags/ETL/Scripts/pip3.10.exe:__main__.py assumed to contain no DAGs. Skipping.
[2023-12-06 11:49:41,421] {processor.py:653} WARNING - No viable dags retrieved from /opt/airflow/dags/ETL/Scripts/pip3.10.exe
[2023-12-06 11:49:41,432] {processor.py:161} INFO - Processing /opt/airflow/dags/ETL/Scripts/pip3.10.exe took 0.024 seconds
[2023-12-06 11:49:51,849] {processor.py:153} INFO - Started process (PID=3920) to work on /opt/airflow/dags/ETL/Scripts/pip3.10.exe
[2023-12-06 11:49:51,849] {processor.py:641} INFO - Processing file /opt/airflow/dags/ETL/Scripts/pip3.10.exe for tasks to queue
[2023-12-06 11:49:51,850] {logging_mixin.py:115} INFO - [2023-12-06 11:49:51,850] {dagbag.py:508} INFO - Filling up the DagBag from /opt/airflow/dags/ETL/Scripts/pip3.10.exe
[2023-12-06 11:49:51,858] {logging_mixin.py:115} INFO - [2023-12-06 11:49:51,858] {dagbag.py:371} INFO - File /opt/airflow/dags/ETL/Scripts/pip3.10.exe:__main__.py assumed to contain no DAGs. Skipping.
[2023-12-06 11:49:51,858] {processor.py:653} WARNING - No viable dags retrieved from /opt/airflow/dags/ETL/Scripts/pip3.10.exe
[2023-12-06 11:49:51,871] {processor.py:161} INFO - Processing /opt/airflow/dags/ETL/Scripts/pip3.10.exe took 0.025 seconds
[2023-12-06 11:50:02,254] {processor.py:153} INFO - Started process (PID=3966) to work on /opt/airflow/dags/ETL/Scripts/pip3.10.exe
[2023-12-06 11:50:02,254] {processor.py:641} INFO - Processing file /opt/airflow/dags/ETL/Scripts/pip3.10.exe for tasks to queue
[2023-12-06 11:50:02,255] {logging_mixin.py:115} INFO - [2023-12-06 11:50:02,255] {dagbag.py:508} INFO - Filling up the DagBag from /opt/airflow/dags/ETL/Scripts/pip3.10.exe
[2023-12-06 11:50:02,262] {logging_mixin.py:115} INFO - [2023-12-06 11:50:02,262] {dagbag.py:371} INFO - File /opt/airflow/dags/ETL/Scripts/pip3.10.exe:__main__.py assumed to contain no DAGs. Skipping.
[2023-12-06 11:50:02,262] {processor.py:653} WARNING - No viable dags retrieved from /opt/airflow/dags/ETL/Scripts/pip3.10.exe
[2023-12-06 11:50:02,275] {processor.py:161} INFO - Processing /opt/airflow/dags/ETL/Scripts/pip3.10.exe took 0.024 seconds
[2023-12-06 11:50:12,684] {processor.py:153} INFO - Started process (PID=4010) to work on /opt/airflow/dags/ETL/Scripts/pip3.10.exe
[2023-12-06 11:50:12,685] {processor.py:641} INFO - Processing file /opt/airflow/dags/ETL/Scripts/pip3.10.exe for tasks to queue
[2023-12-06 11:50:12,686] {logging_mixin.py:115} INFO - [2023-12-06 11:50:12,685] {dagbag.py:508} INFO - Filling up the DagBag from /opt/airflow/dags/ETL/Scripts/pip3.10.exe
[2023-12-06 11:50:12,692] {logging_mixin.py:115} INFO - [2023-12-06 11:50:12,692] {dagbag.py:371} INFO - File /opt/airflow/dags/ETL/Scripts/pip3.10.exe:__main__.py assumed to contain no DAGs. Skipping.
[2023-12-06 11:50:12,693] {processor.py:653} WARNING - No viable dags retrieved from /opt/airflow/dags/ETL/Scripts/pip3.10.exe
[2023-12-06 11:50:12,704] {processor.py:161} INFO - Processing /opt/airflow/dags/ETL/Scripts/pip3.10.exe took 0.024 seconds
[2023-12-06 11:50:23,024] {processor.py:153} INFO - Started process (PID=4056) to work on /opt/airflow/dags/ETL/Scripts/pip3.10.exe
[2023-12-06 11:50:23,024] {processor.py:641} INFO - Processing file /opt/airflow/dags/ETL/Scripts/pip3.10.exe for tasks to queue
[2023-12-06 11:50:23,025] {logging_mixin.py:115} INFO - [2023-12-06 11:50:23,025] {dagbag.py:508} INFO - Filling up the DagBag from /opt/airflow/dags/ETL/Scripts/pip3.10.exe
[2023-12-06 11:50:23,033] {logging_mixin.py:115} INFO - [2023-12-06 11:50:23,033] {dagbag.py:371} INFO - File /opt/airflow/dags/ETL/Scripts/pip3.10.exe:__main__.py assumed to contain no DAGs. Skipping.
[2023-12-06 11:50:23,034] {processor.py:653} WARNING - No viable dags retrieved from /opt/airflow/dags/ETL/Scripts/pip3.10.exe
[2023-12-06 11:50:23,048] {processor.py:161} INFO - Processing /opt/airflow/dags/ETL/Scripts/pip3.10.exe took 0.027 seconds
[2023-12-06 11:50:33,456] {processor.py:153} INFO - Started process (PID=4104) to work on /opt/airflow/dags/ETL/Scripts/pip3.10.exe
[2023-12-06 11:50:33,457] {processor.py:641} INFO - Processing file /opt/airflow/dags/ETL/Scripts/pip3.10.exe for tasks to queue
[2023-12-06 11:50:33,457] {logging_mixin.py:115} INFO - [2023-12-06 11:50:33,457] {dagbag.py:508} INFO - Filling up the DagBag from /opt/airflow/dags/ETL/Scripts/pip3.10.exe
[2023-12-06 11:50:33,465] {logging_mixin.py:115} INFO - [2023-12-06 11:50:33,465] {dagbag.py:371} INFO - File /opt/airflow/dags/ETL/Scripts/pip3.10.exe:__main__.py assumed to contain no DAGs. Skipping.
[2023-12-06 11:50:33,466] {processor.py:653} WARNING - No viable dags retrieved from /opt/airflow/dags/ETL/Scripts/pip3.10.exe
[2023-12-06 11:50:33,478] {processor.py:161} INFO - Processing /opt/airflow/dags/ETL/Scripts/pip3.10.exe took 0.025 seconds
[2023-12-06 11:50:43,850] {processor.py:153} INFO - Started process (PID=4148) to work on /opt/airflow/dags/ETL/Scripts/pip3.10.exe
[2023-12-06 11:50:43,850] {processor.py:641} INFO - Processing file /opt/airflow/dags/ETL/Scripts/pip3.10.exe for tasks to queue
[2023-12-06 11:50:43,851] {logging_mixin.py:115} INFO - [2023-12-06 11:50:43,851] {dagbag.py:508} INFO - Filling up the DagBag from /opt/airflow/dags/ETL/Scripts/pip3.10.exe
[2023-12-06 11:50:43,858] {logging_mixin.py:115} INFO - [2023-12-06 11:50:43,858] {dagbag.py:371} INFO - File /opt/airflow/dags/ETL/Scripts/pip3.10.exe:__main__.py assumed to contain no DAGs. Skipping.
[2023-12-06 11:50:43,859] {processor.py:653} WARNING - No viable dags retrieved from /opt/airflow/dags/ETL/Scripts/pip3.10.exe
[2023-12-06 11:50:43,874] {processor.py:161} INFO - Processing /opt/airflow/dags/ETL/Scripts/pip3.10.exe took 0.028 seconds
[2023-12-06 11:50:54,323] {processor.py:153} INFO - Started process (PID=4196) to work on /opt/airflow/dags/ETL/Scripts/pip3.10.exe
[2023-12-06 11:50:54,324] {processor.py:641} INFO - Processing file /opt/airflow/dags/ETL/Scripts/pip3.10.exe for tasks to queue
[2023-12-06 11:50:54,325] {logging_mixin.py:115} INFO - [2023-12-06 11:50:54,325] {dagbag.py:508} INFO - Filling up the DagBag from /opt/airflow/dags/ETL/Scripts/pip3.10.exe
[2023-12-06 11:50:54,331] {logging_mixin.py:115} INFO - [2023-12-06 11:50:54,330] {dagbag.py:371} INFO - File /opt/airflow/dags/ETL/Scripts/pip3.10.exe:__main__.py assumed to contain no DAGs. Skipping.
[2023-12-06 11:50:54,331] {processor.py:653} WARNING - No viable dags retrieved from /opt/airflow/dags/ETL/Scripts/pip3.10.exe
[2023-12-06 11:50:54,343] {processor.py:161} INFO - Processing /opt/airflow/dags/ETL/Scripts/pip3.10.exe took 0.023 seconds
[2023-12-06 11:51:04,761] {processor.py:153} INFO - Started process (PID=4240) to work on /opt/airflow/dags/ETL/Scripts/pip3.10.exe
[2023-12-06 11:51:04,762] {processor.py:641} INFO - Processing file /opt/airflow/dags/ETL/Scripts/pip3.10.exe for tasks to queue
[2023-12-06 11:51:04,762] {logging_mixin.py:115} INFO - [2023-12-06 11:51:04,762] {dagbag.py:508} INFO - Filling up the DagBag from /opt/airflow/dags/ETL/Scripts/pip3.10.exe
[2023-12-06 11:51:04,771] {logging_mixin.py:115} INFO - [2023-12-06 11:51:04,770] {dagbag.py:371} INFO - File /opt/airflow/dags/ETL/Scripts/pip3.10.exe:__main__.py assumed to contain no DAGs. Skipping.
[2023-12-06 11:51:04,771] {processor.py:653} WARNING - No viable dags retrieved from /opt/airflow/dags/ETL/Scripts/pip3.10.exe
[2023-12-06 11:51:04,783] {processor.py:161} INFO - Processing /opt/airflow/dags/ETL/Scripts/pip3.10.exe took 0.026 seconds
[2023-12-06 11:51:15,139] {processor.py:153} INFO - Started process (PID=4286) to work on /opt/airflow/dags/ETL/Scripts/pip3.10.exe
[2023-12-06 11:51:15,140] {processor.py:641} INFO - Processing file /opt/airflow/dags/ETL/Scripts/pip3.10.exe for tasks to queue
[2023-12-06 11:51:15,140] {logging_mixin.py:115} INFO - [2023-12-06 11:51:15,140] {dagbag.py:508} INFO - Filling up the DagBag from /opt/airflow/dags/ETL/Scripts/pip3.10.exe
[2023-12-06 11:51:15,150] {logging_mixin.py:115} INFO - [2023-12-06 11:51:15,150] {dagbag.py:371} INFO - File /opt/airflow/dags/ETL/Scripts/pip3.10.exe:__main__.py assumed to contain no DAGs. Skipping.
[2023-12-06 11:51:15,151] {processor.py:653} WARNING - No viable dags retrieved from /opt/airflow/dags/ETL/Scripts/pip3.10.exe
[2023-12-06 11:51:15,164] {processor.py:161} INFO - Processing /opt/airflow/dags/ETL/Scripts/pip3.10.exe took 0.028 seconds
[2023-12-06 11:51:25,615] {processor.py:153} INFO - Started process (PID=4332) to work on /opt/airflow/dags/ETL/Scripts/pip3.10.exe
[2023-12-06 11:51:25,615] {processor.py:641} INFO - Processing file /opt/airflow/dags/ETL/Scripts/pip3.10.exe for tasks to queue
[2023-12-06 11:51:25,616] {logging_mixin.py:115} INFO - [2023-12-06 11:51:25,616] {dagbag.py:508} INFO - Filling up the DagBag from /opt/airflow/dags/ETL/Scripts/pip3.10.exe
[2023-12-06 11:51:25,626] {logging_mixin.py:115} INFO - [2023-12-06 11:51:25,626] {dagbag.py:371} INFO - File /opt/airflow/dags/ETL/Scripts/pip3.10.exe:__main__.py assumed to contain no DAGs. Skipping.
[2023-12-06 11:51:25,626] {processor.py:653} WARNING - No viable dags retrieved from /opt/airflow/dags/ETL/Scripts/pip3.10.exe
[2023-12-06 11:51:25,643] {processor.py:161} INFO - Processing /opt/airflow/dags/ETL/Scripts/pip3.10.exe took 0.031 seconds
[2023-12-06 11:51:36,147] {processor.py:153} INFO - Started process (PID=4380) to work on /opt/airflow/dags/ETL/Scripts/pip3.10.exe
[2023-12-06 11:51:36,147] {processor.py:641} INFO - Processing file /opt/airflow/dags/ETL/Scripts/pip3.10.exe for tasks to queue
[2023-12-06 11:51:36,148] {logging_mixin.py:115} INFO - [2023-12-06 11:51:36,148] {dagbag.py:508} INFO - Filling up the DagBag from /opt/airflow/dags/ETL/Scripts/pip3.10.exe
[2023-12-06 11:51:36,158] {logging_mixin.py:115} INFO - [2023-12-06 11:51:36,158] {dagbag.py:371} INFO - File /opt/airflow/dags/ETL/Scripts/pip3.10.exe:__main__.py assumed to contain no DAGs. Skipping.
[2023-12-06 11:51:36,159] {processor.py:653} WARNING - No viable dags retrieved from /opt/airflow/dags/ETL/Scripts/pip3.10.exe
[2023-12-06 11:51:36,174] {processor.py:161} INFO - Processing /opt/airflow/dags/ETL/Scripts/pip3.10.exe took 0.031 seconds
[2023-12-06 11:51:46,692] {processor.py:153} INFO - Started process (PID=4424) to work on /opt/airflow/dags/ETL/Scripts/pip3.10.exe
[2023-12-06 11:51:46,693] {processor.py:641} INFO - Processing file /opt/airflow/dags/ETL/Scripts/pip3.10.exe for tasks to queue
[2023-12-06 11:51:46,694] {logging_mixin.py:115} INFO - [2023-12-06 11:51:46,694] {dagbag.py:508} INFO - Filling up the DagBag from /opt/airflow/dags/ETL/Scripts/pip3.10.exe
[2023-12-06 11:51:46,770] {logging_mixin.py:115} INFO - [2023-12-06 11:51:46,770] {dagbag.py:371} INFO - File /opt/airflow/dags/ETL/Scripts/pip3.10.exe:__main__.py assumed to contain no DAGs. Skipping.
[2023-12-06 11:51:46,771] {processor.py:653} WARNING - No viable dags retrieved from /opt/airflow/dags/ETL/Scripts/pip3.10.exe
[2023-12-06 11:51:46,784] {processor.py:161} INFO - Processing /opt/airflow/dags/ETL/Scripts/pip3.10.exe took 0.096 seconds
[2023-12-06 11:51:57,771] {processor.py:153} INFO - Started process (PID=4470) to work on /opt/airflow/dags/ETL/Scripts/pip3.10.exe
[2023-12-06 11:51:57,772] {processor.py:641} INFO - Processing file /opt/airflow/dags/ETL/Scripts/pip3.10.exe for tasks to queue
[2023-12-06 11:51:57,773] {logging_mixin.py:115} INFO - [2023-12-06 11:51:57,772] {dagbag.py:508} INFO - Filling up the DagBag from /opt/airflow/dags/ETL/Scripts/pip3.10.exe
[2023-12-06 11:51:57,782] {logging_mixin.py:115} INFO - [2023-12-06 11:51:57,782] {dagbag.py:371} INFO - File /opt/airflow/dags/ETL/Scripts/pip3.10.exe:__main__.py assumed to contain no DAGs. Skipping.
[2023-12-06 11:51:57,784] {processor.py:653} WARNING - No viable dags retrieved from /opt/airflow/dags/ETL/Scripts/pip3.10.exe
[2023-12-06 11:51:57,843] {processor.py:161} INFO - Processing /opt/airflow/dags/ETL/Scripts/pip3.10.exe took 0.077 seconds
[2023-12-06 11:52:08,421] {processor.py:153} INFO - Started process (PID=4516) to work on /opt/airflow/dags/ETL/Scripts/pip3.10.exe
[2023-12-06 11:52:08,454] {processor.py:641} INFO - Processing file /opt/airflow/dags/ETL/Scripts/pip3.10.exe for tasks to queue
[2023-12-06 11:52:08,454] {logging_mixin.py:115} INFO - [2023-12-06 11:52:08,454] {dagbag.py:508} INFO - Filling up the DagBag from /opt/airflow/dags/ETL/Scripts/pip3.10.exe
[2023-12-06 11:52:08,466] {logging_mixin.py:115} INFO - [2023-12-06 11:52:08,466] {dagbag.py:371} INFO - File /opt/airflow/dags/ETL/Scripts/pip3.10.exe:__main__.py assumed to contain no DAGs. Skipping.
[2023-12-06 11:52:08,467] {processor.py:653} WARNING - No viable dags retrieved from /opt/airflow/dags/ETL/Scripts/pip3.10.exe
[2023-12-06 11:52:08,483] {processor.py:161} INFO - Processing /opt/airflow/dags/ETL/Scripts/pip3.10.exe took 0.066 seconds
[2023-12-06 11:52:18,862] {processor.py:153} INFO - Started process (PID=4562) to work on /opt/airflow/dags/ETL/Scripts/pip3.10.exe
[2023-12-06 11:52:18,862] {processor.py:641} INFO - Processing file /opt/airflow/dags/ETL/Scripts/pip3.10.exe for tasks to queue
[2023-12-06 11:52:18,863] {logging_mixin.py:115} INFO - [2023-12-06 11:52:18,863] {dagbag.py:508} INFO - Filling up the DagBag from /opt/airflow/dags/ETL/Scripts/pip3.10.exe
[2023-12-06 11:52:18,872] {logging_mixin.py:115} INFO - [2023-12-06 11:52:18,872] {dagbag.py:371} INFO - File /opt/airflow/dags/ETL/Scripts/pip3.10.exe:__main__.py assumed to contain no DAGs. Skipping.
[2023-12-06 11:52:18,872] {processor.py:653} WARNING - No viable dags retrieved from /opt/airflow/dags/ETL/Scripts/pip3.10.exe
[2023-12-06 11:52:18,885] {processor.py:161} INFO - Processing /opt/airflow/dags/ETL/Scripts/pip3.10.exe took 0.025 seconds
[2023-12-06 11:52:37,496] {processor.py:153} INFO - Started process (PID=4613) to work on /opt/airflow/dags/ETL/Scripts/pip3.10.exe
[2023-12-06 11:52:37,497] {processor.py:641} INFO - Processing file /opt/airflow/dags/ETL/Scripts/pip3.10.exe for tasks to queue
[2023-12-06 11:52:37,498] {logging_mixin.py:115} INFO - [2023-12-06 11:52:37,497] {dagbag.py:508} INFO - Filling up the DagBag from /opt/airflow/dags/ETL/Scripts/pip3.10.exe
[2023-12-06 11:52:37,509] {logging_mixin.py:115} INFO - [2023-12-06 11:52:37,508] {dagbag.py:371} INFO - File /opt/airflow/dags/ETL/Scripts/pip3.10.exe:__main__.py assumed to contain no DAGs. Skipping.
[2023-12-06 11:52:37,509] {processor.py:653} WARNING - No viable dags retrieved from /opt/airflow/dags/ETL/Scripts/pip3.10.exe
[2023-12-06 11:52:37,524] {processor.py:161} INFO - Processing /opt/airflow/dags/ETL/Scripts/pip3.10.exe took 0.030 seconds
[2023-12-06 11:52:48,464] {processor.py:153} INFO - Started process (PID=4659) to work on /opt/airflow/dags/ETL/Scripts/pip3.10.exe
[2023-12-06 11:52:48,465] {processor.py:641} INFO - Processing file /opt/airflow/dags/ETL/Scripts/pip3.10.exe for tasks to queue
[2023-12-06 11:52:48,466] {logging_mixin.py:115} INFO - [2023-12-06 11:52:48,466] {dagbag.py:508} INFO - Filling up the DagBag from /opt/airflow/dags/ETL/Scripts/pip3.10.exe
[2023-12-06 11:52:48,480] {logging_mixin.py:115} INFO - [2023-12-06 11:52:48,480] {dagbag.py:371} INFO - File /opt/airflow/dags/ETL/Scripts/pip3.10.exe:__main__.py assumed to contain no DAGs. Skipping.
[2023-12-06 11:52:48,481] {processor.py:653} WARNING - No viable dags retrieved from /opt/airflow/dags/ETL/Scripts/pip3.10.exe
[2023-12-06 11:52:48,579] {processor.py:161} INFO - Processing /opt/airflow/dags/ETL/Scripts/pip3.10.exe took 0.121 seconds
[2023-12-06 11:52:59,327] {processor.py:153} INFO - Started process (PID=4705) to work on /opt/airflow/dags/ETL/Scripts/pip3.10.exe
[2023-12-06 11:52:59,328] {processor.py:641} INFO - Processing file /opt/airflow/dags/ETL/Scripts/pip3.10.exe for tasks to queue
[2023-12-06 11:52:59,329] {logging_mixin.py:115} INFO - [2023-12-06 11:52:59,328] {dagbag.py:508} INFO - Filling up the DagBag from /opt/airflow/dags/ETL/Scripts/pip3.10.exe
[2023-12-06 11:52:59,340] {logging_mixin.py:115} INFO - [2023-12-06 11:52:59,339] {dagbag.py:371} INFO - File /opt/airflow/dags/ETL/Scripts/pip3.10.exe:__main__.py assumed to contain no DAGs. Skipping.
[2023-12-06 11:52:59,340] {processor.py:653} WARNING - No viable dags retrieved from /opt/airflow/dags/ETL/Scripts/pip3.10.exe
[2023-12-06 11:52:59,353] {processor.py:161} INFO - Processing /opt/airflow/dags/ETL/Scripts/pip3.10.exe took 0.029 seconds
