[2023-12-06 11:37:40,316] {processor.py:153} INFO - Started process (PID=753) to work on /opt/airflow/dags/ETL/Scripts/wheel-3.10.exe
[2023-12-06 11:37:40,317] {processor.py:641} INFO - Processing file /opt/airflow/dags/ETL/Scripts/wheel-3.10.exe for tasks to queue
[2023-12-06 11:37:40,318] {logging_mixin.py:115} INFO - [2023-12-06 11:37:40,318] {dagbag.py:508} INFO - Filling up the DagBag from /opt/airflow/dags/ETL/Scripts/wheel-3.10.exe
[2023-12-06 11:37:40,327] {logging_mixin.py:115} INFO - [2023-12-06 11:37:40,327] {dagbag.py:371} INFO - File /opt/airflow/dags/ETL/Scripts/wheel-3.10.exe:__main__.py assumed to contain no DAGs. Skipping.
[2023-12-06 11:37:40,328] {processor.py:653} WARNING - No viable dags retrieved from /opt/airflow/dags/ETL/Scripts/wheel-3.10.exe
[2023-12-06 11:37:40,342] {processor.py:161} INFO - Processing /opt/airflow/dags/ETL/Scripts/wheel-3.10.exe took 0.028 seconds
[2023-12-06 11:37:50,676] {processor.py:153} INFO - Started process (PID=797) to work on /opt/airflow/dags/ETL/Scripts/wheel-3.10.exe
[2023-12-06 11:37:50,677] {processor.py:641} INFO - Processing file /opt/airflow/dags/ETL/Scripts/wheel-3.10.exe for tasks to queue
[2023-12-06 11:37:50,677] {logging_mixin.py:115} INFO - [2023-12-06 11:37:50,677] {dagbag.py:508} INFO - Filling up the DagBag from /opt/airflow/dags/ETL/Scripts/wheel-3.10.exe
[2023-12-06 11:37:50,685] {logging_mixin.py:115} INFO - [2023-12-06 11:37:50,685] {dagbag.py:371} INFO - File /opt/airflow/dags/ETL/Scripts/wheel-3.10.exe:__main__.py assumed to contain no DAGs. Skipping.
[2023-12-06 11:37:50,685] {processor.py:653} WARNING - No viable dags retrieved from /opt/airflow/dags/ETL/Scripts/wheel-3.10.exe
[2023-12-06 11:37:50,700] {processor.py:161} INFO - Processing /opt/airflow/dags/ETL/Scripts/wheel-3.10.exe took 0.026 seconds
[2023-12-06 11:38:01,267] {processor.py:153} INFO - Started process (PID=845) to work on /opt/airflow/dags/ETL/Scripts/wheel-3.10.exe
[2023-12-06 11:38:01,267] {processor.py:641} INFO - Processing file /opt/airflow/dags/ETL/Scripts/wheel-3.10.exe for tasks to queue
[2023-12-06 11:38:01,268] {logging_mixin.py:115} INFO - [2023-12-06 11:38:01,268] {dagbag.py:508} INFO - Filling up the DagBag from /opt/airflow/dags/ETL/Scripts/wheel-3.10.exe
[2023-12-06 11:38:01,277] {logging_mixin.py:115} INFO - [2023-12-06 11:38:01,276] {dagbag.py:371} INFO - File /opt/airflow/dags/ETL/Scripts/wheel-3.10.exe:__main__.py assumed to contain no DAGs. Skipping.
[2023-12-06 11:38:01,277] {processor.py:653} WARNING - No viable dags retrieved from /opt/airflow/dags/ETL/Scripts/wheel-3.10.exe
[2023-12-06 11:38:01,290] {processor.py:161} INFO - Processing /opt/airflow/dags/ETL/Scripts/wheel-3.10.exe took 0.026 seconds
[2023-12-06 11:38:11,603] {processor.py:153} INFO - Started process (PID=892) to work on /opt/airflow/dags/ETL/Scripts/wheel-3.10.exe
[2023-12-06 11:38:11,603] {processor.py:641} INFO - Processing file /opt/airflow/dags/ETL/Scripts/wheel-3.10.exe for tasks to queue
[2023-12-06 11:38:11,604] {logging_mixin.py:115} INFO - [2023-12-06 11:38:11,604] {dagbag.py:508} INFO - Filling up the DagBag from /opt/airflow/dags/ETL/Scripts/wheel-3.10.exe
[2023-12-06 11:38:11,611] {logging_mixin.py:115} INFO - [2023-12-06 11:38:11,611] {dagbag.py:371} INFO - File /opt/airflow/dags/ETL/Scripts/wheel-3.10.exe:__main__.py assumed to contain no DAGs. Skipping.
[2023-12-06 11:38:11,612] {processor.py:653} WARNING - No viable dags retrieved from /opt/airflow/dags/ETL/Scripts/wheel-3.10.exe
[2023-12-06 11:38:11,627] {processor.py:161} INFO - Processing /opt/airflow/dags/ETL/Scripts/wheel-3.10.exe took 0.027 seconds
[2023-12-06 11:38:21,956] {processor.py:153} INFO - Started process (PID=941) to work on /opt/airflow/dags/ETL/Scripts/wheel-3.10.exe
[2023-12-06 11:38:21,957] {processor.py:641} INFO - Processing file /opt/airflow/dags/ETL/Scripts/wheel-3.10.exe for tasks to queue
[2023-12-06 11:38:21,958] {logging_mixin.py:115} INFO - [2023-12-06 11:38:21,958] {dagbag.py:508} INFO - Filling up the DagBag from /opt/airflow/dags/ETL/Scripts/wheel-3.10.exe
[2023-12-06 11:38:21,966] {logging_mixin.py:115} INFO - [2023-12-06 11:38:21,966] {dagbag.py:371} INFO - File /opt/airflow/dags/ETL/Scripts/wheel-3.10.exe:__main__.py assumed to contain no DAGs. Skipping.
[2023-12-06 11:38:21,967] {processor.py:653} WARNING - No viable dags retrieved from /opt/airflow/dags/ETL/Scripts/wheel-3.10.exe
[2023-12-06 11:38:21,981] {processor.py:161} INFO - Processing /opt/airflow/dags/ETL/Scripts/wheel-3.10.exe took 0.028 seconds
[2023-12-06 11:38:32,337] {processor.py:153} INFO - Started process (PID=987) to work on /opt/airflow/dags/ETL/Scripts/wheel-3.10.exe
[2023-12-06 11:38:32,338] {processor.py:641} INFO - Processing file /opt/airflow/dags/ETL/Scripts/wheel-3.10.exe for tasks to queue
[2023-12-06 11:38:32,338] {logging_mixin.py:115} INFO - [2023-12-06 11:38:32,338] {dagbag.py:508} INFO - Filling up the DagBag from /opt/airflow/dags/ETL/Scripts/wheel-3.10.exe
[2023-12-06 11:38:32,346] {logging_mixin.py:115} INFO - [2023-12-06 11:38:32,346] {dagbag.py:371} INFO - File /opt/airflow/dags/ETL/Scripts/wheel-3.10.exe:__main__.py assumed to contain no DAGs. Skipping.
[2023-12-06 11:38:32,347] {processor.py:653} WARNING - No viable dags retrieved from /opt/airflow/dags/ETL/Scripts/wheel-3.10.exe
[2023-12-06 11:38:32,359] {processor.py:161} INFO - Processing /opt/airflow/dags/ETL/Scripts/wheel-3.10.exe took 0.025 seconds
[2023-12-06 11:38:42,963] {processor.py:153} INFO - Started process (PID=1038) to work on /opt/airflow/dags/ETL/Scripts/wheel-3.10.exe
[2023-12-06 11:38:42,964] {processor.py:641} INFO - Processing file /opt/airflow/dags/ETL/Scripts/wheel-3.10.exe for tasks to queue
[2023-12-06 11:38:42,965] {logging_mixin.py:115} INFO - [2023-12-06 11:38:42,964] {dagbag.py:508} INFO - Filling up the DagBag from /opt/airflow/dags/ETL/Scripts/wheel-3.10.exe
[2023-12-06 11:38:42,974] {logging_mixin.py:115} INFO - [2023-12-06 11:38:42,974] {dagbag.py:371} INFO - File /opt/airflow/dags/ETL/Scripts/wheel-3.10.exe:__main__.py assumed to contain no DAGs. Skipping.
[2023-12-06 11:38:42,975] {processor.py:653} WARNING - No viable dags retrieved from /opt/airflow/dags/ETL/Scripts/wheel-3.10.exe
[2023-12-06 11:38:42,988] {processor.py:161} INFO - Processing /opt/airflow/dags/ETL/Scripts/wheel-3.10.exe took 0.028 seconds
[2023-12-06 11:38:53,360] {processor.py:153} INFO - Started process (PID=1082) to work on /opt/airflow/dags/ETL/Scripts/wheel-3.10.exe
[2023-12-06 11:38:53,361] {processor.py:641} INFO - Processing file /opt/airflow/dags/ETL/Scripts/wheel-3.10.exe for tasks to queue
[2023-12-06 11:38:53,362] {logging_mixin.py:115} INFO - [2023-12-06 11:38:53,361] {dagbag.py:508} INFO - Filling up the DagBag from /opt/airflow/dags/ETL/Scripts/wheel-3.10.exe
[2023-12-06 11:38:53,371] {logging_mixin.py:115} INFO - [2023-12-06 11:38:53,371] {dagbag.py:371} INFO - File /opt/airflow/dags/ETL/Scripts/wheel-3.10.exe:__main__.py assumed to contain no DAGs. Skipping.
[2023-12-06 11:38:53,372] {processor.py:653} WARNING - No viable dags retrieved from /opt/airflow/dags/ETL/Scripts/wheel-3.10.exe
[2023-12-06 11:38:53,385] {processor.py:161} INFO - Processing /opt/airflow/dags/ETL/Scripts/wheel-3.10.exe took 0.028 seconds
[2023-12-06 11:39:03,776] {processor.py:153} INFO - Started process (PID=1130) to work on /opt/airflow/dags/ETL/Scripts/wheel-3.10.exe
[2023-12-06 11:39:03,777] {processor.py:641} INFO - Processing file /opt/airflow/dags/ETL/Scripts/wheel-3.10.exe for tasks to queue
[2023-12-06 11:39:03,777] {logging_mixin.py:115} INFO - [2023-12-06 11:39:03,777] {dagbag.py:508} INFO - Filling up the DagBag from /opt/airflow/dags/ETL/Scripts/wheel-3.10.exe
[2023-12-06 11:39:03,786] {logging_mixin.py:115} INFO - [2023-12-06 11:39:03,786] {dagbag.py:371} INFO - File /opt/airflow/dags/ETL/Scripts/wheel-3.10.exe:__main__.py assumed to contain no DAGs. Skipping.
[2023-12-06 11:39:03,787] {processor.py:653} WARNING - No viable dags retrieved from /opt/airflow/dags/ETL/Scripts/wheel-3.10.exe
[2023-12-06 11:39:03,801] {processor.py:161} INFO - Processing /opt/airflow/dags/ETL/Scripts/wheel-3.10.exe took 0.028 seconds
[2023-12-06 11:39:14,354] {processor.py:153} INFO - Started process (PID=1176) to work on /opt/airflow/dags/ETL/Scripts/wheel-3.10.exe
[2023-12-06 11:39:14,354] {processor.py:641} INFO - Processing file /opt/airflow/dags/ETL/Scripts/wheel-3.10.exe for tasks to queue
[2023-12-06 11:39:14,355] {logging_mixin.py:115} INFO - [2023-12-06 11:39:14,355] {dagbag.py:508} INFO - Filling up the DagBag from /opt/airflow/dags/ETL/Scripts/wheel-3.10.exe
[2023-12-06 11:39:14,363] {logging_mixin.py:115} INFO - [2023-12-06 11:39:14,363] {dagbag.py:371} INFO - File /opt/airflow/dags/ETL/Scripts/wheel-3.10.exe:__main__.py assumed to contain no DAGs. Skipping.
[2023-12-06 11:39:14,364] {processor.py:653} WARNING - No viable dags retrieved from /opt/airflow/dags/ETL/Scripts/wheel-3.10.exe
[2023-12-06 11:39:14,376] {processor.py:161} INFO - Processing /opt/airflow/dags/ETL/Scripts/wheel-3.10.exe took 0.025 seconds
[2023-12-06 11:39:24,698] {processor.py:153} INFO - Started process (PID=1220) to work on /opt/airflow/dags/ETL/Scripts/wheel-3.10.exe
[2023-12-06 11:39:24,698] {processor.py:641} INFO - Processing file /opt/airflow/dags/ETL/Scripts/wheel-3.10.exe for tasks to queue
[2023-12-06 11:39:24,699] {logging_mixin.py:115} INFO - [2023-12-06 11:39:24,699] {dagbag.py:508} INFO - Filling up the DagBag from /opt/airflow/dags/ETL/Scripts/wheel-3.10.exe
[2023-12-06 11:39:24,706] {logging_mixin.py:115} INFO - [2023-12-06 11:39:24,706] {dagbag.py:371} INFO - File /opt/airflow/dags/ETL/Scripts/wheel-3.10.exe:__main__.py assumed to contain no DAGs. Skipping.
[2023-12-06 11:39:24,706] {processor.py:653} WARNING - No viable dags retrieved from /opt/airflow/dags/ETL/Scripts/wheel-3.10.exe
[2023-12-06 11:39:24,719] {processor.py:161} INFO - Processing /opt/airflow/dags/ETL/Scripts/wheel-3.10.exe took 0.023 seconds
[2023-12-06 11:39:35,076] {processor.py:153} INFO - Started process (PID=1266) to work on /opt/airflow/dags/ETL/Scripts/wheel-3.10.exe
[2023-12-06 11:39:35,077] {processor.py:641} INFO - Processing file /opt/airflow/dags/ETL/Scripts/wheel-3.10.exe for tasks to queue
[2023-12-06 11:39:35,077] {logging_mixin.py:115} INFO - [2023-12-06 11:39:35,077] {dagbag.py:508} INFO - Filling up the DagBag from /opt/airflow/dags/ETL/Scripts/wheel-3.10.exe
[2023-12-06 11:39:35,086] {logging_mixin.py:115} INFO - [2023-12-06 11:39:35,086] {dagbag.py:371} INFO - File /opt/airflow/dags/ETL/Scripts/wheel-3.10.exe:__main__.py assumed to contain no DAGs. Skipping.
[2023-12-06 11:39:35,087] {processor.py:653} WARNING - No viable dags retrieved from /opt/airflow/dags/ETL/Scripts/wheel-3.10.exe
[2023-12-06 11:39:35,104] {processor.py:161} INFO - Processing /opt/airflow/dags/ETL/Scripts/wheel-3.10.exe took 0.031 seconds
[2023-12-06 11:39:45,450] {processor.py:153} INFO - Started process (PID=1312) to work on /opt/airflow/dags/ETL/Scripts/wheel-3.10.exe
[2023-12-06 11:39:45,450] {processor.py:641} INFO - Processing file /opt/airflow/dags/ETL/Scripts/wheel-3.10.exe for tasks to queue
[2023-12-06 11:39:45,451] {logging_mixin.py:115} INFO - [2023-12-06 11:39:45,451] {dagbag.py:508} INFO - Filling up the DagBag from /opt/airflow/dags/ETL/Scripts/wheel-3.10.exe
[2023-12-06 11:39:45,457] {logging_mixin.py:115} INFO - [2023-12-06 11:39:45,457] {dagbag.py:371} INFO - File /opt/airflow/dags/ETL/Scripts/wheel-3.10.exe:__main__.py assumed to contain no DAGs. Skipping.
[2023-12-06 11:39:45,458] {processor.py:653} WARNING - No viable dags retrieved from /opt/airflow/dags/ETL/Scripts/wheel-3.10.exe
[2023-12-06 11:39:45,473] {processor.py:161} INFO - Processing /opt/airflow/dags/ETL/Scripts/wheel-3.10.exe took 0.027 seconds
[2023-12-06 11:39:55,860] {processor.py:153} INFO - Started process (PID=1358) to work on /opt/airflow/dags/ETL/Scripts/wheel-3.10.exe
[2023-12-06 11:39:55,861] {processor.py:641} INFO - Processing file /opt/airflow/dags/ETL/Scripts/wheel-3.10.exe for tasks to queue
[2023-12-06 11:39:55,862] {logging_mixin.py:115} INFO - [2023-12-06 11:39:55,861] {dagbag.py:508} INFO - Filling up the DagBag from /opt/airflow/dags/ETL/Scripts/wheel-3.10.exe
[2023-12-06 11:39:55,868] {logging_mixin.py:115} INFO - [2023-12-06 11:39:55,868] {dagbag.py:371} INFO - File /opt/airflow/dags/ETL/Scripts/wheel-3.10.exe:__main__.py assumed to contain no DAGs. Skipping.
[2023-12-06 11:39:55,869] {processor.py:653} WARNING - No viable dags retrieved from /opt/airflow/dags/ETL/Scripts/wheel-3.10.exe
[2023-12-06 11:39:55,880] {processor.py:161} INFO - Processing /opt/airflow/dags/ETL/Scripts/wheel-3.10.exe took 0.023 seconds
[2023-12-06 11:40:06,214] {processor.py:153} INFO - Started process (PID=1404) to work on /opt/airflow/dags/ETL/Scripts/wheel-3.10.exe
[2023-12-06 11:40:06,216] {processor.py:641} INFO - Processing file /opt/airflow/dags/ETL/Scripts/wheel-3.10.exe for tasks to queue
[2023-12-06 11:40:06,217] {logging_mixin.py:115} INFO - [2023-12-06 11:40:06,217] {dagbag.py:508} INFO - Filling up the DagBag from /opt/airflow/dags/ETL/Scripts/wheel-3.10.exe
[2023-12-06 11:40:06,229] {logging_mixin.py:115} INFO - [2023-12-06 11:40:06,229] {dagbag.py:371} INFO - File /opt/airflow/dags/ETL/Scripts/wheel-3.10.exe:__main__.py assumed to contain no DAGs. Skipping.
[2023-12-06 11:40:06,229] {processor.py:653} WARNING - No viable dags retrieved from /opt/airflow/dags/ETL/Scripts/wheel-3.10.exe
[2023-12-06 11:40:06,243] {processor.py:161} INFO - Processing /opt/airflow/dags/ETL/Scripts/wheel-3.10.exe took 0.034 seconds
[2023-12-06 11:40:16,644] {processor.py:153} INFO - Started process (PID=1452) to work on /opt/airflow/dags/ETL/Scripts/wheel-3.10.exe
[2023-12-06 11:40:16,645] {processor.py:641} INFO - Processing file /opt/airflow/dags/ETL/Scripts/wheel-3.10.exe for tasks to queue
[2023-12-06 11:40:16,646] {logging_mixin.py:115} INFO - [2023-12-06 11:40:16,646] {dagbag.py:508} INFO - Filling up the DagBag from /opt/airflow/dags/ETL/Scripts/wheel-3.10.exe
[2023-12-06 11:40:16,657] {logging_mixin.py:115} INFO - [2023-12-06 11:40:16,657] {dagbag.py:371} INFO - File /opt/airflow/dags/ETL/Scripts/wheel-3.10.exe:__main__.py assumed to contain no DAGs. Skipping.
[2023-12-06 11:40:16,658] {processor.py:653} WARNING - No viable dags retrieved from /opt/airflow/dags/ETL/Scripts/wheel-3.10.exe
[2023-12-06 11:40:16,672] {processor.py:161} INFO - Processing /opt/airflow/dags/ETL/Scripts/wheel-3.10.exe took 0.031 seconds
[2023-12-06 11:40:27,048] {processor.py:153} INFO - Started process (PID=1498) to work on /opt/airflow/dags/ETL/Scripts/wheel-3.10.exe
[2023-12-06 11:40:27,048] {processor.py:641} INFO - Processing file /opt/airflow/dags/ETL/Scripts/wheel-3.10.exe for tasks to queue
[2023-12-06 11:40:27,049] {logging_mixin.py:115} INFO - [2023-12-06 11:40:27,049] {dagbag.py:508} INFO - Filling up the DagBag from /opt/airflow/dags/ETL/Scripts/wheel-3.10.exe
[2023-12-06 11:40:27,055] {logging_mixin.py:115} INFO - [2023-12-06 11:40:27,055] {dagbag.py:371} INFO - File /opt/airflow/dags/ETL/Scripts/wheel-3.10.exe:__main__.py assumed to contain no DAGs. Skipping.
[2023-12-06 11:40:27,055] {processor.py:653} WARNING - No viable dags retrieved from /opt/airflow/dags/ETL/Scripts/wheel-3.10.exe
[2023-12-06 11:40:27,067] {processor.py:161} INFO - Processing /opt/airflow/dags/ETL/Scripts/wheel-3.10.exe took 0.023 seconds
[2023-12-06 11:40:37,441] {processor.py:153} INFO - Started process (PID=1544) to work on /opt/airflow/dags/ETL/Scripts/wheel-3.10.exe
[2023-12-06 11:40:37,441] {processor.py:641} INFO - Processing file /opt/airflow/dags/ETL/Scripts/wheel-3.10.exe for tasks to queue
[2023-12-06 11:40:37,442] {logging_mixin.py:115} INFO - [2023-12-06 11:40:37,442] {dagbag.py:508} INFO - Filling up the DagBag from /opt/airflow/dags/ETL/Scripts/wheel-3.10.exe
[2023-12-06 11:40:37,450] {logging_mixin.py:115} INFO - [2023-12-06 11:40:37,450] {dagbag.py:371} INFO - File /opt/airflow/dags/ETL/Scripts/wheel-3.10.exe:__main__.py assumed to contain no DAGs. Skipping.
[2023-12-06 11:40:37,451] {processor.py:653} WARNING - No viable dags retrieved from /opt/airflow/dags/ETL/Scripts/wheel-3.10.exe
[2023-12-06 11:40:37,462] {processor.py:161} INFO - Processing /opt/airflow/dags/ETL/Scripts/wheel-3.10.exe took 0.024 seconds
[2023-12-06 11:40:47,766] {processor.py:153} INFO - Started process (PID=1582) to work on /opt/airflow/dags/ETL/Scripts/wheel-3.10.exe
[2023-12-06 11:40:47,767] {processor.py:641} INFO - Processing file /opt/airflow/dags/ETL/Scripts/wheel-3.10.exe for tasks to queue
[2023-12-06 11:40:47,767] {logging_mixin.py:115} INFO - [2023-12-06 11:40:47,767] {dagbag.py:508} INFO - Filling up the DagBag from /opt/airflow/dags/ETL/Scripts/wheel-3.10.exe
[2023-12-06 11:40:47,775] {logging_mixin.py:115} INFO - [2023-12-06 11:40:47,775] {dagbag.py:371} INFO - File /opt/airflow/dags/ETL/Scripts/wheel-3.10.exe:__main__.py assumed to contain no DAGs. Skipping.
[2023-12-06 11:40:47,776] {processor.py:653} WARNING - No viable dags retrieved from /opt/airflow/dags/ETL/Scripts/wheel-3.10.exe
[2023-12-06 11:40:47,788] {processor.py:161} INFO - Processing /opt/airflow/dags/ETL/Scripts/wheel-3.10.exe took 0.025 seconds
[2023-12-06 11:40:58,107] {processor.py:153} INFO - Started process (PID=1628) to work on /opt/airflow/dags/ETL/Scripts/wheel-3.10.exe
[2023-12-06 11:40:58,108] {processor.py:641} INFO - Processing file /opt/airflow/dags/ETL/Scripts/wheel-3.10.exe for tasks to queue
[2023-12-06 11:40:58,108] {logging_mixin.py:115} INFO - [2023-12-06 11:40:58,108] {dagbag.py:508} INFO - Filling up the DagBag from /opt/airflow/dags/ETL/Scripts/wheel-3.10.exe
[2023-12-06 11:40:58,116] {logging_mixin.py:115} INFO - [2023-12-06 11:40:58,116] {dagbag.py:371} INFO - File /opt/airflow/dags/ETL/Scripts/wheel-3.10.exe:__main__.py assumed to contain no DAGs. Skipping.
[2023-12-06 11:40:58,117] {processor.py:653} WARNING - No viable dags retrieved from /opt/airflow/dags/ETL/Scripts/wheel-3.10.exe
[2023-12-06 11:40:58,129] {processor.py:161} INFO - Processing /opt/airflow/dags/ETL/Scripts/wheel-3.10.exe took 0.025 seconds
[2023-12-06 11:41:08,563] {processor.py:153} INFO - Started process (PID=1676) to work on /opt/airflow/dags/ETL/Scripts/wheel-3.10.exe
[2023-12-06 11:41:08,563] {processor.py:641} INFO - Processing file /opt/airflow/dags/ETL/Scripts/wheel-3.10.exe for tasks to queue
[2023-12-06 11:41:08,564] {logging_mixin.py:115} INFO - [2023-12-06 11:41:08,564] {dagbag.py:508} INFO - Filling up the DagBag from /opt/airflow/dags/ETL/Scripts/wheel-3.10.exe
[2023-12-06 11:41:08,572] {logging_mixin.py:115} INFO - [2023-12-06 11:41:08,572] {dagbag.py:371} INFO - File /opt/airflow/dags/ETL/Scripts/wheel-3.10.exe:__main__.py assumed to contain no DAGs. Skipping.
[2023-12-06 11:41:08,572] {processor.py:653} WARNING - No viable dags retrieved from /opt/airflow/dags/ETL/Scripts/wheel-3.10.exe
[2023-12-06 11:41:08,584] {processor.py:161} INFO - Processing /opt/airflow/dags/ETL/Scripts/wheel-3.10.exe took 0.024 seconds
[2023-12-06 11:41:18,941] {processor.py:153} INFO - Started process (PID=1720) to work on /opt/airflow/dags/ETL/Scripts/wheel-3.10.exe
[2023-12-06 11:41:18,942] {processor.py:641} INFO - Processing file /opt/airflow/dags/ETL/Scripts/wheel-3.10.exe for tasks to queue
[2023-12-06 11:41:18,942] {logging_mixin.py:115} INFO - [2023-12-06 11:41:18,942] {dagbag.py:508} INFO - Filling up the DagBag from /opt/airflow/dags/ETL/Scripts/wheel-3.10.exe
[2023-12-06 11:41:18,950] {logging_mixin.py:115} INFO - [2023-12-06 11:41:18,949] {dagbag.py:371} INFO - File /opt/airflow/dags/ETL/Scripts/wheel-3.10.exe:__main__.py assumed to contain no DAGs. Skipping.
[2023-12-06 11:41:18,950] {processor.py:653} WARNING - No viable dags retrieved from /opt/airflow/dags/ETL/Scripts/wheel-3.10.exe
[2023-12-06 11:41:18,964] {processor.py:161} INFO - Processing /opt/airflow/dags/ETL/Scripts/wheel-3.10.exe took 0.026 seconds
[2023-12-06 11:41:29,389] {processor.py:153} INFO - Started process (PID=1768) to work on /opt/airflow/dags/ETL/Scripts/wheel-3.10.exe
[2023-12-06 11:41:29,390] {processor.py:641} INFO - Processing file /opt/airflow/dags/ETL/Scripts/wheel-3.10.exe for tasks to queue
[2023-12-06 11:41:29,390] {logging_mixin.py:115} INFO - [2023-12-06 11:41:29,390] {dagbag.py:508} INFO - Filling up the DagBag from /opt/airflow/dags/ETL/Scripts/wheel-3.10.exe
[2023-12-06 11:41:29,398] {logging_mixin.py:115} INFO - [2023-12-06 11:41:29,398] {dagbag.py:371} INFO - File /opt/airflow/dags/ETL/Scripts/wheel-3.10.exe:__main__.py assumed to contain no DAGs. Skipping.
[2023-12-06 11:41:29,399] {processor.py:653} WARNING - No viable dags retrieved from /opt/airflow/dags/ETL/Scripts/wheel-3.10.exe
[2023-12-06 11:41:29,411] {processor.py:161} INFO - Processing /opt/airflow/dags/ETL/Scripts/wheel-3.10.exe took 0.025 seconds
[2023-12-06 11:41:39,790] {processor.py:153} INFO - Started process (PID=1814) to work on /opt/airflow/dags/ETL/Scripts/wheel-3.10.exe
[2023-12-06 11:41:39,791] {processor.py:641} INFO - Processing file /opt/airflow/dags/ETL/Scripts/wheel-3.10.exe for tasks to queue
[2023-12-06 11:41:39,792] {logging_mixin.py:115} INFO - [2023-12-06 11:41:39,792] {dagbag.py:508} INFO - Filling up the DagBag from /opt/airflow/dags/ETL/Scripts/wheel-3.10.exe
[2023-12-06 11:41:39,803] {logging_mixin.py:115} INFO - [2023-12-06 11:41:39,803] {dagbag.py:371} INFO - File /opt/airflow/dags/ETL/Scripts/wheel-3.10.exe:__main__.py assumed to contain no DAGs. Skipping.
[2023-12-06 11:41:39,804] {processor.py:653} WARNING - No viable dags retrieved from /opt/airflow/dags/ETL/Scripts/wheel-3.10.exe
[2023-12-06 11:41:39,819] {processor.py:161} INFO - Processing /opt/airflow/dags/ETL/Scripts/wheel-3.10.exe took 0.033 seconds
[2023-12-06 11:41:50,214] {processor.py:153} INFO - Started process (PID=1860) to work on /opt/airflow/dags/ETL/Scripts/wheel-3.10.exe
[2023-12-06 11:41:50,214] {processor.py:641} INFO - Processing file /opt/airflow/dags/ETL/Scripts/wheel-3.10.exe for tasks to queue
[2023-12-06 11:41:50,215] {logging_mixin.py:115} INFO - [2023-12-06 11:41:50,215] {dagbag.py:508} INFO - Filling up the DagBag from /opt/airflow/dags/ETL/Scripts/wheel-3.10.exe
[2023-12-06 11:41:50,223] {logging_mixin.py:115} INFO - [2023-12-06 11:41:50,223] {dagbag.py:371} INFO - File /opt/airflow/dags/ETL/Scripts/wheel-3.10.exe:__main__.py assumed to contain no DAGs. Skipping.
[2023-12-06 11:41:50,223] {processor.py:653} WARNING - No viable dags retrieved from /opt/airflow/dags/ETL/Scripts/wheel-3.10.exe
[2023-12-06 11:41:50,235] {processor.py:161} INFO - Processing /opt/airflow/dags/ETL/Scripts/wheel-3.10.exe took 0.024 seconds
[2023-12-06 11:42:00,425] {processor.py:153} INFO - Started process (PID=1904) to work on /opt/airflow/dags/ETL/Scripts/wheel-3.10.exe
[2023-12-06 11:42:00,426] {processor.py:641} INFO - Processing file /opt/airflow/dags/ETL/Scripts/wheel-3.10.exe for tasks to queue
[2023-12-06 11:42:00,426] {logging_mixin.py:115} INFO - [2023-12-06 11:42:00,426] {dagbag.py:508} INFO - Filling up the DagBag from /opt/airflow/dags/ETL/Scripts/wheel-3.10.exe
[2023-12-06 11:42:00,434] {logging_mixin.py:115} INFO - [2023-12-06 11:42:00,434] {dagbag.py:371} INFO - File /opt/airflow/dags/ETL/Scripts/wheel-3.10.exe:__main__.py assumed to contain no DAGs. Skipping.
[2023-12-06 11:42:00,435] {processor.py:653} WARNING - No viable dags retrieved from /opt/airflow/dags/ETL/Scripts/wheel-3.10.exe
[2023-12-06 11:42:00,448] {processor.py:161} INFO - Processing /opt/airflow/dags/ETL/Scripts/wheel-3.10.exe took 0.025 seconds
[2023-12-06 11:42:10,875] {processor.py:153} INFO - Started process (PID=1952) to work on /opt/airflow/dags/ETL/Scripts/wheel-3.10.exe
[2023-12-06 11:42:10,875] {processor.py:641} INFO - Processing file /opt/airflow/dags/ETL/Scripts/wheel-3.10.exe for tasks to queue
[2023-12-06 11:42:10,876] {logging_mixin.py:115} INFO - [2023-12-06 11:42:10,876] {dagbag.py:508} INFO - Filling up the DagBag from /opt/airflow/dags/ETL/Scripts/wheel-3.10.exe
[2023-12-06 11:42:10,883] {logging_mixin.py:115} INFO - [2023-12-06 11:42:10,883] {dagbag.py:371} INFO - File /opt/airflow/dags/ETL/Scripts/wheel-3.10.exe:__main__.py assumed to contain no DAGs. Skipping.
[2023-12-06 11:42:10,883] {processor.py:653} WARNING - No viable dags retrieved from /opt/airflow/dags/ETL/Scripts/wheel-3.10.exe
[2023-12-06 11:42:10,895] {processor.py:161} INFO - Processing /opt/airflow/dags/ETL/Scripts/wheel-3.10.exe took 0.023 seconds
[2023-12-06 11:42:21,303] {processor.py:153} INFO - Started process (PID=1998) to work on /opt/airflow/dags/ETL/Scripts/wheel-3.10.exe
[2023-12-06 11:42:21,304] {processor.py:641} INFO - Processing file /opt/airflow/dags/ETL/Scripts/wheel-3.10.exe for tasks to queue
[2023-12-06 11:42:21,305] {logging_mixin.py:115} INFO - [2023-12-06 11:42:21,304] {dagbag.py:508} INFO - Filling up the DagBag from /opt/airflow/dags/ETL/Scripts/wheel-3.10.exe
[2023-12-06 11:42:21,312] {logging_mixin.py:115} INFO - [2023-12-06 11:42:21,312] {dagbag.py:371} INFO - File /opt/airflow/dags/ETL/Scripts/wheel-3.10.exe:__main__.py assumed to contain no DAGs. Skipping.
[2023-12-06 11:42:21,313] {processor.py:653} WARNING - No viable dags retrieved from /opt/airflow/dags/ETL/Scripts/wheel-3.10.exe
[2023-12-06 11:42:21,325] {processor.py:161} INFO - Processing /opt/airflow/dags/ETL/Scripts/wheel-3.10.exe took 0.025 seconds
[2023-12-06 11:42:37,108] {processor.py:153} INFO - Started process (PID=2038) to work on /opt/airflow/dags/ETL/Scripts/wheel-3.10.exe
[2023-12-06 11:42:37,108] {processor.py:641} INFO - Processing file /opt/airflow/dags/ETL/Scripts/wheel-3.10.exe for tasks to queue
[2023-12-06 11:42:37,109] {logging_mixin.py:115} INFO - [2023-12-06 11:42:37,109] {dagbag.py:508} INFO - Filling up the DagBag from /opt/airflow/dags/ETL/Scripts/wheel-3.10.exe
[2023-12-06 11:42:37,117] {logging_mixin.py:115} INFO - [2023-12-06 11:42:37,117] {dagbag.py:371} INFO - File /opt/airflow/dags/ETL/Scripts/wheel-3.10.exe:__main__.py assumed to contain no DAGs. Skipping.
[2023-12-06 11:42:37,118] {processor.py:653} WARNING - No viable dags retrieved from /opt/airflow/dags/ETL/Scripts/wheel-3.10.exe
[2023-12-06 11:42:37,131] {processor.py:161} INFO - Processing /opt/airflow/dags/ETL/Scripts/wheel-3.10.exe took 0.027 seconds
[2023-12-06 11:42:47,563] {processor.py:153} INFO - Started process (PID=2084) to work on /opt/airflow/dags/ETL/Scripts/wheel-3.10.exe
[2023-12-06 11:42:47,564] {processor.py:641} INFO - Processing file /opt/airflow/dags/ETL/Scripts/wheel-3.10.exe for tasks to queue
[2023-12-06 11:42:47,564] {logging_mixin.py:115} INFO - [2023-12-06 11:42:47,564] {dagbag.py:508} INFO - Filling up the DagBag from /opt/airflow/dags/ETL/Scripts/wheel-3.10.exe
[2023-12-06 11:42:47,573] {logging_mixin.py:115} INFO - [2023-12-06 11:42:47,572] {dagbag.py:371} INFO - File /opt/airflow/dags/ETL/Scripts/wheel-3.10.exe:__main__.py assumed to contain no DAGs. Skipping.
[2023-12-06 11:42:47,573] {processor.py:653} WARNING - No viable dags retrieved from /opt/airflow/dags/ETL/Scripts/wheel-3.10.exe
[2023-12-06 11:42:47,584] {processor.py:161} INFO - Processing /opt/airflow/dags/ETL/Scripts/wheel-3.10.exe took 0.024 seconds
[2023-12-06 11:42:57,966] {processor.py:153} INFO - Started process (PID=2130) to work on /opt/airflow/dags/ETL/Scripts/wheel-3.10.exe
[2023-12-06 11:42:57,966] {processor.py:641} INFO - Processing file /opt/airflow/dags/ETL/Scripts/wheel-3.10.exe for tasks to queue
[2023-12-06 11:42:57,967] {logging_mixin.py:115} INFO - [2023-12-06 11:42:57,967] {dagbag.py:508} INFO - Filling up the DagBag from /opt/airflow/dags/ETL/Scripts/wheel-3.10.exe
[2023-12-06 11:42:57,976] {logging_mixin.py:115} INFO - [2023-12-06 11:42:57,976] {dagbag.py:371} INFO - File /opt/airflow/dags/ETL/Scripts/wheel-3.10.exe:__main__.py assumed to contain no DAGs. Skipping.
[2023-12-06 11:42:57,977] {processor.py:653} WARNING - No viable dags retrieved from /opt/airflow/dags/ETL/Scripts/wheel-3.10.exe
[2023-12-06 11:42:57,989] {processor.py:161} INFO - Processing /opt/airflow/dags/ETL/Scripts/wheel-3.10.exe took 0.027 seconds
[2023-12-06 11:43:08,418] {processor.py:153} INFO - Started process (PID=2176) to work on /opt/airflow/dags/ETL/Scripts/wheel-3.10.exe
[2023-12-06 11:43:08,419] {processor.py:641} INFO - Processing file /opt/airflow/dags/ETL/Scripts/wheel-3.10.exe for tasks to queue
[2023-12-06 11:43:08,420] {logging_mixin.py:115} INFO - [2023-12-06 11:43:08,420] {dagbag.py:508} INFO - Filling up the DagBag from /opt/airflow/dags/ETL/Scripts/wheel-3.10.exe
[2023-12-06 11:43:08,429] {logging_mixin.py:115} INFO - [2023-12-06 11:43:08,428] {dagbag.py:371} INFO - File /opt/airflow/dags/ETL/Scripts/wheel-3.10.exe:__main__.py assumed to contain no DAGs. Skipping.
[2023-12-06 11:43:08,429] {processor.py:653} WARNING - No viable dags retrieved from /opt/airflow/dags/ETL/Scripts/wheel-3.10.exe
[2023-12-06 11:43:08,441] {processor.py:161} INFO - Processing /opt/airflow/dags/ETL/Scripts/wheel-3.10.exe took 0.026 seconds
[2023-12-06 11:43:18,875] {processor.py:153} INFO - Started process (PID=2222) to work on /opt/airflow/dags/ETL/Scripts/wheel-3.10.exe
[2023-12-06 11:43:18,876] {processor.py:641} INFO - Processing file /opt/airflow/dags/ETL/Scripts/wheel-3.10.exe for tasks to queue
[2023-12-06 11:43:18,877] {logging_mixin.py:115} INFO - [2023-12-06 11:43:18,877] {dagbag.py:508} INFO - Filling up the DagBag from /opt/airflow/dags/ETL/Scripts/wheel-3.10.exe
[2023-12-06 11:43:18,885] {logging_mixin.py:115} INFO - [2023-12-06 11:43:18,885] {dagbag.py:371} INFO - File /opt/airflow/dags/ETL/Scripts/wheel-3.10.exe:__main__.py assumed to contain no DAGs. Skipping.
[2023-12-06 11:43:18,886] {processor.py:653} WARNING - No viable dags retrieved from /opt/airflow/dags/ETL/Scripts/wheel-3.10.exe
[2023-12-06 11:43:18,898] {processor.py:161} INFO - Processing /opt/airflow/dags/ETL/Scripts/wheel-3.10.exe took 0.025 seconds
[2023-12-06 11:43:29,276] {processor.py:153} INFO - Started process (PID=2271) to work on /opt/airflow/dags/ETL/Scripts/wheel-3.10.exe
[2023-12-06 11:43:29,277] {processor.py:641} INFO - Processing file /opt/airflow/dags/ETL/Scripts/wheel-3.10.exe for tasks to queue
[2023-12-06 11:43:29,277] {logging_mixin.py:115} INFO - [2023-12-06 11:43:29,277] {dagbag.py:508} INFO - Filling up the DagBag from /opt/airflow/dags/ETL/Scripts/wheel-3.10.exe
[2023-12-06 11:43:29,284] {logging_mixin.py:115} INFO - [2023-12-06 11:43:29,284] {dagbag.py:371} INFO - File /opt/airflow/dags/ETL/Scripts/wheel-3.10.exe:__main__.py assumed to contain no DAGs. Skipping.
[2023-12-06 11:43:29,284] {processor.py:653} WARNING - No viable dags retrieved from /opt/airflow/dags/ETL/Scripts/wheel-3.10.exe
[2023-12-06 11:43:29,297] {processor.py:161} INFO - Processing /opt/airflow/dags/ETL/Scripts/wheel-3.10.exe took 0.024 seconds
[2023-12-06 11:43:39,618] {processor.py:153} INFO - Started process (PID=2315) to work on /opt/airflow/dags/ETL/Scripts/wheel-3.10.exe
[2023-12-06 11:43:39,618] {processor.py:641} INFO - Processing file /opt/airflow/dags/ETL/Scripts/wheel-3.10.exe for tasks to queue
[2023-12-06 11:43:39,619] {logging_mixin.py:115} INFO - [2023-12-06 11:43:39,619] {dagbag.py:508} INFO - Filling up the DagBag from /opt/airflow/dags/ETL/Scripts/wheel-3.10.exe
[2023-12-06 11:43:39,628] {logging_mixin.py:115} INFO - [2023-12-06 11:43:39,628] {dagbag.py:371} INFO - File /opt/airflow/dags/ETL/Scripts/wheel-3.10.exe:__main__.py assumed to contain no DAGs. Skipping.
[2023-12-06 11:43:39,629] {processor.py:653} WARNING - No viable dags retrieved from /opt/airflow/dags/ETL/Scripts/wheel-3.10.exe
[2023-12-06 11:43:39,643] {processor.py:161} INFO - Processing /opt/airflow/dags/ETL/Scripts/wheel-3.10.exe took 0.030 seconds
[2023-12-06 11:43:50,186] {processor.py:153} INFO - Started process (PID=2366) to work on /opt/airflow/dags/ETL/Scripts/wheel-3.10.exe
[2023-12-06 11:43:50,186] {processor.py:641} INFO - Processing file /opt/airflow/dags/ETL/Scripts/wheel-3.10.exe for tasks to queue
[2023-12-06 11:43:50,187] {logging_mixin.py:115} INFO - [2023-12-06 11:43:50,187] {dagbag.py:508} INFO - Filling up the DagBag from /opt/airflow/dags/ETL/Scripts/wheel-3.10.exe
[2023-12-06 11:43:50,198] {logging_mixin.py:115} INFO - [2023-12-06 11:43:50,198] {dagbag.py:371} INFO - File /opt/airflow/dags/ETL/Scripts/wheel-3.10.exe:__main__.py assumed to contain no DAGs. Skipping.
[2023-12-06 11:43:50,198] {processor.py:653} WARNING - No viable dags retrieved from /opt/airflow/dags/ETL/Scripts/wheel-3.10.exe
[2023-12-06 11:43:50,213] {processor.py:161} INFO - Processing /opt/airflow/dags/ETL/Scripts/wheel-3.10.exe took 0.030 seconds
[2023-12-06 11:44:00,599] {processor.py:153} INFO - Started process (PID=2412) to work on /opt/airflow/dags/ETL/Scripts/wheel-3.10.exe
[2023-12-06 11:44:00,600] {processor.py:641} INFO - Processing file /opt/airflow/dags/ETL/Scripts/wheel-3.10.exe for tasks to queue
[2023-12-06 11:44:00,600] {logging_mixin.py:115} INFO - [2023-12-06 11:44:00,600] {dagbag.py:508} INFO - Filling up the DagBag from /opt/airflow/dags/ETL/Scripts/wheel-3.10.exe
[2023-12-06 11:44:00,608] {logging_mixin.py:115} INFO - [2023-12-06 11:44:00,608] {dagbag.py:371} INFO - File /opt/airflow/dags/ETL/Scripts/wheel-3.10.exe:__main__.py assumed to contain no DAGs. Skipping.
[2023-12-06 11:44:00,609] {processor.py:653} WARNING - No viable dags retrieved from /opt/airflow/dags/ETL/Scripts/wheel-3.10.exe
[2023-12-06 11:44:00,621] {processor.py:161} INFO - Processing /opt/airflow/dags/ETL/Scripts/wheel-3.10.exe took 0.024 seconds
[2023-12-06 11:44:11,061] {processor.py:153} INFO - Started process (PID=2458) to work on /opt/airflow/dags/ETL/Scripts/wheel-3.10.exe
[2023-12-06 11:44:11,062] {processor.py:641} INFO - Processing file /opt/airflow/dags/ETL/Scripts/wheel-3.10.exe for tasks to queue
[2023-12-06 11:44:11,062] {logging_mixin.py:115} INFO - [2023-12-06 11:44:11,062] {dagbag.py:508} INFO - Filling up the DagBag from /opt/airflow/dags/ETL/Scripts/wheel-3.10.exe
[2023-12-06 11:44:11,073] {logging_mixin.py:115} INFO - [2023-12-06 11:44:11,073] {dagbag.py:371} INFO - File /opt/airflow/dags/ETL/Scripts/wheel-3.10.exe:__main__.py assumed to contain no DAGs. Skipping.
[2023-12-06 11:44:11,074] {processor.py:653} WARNING - No viable dags retrieved from /opt/airflow/dags/ETL/Scripts/wheel-3.10.exe
[2023-12-06 11:44:11,087] {processor.py:161} INFO - Processing /opt/airflow/dags/ETL/Scripts/wheel-3.10.exe took 0.029 seconds
[2023-12-06 11:44:21,517] {processor.py:153} INFO - Started process (PID=2504) to work on /opt/airflow/dags/ETL/Scripts/wheel-3.10.exe
[2023-12-06 11:44:21,518] {processor.py:641} INFO - Processing file /opt/airflow/dags/ETL/Scripts/wheel-3.10.exe for tasks to queue
[2023-12-06 11:44:21,520] {logging_mixin.py:115} INFO - [2023-12-06 11:44:21,519] {dagbag.py:508} INFO - Filling up the DagBag from /opt/airflow/dags/ETL/Scripts/wheel-3.10.exe
[2023-12-06 11:44:21,531] {logging_mixin.py:115} INFO - [2023-12-06 11:44:21,531] {dagbag.py:371} INFO - File /opt/airflow/dags/ETL/Scripts/wheel-3.10.exe:__main__.py assumed to contain no DAGs. Skipping.
[2023-12-06 11:44:21,532] {processor.py:653} WARNING - No viable dags retrieved from /opt/airflow/dags/ETL/Scripts/wheel-3.10.exe
[2023-12-06 11:44:21,549] {processor.py:161} INFO - Processing /opt/airflow/dags/ETL/Scripts/wheel-3.10.exe took 0.037 seconds
[2023-12-06 11:44:31,994] {processor.py:153} INFO - Started process (PID=2550) to work on /opt/airflow/dags/ETL/Scripts/wheel-3.10.exe
[2023-12-06 11:44:31,995] {processor.py:641} INFO - Processing file /opt/airflow/dags/ETL/Scripts/wheel-3.10.exe for tasks to queue
[2023-12-06 11:44:31,996] {logging_mixin.py:115} INFO - [2023-12-06 11:44:31,995] {dagbag.py:508} INFO - Filling up the DagBag from /opt/airflow/dags/ETL/Scripts/wheel-3.10.exe
[2023-12-06 11:44:32,006] {logging_mixin.py:115} INFO - [2023-12-06 11:44:32,006] {dagbag.py:371} INFO - File /opt/airflow/dags/ETL/Scripts/wheel-3.10.exe:__main__.py assumed to contain no DAGs. Skipping.
[2023-12-06 11:44:32,007] {processor.py:653} WARNING - No viable dags retrieved from /opt/airflow/dags/ETL/Scripts/wheel-3.10.exe
[2023-12-06 11:44:32,019] {processor.py:161} INFO - Processing /opt/airflow/dags/ETL/Scripts/wheel-3.10.exe took 0.028 seconds
[2023-12-06 11:44:42,416] {processor.py:153} INFO - Started process (PID=2594) to work on /opt/airflow/dags/ETL/Scripts/wheel-3.10.exe
[2023-12-06 11:44:42,417] {processor.py:641} INFO - Processing file /opt/airflow/dags/ETL/Scripts/wheel-3.10.exe for tasks to queue
[2023-12-06 11:44:42,417] {logging_mixin.py:115} INFO - [2023-12-06 11:44:42,417] {dagbag.py:508} INFO - Filling up the DagBag from /opt/airflow/dags/ETL/Scripts/wheel-3.10.exe
[2023-12-06 11:44:42,426] {logging_mixin.py:115} INFO - [2023-12-06 11:44:42,426] {dagbag.py:371} INFO - File /opt/airflow/dags/ETL/Scripts/wheel-3.10.exe:__main__.py assumed to contain no DAGs. Skipping.
[2023-12-06 11:44:42,427] {processor.py:653} WARNING - No viable dags retrieved from /opt/airflow/dags/ETL/Scripts/wheel-3.10.exe
[2023-12-06 11:44:42,442] {processor.py:161} INFO - Processing /opt/airflow/dags/ETL/Scripts/wheel-3.10.exe took 0.029 seconds
[2023-12-06 11:44:52,986] {processor.py:153} INFO - Started process (PID=2642) to work on /opt/airflow/dags/ETL/Scripts/wheel-3.10.exe
[2023-12-06 11:44:52,986] {processor.py:641} INFO - Processing file /opt/airflow/dags/ETL/Scripts/wheel-3.10.exe for tasks to queue
[2023-12-06 11:44:52,987] {logging_mixin.py:115} INFO - [2023-12-06 11:44:52,987] {dagbag.py:508} INFO - Filling up the DagBag from /opt/airflow/dags/ETL/Scripts/wheel-3.10.exe
[2023-12-06 11:44:52,995] {logging_mixin.py:115} INFO - [2023-12-06 11:44:52,995] {dagbag.py:371} INFO - File /opt/airflow/dags/ETL/Scripts/wheel-3.10.exe:__main__.py assumed to contain no DAGs. Skipping.
[2023-12-06 11:44:52,995] {processor.py:653} WARNING - No viable dags retrieved from /opt/airflow/dags/ETL/Scripts/wheel-3.10.exe
[2023-12-06 11:44:53,007] {processor.py:161} INFO - Processing /opt/airflow/dags/ETL/Scripts/wheel-3.10.exe took 0.024 seconds
[2023-12-06 11:45:03,450] {processor.py:153} INFO - Started process (PID=2688) to work on /opt/airflow/dags/ETL/Scripts/wheel-3.10.exe
[2023-12-06 11:45:03,450] {processor.py:641} INFO - Processing file /opt/airflow/dags/ETL/Scripts/wheel-3.10.exe for tasks to queue
[2023-12-06 11:45:03,451] {logging_mixin.py:115} INFO - [2023-12-06 11:45:03,451] {dagbag.py:508} INFO - Filling up the DagBag from /opt/airflow/dags/ETL/Scripts/wheel-3.10.exe
[2023-12-06 11:45:03,459] {logging_mixin.py:115} INFO - [2023-12-06 11:45:03,459] {dagbag.py:371} INFO - File /opt/airflow/dags/ETL/Scripts/wheel-3.10.exe:__main__.py assumed to contain no DAGs. Skipping.
[2023-12-06 11:45:03,459] {processor.py:653} WARNING - No viable dags retrieved from /opt/airflow/dags/ETL/Scripts/wheel-3.10.exe
[2023-12-06 11:45:03,472] {processor.py:161} INFO - Processing /opt/airflow/dags/ETL/Scripts/wheel-3.10.exe took 0.025 seconds
[2023-12-06 11:45:13,792] {processor.py:153} INFO - Started process (PID=2732) to work on /opt/airflow/dags/ETL/Scripts/wheel-3.10.exe
[2023-12-06 11:45:13,793] {processor.py:641} INFO - Processing file /opt/airflow/dags/ETL/Scripts/wheel-3.10.exe for tasks to queue
[2023-12-06 11:45:13,794] {logging_mixin.py:115} INFO - [2023-12-06 11:45:13,794] {dagbag.py:508} INFO - Filling up the DagBag from /opt/airflow/dags/ETL/Scripts/wheel-3.10.exe
[2023-12-06 11:45:13,801] {logging_mixin.py:115} INFO - [2023-12-06 11:45:13,801] {dagbag.py:371} INFO - File /opt/airflow/dags/ETL/Scripts/wheel-3.10.exe:__main__.py assumed to contain no DAGs. Skipping.
[2023-12-06 11:45:13,802] {processor.py:653} WARNING - No viable dags retrieved from /opt/airflow/dags/ETL/Scripts/wheel-3.10.exe
[2023-12-06 11:45:13,814] {processor.py:161} INFO - Processing /opt/airflow/dags/ETL/Scripts/wheel-3.10.exe took 0.025 seconds
[2023-12-06 11:45:24,167] {processor.py:153} INFO - Started process (PID=2780) to work on /opt/airflow/dags/ETL/Scripts/wheel-3.10.exe
[2023-12-06 11:45:24,167] {processor.py:641} INFO - Processing file /opt/airflow/dags/ETL/Scripts/wheel-3.10.exe for tasks to queue
[2023-12-06 11:45:24,168] {logging_mixin.py:115} INFO - [2023-12-06 11:45:24,168] {dagbag.py:508} INFO - Filling up the DagBag from /opt/airflow/dags/ETL/Scripts/wheel-3.10.exe
[2023-12-06 11:45:24,176] {logging_mixin.py:115} INFO - [2023-12-06 11:45:24,176] {dagbag.py:371} INFO - File /opt/airflow/dags/ETL/Scripts/wheel-3.10.exe:__main__.py assumed to contain no DAGs. Skipping.
[2023-12-06 11:45:24,177] {processor.py:653} WARNING - No viable dags retrieved from /opt/airflow/dags/ETL/Scripts/wheel-3.10.exe
[2023-12-06 11:45:24,189] {processor.py:161} INFO - Processing /opt/airflow/dags/ETL/Scripts/wheel-3.10.exe took 0.025 seconds
[2023-12-06 11:45:34,607] {processor.py:153} INFO - Started process (PID=2826) to work on /opt/airflow/dags/ETL/Scripts/wheel-3.10.exe
[2023-12-06 11:45:34,608] {processor.py:641} INFO - Processing file /opt/airflow/dags/ETL/Scripts/wheel-3.10.exe for tasks to queue
[2023-12-06 11:45:34,609] {logging_mixin.py:115} INFO - [2023-12-06 11:45:34,609] {dagbag.py:508} INFO - Filling up the DagBag from /opt/airflow/dags/ETL/Scripts/wheel-3.10.exe
[2023-12-06 11:45:34,618] {logging_mixin.py:115} INFO - [2023-12-06 11:45:34,618] {dagbag.py:371} INFO - File /opt/airflow/dags/ETL/Scripts/wheel-3.10.exe:__main__.py assumed to contain no DAGs. Skipping.
[2023-12-06 11:45:34,619] {processor.py:653} WARNING - No viable dags retrieved from /opt/airflow/dags/ETL/Scripts/wheel-3.10.exe
[2023-12-06 11:45:34,634] {processor.py:161} INFO - Processing /opt/airflow/dags/ETL/Scripts/wheel-3.10.exe took 0.029 seconds
[2023-12-06 11:45:45,127] {processor.py:153} INFO - Started process (PID=2872) to work on /opt/airflow/dags/ETL/Scripts/wheel-3.10.exe
[2023-12-06 11:45:45,128] {processor.py:641} INFO - Processing file /opt/airflow/dags/ETL/Scripts/wheel-3.10.exe for tasks to queue
[2023-12-06 11:45:45,129] {logging_mixin.py:115} INFO - [2023-12-06 11:45:45,129] {dagbag.py:508} INFO - Filling up the DagBag from /opt/airflow/dags/ETL/Scripts/wheel-3.10.exe
[2023-12-06 11:45:45,138] {logging_mixin.py:115} INFO - [2023-12-06 11:45:45,138] {dagbag.py:371} INFO - File /opt/airflow/dags/ETL/Scripts/wheel-3.10.exe:__main__.py assumed to contain no DAGs. Skipping.
[2023-12-06 11:45:45,138] {processor.py:653} WARNING - No viable dags retrieved from /opt/airflow/dags/ETL/Scripts/wheel-3.10.exe
[2023-12-06 11:45:45,210] {processor.py:161} INFO - Processing /opt/airflow/dags/ETL/Scripts/wheel-3.10.exe took 0.088 seconds
[2023-12-06 11:45:55,627] {processor.py:153} INFO - Started process (PID=2918) to work on /opt/airflow/dags/ETL/Scripts/wheel-3.10.exe
[2023-12-06 11:45:55,628] {processor.py:641} INFO - Processing file /opt/airflow/dags/ETL/Scripts/wheel-3.10.exe for tasks to queue
[2023-12-06 11:45:55,628] {logging_mixin.py:115} INFO - [2023-12-06 11:45:55,628] {dagbag.py:508} INFO - Filling up the DagBag from /opt/airflow/dags/ETL/Scripts/wheel-3.10.exe
[2023-12-06 11:45:55,636] {logging_mixin.py:115} INFO - [2023-12-06 11:45:55,636] {dagbag.py:371} INFO - File /opt/airflow/dags/ETL/Scripts/wheel-3.10.exe:__main__.py assumed to contain no DAGs. Skipping.
[2023-12-06 11:45:55,636] {processor.py:653} WARNING - No viable dags retrieved from /opt/airflow/dags/ETL/Scripts/wheel-3.10.exe
[2023-12-06 11:45:55,650] {processor.py:161} INFO - Processing /opt/airflow/dags/ETL/Scripts/wheel-3.10.exe took 0.026 seconds
[2023-12-06 11:46:05,971] {processor.py:153} INFO - Started process (PID=2962) to work on /opt/airflow/dags/ETL/Scripts/wheel-3.10.exe
[2023-12-06 11:46:05,971] {processor.py:641} INFO - Processing file /opt/airflow/dags/ETL/Scripts/wheel-3.10.exe for tasks to queue
[2023-12-06 11:46:05,972] {logging_mixin.py:115} INFO - [2023-12-06 11:46:05,972] {dagbag.py:508} INFO - Filling up the DagBag from /opt/airflow/dags/ETL/Scripts/wheel-3.10.exe
[2023-12-06 11:46:05,981] {logging_mixin.py:115} INFO - [2023-12-06 11:46:05,981] {dagbag.py:371} INFO - File /opt/airflow/dags/ETL/Scripts/wheel-3.10.exe:__main__.py assumed to contain no DAGs. Skipping.
[2023-12-06 11:46:05,982] {processor.py:653} WARNING - No viable dags retrieved from /opt/airflow/dags/ETL/Scripts/wheel-3.10.exe
[2023-12-06 11:46:05,996] {processor.py:161} INFO - Processing /opt/airflow/dags/ETL/Scripts/wheel-3.10.exe took 0.029 seconds
[2023-12-06 11:46:16,494] {processor.py:153} INFO - Started process (PID=3010) to work on /opt/airflow/dags/ETL/Scripts/wheel-3.10.exe
[2023-12-06 11:46:16,495] {processor.py:641} INFO - Processing file /opt/airflow/dags/ETL/Scripts/wheel-3.10.exe for tasks to queue
[2023-12-06 11:46:16,496] {logging_mixin.py:115} INFO - [2023-12-06 11:46:16,495] {dagbag.py:508} INFO - Filling up the DagBag from /opt/airflow/dags/ETL/Scripts/wheel-3.10.exe
[2023-12-06 11:46:16,505] {logging_mixin.py:115} INFO - [2023-12-06 11:46:16,505] {dagbag.py:371} INFO - File /opt/airflow/dags/ETL/Scripts/wheel-3.10.exe:__main__.py assumed to contain no DAGs. Skipping.
[2023-12-06 11:46:16,505] {processor.py:653} WARNING - No viable dags retrieved from /opt/airflow/dags/ETL/Scripts/wheel-3.10.exe
[2023-12-06 11:46:16,518] {processor.py:161} INFO - Processing /opt/airflow/dags/ETL/Scripts/wheel-3.10.exe took 0.026 seconds
[2023-12-06 11:46:26,886] {processor.py:153} INFO - Started process (PID=3054) to work on /opt/airflow/dags/ETL/Scripts/wheel-3.10.exe
[2023-12-06 11:46:26,887] {processor.py:641} INFO - Processing file /opt/airflow/dags/ETL/Scripts/wheel-3.10.exe for tasks to queue
[2023-12-06 11:46:26,888] {logging_mixin.py:115} INFO - [2023-12-06 11:46:26,888] {dagbag.py:508} INFO - Filling up the DagBag from /opt/airflow/dags/ETL/Scripts/wheel-3.10.exe
[2023-12-06 11:46:26,896] {logging_mixin.py:115} INFO - [2023-12-06 11:46:26,896] {dagbag.py:371} INFO - File /opt/airflow/dags/ETL/Scripts/wheel-3.10.exe:__main__.py assumed to contain no DAGs. Skipping.
[2023-12-06 11:46:26,897] {processor.py:653} WARNING - No viable dags retrieved from /opt/airflow/dags/ETL/Scripts/wheel-3.10.exe
[2023-12-06 11:46:26,909] {processor.py:161} INFO - Processing /opt/airflow/dags/ETL/Scripts/wheel-3.10.exe took 0.025 seconds
[2023-12-06 11:46:37,302] {processor.py:153} INFO - Started process (PID=3102) to work on /opt/airflow/dags/ETL/Scripts/wheel-3.10.exe
[2023-12-06 11:46:37,303] {processor.py:641} INFO - Processing file /opt/airflow/dags/ETL/Scripts/wheel-3.10.exe for tasks to queue
[2023-12-06 11:46:37,304] {logging_mixin.py:115} INFO - [2023-12-06 11:46:37,304] {dagbag.py:508} INFO - Filling up the DagBag from /opt/airflow/dags/ETL/Scripts/wheel-3.10.exe
[2023-12-06 11:46:37,311] {logging_mixin.py:115} INFO - [2023-12-06 11:46:37,311] {dagbag.py:371} INFO - File /opt/airflow/dags/ETL/Scripts/wheel-3.10.exe:__main__.py assumed to contain no DAGs. Skipping.
[2023-12-06 11:46:37,312] {processor.py:653} WARNING - No viable dags retrieved from /opt/airflow/dags/ETL/Scripts/wheel-3.10.exe
[2023-12-06 11:46:37,324] {processor.py:161} INFO - Processing /opt/airflow/dags/ETL/Scripts/wheel-3.10.exe took 0.024 seconds
[2023-12-06 11:46:47,675] {processor.py:153} INFO - Started process (PID=3146) to work on /opt/airflow/dags/ETL/Scripts/wheel-3.10.exe
[2023-12-06 11:46:47,676] {processor.py:641} INFO - Processing file /opt/airflow/dags/ETL/Scripts/wheel-3.10.exe for tasks to queue
[2023-12-06 11:46:47,676] {logging_mixin.py:115} INFO - [2023-12-06 11:46:47,676] {dagbag.py:508} INFO - Filling up the DagBag from /opt/airflow/dags/ETL/Scripts/wheel-3.10.exe
[2023-12-06 11:46:47,684] {logging_mixin.py:115} INFO - [2023-12-06 11:46:47,684] {dagbag.py:371} INFO - File /opt/airflow/dags/ETL/Scripts/wheel-3.10.exe:__main__.py assumed to contain no DAGs. Skipping.
[2023-12-06 11:46:47,685] {processor.py:653} WARNING - No viable dags retrieved from /opt/airflow/dags/ETL/Scripts/wheel-3.10.exe
[2023-12-06 11:46:47,699] {processor.py:161} INFO - Processing /opt/airflow/dags/ETL/Scripts/wheel-3.10.exe took 0.027 seconds
[2023-12-06 11:46:58,058] {processor.py:153} INFO - Started process (PID=3194) to work on /opt/airflow/dags/ETL/Scripts/wheel-3.10.exe
[2023-12-06 11:46:58,058] {processor.py:641} INFO - Processing file /opt/airflow/dags/ETL/Scripts/wheel-3.10.exe for tasks to queue
[2023-12-06 11:46:58,059] {logging_mixin.py:115} INFO - [2023-12-06 11:46:58,059] {dagbag.py:508} INFO - Filling up the DagBag from /opt/airflow/dags/ETL/Scripts/wheel-3.10.exe
[2023-12-06 11:46:58,067] {logging_mixin.py:115} INFO - [2023-12-06 11:46:58,067] {dagbag.py:371} INFO - File /opt/airflow/dags/ETL/Scripts/wheel-3.10.exe:__main__.py assumed to contain no DAGs. Skipping.
[2023-12-06 11:46:58,068] {processor.py:653} WARNING - No viable dags retrieved from /opt/airflow/dags/ETL/Scripts/wheel-3.10.exe
[2023-12-06 11:46:58,081] {processor.py:161} INFO - Processing /opt/airflow/dags/ETL/Scripts/wheel-3.10.exe took 0.026 seconds
[2023-12-06 11:47:08,588] {processor.py:153} INFO - Started process (PID=3240) to work on /opt/airflow/dags/ETL/Scripts/wheel-3.10.exe
[2023-12-06 11:47:08,589] {processor.py:641} INFO - Processing file /opt/airflow/dags/ETL/Scripts/wheel-3.10.exe for tasks to queue
[2023-12-06 11:47:08,590] {logging_mixin.py:115} INFO - [2023-12-06 11:47:08,590] {dagbag.py:508} INFO - Filling up the DagBag from /opt/airflow/dags/ETL/Scripts/wheel-3.10.exe
[2023-12-06 11:47:08,601] {logging_mixin.py:115} INFO - [2023-12-06 11:47:08,601] {dagbag.py:371} INFO - File /opt/airflow/dags/ETL/Scripts/wheel-3.10.exe:__main__.py assumed to contain no DAGs. Skipping.
[2023-12-06 11:47:08,602] {processor.py:653} WARNING - No viable dags retrieved from /opt/airflow/dags/ETL/Scripts/wheel-3.10.exe
[2023-12-06 11:47:08,619] {processor.py:161} INFO - Processing /opt/airflow/dags/ETL/Scripts/wheel-3.10.exe took 0.033 seconds
[2023-12-06 11:47:19,011] {processor.py:153} INFO - Started process (PID=3286) to work on /opt/airflow/dags/ETL/Scripts/wheel-3.10.exe
[2023-12-06 11:47:19,012] {processor.py:641} INFO - Processing file /opt/airflow/dags/ETL/Scripts/wheel-3.10.exe for tasks to queue
[2023-12-06 11:47:19,012] {logging_mixin.py:115} INFO - [2023-12-06 11:47:19,012] {dagbag.py:508} INFO - Filling up the DagBag from /opt/airflow/dags/ETL/Scripts/wheel-3.10.exe
[2023-12-06 11:47:19,020] {logging_mixin.py:115} INFO - [2023-12-06 11:47:19,020] {dagbag.py:371} INFO - File /opt/airflow/dags/ETL/Scripts/wheel-3.10.exe:__main__.py assumed to contain no DAGs. Skipping.
[2023-12-06 11:47:19,021] {processor.py:653} WARNING - No viable dags retrieved from /opt/airflow/dags/ETL/Scripts/wheel-3.10.exe
[2023-12-06 11:47:19,033] {processor.py:161} INFO - Processing /opt/airflow/dags/ETL/Scripts/wheel-3.10.exe took 0.025 seconds
[2023-12-06 11:47:35,790] {processor.py:153} INFO - Started process (PID=3324) to work on /opt/airflow/dags/ETL/Scripts/wheel-3.10.exe
[2023-12-06 11:47:35,792] {processor.py:641} INFO - Processing file /opt/airflow/dags/ETL/Scripts/wheel-3.10.exe for tasks to queue
[2023-12-06 11:47:35,794] {logging_mixin.py:115} INFO - [2023-12-06 11:47:35,794] {dagbag.py:508} INFO - Filling up the DagBag from /opt/airflow/dags/ETL/Scripts/wheel-3.10.exe
[2023-12-06 11:47:35,806] {logging_mixin.py:115} INFO - [2023-12-06 11:47:35,806] {dagbag.py:371} INFO - File /opt/airflow/dags/ETL/Scripts/wheel-3.10.exe:__main__.py assumed to contain no DAGs. Skipping.
[2023-12-06 11:47:35,808] {processor.py:653} WARNING - No viable dags retrieved from /opt/airflow/dags/ETL/Scripts/wheel-3.10.exe
[2023-12-06 11:47:35,821] {processor.py:161} INFO - Processing /opt/airflow/dags/ETL/Scripts/wheel-3.10.exe took 0.035 seconds
[2023-12-06 11:47:46,279] {processor.py:153} INFO - Started process (PID=3372) to work on /opt/airflow/dags/ETL/Scripts/wheel-3.10.exe
[2023-12-06 11:47:46,280] {processor.py:641} INFO - Processing file /opt/airflow/dags/ETL/Scripts/wheel-3.10.exe for tasks to queue
[2023-12-06 11:47:46,281] {logging_mixin.py:115} INFO - [2023-12-06 11:47:46,281] {dagbag.py:508} INFO - Filling up the DagBag from /opt/airflow/dags/ETL/Scripts/wheel-3.10.exe
[2023-12-06 11:47:46,290] {logging_mixin.py:115} INFO - [2023-12-06 11:47:46,289] {dagbag.py:371} INFO - File /opt/airflow/dags/ETL/Scripts/wheel-3.10.exe:__main__.py assumed to contain no DAGs. Skipping.
[2023-12-06 11:47:46,290] {processor.py:653} WARNING - No viable dags retrieved from /opt/airflow/dags/ETL/Scripts/wheel-3.10.exe
[2023-12-06 11:47:46,306] {processor.py:161} INFO - Processing /opt/airflow/dags/ETL/Scripts/wheel-3.10.exe took 0.030 seconds
[2023-12-06 11:47:56,710] {processor.py:153} INFO - Started process (PID=3418) to work on /opt/airflow/dags/ETL/Scripts/wheel-3.10.exe
[2023-12-06 11:47:56,711] {processor.py:641} INFO - Processing file /opt/airflow/dags/ETL/Scripts/wheel-3.10.exe for tasks to queue
[2023-12-06 11:47:56,712] {logging_mixin.py:115} INFO - [2023-12-06 11:47:56,712] {dagbag.py:508} INFO - Filling up the DagBag from /opt/airflow/dags/ETL/Scripts/wheel-3.10.exe
[2023-12-06 11:47:56,719] {logging_mixin.py:115} INFO - [2023-12-06 11:47:56,719] {dagbag.py:371} INFO - File /opt/airflow/dags/ETL/Scripts/wheel-3.10.exe:__main__.py assumed to contain no DAGs. Skipping.
[2023-12-06 11:47:56,719] {processor.py:653} WARNING - No viable dags retrieved from /opt/airflow/dags/ETL/Scripts/wheel-3.10.exe
[2023-12-06 11:47:56,732] {processor.py:161} INFO - Processing /opt/airflow/dags/ETL/Scripts/wheel-3.10.exe took 0.025 seconds
[2023-12-06 11:48:07,101] {processor.py:153} INFO - Started process (PID=3462) to work on /opt/airflow/dags/ETL/Scripts/wheel-3.10.exe
[2023-12-06 11:48:07,102] {processor.py:641} INFO - Processing file /opt/airflow/dags/ETL/Scripts/wheel-3.10.exe for tasks to queue
[2023-12-06 11:48:07,102] {logging_mixin.py:115} INFO - [2023-12-06 11:48:07,102] {dagbag.py:508} INFO - Filling up the DagBag from /opt/airflow/dags/ETL/Scripts/wheel-3.10.exe
[2023-12-06 11:48:07,110] {logging_mixin.py:115} INFO - [2023-12-06 11:48:07,110] {dagbag.py:371} INFO - File /opt/airflow/dags/ETL/Scripts/wheel-3.10.exe:__main__.py assumed to contain no DAGs. Skipping.
[2023-12-06 11:48:07,110] {processor.py:653} WARNING - No viable dags retrieved from /opt/airflow/dags/ETL/Scripts/wheel-3.10.exe
[2023-12-06 11:48:07,124] {processor.py:161} INFO - Processing /opt/airflow/dags/ETL/Scripts/wheel-3.10.exe took 0.026 seconds
[2023-12-06 11:48:17,584] {processor.py:153} INFO - Started process (PID=3510) to work on /opt/airflow/dags/ETL/Scripts/wheel-3.10.exe
[2023-12-06 11:48:17,585] {processor.py:641} INFO - Processing file /opt/airflow/dags/ETL/Scripts/wheel-3.10.exe for tasks to queue
[2023-12-06 11:48:17,585] {logging_mixin.py:115} INFO - [2023-12-06 11:48:17,585] {dagbag.py:508} INFO - Filling up the DagBag from /opt/airflow/dags/ETL/Scripts/wheel-3.10.exe
[2023-12-06 11:48:17,593] {logging_mixin.py:115} INFO - [2023-12-06 11:48:17,593] {dagbag.py:371} INFO - File /opt/airflow/dags/ETL/Scripts/wheel-3.10.exe:__main__.py assumed to contain no DAGs. Skipping.
[2023-12-06 11:48:17,593] {processor.py:653} WARNING - No viable dags retrieved from /opt/airflow/dags/ETL/Scripts/wheel-3.10.exe
[2023-12-06 11:48:17,606] {processor.py:161} INFO - Processing /opt/airflow/dags/ETL/Scripts/wheel-3.10.exe took 0.025 seconds
[2023-12-06 11:48:28,041] {processor.py:153} INFO - Started process (PID=3557) to work on /opt/airflow/dags/ETL/Scripts/wheel-3.10.exe
[2023-12-06 11:48:28,042] {processor.py:641} INFO - Processing file /opt/airflow/dags/ETL/Scripts/wheel-3.10.exe for tasks to queue
[2023-12-06 11:48:28,042] {logging_mixin.py:115} INFO - [2023-12-06 11:48:28,042] {dagbag.py:508} INFO - Filling up the DagBag from /opt/airflow/dags/ETL/Scripts/wheel-3.10.exe
[2023-12-06 11:48:28,050] {logging_mixin.py:115} INFO - [2023-12-06 11:48:28,050] {dagbag.py:371} INFO - File /opt/airflow/dags/ETL/Scripts/wheel-3.10.exe:__main__.py assumed to contain no DAGs. Skipping.
[2023-12-06 11:48:28,051] {processor.py:653} WARNING - No viable dags retrieved from /opt/airflow/dags/ETL/Scripts/wheel-3.10.exe
[2023-12-06 11:48:28,064] {processor.py:161} INFO - Processing /opt/airflow/dags/ETL/Scripts/wheel-3.10.exe took 0.025 seconds
[2023-12-06 11:48:38,585] {processor.py:153} INFO - Started process (PID=3605) to work on /opt/airflow/dags/ETL/Scripts/wheel-3.10.exe
[2023-12-06 11:48:38,586] {processor.py:641} INFO - Processing file /opt/airflow/dags/ETL/Scripts/wheel-3.10.exe for tasks to queue
[2023-12-06 11:48:38,587] {logging_mixin.py:115} INFO - [2023-12-06 11:48:38,587] {dagbag.py:508} INFO - Filling up the DagBag from /opt/airflow/dags/ETL/Scripts/wheel-3.10.exe
[2023-12-06 11:48:38,599] {logging_mixin.py:115} INFO - [2023-12-06 11:48:38,598] {dagbag.py:371} INFO - File /opt/airflow/dags/ETL/Scripts/wheel-3.10.exe:__main__.py assumed to contain no DAGs. Skipping.
[2023-12-06 11:48:38,600] {processor.py:653} WARNING - No viable dags retrieved from /opt/airflow/dags/ETL/Scripts/wheel-3.10.exe
[2023-12-06 11:48:38,620] {processor.py:161} INFO - Processing /opt/airflow/dags/ETL/Scripts/wheel-3.10.exe took 0.040 seconds
[2023-12-06 11:48:49,065] {processor.py:153} INFO - Started process (PID=3654) to work on /opt/airflow/dags/ETL/Scripts/wheel-3.10.exe
[2023-12-06 11:48:49,066] {processor.py:641} INFO - Processing file /opt/airflow/dags/ETL/Scripts/wheel-3.10.exe for tasks to queue
[2023-12-06 11:48:49,066] {logging_mixin.py:115} INFO - [2023-12-06 11:48:49,066] {dagbag.py:508} INFO - Filling up the DagBag from /opt/airflow/dags/ETL/Scripts/wheel-3.10.exe
[2023-12-06 11:48:49,075] {logging_mixin.py:115} INFO - [2023-12-06 11:48:49,075] {dagbag.py:371} INFO - File /opt/airflow/dags/ETL/Scripts/wheel-3.10.exe:__main__.py assumed to contain no DAGs. Skipping.
[2023-12-06 11:48:49,075] {processor.py:653} WARNING - No viable dags retrieved from /opt/airflow/dags/ETL/Scripts/wheel-3.10.exe
[2023-12-06 11:48:49,087] {processor.py:161} INFO - Processing /opt/airflow/dags/ETL/Scripts/wheel-3.10.exe took 0.025 seconds
[2023-12-06 11:48:59,566] {processor.py:153} INFO - Started process (PID=3700) to work on /opt/airflow/dags/ETL/Scripts/wheel-3.10.exe
[2023-12-06 11:48:59,566] {processor.py:641} INFO - Processing file /opt/airflow/dags/ETL/Scripts/wheel-3.10.exe for tasks to queue
[2023-12-06 11:48:59,567] {logging_mixin.py:115} INFO - [2023-12-06 11:48:59,567] {dagbag.py:508} INFO - Filling up the DagBag from /opt/airflow/dags/ETL/Scripts/wheel-3.10.exe
[2023-12-06 11:48:59,575] {logging_mixin.py:115} INFO - [2023-12-06 11:48:59,575] {dagbag.py:371} INFO - File /opt/airflow/dags/ETL/Scripts/wheel-3.10.exe:__main__.py assumed to contain no DAGs. Skipping.
[2023-12-06 11:48:59,576] {processor.py:653} WARNING - No viable dags retrieved from /opt/airflow/dags/ETL/Scripts/wheel-3.10.exe
[2023-12-06 11:48:59,588] {processor.py:161} INFO - Processing /opt/airflow/dags/ETL/Scripts/wheel-3.10.exe took 0.024 seconds
[2023-12-06 11:49:09,960] {processor.py:153} INFO - Started process (PID=3744) to work on /opt/airflow/dags/ETL/Scripts/wheel-3.10.exe
[2023-12-06 11:49:09,961] {processor.py:641} INFO - Processing file /opt/airflow/dags/ETL/Scripts/wheel-3.10.exe for tasks to queue
[2023-12-06 11:49:09,961] {logging_mixin.py:115} INFO - [2023-12-06 11:49:09,961] {dagbag.py:508} INFO - Filling up the DagBag from /opt/airflow/dags/ETL/Scripts/wheel-3.10.exe
[2023-12-06 11:49:09,969] {logging_mixin.py:115} INFO - [2023-12-06 11:49:09,969] {dagbag.py:371} INFO - File /opt/airflow/dags/ETL/Scripts/wheel-3.10.exe:__main__.py assumed to contain no DAGs. Skipping.
[2023-12-06 11:49:09,970] {processor.py:653} WARNING - No viable dags retrieved from /opt/airflow/dags/ETL/Scripts/wheel-3.10.exe
[2023-12-06 11:49:09,982] {processor.py:161} INFO - Processing /opt/airflow/dags/ETL/Scripts/wheel-3.10.exe took 0.025 seconds
[2023-12-06 11:49:20,555] {processor.py:153} INFO - Started process (PID=3792) to work on /opt/airflow/dags/ETL/Scripts/wheel-3.10.exe
[2023-12-06 11:49:20,555] {processor.py:641} INFO - Processing file /opt/airflow/dags/ETL/Scripts/wheel-3.10.exe for tasks to queue
[2023-12-06 11:49:20,556] {logging_mixin.py:115} INFO - [2023-12-06 11:49:20,556] {dagbag.py:508} INFO - Filling up the DagBag from /opt/airflow/dags/ETL/Scripts/wheel-3.10.exe
[2023-12-06 11:49:20,564] {logging_mixin.py:115} INFO - [2023-12-06 11:49:20,564] {dagbag.py:371} INFO - File /opt/airflow/dags/ETL/Scripts/wheel-3.10.exe:__main__.py assumed to contain no DAGs. Skipping.
[2023-12-06 11:49:20,564] {processor.py:653} WARNING - No viable dags retrieved from /opt/airflow/dags/ETL/Scripts/wheel-3.10.exe
[2023-12-06 11:49:20,577] {processor.py:161} INFO - Processing /opt/airflow/dags/ETL/Scripts/wheel-3.10.exe took 0.026 seconds
[2023-12-06 11:49:30,973] {processor.py:153} INFO - Started process (PID=3836) to work on /opt/airflow/dags/ETL/Scripts/wheel-3.10.exe
[2023-12-06 11:49:30,974] {processor.py:641} INFO - Processing file /opt/airflow/dags/ETL/Scripts/wheel-3.10.exe for tasks to queue
[2023-12-06 11:49:30,975] {logging_mixin.py:115} INFO - [2023-12-06 11:49:30,975] {dagbag.py:508} INFO - Filling up the DagBag from /opt/airflow/dags/ETL/Scripts/wheel-3.10.exe
[2023-12-06 11:49:30,982] {logging_mixin.py:115} INFO - [2023-12-06 11:49:30,982] {dagbag.py:371} INFO - File /opt/airflow/dags/ETL/Scripts/wheel-3.10.exe:__main__.py assumed to contain no DAGs. Skipping.
[2023-12-06 11:49:30,982] {processor.py:653} WARNING - No viable dags retrieved from /opt/airflow/dags/ETL/Scripts/wheel-3.10.exe
[2023-12-06 11:49:30,994] {processor.py:161} INFO - Processing /opt/airflow/dags/ETL/Scripts/wheel-3.10.exe took 0.025 seconds
[2023-12-06 11:49:41,459] {processor.py:153} INFO - Started process (PID=3882) to work on /opt/airflow/dags/ETL/Scripts/wheel-3.10.exe
[2023-12-06 11:49:41,460] {processor.py:641} INFO - Processing file /opt/airflow/dags/ETL/Scripts/wheel-3.10.exe for tasks to queue
[2023-12-06 11:49:41,460] {logging_mixin.py:115} INFO - [2023-12-06 11:49:41,460] {dagbag.py:508} INFO - Filling up the DagBag from /opt/airflow/dags/ETL/Scripts/wheel-3.10.exe
[2023-12-06 11:49:41,467] {logging_mixin.py:115} INFO - [2023-12-06 11:49:41,467] {dagbag.py:371} INFO - File /opt/airflow/dags/ETL/Scripts/wheel-3.10.exe:__main__.py assumed to contain no DAGs. Skipping.
[2023-12-06 11:49:41,468] {processor.py:653} WARNING - No viable dags retrieved from /opt/airflow/dags/ETL/Scripts/wheel-3.10.exe
[2023-12-06 11:49:41,480] {processor.py:161} INFO - Processing /opt/airflow/dags/ETL/Scripts/wheel-3.10.exe took 0.023 seconds
[2023-12-06 11:49:51,897] {processor.py:153} INFO - Started process (PID=3930) to work on /opt/airflow/dags/ETL/Scripts/wheel-3.10.exe
[2023-12-06 11:49:51,898] {processor.py:641} INFO - Processing file /opt/airflow/dags/ETL/Scripts/wheel-3.10.exe for tasks to queue
[2023-12-06 11:49:51,899] {logging_mixin.py:115} INFO - [2023-12-06 11:49:51,899] {dagbag.py:508} INFO - Filling up the DagBag from /opt/airflow/dags/ETL/Scripts/wheel-3.10.exe
[2023-12-06 11:49:51,907] {logging_mixin.py:115} INFO - [2023-12-06 11:49:51,907] {dagbag.py:371} INFO - File /opt/airflow/dags/ETL/Scripts/wheel-3.10.exe:__main__.py assumed to contain no DAGs. Skipping.
[2023-12-06 11:49:51,908] {processor.py:653} WARNING - No viable dags retrieved from /opt/airflow/dags/ETL/Scripts/wheel-3.10.exe
[2023-12-06 11:49:51,920] {processor.py:161} INFO - Processing /opt/airflow/dags/ETL/Scripts/wheel-3.10.exe took 0.026 seconds
[2023-12-06 11:50:02,301] {processor.py:153} INFO - Started process (PID=3976) to work on /opt/airflow/dags/ETL/Scripts/wheel-3.10.exe
[2023-12-06 11:50:02,302] {processor.py:641} INFO - Processing file /opt/airflow/dags/ETL/Scripts/wheel-3.10.exe for tasks to queue
[2023-12-06 11:50:02,302] {logging_mixin.py:115} INFO - [2023-12-06 11:50:02,302] {dagbag.py:508} INFO - Filling up the DagBag from /opt/airflow/dags/ETL/Scripts/wheel-3.10.exe
[2023-12-06 11:50:02,310] {logging_mixin.py:115} INFO - [2023-12-06 11:50:02,309] {dagbag.py:371} INFO - File /opt/airflow/dags/ETL/Scripts/wheel-3.10.exe:__main__.py assumed to contain no DAGs. Skipping.
[2023-12-06 11:50:02,310] {processor.py:653} WARNING - No viable dags retrieved from /opt/airflow/dags/ETL/Scripts/wheel-3.10.exe
[2023-12-06 11:50:02,322] {processor.py:161} INFO - Processing /opt/airflow/dags/ETL/Scripts/wheel-3.10.exe took 0.024 seconds
[2023-12-06 11:50:12,731] {processor.py:153} INFO - Started process (PID=4020) to work on /opt/airflow/dags/ETL/Scripts/wheel-3.10.exe
[2023-12-06 11:50:12,732] {processor.py:641} INFO - Processing file /opt/airflow/dags/ETL/Scripts/wheel-3.10.exe for tasks to queue
[2023-12-06 11:50:12,732] {logging_mixin.py:115} INFO - [2023-12-06 11:50:12,732] {dagbag.py:508} INFO - Filling up the DagBag from /opt/airflow/dags/ETL/Scripts/wheel-3.10.exe
[2023-12-06 11:50:12,740] {logging_mixin.py:115} INFO - [2023-12-06 11:50:12,740] {dagbag.py:371} INFO - File /opt/airflow/dags/ETL/Scripts/wheel-3.10.exe:__main__.py assumed to contain no DAGs. Skipping.
[2023-12-06 11:50:12,741] {processor.py:653} WARNING - No viable dags retrieved from /opt/airflow/dags/ETL/Scripts/wheel-3.10.exe
[2023-12-06 11:50:12,753] {processor.py:161} INFO - Processing /opt/airflow/dags/ETL/Scripts/wheel-3.10.exe took 0.025 seconds
[2023-12-06 11:50:23,116] {processor.py:153} INFO - Started process (PID=4068) to work on /opt/airflow/dags/ETL/Scripts/wheel-3.10.exe
[2023-12-06 11:50:23,116] {processor.py:641} INFO - Processing file /opt/airflow/dags/ETL/Scripts/wheel-3.10.exe for tasks to queue
[2023-12-06 11:50:23,117] {logging_mixin.py:115} INFO - [2023-12-06 11:50:23,117] {dagbag.py:508} INFO - Filling up the DagBag from /opt/airflow/dags/ETL/Scripts/wheel-3.10.exe
[2023-12-06 11:50:23,124] {logging_mixin.py:115} INFO - [2023-12-06 11:50:23,124] {dagbag.py:371} INFO - File /opt/airflow/dags/ETL/Scripts/wheel-3.10.exe:__main__.py assumed to contain no DAGs. Skipping.
[2023-12-06 11:50:23,125] {processor.py:653} WARNING - No viable dags retrieved from /opt/airflow/dags/ETL/Scripts/wheel-3.10.exe
[2023-12-06 11:50:23,136] {processor.py:161} INFO - Processing /opt/airflow/dags/ETL/Scripts/wheel-3.10.exe took 0.023 seconds
[2023-12-06 11:50:33,506] {processor.py:153} INFO - Started process (PID=4114) to work on /opt/airflow/dags/ETL/Scripts/wheel-3.10.exe
[2023-12-06 11:50:33,507] {processor.py:641} INFO - Processing file /opt/airflow/dags/ETL/Scripts/wheel-3.10.exe for tasks to queue
[2023-12-06 11:50:33,507] {logging_mixin.py:115} INFO - [2023-12-06 11:50:33,507] {dagbag.py:508} INFO - Filling up the DagBag from /opt/airflow/dags/ETL/Scripts/wheel-3.10.exe
[2023-12-06 11:50:33,518] {logging_mixin.py:115} INFO - [2023-12-06 11:50:33,518] {dagbag.py:371} INFO - File /opt/airflow/dags/ETL/Scripts/wheel-3.10.exe:__main__.py assumed to contain no DAGs. Skipping.
[2023-12-06 11:50:33,518] {processor.py:653} WARNING - No viable dags retrieved from /opt/airflow/dags/ETL/Scripts/wheel-3.10.exe
[2023-12-06 11:50:33,535] {processor.py:161} INFO - Processing /opt/airflow/dags/ETL/Scripts/wheel-3.10.exe took 0.032 seconds
[2023-12-06 11:50:43,948] {processor.py:153} INFO - Started process (PID=4160) to work on /opt/airflow/dags/ETL/Scripts/wheel-3.10.exe
[2023-12-06 11:50:43,949] {processor.py:641} INFO - Processing file /opt/airflow/dags/ETL/Scripts/wheel-3.10.exe for tasks to queue
[2023-12-06 11:50:43,949] {logging_mixin.py:115} INFO - [2023-12-06 11:50:43,949] {dagbag.py:508} INFO - Filling up the DagBag from /opt/airflow/dags/ETL/Scripts/wheel-3.10.exe
[2023-12-06 11:50:43,956] {logging_mixin.py:115} INFO - [2023-12-06 11:50:43,956] {dagbag.py:371} INFO - File /opt/airflow/dags/ETL/Scripts/wheel-3.10.exe:__main__.py assumed to contain no DAGs. Skipping.
[2023-12-06 11:50:43,957] {processor.py:653} WARNING - No viable dags retrieved from /opt/airflow/dags/ETL/Scripts/wheel-3.10.exe
[2023-12-06 11:50:43,969] {processor.py:161} INFO - Processing /opt/airflow/dags/ETL/Scripts/wheel-3.10.exe took 0.023 seconds
[2023-12-06 11:50:54,368] {processor.py:153} INFO - Started process (PID=4206) to work on /opt/airflow/dags/ETL/Scripts/wheel-3.10.exe
[2023-12-06 11:50:54,369] {processor.py:641} INFO - Processing file /opt/airflow/dags/ETL/Scripts/wheel-3.10.exe for tasks to queue
[2023-12-06 11:50:54,369] {logging_mixin.py:115} INFO - [2023-12-06 11:50:54,369] {dagbag.py:508} INFO - Filling up the DagBag from /opt/airflow/dags/ETL/Scripts/wheel-3.10.exe
[2023-12-06 11:50:54,377] {logging_mixin.py:115} INFO - [2023-12-06 11:50:54,377] {dagbag.py:371} INFO - File /opt/airflow/dags/ETL/Scripts/wheel-3.10.exe:__main__.py assumed to contain no DAGs. Skipping.
[2023-12-06 11:50:54,378] {processor.py:653} WARNING - No viable dags retrieved from /opt/airflow/dags/ETL/Scripts/wheel-3.10.exe
[2023-12-06 11:50:54,389] {processor.py:161} INFO - Processing /opt/airflow/dags/ETL/Scripts/wheel-3.10.exe took 0.024 seconds
[2023-12-06 11:51:04,810] {processor.py:153} INFO - Started process (PID=4250) to work on /opt/airflow/dags/ETL/Scripts/wheel-3.10.exe
[2023-12-06 11:51:04,811] {processor.py:641} INFO - Processing file /opt/airflow/dags/ETL/Scripts/wheel-3.10.exe for tasks to queue
[2023-12-06 11:51:04,812] {logging_mixin.py:115} INFO - [2023-12-06 11:51:04,812] {dagbag.py:508} INFO - Filling up the DagBag from /opt/airflow/dags/ETL/Scripts/wheel-3.10.exe
[2023-12-06 11:51:04,819] {logging_mixin.py:115} INFO - [2023-12-06 11:51:04,819] {dagbag.py:371} INFO - File /opt/airflow/dags/ETL/Scripts/wheel-3.10.exe:__main__.py assumed to contain no DAGs. Skipping.
[2023-12-06 11:51:04,819] {processor.py:653} WARNING - No viable dags retrieved from /opt/airflow/dags/ETL/Scripts/wheel-3.10.exe
[2023-12-06 11:51:04,832] {processor.py:161} INFO - Processing /opt/airflow/dags/ETL/Scripts/wheel-3.10.exe took 0.025 seconds
[2023-12-06 11:51:15,238] {processor.py:153} INFO - Started process (PID=4298) to work on /opt/airflow/dags/ETL/Scripts/wheel-3.10.exe
[2023-12-06 11:51:15,239] {processor.py:641} INFO - Processing file /opt/airflow/dags/ETL/Scripts/wheel-3.10.exe for tasks to queue
[2023-12-06 11:51:15,240] {logging_mixin.py:115} INFO - [2023-12-06 11:51:15,240] {dagbag.py:508} INFO - Filling up the DagBag from /opt/airflow/dags/ETL/Scripts/wheel-3.10.exe
[2023-12-06 11:51:15,247] {logging_mixin.py:115} INFO - [2023-12-06 11:51:15,247] {dagbag.py:371} INFO - File /opt/airflow/dags/ETL/Scripts/wheel-3.10.exe:__main__.py assumed to contain no DAGs. Skipping.
[2023-12-06 11:51:15,248] {processor.py:653} WARNING - No viable dags retrieved from /opt/airflow/dags/ETL/Scripts/wheel-3.10.exe
[2023-12-06 11:51:15,259] {processor.py:161} INFO - Processing /opt/airflow/dags/ETL/Scripts/wheel-3.10.exe took 0.024 seconds
[2023-12-06 11:51:25,736] {processor.py:153} INFO - Started process (PID=4344) to work on /opt/airflow/dags/ETL/Scripts/wheel-3.10.exe
[2023-12-06 11:51:25,736] {processor.py:641} INFO - Processing file /opt/airflow/dags/ETL/Scripts/wheel-3.10.exe for tasks to queue
[2023-12-06 11:51:25,737] {logging_mixin.py:115} INFO - [2023-12-06 11:51:25,737] {dagbag.py:508} INFO - Filling up the DagBag from /opt/airflow/dags/ETL/Scripts/wheel-3.10.exe
[2023-12-06 11:51:25,744] {logging_mixin.py:115} INFO - [2023-12-06 11:51:25,744] {dagbag.py:371} INFO - File /opt/airflow/dags/ETL/Scripts/wheel-3.10.exe:__main__.py assumed to contain no DAGs. Skipping.
[2023-12-06 11:51:25,745] {processor.py:653} WARNING - No viable dags retrieved from /opt/airflow/dags/ETL/Scripts/wheel-3.10.exe
[2023-12-06 11:51:25,772] {processor.py:161} INFO - Processing /opt/airflow/dags/ETL/Scripts/wheel-3.10.exe took 0.040 seconds
[2023-12-06 11:51:36,209] {processor.py:153} INFO - Started process (PID=4390) to work on /opt/airflow/dags/ETL/Scripts/wheel-3.10.exe
[2023-12-06 11:51:36,210] {processor.py:641} INFO - Processing file /opt/airflow/dags/ETL/Scripts/wheel-3.10.exe for tasks to queue
[2023-12-06 11:51:36,211] {logging_mixin.py:115} INFO - [2023-12-06 11:51:36,211] {dagbag.py:508} INFO - Filling up the DagBag from /opt/airflow/dags/ETL/Scripts/wheel-3.10.exe
[2023-12-06 11:51:36,222] {logging_mixin.py:115} INFO - [2023-12-06 11:51:36,222] {dagbag.py:371} INFO - File /opt/airflow/dags/ETL/Scripts/wheel-3.10.exe:__main__.py assumed to contain no DAGs. Skipping.
[2023-12-06 11:51:36,223] {processor.py:653} WARNING - No viable dags retrieved from /opt/airflow/dags/ETL/Scripts/wheel-3.10.exe
[2023-12-06 11:51:36,241] {processor.py:161} INFO - Processing /opt/airflow/dags/ETL/Scripts/wheel-3.10.exe took 0.035 seconds
[2023-12-06 11:51:46,865] {processor.py:153} INFO - Started process (PID=4434) to work on /opt/airflow/dags/ETL/Scripts/wheel-3.10.exe
[2023-12-06 11:51:46,865] {processor.py:641} INFO - Processing file /opt/airflow/dags/ETL/Scripts/wheel-3.10.exe for tasks to queue
[2023-12-06 11:51:46,866] {logging_mixin.py:115} INFO - [2023-12-06 11:51:46,866] {dagbag.py:508} INFO - Filling up the DagBag from /opt/airflow/dags/ETL/Scripts/wheel-3.10.exe
[2023-12-06 11:51:46,920] {logging_mixin.py:115} INFO - [2023-12-06 11:51:46,920] {dagbag.py:371} INFO - File /opt/airflow/dags/ETL/Scripts/wheel-3.10.exe:__main__.py assumed to contain no DAGs. Skipping.
[2023-12-06 11:51:46,925] {processor.py:653} WARNING - No viable dags retrieved from /opt/airflow/dags/ETL/Scripts/wheel-3.10.exe
[2023-12-06 11:51:46,962] {processor.py:161} INFO - Processing /opt/airflow/dags/ETL/Scripts/wheel-3.10.exe took 0.100 seconds
[2023-12-06 11:51:57,882] {processor.py:153} INFO - Started process (PID=4480) to work on /opt/airflow/dags/ETL/Scripts/wheel-3.10.exe
[2023-12-06 11:51:57,882] {processor.py:641} INFO - Processing file /opt/airflow/dags/ETL/Scripts/wheel-3.10.exe for tasks to queue
[2023-12-06 11:51:57,883] {logging_mixin.py:115} INFO - [2023-12-06 11:51:57,883] {dagbag.py:508} INFO - Filling up the DagBag from /opt/airflow/dags/ETL/Scripts/wheel-3.10.exe
[2023-12-06 11:51:57,893] {logging_mixin.py:115} INFO - [2023-12-06 11:51:57,893] {dagbag.py:371} INFO - File /opt/airflow/dags/ETL/Scripts/wheel-3.10.exe:__main__.py assumed to contain no DAGs. Skipping.
[2023-12-06 11:51:57,893] {processor.py:653} WARNING - No viable dags retrieved from /opt/airflow/dags/ETL/Scripts/wheel-3.10.exe
[2023-12-06 11:51:57,914] {processor.py:161} INFO - Processing /opt/airflow/dags/ETL/Scripts/wheel-3.10.exe took 0.036 seconds
[2023-12-06 11:52:08,513] {processor.py:153} INFO - Started process (PID=4526) to work on /opt/airflow/dags/ETL/Scripts/wheel-3.10.exe
[2023-12-06 11:52:08,530] {processor.py:641} INFO - Processing file /opt/airflow/dags/ETL/Scripts/wheel-3.10.exe for tasks to queue
[2023-12-06 11:52:08,531] {logging_mixin.py:115} INFO - [2023-12-06 11:52:08,530] {dagbag.py:508} INFO - Filling up the DagBag from /opt/airflow/dags/ETL/Scripts/wheel-3.10.exe
[2023-12-06 11:52:08,545] {logging_mixin.py:115} INFO - [2023-12-06 11:52:08,545] {dagbag.py:371} INFO - File /opt/airflow/dags/ETL/Scripts/wheel-3.10.exe:__main__.py assumed to contain no DAGs. Skipping.
[2023-12-06 11:52:08,546] {processor.py:653} WARNING - No viable dags retrieved from /opt/airflow/dags/ETL/Scripts/wheel-3.10.exe
[2023-12-06 11:52:08,559] {processor.py:161} INFO - Processing /opt/airflow/dags/ETL/Scripts/wheel-3.10.exe took 0.049 seconds
[2023-12-06 11:52:18,973] {processor.py:153} INFO - Started process (PID=4574) to work on /opt/airflow/dags/ETL/Scripts/wheel-3.10.exe
[2023-12-06 11:52:18,973] {processor.py:641} INFO - Processing file /opt/airflow/dags/ETL/Scripts/wheel-3.10.exe for tasks to queue
[2023-12-06 11:52:18,974] {logging_mixin.py:115} INFO - [2023-12-06 11:52:18,974] {dagbag.py:508} INFO - Filling up the DagBag from /opt/airflow/dags/ETL/Scripts/wheel-3.10.exe
[2023-12-06 11:52:18,983] {logging_mixin.py:115} INFO - [2023-12-06 11:52:18,983] {dagbag.py:371} INFO - File /opt/airflow/dags/ETL/Scripts/wheel-3.10.exe:__main__.py assumed to contain no DAGs. Skipping.
[2023-12-06 11:52:18,983] {processor.py:653} WARNING - No viable dags retrieved from /opt/airflow/dags/ETL/Scripts/wheel-3.10.exe
[2023-12-06 11:52:18,998] {processor.py:161} INFO - Processing /opt/airflow/dags/ETL/Scripts/wheel-3.10.exe took 0.029 seconds
[2023-12-06 11:52:37,608] {processor.py:153} INFO - Started process (PID=4624) to work on /opt/airflow/dags/ETL/Scripts/wheel-3.10.exe
[2023-12-06 11:52:37,608] {processor.py:641} INFO - Processing file /opt/airflow/dags/ETL/Scripts/wheel-3.10.exe for tasks to queue
[2023-12-06 11:52:37,609] {logging_mixin.py:115} INFO - [2023-12-06 11:52:37,609] {dagbag.py:508} INFO - Filling up the DagBag from /opt/airflow/dags/ETL/Scripts/wheel-3.10.exe
[2023-12-06 11:52:37,620] {logging_mixin.py:115} INFO - [2023-12-06 11:52:37,620] {dagbag.py:371} INFO - File /opt/airflow/dags/ETL/Scripts/wheel-3.10.exe:__main__.py assumed to contain no DAGs. Skipping.
[2023-12-06 11:52:37,621] {processor.py:653} WARNING - No viable dags retrieved from /opt/airflow/dags/ETL/Scripts/wheel-3.10.exe
[2023-12-06 11:52:37,636] {processor.py:161} INFO - Processing /opt/airflow/dags/ETL/Scripts/wheel-3.10.exe took 0.031 seconds
[2023-12-06 11:52:48,659] {processor.py:153} INFO - Started process (PID=4670) to work on /opt/airflow/dags/ETL/Scripts/wheel-3.10.exe
[2023-12-06 11:52:48,659] {processor.py:641} INFO - Processing file /opt/airflow/dags/ETL/Scripts/wheel-3.10.exe for tasks to queue
[2023-12-06 11:52:48,660] {logging_mixin.py:115} INFO - [2023-12-06 11:52:48,660] {dagbag.py:508} INFO - Filling up the DagBag from /opt/airflow/dags/ETL/Scripts/wheel-3.10.exe
[2023-12-06 11:52:48,671] {logging_mixin.py:115} INFO - [2023-12-06 11:52:48,671] {dagbag.py:371} INFO - File /opt/airflow/dags/ETL/Scripts/wheel-3.10.exe:__main__.py assumed to contain no DAGs. Skipping.
[2023-12-06 11:52:48,672] {processor.py:653} WARNING - No viable dags retrieved from /opt/airflow/dags/ETL/Scripts/wheel-3.10.exe
[2023-12-06 11:52:48,684] {processor.py:161} INFO - Processing /opt/airflow/dags/ETL/Scripts/wheel-3.10.exe took 0.029 seconds
[2023-12-06 11:52:59,446] {processor.py:153} INFO - Started process (PID=4716) to work on /opt/airflow/dags/ETL/Scripts/wheel-3.10.exe
[2023-12-06 11:52:59,447] {processor.py:641} INFO - Processing file /opt/airflow/dags/ETL/Scripts/wheel-3.10.exe for tasks to queue
[2023-12-06 11:52:59,447] {logging_mixin.py:115} INFO - [2023-12-06 11:52:59,447] {dagbag.py:508} INFO - Filling up the DagBag from /opt/airflow/dags/ETL/Scripts/wheel-3.10.exe
[2023-12-06 11:52:59,458] {logging_mixin.py:115} INFO - [2023-12-06 11:52:59,458] {dagbag.py:371} INFO - File /opt/airflow/dags/ETL/Scripts/wheel-3.10.exe:__main__.py assumed to contain no DAGs. Skipping.
[2023-12-06 11:52:59,459] {processor.py:653} WARNING - No viable dags retrieved from /opt/airflow/dags/ETL/Scripts/wheel-3.10.exe
[2023-12-06 11:52:59,472] {processor.py:161} INFO - Processing /opt/airflow/dags/ETL/Scripts/wheel-3.10.exe took 0.029 seconds
[2023-12-06 11:53:10,089] {processor.py:153} INFO - Started process (PID=4762) to work on /opt/airflow/dags/ETL/Scripts/wheel-3.10.exe
[2023-12-06 11:53:10,090] {processor.py:641} INFO - Processing file /opt/airflow/dags/ETL/Scripts/wheel-3.10.exe for tasks to queue
[2023-12-06 11:53:10,090] {logging_mixin.py:115} INFO - [2023-12-06 11:53:10,090] {dagbag.py:508} INFO - Filling up the DagBag from /opt/airflow/dags/ETL/Scripts/wheel-3.10.exe
[2023-12-06 11:53:10,099] {logging_mixin.py:115} INFO - [2023-12-06 11:53:10,099] {dagbag.py:371} INFO - File /opt/airflow/dags/ETL/Scripts/wheel-3.10.exe:__main__.py assumed to contain no DAGs. Skipping.
[2023-12-06 11:53:10,100] {processor.py:653} WARNING - No viable dags retrieved from /opt/airflow/dags/ETL/Scripts/wheel-3.10.exe
[2023-12-06 11:53:10,115] {processor.py:161} INFO - Processing /opt/airflow/dags/ETL/Scripts/wheel-3.10.exe took 0.030 seconds
[2023-12-06 11:53:20,712] {processor.py:153} INFO - Started process (PID=4808) to work on /opt/airflow/dags/ETL/Scripts/wheel-3.10.exe
[2023-12-06 11:53:20,713] {processor.py:641} INFO - Processing file /opt/airflow/dags/ETL/Scripts/wheel-3.10.exe for tasks to queue
[2023-12-06 11:53:20,714] {logging_mixin.py:115} INFO - [2023-12-06 11:53:20,713] {dagbag.py:508} INFO - Filling up the DagBag from /opt/airflow/dags/ETL/Scripts/wheel-3.10.exe
[2023-12-06 11:53:20,722] {logging_mixin.py:115} INFO - [2023-12-06 11:53:20,722] {dagbag.py:371} INFO - File /opt/airflow/dags/ETL/Scripts/wheel-3.10.exe:__main__.py assumed to contain no DAGs. Skipping.
[2023-12-06 11:53:20,723] {processor.py:653} WARNING - No viable dags retrieved from /opt/airflow/dags/ETL/Scripts/wheel-3.10.exe
[2023-12-06 11:53:20,734] {processor.py:161} INFO - Processing /opt/airflow/dags/ETL/Scripts/wheel-3.10.exe took 0.025 seconds
[2023-12-06 11:53:31,614] {processor.py:153} INFO - Started process (PID=4854) to work on /opt/airflow/dags/ETL/Scripts/wheel-3.10.exe
[2023-12-06 11:53:31,615] {processor.py:641} INFO - Processing file /opt/airflow/dags/ETL/Scripts/wheel-3.10.exe for tasks to queue
[2023-12-06 11:53:31,616] {logging_mixin.py:115} INFO - [2023-12-06 11:53:31,615] {dagbag.py:508} INFO - Filling up the DagBag from /opt/airflow/dags/ETL/Scripts/wheel-3.10.exe
[2023-12-06 11:53:31,627] {logging_mixin.py:115} INFO - [2023-12-06 11:53:31,627] {dagbag.py:371} INFO - File /opt/airflow/dags/ETL/Scripts/wheel-3.10.exe:__main__.py assumed to contain no DAGs. Skipping.
[2023-12-06 11:53:31,627] {processor.py:653} WARNING - No viable dags retrieved from /opt/airflow/dags/ETL/Scripts/wheel-3.10.exe
[2023-12-06 11:53:31,644] {processor.py:161} INFO - Processing /opt/airflow/dags/ETL/Scripts/wheel-3.10.exe took 0.033 seconds
