[2023-12-06 11:37:40,318] {processor.py:153} INFO - Started process (PID=756) to work on /opt/airflow/dags/ETL/Scripts/wheel3.exe
[2023-12-06 11:37:40,319] {processor.py:641} INFO - Processing file /opt/airflow/dags/ETL/Scripts/wheel3.exe for tasks to queue
[2023-12-06 11:37:40,320] {logging_mixin.py:115} INFO - [2023-12-06 11:37:40,319] {dagbag.py:508} INFO - Filling up the DagBag from /opt/airflow/dags/ETL/Scripts/wheel3.exe
[2023-12-06 11:37:40,328] {logging_mixin.py:115} INFO - [2023-12-06 11:37:40,328] {dagbag.py:371} INFO - File /opt/airflow/dags/ETL/Scripts/wheel3.exe:__main__.py assumed to contain no DAGs. Skipping.
[2023-12-06 11:37:40,329] {processor.py:653} WARNING - No viable dags retrieved from /opt/airflow/dags/ETL/Scripts/wheel3.exe
[2023-12-06 11:37:40,345] {processor.py:161} INFO - Processing /opt/airflow/dags/ETL/Scripts/wheel3.exe took 0.032 seconds
[2023-12-06 11:37:50,731] {processor.py:153} INFO - Started process (PID=804) to work on /opt/airflow/dags/ETL/Scripts/wheel3.exe
[2023-12-06 11:37:50,732] {processor.py:641} INFO - Processing file /opt/airflow/dags/ETL/Scripts/wheel3.exe for tasks to queue
[2023-12-06 11:37:50,732] {logging_mixin.py:115} INFO - [2023-12-06 11:37:50,732] {dagbag.py:508} INFO - Filling up the DagBag from /opt/airflow/dags/ETL/Scripts/wheel3.exe
[2023-12-06 11:37:50,742] {logging_mixin.py:115} INFO - [2023-12-06 11:37:50,742] {dagbag.py:371} INFO - File /opt/airflow/dags/ETL/Scripts/wheel3.exe:__main__.py assumed to contain no DAGs. Skipping.
[2023-12-06 11:37:50,743] {processor.py:653} WARNING - No viable dags retrieved from /opt/airflow/dags/ETL/Scripts/wheel3.exe
[2023-12-06 11:37:50,756] {processor.py:161} INFO - Processing /opt/airflow/dags/ETL/Scripts/wheel3.exe took 0.027 seconds
[2023-12-06 11:38:01,267] {processor.py:153} INFO - Started process (PID=848) to work on /opt/airflow/dags/ETL/Scripts/wheel3.exe
[2023-12-06 11:38:01,268] {processor.py:641} INFO - Processing file /opt/airflow/dags/ETL/Scripts/wheel3.exe for tasks to queue
[2023-12-06 11:38:01,268] {logging_mixin.py:115} INFO - [2023-12-06 11:38:01,268] {dagbag.py:508} INFO - Filling up the DagBag from /opt/airflow/dags/ETL/Scripts/wheel3.exe
[2023-12-06 11:38:01,277] {logging_mixin.py:115} INFO - [2023-12-06 11:38:01,276] {dagbag.py:371} INFO - File /opt/airflow/dags/ETL/Scripts/wheel3.exe:__main__.py assumed to contain no DAGs. Skipping.
[2023-12-06 11:38:01,277] {processor.py:653} WARNING - No viable dags retrieved from /opt/airflow/dags/ETL/Scripts/wheel3.exe
[2023-12-06 11:38:01,290] {processor.py:161} INFO - Processing /opt/airflow/dags/ETL/Scripts/wheel3.exe took 0.026 seconds
[2023-12-06 11:38:11,658] {processor.py:153} INFO - Started process (PID=899) to work on /opt/airflow/dags/ETL/Scripts/wheel3.exe
[2023-12-06 11:38:11,659] {processor.py:641} INFO - Processing file /opt/airflow/dags/ETL/Scripts/wheel3.exe for tasks to queue
[2023-12-06 11:38:11,660] {logging_mixin.py:115} INFO - [2023-12-06 11:38:11,660] {dagbag.py:508} INFO - Filling up the DagBag from /opt/airflow/dags/ETL/Scripts/wheel3.exe
[2023-12-06 11:38:11,668] {logging_mixin.py:115} INFO - [2023-12-06 11:38:11,668] {dagbag.py:371} INFO - File /opt/airflow/dags/ETL/Scripts/wheel3.exe:__main__.py assumed to contain no DAGs. Skipping.
[2023-12-06 11:38:11,669] {processor.py:653} WARNING - No viable dags retrieved from /opt/airflow/dags/ETL/Scripts/wheel3.exe
[2023-12-06 11:38:11,684] {processor.py:161} INFO - Processing /opt/airflow/dags/ETL/Scripts/wheel3.exe took 0.031 seconds
[2023-12-06 11:38:22,010] {processor.py:153} INFO - Started process (PID=948) to work on /opt/airflow/dags/ETL/Scripts/wheel3.exe
[2023-12-06 11:38:22,011] {processor.py:641} INFO - Processing file /opt/airflow/dags/ETL/Scripts/wheel3.exe for tasks to queue
[2023-12-06 11:38:22,011] {logging_mixin.py:115} INFO - [2023-12-06 11:38:22,011] {dagbag.py:508} INFO - Filling up the DagBag from /opt/airflow/dags/ETL/Scripts/wheel3.exe
[2023-12-06 11:38:22,021] {logging_mixin.py:115} INFO - [2023-12-06 11:38:22,021] {dagbag.py:371} INFO - File /opt/airflow/dags/ETL/Scripts/wheel3.exe:__main__.py assumed to contain no DAGs. Skipping.
[2023-12-06 11:38:22,021] {processor.py:653} WARNING - No viable dags retrieved from /opt/airflow/dags/ETL/Scripts/wheel3.exe
[2023-12-06 11:38:22,035] {processor.py:161} INFO - Processing /opt/airflow/dags/ETL/Scripts/wheel3.exe took 0.028 seconds
[2023-12-06 11:38:32,385] {processor.py:153} INFO - Started process (PID=994) to work on /opt/airflow/dags/ETL/Scripts/wheel3.exe
[2023-12-06 11:38:32,386] {processor.py:641} INFO - Processing file /opt/airflow/dags/ETL/Scripts/wheel3.exe for tasks to queue
[2023-12-06 11:38:32,387] {logging_mixin.py:115} INFO - [2023-12-06 11:38:32,387] {dagbag.py:508} INFO - Filling up the DagBag from /opt/airflow/dags/ETL/Scripts/wheel3.exe
[2023-12-06 11:38:32,394] {logging_mixin.py:115} INFO - [2023-12-06 11:38:32,394] {dagbag.py:371} INFO - File /opt/airflow/dags/ETL/Scripts/wheel3.exe:__main__.py assumed to contain no DAGs. Skipping.
[2023-12-06 11:38:32,394] {processor.py:653} WARNING - No viable dags retrieved from /opt/airflow/dags/ETL/Scripts/wheel3.exe
[2023-12-06 11:38:32,407] {processor.py:161} INFO - Processing /opt/airflow/dags/ETL/Scripts/wheel3.exe took 0.025 seconds
[2023-12-06 11:38:43,018] {processor.py:153} INFO - Started process (PID=1043) to work on /opt/airflow/dags/ETL/Scripts/wheel3.exe
[2023-12-06 11:38:43,019] {processor.py:641} INFO - Processing file /opt/airflow/dags/ETL/Scripts/wheel3.exe for tasks to queue
[2023-12-06 11:38:43,020] {logging_mixin.py:115} INFO - [2023-12-06 11:38:43,020] {dagbag.py:508} INFO - Filling up the DagBag from /opt/airflow/dags/ETL/Scripts/wheel3.exe
[2023-12-06 11:38:43,028] {logging_mixin.py:115} INFO - [2023-12-06 11:38:43,028] {dagbag.py:371} INFO - File /opt/airflow/dags/ETL/Scripts/wheel3.exe:__main__.py assumed to contain no DAGs. Skipping.
[2023-12-06 11:38:43,029] {processor.py:653} WARNING - No viable dags retrieved from /opt/airflow/dags/ETL/Scripts/wheel3.exe
[2023-12-06 11:38:43,044] {processor.py:161} INFO - Processing /opt/airflow/dags/ETL/Scripts/wheel3.exe took 0.029 seconds
[2023-12-06 11:38:53,418] {processor.py:153} INFO - Started process (PID=1089) to work on /opt/airflow/dags/ETL/Scripts/wheel3.exe
[2023-12-06 11:38:53,418] {processor.py:641} INFO - Processing file /opt/airflow/dags/ETL/Scripts/wheel3.exe for tasks to queue
[2023-12-06 11:38:53,419] {logging_mixin.py:115} INFO - [2023-12-06 11:38:53,419] {dagbag.py:508} INFO - Filling up the DagBag from /opt/airflow/dags/ETL/Scripts/wheel3.exe
[2023-12-06 11:38:53,430] {logging_mixin.py:115} INFO - [2023-12-06 11:38:53,430] {dagbag.py:371} INFO - File /opt/airflow/dags/ETL/Scripts/wheel3.exe:__main__.py assumed to contain no DAGs. Skipping.
[2023-12-06 11:38:53,431] {processor.py:653} WARNING - No viable dags retrieved from /opt/airflow/dags/ETL/Scripts/wheel3.exe
[2023-12-06 11:38:53,446] {processor.py:161} INFO - Processing /opt/airflow/dags/ETL/Scripts/wheel3.exe took 0.032 seconds
[2023-12-06 11:39:03,776] {processor.py:153} INFO - Started process (PID=1133) to work on /opt/airflow/dags/ETL/Scripts/wheel3.exe
[2023-12-06 11:39:03,777] {processor.py:641} INFO - Processing file /opt/airflow/dags/ETL/Scripts/wheel3.exe for tasks to queue
[2023-12-06 11:39:03,777] {logging_mixin.py:115} INFO - [2023-12-06 11:39:03,777] {dagbag.py:508} INFO - Filling up the DagBag from /opt/airflow/dags/ETL/Scripts/wheel3.exe
[2023-12-06 11:39:03,786] {logging_mixin.py:115} INFO - [2023-12-06 11:39:03,786] {dagbag.py:371} INFO - File /opt/airflow/dags/ETL/Scripts/wheel3.exe:__main__.py assumed to contain no DAGs. Skipping.
[2023-12-06 11:39:03,787] {processor.py:653} WARNING - No viable dags retrieved from /opt/airflow/dags/ETL/Scripts/wheel3.exe
[2023-12-06 11:39:03,801] {processor.py:161} INFO - Processing /opt/airflow/dags/ETL/Scripts/wheel3.exe took 0.027 seconds
[2023-12-06 11:39:14,354] {processor.py:153} INFO - Started process (PID=1179) to work on /opt/airflow/dags/ETL/Scripts/wheel3.exe
[2023-12-06 11:39:14,354] {processor.py:641} INFO - Processing file /opt/airflow/dags/ETL/Scripts/wheel3.exe for tasks to queue
[2023-12-06 11:39:14,355] {logging_mixin.py:115} INFO - [2023-12-06 11:39:14,355] {dagbag.py:508} INFO - Filling up the DagBag from /opt/airflow/dags/ETL/Scripts/wheel3.exe
[2023-12-06 11:39:14,363] {logging_mixin.py:115} INFO - [2023-12-06 11:39:14,363] {dagbag.py:371} INFO - File /opt/airflow/dags/ETL/Scripts/wheel3.exe:__main__.py assumed to contain no DAGs. Skipping.
[2023-12-06 11:39:14,364] {processor.py:653} WARNING - No viable dags retrieved from /opt/airflow/dags/ETL/Scripts/wheel3.exe
[2023-12-06 11:39:14,376] {processor.py:161} INFO - Processing /opt/airflow/dags/ETL/Scripts/wheel3.exe took 0.024 seconds
[2023-12-06 11:39:24,745] {processor.py:153} INFO - Started process (PID=1227) to work on /opt/airflow/dags/ETL/Scripts/wheel3.exe
[2023-12-06 11:39:24,745] {processor.py:641} INFO - Processing file /opt/airflow/dags/ETL/Scripts/wheel3.exe for tasks to queue
[2023-12-06 11:39:24,746] {logging_mixin.py:115} INFO - [2023-12-06 11:39:24,746] {dagbag.py:508} INFO - Filling up the DagBag from /opt/airflow/dags/ETL/Scripts/wheel3.exe
[2023-12-06 11:39:24,753] {logging_mixin.py:115} INFO - [2023-12-06 11:39:24,753] {dagbag.py:371} INFO - File /opt/airflow/dags/ETL/Scripts/wheel3.exe:__main__.py assumed to contain no DAGs. Skipping.
[2023-12-06 11:39:24,753] {processor.py:653} WARNING - No viable dags retrieved from /opt/airflow/dags/ETL/Scripts/wheel3.exe
[2023-12-06 11:39:24,766] {processor.py:161} INFO - Processing /opt/airflow/dags/ETL/Scripts/wheel3.exe took 0.023 seconds
[2023-12-06 11:39:35,132] {processor.py:153} INFO - Started process (PID=1273) to work on /opt/airflow/dags/ETL/Scripts/wheel3.exe
[2023-12-06 11:39:35,132] {processor.py:641} INFO - Processing file /opt/airflow/dags/ETL/Scripts/wheel3.exe for tasks to queue
[2023-12-06 11:39:35,133] {logging_mixin.py:115} INFO - [2023-12-06 11:39:35,133] {dagbag.py:508} INFO - Filling up the DagBag from /opt/airflow/dags/ETL/Scripts/wheel3.exe
[2023-12-06 11:39:35,141] {logging_mixin.py:115} INFO - [2023-12-06 11:39:35,141] {dagbag.py:371} INFO - File /opt/airflow/dags/ETL/Scripts/wheel3.exe:__main__.py assumed to contain no DAGs. Skipping.
[2023-12-06 11:39:35,141] {processor.py:653} WARNING - No viable dags retrieved from /opt/airflow/dags/ETL/Scripts/wheel3.exe
[2023-12-06 11:39:35,153] {processor.py:161} INFO - Processing /opt/airflow/dags/ETL/Scripts/wheel3.exe took 0.024 seconds
[2023-12-06 11:39:45,505] {processor.py:153} INFO - Started process (PID=1319) to work on /opt/airflow/dags/ETL/Scripts/wheel3.exe
[2023-12-06 11:39:45,505] {processor.py:641} INFO - Processing file /opt/airflow/dags/ETL/Scripts/wheel3.exe for tasks to queue
[2023-12-06 11:39:45,506] {logging_mixin.py:115} INFO - [2023-12-06 11:39:45,506] {dagbag.py:508} INFO - Filling up the DagBag from /opt/airflow/dags/ETL/Scripts/wheel3.exe
[2023-12-06 11:39:45,515] {logging_mixin.py:115} INFO - [2023-12-06 11:39:45,515] {dagbag.py:371} INFO - File /opt/airflow/dags/ETL/Scripts/wheel3.exe:__main__.py assumed to contain no DAGs. Skipping.
[2023-12-06 11:39:45,515] {processor.py:653} WARNING - No viable dags retrieved from /opt/airflow/dags/ETL/Scripts/wheel3.exe
[2023-12-06 11:39:45,529] {processor.py:161} INFO - Processing /opt/airflow/dags/ETL/Scripts/wheel3.exe took 0.027 seconds
[2023-12-06 11:39:55,906] {processor.py:153} INFO - Started process (PID=1365) to work on /opt/airflow/dags/ETL/Scripts/wheel3.exe
[2023-12-06 11:39:55,907] {processor.py:641} INFO - Processing file /opt/airflow/dags/ETL/Scripts/wheel3.exe for tasks to queue
[2023-12-06 11:39:55,908] {logging_mixin.py:115} INFO - [2023-12-06 11:39:55,907] {dagbag.py:508} INFO - Filling up the DagBag from /opt/airflow/dags/ETL/Scripts/wheel3.exe
[2023-12-06 11:39:55,914] {logging_mixin.py:115} INFO - [2023-12-06 11:39:55,914] {dagbag.py:371} INFO - File /opt/airflow/dags/ETL/Scripts/wheel3.exe:__main__.py assumed to contain no DAGs. Skipping.
[2023-12-06 11:39:55,915] {processor.py:653} WARNING - No viable dags retrieved from /opt/airflow/dags/ETL/Scripts/wheel3.exe
[2023-12-06 11:39:55,926] {processor.py:161} INFO - Processing /opt/airflow/dags/ETL/Scripts/wheel3.exe took 0.023 seconds
[2023-12-06 11:40:06,271] {processor.py:153} INFO - Started process (PID=1411) to work on /opt/airflow/dags/ETL/Scripts/wheel3.exe
[2023-12-06 11:40:06,272] {processor.py:641} INFO - Processing file /opt/airflow/dags/ETL/Scripts/wheel3.exe for tasks to queue
[2023-12-06 11:40:06,272] {logging_mixin.py:115} INFO - [2023-12-06 11:40:06,272] {dagbag.py:508} INFO - Filling up the DagBag from /opt/airflow/dags/ETL/Scripts/wheel3.exe
[2023-12-06 11:40:06,280] {logging_mixin.py:115} INFO - [2023-12-06 11:40:06,280] {dagbag.py:371} INFO - File /opt/airflow/dags/ETL/Scripts/wheel3.exe:__main__.py assumed to contain no DAGs. Skipping.
[2023-12-06 11:40:06,281] {processor.py:653} WARNING - No viable dags retrieved from /opt/airflow/dags/ETL/Scripts/wheel3.exe
[2023-12-06 11:40:06,293] {processor.py:161} INFO - Processing /opt/airflow/dags/ETL/Scripts/wheel3.exe took 0.025 seconds
[2023-12-06 11:40:16,701] {processor.py:153} INFO - Started process (PID=1457) to work on /opt/airflow/dags/ETL/Scripts/wheel3.exe
[2023-12-06 11:40:16,702] {processor.py:641} INFO - Processing file /opt/airflow/dags/ETL/Scripts/wheel3.exe for tasks to queue
[2023-12-06 11:40:16,703] {logging_mixin.py:115} INFO - [2023-12-06 11:40:16,703] {dagbag.py:508} INFO - Filling up the DagBag from /opt/airflow/dags/ETL/Scripts/wheel3.exe
[2023-12-06 11:40:16,712] {logging_mixin.py:115} INFO - [2023-12-06 11:40:16,712] {dagbag.py:371} INFO - File /opt/airflow/dags/ETL/Scripts/wheel3.exe:__main__.py assumed to contain no DAGs. Skipping.
[2023-12-06 11:40:16,713] {processor.py:653} WARNING - No viable dags retrieved from /opt/airflow/dags/ETL/Scripts/wheel3.exe
[2023-12-06 11:40:16,728] {processor.py:161} INFO - Processing /opt/airflow/dags/ETL/Scripts/wheel3.exe took 0.030 seconds
[2023-12-06 11:40:27,048] {processor.py:153} INFO - Started process (PID=1501) to work on /opt/airflow/dags/ETL/Scripts/wheel3.exe
[2023-12-06 11:40:27,048] {processor.py:641} INFO - Processing file /opt/airflow/dags/ETL/Scripts/wheel3.exe for tasks to queue
[2023-12-06 11:40:27,049] {logging_mixin.py:115} INFO - [2023-12-06 11:40:27,049] {dagbag.py:508} INFO - Filling up the DagBag from /opt/airflow/dags/ETL/Scripts/wheel3.exe
[2023-12-06 11:40:27,055] {logging_mixin.py:115} INFO - [2023-12-06 11:40:27,055] {dagbag.py:371} INFO - File /opt/airflow/dags/ETL/Scripts/wheel3.exe:__main__.py assumed to contain no DAGs. Skipping.
[2023-12-06 11:40:27,056] {processor.py:653} WARNING - No viable dags retrieved from /opt/airflow/dags/ETL/Scripts/wheel3.exe
[2023-12-06 11:40:27,067] {processor.py:161} INFO - Processing /opt/airflow/dags/ETL/Scripts/wheel3.exe took 0.022 seconds
[2023-12-06 11:40:37,486] {processor.py:153} INFO - Started process (PID=1549) to work on /opt/airflow/dags/ETL/Scripts/wheel3.exe
[2023-12-06 11:40:37,486] {processor.py:641} INFO - Processing file /opt/airflow/dags/ETL/Scripts/wheel3.exe for tasks to queue
[2023-12-06 11:40:37,487] {logging_mixin.py:115} INFO - [2023-12-06 11:40:37,487] {dagbag.py:508} INFO - Filling up the DagBag from /opt/airflow/dags/ETL/Scripts/wheel3.exe
[2023-12-06 11:40:37,495] {logging_mixin.py:115} INFO - [2023-12-06 11:40:37,495] {dagbag.py:371} INFO - File /opt/airflow/dags/ETL/Scripts/wheel3.exe:__main__.py assumed to contain no DAGs. Skipping.
[2023-12-06 11:40:37,496] {processor.py:653} WARNING - No viable dags retrieved from /opt/airflow/dags/ETL/Scripts/wheel3.exe
[2023-12-06 11:40:37,507] {processor.py:161} INFO - Processing /opt/airflow/dags/ETL/Scripts/wheel3.exe took 0.024 seconds
[2023-12-06 11:40:47,814] {processor.py:153} INFO - Started process (PID=1589) to work on /opt/airflow/dags/ETL/Scripts/wheel3.exe
[2023-12-06 11:40:47,815] {processor.py:641} INFO - Processing file /opt/airflow/dags/ETL/Scripts/wheel3.exe for tasks to queue
[2023-12-06 11:40:47,815] {logging_mixin.py:115} INFO - [2023-12-06 11:40:47,815] {dagbag.py:508} INFO - Filling up the DagBag from /opt/airflow/dags/ETL/Scripts/wheel3.exe
[2023-12-06 11:40:47,823] {logging_mixin.py:115} INFO - [2023-12-06 11:40:47,823] {dagbag.py:371} INFO - File /opt/airflow/dags/ETL/Scripts/wheel3.exe:__main__.py assumed to contain no DAGs. Skipping.
[2023-12-06 11:40:47,824] {processor.py:653} WARNING - No viable dags retrieved from /opt/airflow/dags/ETL/Scripts/wheel3.exe
[2023-12-06 11:40:47,835] {processor.py:161} INFO - Processing /opt/airflow/dags/ETL/Scripts/wheel3.exe took 0.024 seconds
[2023-12-06 11:40:58,155] {processor.py:153} INFO - Started process (PID=1635) to work on /opt/airflow/dags/ETL/Scripts/wheel3.exe
[2023-12-06 11:40:58,155] {processor.py:641} INFO - Processing file /opt/airflow/dags/ETL/Scripts/wheel3.exe for tasks to queue
[2023-12-06 11:40:58,156] {logging_mixin.py:115} INFO - [2023-12-06 11:40:58,156] {dagbag.py:508} INFO - Filling up the DagBag from /opt/airflow/dags/ETL/Scripts/wheel3.exe
[2023-12-06 11:40:58,164] {logging_mixin.py:115} INFO - [2023-12-06 11:40:58,164] {dagbag.py:371} INFO - File /opt/airflow/dags/ETL/Scripts/wheel3.exe:__main__.py assumed to contain no DAGs. Skipping.
[2023-12-06 11:40:58,164] {processor.py:653} WARNING - No viable dags retrieved from /opt/airflow/dags/ETL/Scripts/wheel3.exe
[2023-12-06 11:40:58,176] {processor.py:161} INFO - Processing /opt/airflow/dags/ETL/Scripts/wheel3.exe took 0.024 seconds
[2023-12-06 11:41:08,563] {processor.py:153} INFO - Started process (PID=1679) to work on /opt/airflow/dags/ETL/Scripts/wheel3.exe
[2023-12-06 11:41:08,563] {processor.py:641} INFO - Processing file /opt/airflow/dags/ETL/Scripts/wheel3.exe for tasks to queue
[2023-12-06 11:41:08,564] {logging_mixin.py:115} INFO - [2023-12-06 11:41:08,564] {dagbag.py:508} INFO - Filling up the DagBag from /opt/airflow/dags/ETL/Scripts/wheel3.exe
[2023-12-06 11:41:08,572] {logging_mixin.py:115} INFO - [2023-12-06 11:41:08,572] {dagbag.py:371} INFO - File /opt/airflow/dags/ETL/Scripts/wheel3.exe:__main__.py assumed to contain no DAGs. Skipping.
[2023-12-06 11:41:08,572] {processor.py:653} WARNING - No viable dags retrieved from /opt/airflow/dags/ETL/Scripts/wheel3.exe
[2023-12-06 11:41:08,584] {processor.py:161} INFO - Processing /opt/airflow/dags/ETL/Scripts/wheel3.exe took 0.024 seconds
[2023-12-06 11:41:19,003] {processor.py:153} INFO - Started process (PID=1727) to work on /opt/airflow/dags/ETL/Scripts/wheel3.exe
[2023-12-06 11:41:19,004] {processor.py:641} INFO - Processing file /opt/airflow/dags/ETL/Scripts/wheel3.exe for tasks to queue
[2023-12-06 11:41:19,004] {logging_mixin.py:115} INFO - [2023-12-06 11:41:19,004] {dagbag.py:508} INFO - Filling up the DagBag from /opt/airflow/dags/ETL/Scripts/wheel3.exe
[2023-12-06 11:41:19,013] {logging_mixin.py:115} INFO - [2023-12-06 11:41:19,013] {dagbag.py:371} INFO - File /opt/airflow/dags/ETL/Scripts/wheel3.exe:__main__.py assumed to contain no DAGs. Skipping.
[2023-12-06 11:41:19,014] {processor.py:653} WARNING - No viable dags retrieved from /opt/airflow/dags/ETL/Scripts/wheel3.exe
[2023-12-06 11:41:19,026] {processor.py:161} INFO - Processing /opt/airflow/dags/ETL/Scripts/wheel3.exe took 0.027 seconds
[2023-12-06 11:41:29,389] {processor.py:153} INFO - Started process (PID=1771) to work on /opt/airflow/dags/ETL/Scripts/wheel3.exe
[2023-12-06 11:41:29,390] {processor.py:641} INFO - Processing file /opt/airflow/dags/ETL/Scripts/wheel3.exe for tasks to queue
[2023-12-06 11:41:29,390] {logging_mixin.py:115} INFO - [2023-12-06 11:41:29,390] {dagbag.py:508} INFO - Filling up the DagBag from /opt/airflow/dags/ETL/Scripts/wheel3.exe
[2023-12-06 11:41:29,398] {logging_mixin.py:115} INFO - [2023-12-06 11:41:29,398] {dagbag.py:371} INFO - File /opt/airflow/dags/ETL/Scripts/wheel3.exe:__main__.py assumed to contain no DAGs. Skipping.
[2023-12-06 11:41:29,398] {processor.py:653} WARNING - No viable dags retrieved from /opt/airflow/dags/ETL/Scripts/wheel3.exe
[2023-12-06 11:41:29,411] {processor.py:161} INFO - Processing /opt/airflow/dags/ETL/Scripts/wheel3.exe took 0.024 seconds
[2023-12-06 11:41:39,853] {processor.py:153} INFO - Started process (PID=1819) to work on /opt/airflow/dags/ETL/Scripts/wheel3.exe
[2023-12-06 11:41:39,854] {processor.py:641} INFO - Processing file /opt/airflow/dags/ETL/Scripts/wheel3.exe for tasks to queue
[2023-12-06 11:41:39,855] {logging_mixin.py:115} INFO - [2023-12-06 11:41:39,855] {dagbag.py:508} INFO - Filling up the DagBag from /opt/airflow/dags/ETL/Scripts/wheel3.exe
[2023-12-06 11:41:39,867] {logging_mixin.py:115} INFO - [2023-12-06 11:41:39,867] {dagbag.py:371} INFO - File /opt/airflow/dags/ETL/Scripts/wheel3.exe:__main__.py assumed to contain no DAGs. Skipping.
[2023-12-06 11:41:39,868] {processor.py:653} WARNING - No viable dags retrieved from /opt/airflow/dags/ETL/Scripts/wheel3.exe
[2023-12-06 11:41:39,888] {processor.py:161} INFO - Processing /opt/airflow/dags/ETL/Scripts/wheel3.exe took 0.040 seconds
[2023-12-06 11:41:50,214] {processor.py:153} INFO - Started process (PID=1863) to work on /opt/airflow/dags/ETL/Scripts/wheel3.exe
[2023-12-06 11:41:50,214] {processor.py:641} INFO - Processing file /opt/airflow/dags/ETL/Scripts/wheel3.exe for tasks to queue
[2023-12-06 11:41:50,215] {logging_mixin.py:115} INFO - [2023-12-06 11:41:50,215] {dagbag.py:508} INFO - Filling up the DagBag from /opt/airflow/dags/ETL/Scripts/wheel3.exe
[2023-12-06 11:41:50,223] {logging_mixin.py:115} INFO - [2023-12-06 11:41:50,223] {dagbag.py:371} INFO - File /opt/airflow/dags/ETL/Scripts/wheel3.exe:__main__.py assumed to contain no DAGs. Skipping.
[2023-12-06 11:41:50,223] {processor.py:653} WARNING - No viable dags retrieved from /opt/airflow/dags/ETL/Scripts/wheel3.exe
[2023-12-06 11:41:50,235] {processor.py:161} INFO - Processing /opt/airflow/dags/ETL/Scripts/wheel3.exe took 0.024 seconds
[2023-12-06 11:42:00,475] {processor.py:153} INFO - Started process (PID=1911) to work on /opt/airflow/dags/ETL/Scripts/wheel3.exe
[2023-12-06 11:42:00,476] {processor.py:641} INFO - Processing file /opt/airflow/dags/ETL/Scripts/wheel3.exe for tasks to queue
[2023-12-06 11:42:00,476] {logging_mixin.py:115} INFO - [2023-12-06 11:42:00,476] {dagbag.py:508} INFO - Filling up the DagBag from /opt/airflow/dags/ETL/Scripts/wheel3.exe
[2023-12-06 11:42:00,483] {logging_mixin.py:115} INFO - [2023-12-06 11:42:00,483] {dagbag.py:371} INFO - File /opt/airflow/dags/ETL/Scripts/wheel3.exe:__main__.py assumed to contain no DAGs. Skipping.
[2023-12-06 11:42:00,484] {processor.py:653} WARNING - No viable dags retrieved from /opt/airflow/dags/ETL/Scripts/wheel3.exe
[2023-12-06 11:42:00,496] {processor.py:161} INFO - Processing /opt/airflow/dags/ETL/Scripts/wheel3.exe took 0.024 seconds
[2023-12-06 11:42:10,920] {processor.py:153} INFO - Started process (PID=1957) to work on /opt/airflow/dags/ETL/Scripts/wheel3.exe
[2023-12-06 11:42:10,921] {processor.py:641} INFO - Processing file /opt/airflow/dags/ETL/Scripts/wheel3.exe for tasks to queue
[2023-12-06 11:42:10,921] {logging_mixin.py:115} INFO - [2023-12-06 11:42:10,921] {dagbag.py:508} INFO - Filling up the DagBag from /opt/airflow/dags/ETL/Scripts/wheel3.exe
[2023-12-06 11:42:10,929] {logging_mixin.py:115} INFO - [2023-12-06 11:42:10,929] {dagbag.py:371} INFO - File /opt/airflow/dags/ETL/Scripts/wheel3.exe:__main__.py assumed to contain no DAGs. Skipping.
[2023-12-06 11:42:10,930] {processor.py:653} WARNING - No viable dags retrieved from /opt/airflow/dags/ETL/Scripts/wheel3.exe
[2023-12-06 11:42:10,943] {processor.py:161} INFO - Processing /opt/airflow/dags/ETL/Scripts/wheel3.exe took 0.025 seconds
[2023-12-06 11:42:21,303] {processor.py:153} INFO - Started process (PID=2001) to work on /opt/airflow/dags/ETL/Scripts/wheel3.exe
[2023-12-06 11:42:21,304] {processor.py:641} INFO - Processing file /opt/airflow/dags/ETL/Scripts/wheel3.exe for tasks to queue
[2023-12-06 11:42:21,305] {logging_mixin.py:115} INFO - [2023-12-06 11:42:21,304] {dagbag.py:508} INFO - Filling up the DagBag from /opt/airflow/dags/ETL/Scripts/wheel3.exe
[2023-12-06 11:42:21,312] {logging_mixin.py:115} INFO - [2023-12-06 11:42:21,312] {dagbag.py:371} INFO - File /opt/airflow/dags/ETL/Scripts/wheel3.exe:__main__.py assumed to contain no DAGs. Skipping.
[2023-12-06 11:42:21,313] {processor.py:653} WARNING - No viable dags retrieved from /opt/airflow/dags/ETL/Scripts/wheel3.exe
[2023-12-06 11:42:21,325] {processor.py:161} INFO - Processing /opt/airflow/dags/ETL/Scripts/wheel3.exe took 0.024 seconds
[2023-12-06 11:42:37,107] {processor.py:153} INFO - Started process (PID=2041) to work on /opt/airflow/dags/ETL/Scripts/wheel3.exe
[2023-12-06 11:42:37,108] {processor.py:641} INFO - Processing file /opt/airflow/dags/ETL/Scripts/wheel3.exe for tasks to queue
[2023-12-06 11:42:37,109] {logging_mixin.py:115} INFO - [2023-12-06 11:42:37,109] {dagbag.py:508} INFO - Filling up the DagBag from /opt/airflow/dags/ETL/Scripts/wheel3.exe
[2023-12-06 11:42:37,117] {logging_mixin.py:115} INFO - [2023-12-06 11:42:37,117] {dagbag.py:371} INFO - File /opt/airflow/dags/ETL/Scripts/wheel3.exe:__main__.py assumed to contain no DAGs. Skipping.
[2023-12-06 11:42:37,118] {processor.py:653} WARNING - No viable dags retrieved from /opt/airflow/dags/ETL/Scripts/wheel3.exe
[2023-12-06 11:42:37,132] {processor.py:161} INFO - Processing /opt/airflow/dags/ETL/Scripts/wheel3.exe took 0.028 seconds
[2023-12-06 11:42:47,610] {processor.py:153} INFO - Started process (PID=2089) to work on /opt/airflow/dags/ETL/Scripts/wheel3.exe
[2023-12-06 11:42:47,610] {processor.py:641} INFO - Processing file /opt/airflow/dags/ETL/Scripts/wheel3.exe for tasks to queue
[2023-12-06 11:42:47,611] {logging_mixin.py:115} INFO - [2023-12-06 11:42:47,611] {dagbag.py:508} INFO - Filling up the DagBag from /opt/airflow/dags/ETL/Scripts/wheel3.exe
[2023-12-06 11:42:47,619] {logging_mixin.py:115} INFO - [2023-12-06 11:42:47,619] {dagbag.py:371} INFO - File /opt/airflow/dags/ETL/Scripts/wheel3.exe:__main__.py assumed to contain no DAGs. Skipping.
[2023-12-06 11:42:47,620] {processor.py:653} WARNING - No viable dags retrieved from /opt/airflow/dags/ETL/Scripts/wheel3.exe
[2023-12-06 11:42:47,634] {processor.py:161} INFO - Processing /opt/airflow/dags/ETL/Scripts/wheel3.exe took 0.027 seconds
[2023-12-06 11:42:58,015] {processor.py:153} INFO - Started process (PID=2135) to work on /opt/airflow/dags/ETL/Scripts/wheel3.exe
[2023-12-06 11:42:58,016] {processor.py:641} INFO - Processing file /opt/airflow/dags/ETL/Scripts/wheel3.exe for tasks to queue
[2023-12-06 11:42:58,017] {logging_mixin.py:115} INFO - [2023-12-06 11:42:58,017] {dagbag.py:508} INFO - Filling up the DagBag from /opt/airflow/dags/ETL/Scripts/wheel3.exe
[2023-12-06 11:42:58,026] {logging_mixin.py:115} INFO - [2023-12-06 11:42:58,026] {dagbag.py:371} INFO - File /opt/airflow/dags/ETL/Scripts/wheel3.exe:__main__.py assumed to contain no DAGs. Skipping.
[2023-12-06 11:42:58,027] {processor.py:653} WARNING - No viable dags retrieved from /opt/airflow/dags/ETL/Scripts/wheel3.exe
[2023-12-06 11:42:58,040] {processor.py:161} INFO - Processing /opt/airflow/dags/ETL/Scripts/wheel3.exe took 0.028 seconds
[2023-12-06 11:43:08,418] {processor.py:153} INFO - Started process (PID=2179) to work on /opt/airflow/dags/ETL/Scripts/wheel3.exe
[2023-12-06 11:43:08,419] {processor.py:641} INFO - Processing file /opt/airflow/dags/ETL/Scripts/wheel3.exe for tasks to queue
[2023-12-06 11:43:08,420] {logging_mixin.py:115} INFO - [2023-12-06 11:43:08,420] {dagbag.py:508} INFO - Filling up the DagBag from /opt/airflow/dags/ETL/Scripts/wheel3.exe
[2023-12-06 11:43:08,429] {logging_mixin.py:115} INFO - [2023-12-06 11:43:08,428] {dagbag.py:371} INFO - File /opt/airflow/dags/ETL/Scripts/wheel3.exe:__main__.py assumed to contain no DAGs. Skipping.
[2023-12-06 11:43:08,429] {processor.py:653} WARNING - No viable dags retrieved from /opt/airflow/dags/ETL/Scripts/wheel3.exe
[2023-12-06 11:43:08,441] {processor.py:161} INFO - Processing /opt/airflow/dags/ETL/Scripts/wheel3.exe took 0.026 seconds
[2023-12-06 11:43:18,875] {processor.py:153} INFO - Started process (PID=2225) to work on /opt/airflow/dags/ETL/Scripts/wheel3.exe
[2023-12-06 11:43:18,876] {processor.py:641} INFO - Processing file /opt/airflow/dags/ETL/Scripts/wheel3.exe for tasks to queue
[2023-12-06 11:43:18,877] {logging_mixin.py:115} INFO - [2023-12-06 11:43:18,877] {dagbag.py:508} INFO - Filling up the DagBag from /opt/airflow/dags/ETL/Scripts/wheel3.exe
[2023-12-06 11:43:18,885] {logging_mixin.py:115} INFO - [2023-12-06 11:43:18,885] {dagbag.py:371} INFO - File /opt/airflow/dags/ETL/Scripts/wheel3.exe:__main__.py assumed to contain no DAGs. Skipping.
[2023-12-06 11:43:18,886] {processor.py:653} WARNING - No viable dags retrieved from /opt/airflow/dags/ETL/Scripts/wheel3.exe
[2023-12-06 11:43:18,898] {processor.py:161} INFO - Processing /opt/airflow/dags/ETL/Scripts/wheel3.exe took 0.025 seconds
[2023-12-06 11:43:29,277] {processor.py:153} INFO - Started process (PID=2274) to work on /opt/airflow/dags/ETL/Scripts/wheel3.exe
[2023-12-06 11:43:29,278] {processor.py:641} INFO - Processing file /opt/airflow/dags/ETL/Scripts/wheel3.exe for tasks to queue
[2023-12-06 11:43:29,278] {logging_mixin.py:115} INFO - [2023-12-06 11:43:29,278] {dagbag.py:508} INFO - Filling up the DagBag from /opt/airflow/dags/ETL/Scripts/wheel3.exe
[2023-12-06 11:43:29,284] {logging_mixin.py:115} INFO - [2023-12-06 11:43:29,284] {dagbag.py:371} INFO - File /opt/airflow/dags/ETL/Scripts/wheel3.exe:__main__.py assumed to contain no DAGs. Skipping.
[2023-12-06 11:43:29,285] {processor.py:653} WARNING - No viable dags retrieved from /opt/airflow/dags/ETL/Scripts/wheel3.exe
[2023-12-06 11:43:29,298] {processor.py:161} INFO - Processing /opt/airflow/dags/ETL/Scripts/wheel3.exe took 0.025 seconds
[2023-12-06 11:43:39,674] {processor.py:153} INFO - Started process (PID=2322) to work on /opt/airflow/dags/ETL/Scripts/wheel3.exe
[2023-12-06 11:43:39,675] {processor.py:641} INFO - Processing file /opt/airflow/dags/ETL/Scripts/wheel3.exe for tasks to queue
[2023-12-06 11:43:39,676] {logging_mixin.py:115} INFO - [2023-12-06 11:43:39,676] {dagbag.py:508} INFO - Filling up the DagBag from /opt/airflow/dags/ETL/Scripts/wheel3.exe
[2023-12-06 11:43:39,687] {logging_mixin.py:115} INFO - [2023-12-06 11:43:39,687] {dagbag.py:371} INFO - File /opt/airflow/dags/ETL/Scripts/wheel3.exe:__main__.py assumed to contain no DAGs. Skipping.
[2023-12-06 11:43:39,688] {processor.py:653} WARNING - No viable dags retrieved from /opt/airflow/dags/ETL/Scripts/wheel3.exe
[2023-12-06 11:43:39,703] {processor.py:161} INFO - Processing /opt/airflow/dags/ETL/Scripts/wheel3.exe took 0.032 seconds
[2023-12-06 11:43:50,186] {processor.py:153} INFO - Started process (PID=2369) to work on /opt/airflow/dags/ETL/Scripts/wheel3.exe
[2023-12-06 11:43:50,186] {processor.py:641} INFO - Processing file /opt/airflow/dags/ETL/Scripts/wheel3.exe for tasks to queue
[2023-12-06 11:43:50,187] {logging_mixin.py:115} INFO - [2023-12-06 11:43:50,187] {dagbag.py:508} INFO - Filling up the DagBag from /opt/airflow/dags/ETL/Scripts/wheel3.exe
[2023-12-06 11:43:50,198] {logging_mixin.py:115} INFO - [2023-12-06 11:43:50,198] {dagbag.py:371} INFO - File /opt/airflow/dags/ETL/Scripts/wheel3.exe:__main__.py assumed to contain no DAGs. Skipping.
[2023-12-06 11:43:50,198] {processor.py:653} WARNING - No viable dags retrieved from /opt/airflow/dags/ETL/Scripts/wheel3.exe
[2023-12-06 11:43:50,213] {processor.py:161} INFO - Processing /opt/airflow/dags/ETL/Scripts/wheel3.exe took 0.030 seconds
[2023-12-06 11:44:00,645] {processor.py:153} INFO - Started process (PID=2417) to work on /opt/airflow/dags/ETL/Scripts/wheel3.exe
[2023-12-06 11:44:00,646] {processor.py:641} INFO - Processing file /opt/airflow/dags/ETL/Scripts/wheel3.exe for tasks to queue
[2023-12-06 11:44:00,647] {logging_mixin.py:115} INFO - [2023-12-06 11:44:00,646] {dagbag.py:508} INFO - Filling up the DagBag from /opt/airflow/dags/ETL/Scripts/wheel3.exe
[2023-12-06 11:44:00,654] {logging_mixin.py:115} INFO - [2023-12-06 11:44:00,654] {dagbag.py:371} INFO - File /opt/airflow/dags/ETL/Scripts/wheel3.exe:__main__.py assumed to contain no DAGs. Skipping.
[2023-12-06 11:44:00,655] {processor.py:653} WARNING - No viable dags retrieved from /opt/airflow/dags/ETL/Scripts/wheel3.exe
[2023-12-06 11:44:00,667] {processor.py:161} INFO - Processing /opt/airflow/dags/ETL/Scripts/wheel3.exe took 0.025 seconds
[2023-12-06 11:44:11,119] {processor.py:153} INFO - Started process (PID=2463) to work on /opt/airflow/dags/ETL/Scripts/wheel3.exe
[2023-12-06 11:44:11,120] {processor.py:641} INFO - Processing file /opt/airflow/dags/ETL/Scripts/wheel3.exe for tasks to queue
[2023-12-06 11:44:11,121] {logging_mixin.py:115} INFO - [2023-12-06 11:44:11,121] {dagbag.py:508} INFO - Filling up the DagBag from /opt/airflow/dags/ETL/Scripts/wheel3.exe
[2023-12-06 11:44:11,132] {logging_mixin.py:115} INFO - [2023-12-06 11:44:11,131] {dagbag.py:371} INFO - File /opt/airflow/dags/ETL/Scripts/wheel3.exe:__main__.py assumed to contain no DAGs. Skipping.
[2023-12-06 11:44:11,132] {processor.py:653} WARNING - No viable dags retrieved from /opt/airflow/dags/ETL/Scripts/wheel3.exe
[2023-12-06 11:44:11,150] {processor.py:161} INFO - Processing /opt/airflow/dags/ETL/Scripts/wheel3.exe took 0.034 seconds
[2023-12-06 11:44:21,518] {processor.py:153} INFO - Started process (PID=2507) to work on /opt/airflow/dags/ETL/Scripts/wheel3.exe
[2023-12-06 11:44:21,519] {processor.py:641} INFO - Processing file /opt/airflow/dags/ETL/Scripts/wheel3.exe for tasks to queue
[2023-12-06 11:44:21,520] {logging_mixin.py:115} INFO - [2023-12-06 11:44:21,520] {dagbag.py:508} INFO - Filling up the DagBag from /opt/airflow/dags/ETL/Scripts/wheel3.exe
[2023-12-06 11:44:21,531] {logging_mixin.py:115} INFO - [2023-12-06 11:44:21,531] {dagbag.py:371} INFO - File /opt/airflow/dags/ETL/Scripts/wheel3.exe:__main__.py assumed to contain no DAGs. Skipping.
[2023-12-06 11:44:21,532] {processor.py:653} WARNING - No viable dags retrieved from /opt/airflow/dags/ETL/Scripts/wheel3.exe
[2023-12-06 11:44:21,549] {processor.py:161} INFO - Processing /opt/airflow/dags/ETL/Scripts/wheel3.exe took 0.035 seconds
[2023-12-06 11:44:32,050] {processor.py:153} INFO - Started process (PID=2555) to work on /opt/airflow/dags/ETL/Scripts/wheel3.exe
[2023-12-06 11:44:32,051] {processor.py:641} INFO - Processing file /opt/airflow/dags/ETL/Scripts/wheel3.exe for tasks to queue
[2023-12-06 11:44:32,052] {logging_mixin.py:115} INFO - [2023-12-06 11:44:32,052] {dagbag.py:508} INFO - Filling up the DagBag from /opt/airflow/dags/ETL/Scripts/wheel3.exe
[2023-12-06 11:44:32,059] {logging_mixin.py:115} INFO - [2023-12-06 11:44:32,059] {dagbag.py:371} INFO - File /opt/airflow/dags/ETL/Scripts/wheel3.exe:__main__.py assumed to contain no DAGs. Skipping.
[2023-12-06 11:44:32,060] {processor.py:653} WARNING - No viable dags retrieved from /opt/airflow/dags/ETL/Scripts/wheel3.exe
[2023-12-06 11:44:32,074] {processor.py:161} INFO - Processing /opt/airflow/dags/ETL/Scripts/wheel3.exe took 0.027 seconds
[2023-12-06 11:44:42,472] {processor.py:153} INFO - Started process (PID=2601) to work on /opt/airflow/dags/ETL/Scripts/wheel3.exe
[2023-12-06 11:44:42,473] {processor.py:641} INFO - Processing file /opt/airflow/dags/ETL/Scripts/wheel3.exe for tasks to queue
[2023-12-06 11:44:42,473] {logging_mixin.py:115} INFO - [2023-12-06 11:44:42,473] {dagbag.py:508} INFO - Filling up the DagBag from /opt/airflow/dags/ETL/Scripts/wheel3.exe
[2023-12-06 11:44:42,483] {logging_mixin.py:115} INFO - [2023-12-06 11:44:42,483] {dagbag.py:371} INFO - File /opt/airflow/dags/ETL/Scripts/wheel3.exe:__main__.py assumed to contain no DAGs. Skipping.
[2023-12-06 11:44:42,484] {processor.py:653} WARNING - No viable dags retrieved from /opt/airflow/dags/ETL/Scripts/wheel3.exe
[2023-12-06 11:44:42,497] {processor.py:161} INFO - Processing /opt/airflow/dags/ETL/Scripts/wheel3.exe took 0.028 seconds
[2023-12-06 11:44:52,986] {processor.py:153} INFO - Started process (PID=2645) to work on /opt/airflow/dags/ETL/Scripts/wheel3.exe
[2023-12-06 11:44:52,986] {processor.py:641} INFO - Processing file /opt/airflow/dags/ETL/Scripts/wheel3.exe for tasks to queue
[2023-12-06 11:44:52,987] {logging_mixin.py:115} INFO - [2023-12-06 11:44:52,987] {dagbag.py:508} INFO - Filling up the DagBag from /opt/airflow/dags/ETL/Scripts/wheel3.exe
[2023-12-06 11:44:52,995] {logging_mixin.py:115} INFO - [2023-12-06 11:44:52,995] {dagbag.py:371} INFO - File /opt/airflow/dags/ETL/Scripts/wheel3.exe:__main__.py assumed to contain no DAGs. Skipping.
[2023-12-06 11:44:52,995] {processor.py:653} WARNING - No viable dags retrieved from /opt/airflow/dags/ETL/Scripts/wheel3.exe
[2023-12-06 11:44:53,007] {processor.py:161} INFO - Processing /opt/airflow/dags/ETL/Scripts/wheel3.exe took 0.024 seconds
[2023-12-06 11:45:03,450] {processor.py:153} INFO - Started process (PID=2691) to work on /opt/airflow/dags/ETL/Scripts/wheel3.exe
[2023-12-06 11:45:03,450] {processor.py:641} INFO - Processing file /opt/airflow/dags/ETL/Scripts/wheel3.exe for tasks to queue
[2023-12-06 11:45:03,451] {logging_mixin.py:115} INFO - [2023-12-06 11:45:03,451] {dagbag.py:508} INFO - Filling up the DagBag from /opt/airflow/dags/ETL/Scripts/wheel3.exe
[2023-12-06 11:45:03,459] {logging_mixin.py:115} INFO - [2023-12-06 11:45:03,459] {dagbag.py:371} INFO - File /opt/airflow/dags/ETL/Scripts/wheel3.exe:__main__.py assumed to contain no DAGs. Skipping.
[2023-12-06 11:45:03,459] {processor.py:653} WARNING - No viable dags retrieved from /opt/airflow/dags/ETL/Scripts/wheel3.exe
[2023-12-06 11:45:03,472] {processor.py:161} INFO - Processing /opt/airflow/dags/ETL/Scripts/wheel3.exe took 0.025 seconds
[2023-12-06 11:45:13,840] {processor.py:153} INFO - Started process (PID=2739) to work on /opt/airflow/dags/ETL/Scripts/wheel3.exe
[2023-12-06 11:45:13,841] {processor.py:641} INFO - Processing file /opt/airflow/dags/ETL/Scripts/wheel3.exe for tasks to queue
[2023-12-06 11:45:13,842] {logging_mixin.py:115} INFO - [2023-12-06 11:45:13,842] {dagbag.py:508} INFO - Filling up the DagBag from /opt/airflow/dags/ETL/Scripts/wheel3.exe
[2023-12-06 11:45:13,851] {logging_mixin.py:115} INFO - [2023-12-06 11:45:13,850] {dagbag.py:371} INFO - File /opt/airflow/dags/ETL/Scripts/wheel3.exe:__main__.py assumed to contain no DAGs. Skipping.
[2023-12-06 11:45:13,851] {processor.py:653} WARNING - No viable dags retrieved from /opt/airflow/dags/ETL/Scripts/wheel3.exe
[2023-12-06 11:45:13,864] {processor.py:161} INFO - Processing /opt/airflow/dags/ETL/Scripts/wheel3.exe took 0.026 seconds
[2023-12-06 11:45:24,167] {processor.py:153} INFO - Started process (PID=2783) to work on /opt/airflow/dags/ETL/Scripts/wheel3.exe
[2023-12-06 11:45:24,167] {processor.py:641} INFO - Processing file /opt/airflow/dags/ETL/Scripts/wheel3.exe for tasks to queue
[2023-12-06 11:45:24,168] {logging_mixin.py:115} INFO - [2023-12-06 11:45:24,168] {dagbag.py:508} INFO - Filling up the DagBag from /opt/airflow/dags/ETL/Scripts/wheel3.exe
[2023-12-06 11:45:24,176] {logging_mixin.py:115} INFO - [2023-12-06 11:45:24,176] {dagbag.py:371} INFO - File /opt/airflow/dags/ETL/Scripts/wheel3.exe:__main__.py assumed to contain no DAGs. Skipping.
[2023-12-06 11:45:24,177] {processor.py:653} WARNING - No viable dags retrieved from /opt/airflow/dags/ETL/Scripts/wheel3.exe
[2023-12-06 11:45:24,189] {processor.py:161} INFO - Processing /opt/airflow/dags/ETL/Scripts/wheel3.exe took 0.025 seconds
[2023-12-06 11:45:34,607] {processor.py:153} INFO - Started process (PID=2829) to work on /opt/airflow/dags/ETL/Scripts/wheel3.exe
[2023-12-06 11:45:34,608] {processor.py:641} INFO - Processing file /opt/airflow/dags/ETL/Scripts/wheel3.exe for tasks to queue
[2023-12-06 11:45:34,609] {logging_mixin.py:115} INFO - [2023-12-06 11:45:34,609] {dagbag.py:508} INFO - Filling up the DagBag from /opt/airflow/dags/ETL/Scripts/wheel3.exe
[2023-12-06 11:45:34,618] {logging_mixin.py:115} INFO - [2023-12-06 11:45:34,618] {dagbag.py:371} INFO - File /opt/airflow/dags/ETL/Scripts/wheel3.exe:__main__.py assumed to contain no DAGs. Skipping.
[2023-12-06 11:45:34,619] {processor.py:653} WARNING - No viable dags retrieved from /opt/airflow/dags/ETL/Scripts/wheel3.exe
[2023-12-06 11:45:34,634] {processor.py:161} INFO - Processing /opt/airflow/dags/ETL/Scripts/wheel3.exe took 0.030 seconds
[2023-12-06 11:45:45,245] {processor.py:153} INFO - Started process (PID=2877) to work on /opt/airflow/dags/ETL/Scripts/wheel3.exe
[2023-12-06 11:45:45,247] {processor.py:641} INFO - Processing file /opt/airflow/dags/ETL/Scripts/wheel3.exe for tasks to queue
[2023-12-06 11:45:45,247] {logging_mixin.py:115} INFO - [2023-12-06 11:45:45,247] {dagbag.py:508} INFO - Filling up the DagBag from /opt/airflow/dags/ETL/Scripts/wheel3.exe
[2023-12-06 11:45:45,257] {logging_mixin.py:115} INFO - [2023-12-06 11:45:45,257] {dagbag.py:371} INFO - File /opt/airflow/dags/ETL/Scripts/wheel3.exe:__main__.py assumed to contain no DAGs. Skipping.
[2023-12-06 11:45:45,259] {processor.py:653} WARNING - No viable dags retrieved from /opt/airflow/dags/ETL/Scripts/wheel3.exe
[2023-12-06 11:45:45,271] {processor.py:161} INFO - Processing /opt/airflow/dags/ETL/Scripts/wheel3.exe took 0.031 seconds
[2023-12-06 11:45:55,627] {processor.py:153} INFO - Started process (PID=2921) to work on /opt/airflow/dags/ETL/Scripts/wheel3.exe
[2023-12-06 11:45:55,628] {processor.py:641} INFO - Processing file /opt/airflow/dags/ETL/Scripts/wheel3.exe for tasks to queue
[2023-12-06 11:45:55,628] {logging_mixin.py:115} INFO - [2023-12-06 11:45:55,628] {dagbag.py:508} INFO - Filling up the DagBag from /opt/airflow/dags/ETL/Scripts/wheel3.exe
[2023-12-06 11:45:55,636] {logging_mixin.py:115} INFO - [2023-12-06 11:45:55,636] {dagbag.py:371} INFO - File /opt/airflow/dags/ETL/Scripts/wheel3.exe:__main__.py assumed to contain no DAGs. Skipping.
[2023-12-06 11:45:55,636] {processor.py:653} WARNING - No viable dags retrieved from /opt/airflow/dags/ETL/Scripts/wheel3.exe
[2023-12-06 11:45:55,649] {processor.py:161} INFO - Processing /opt/airflow/dags/ETL/Scripts/wheel3.exe took 0.024 seconds
[2023-12-06 11:46:06,038] {processor.py:153} INFO - Started process (PID=2969) to work on /opt/airflow/dags/ETL/Scripts/wheel3.exe
[2023-12-06 11:46:06,039] {processor.py:641} INFO - Processing file /opt/airflow/dags/ETL/Scripts/wheel3.exe for tasks to queue
[2023-12-06 11:46:06,040] {logging_mixin.py:115} INFO - [2023-12-06 11:46:06,040] {dagbag.py:508} INFO - Filling up the DagBag from /opt/airflow/dags/ETL/Scripts/wheel3.exe
[2023-12-06 11:46:06,055] {logging_mixin.py:115} INFO - [2023-12-06 11:46:06,055] {dagbag.py:371} INFO - File /opt/airflow/dags/ETL/Scripts/wheel3.exe:__main__.py assumed to contain no DAGs. Skipping.
[2023-12-06 11:46:06,056] {processor.py:653} WARNING - No viable dags retrieved from /opt/airflow/dags/ETL/Scripts/wheel3.exe
[2023-12-06 11:46:06,071] {processor.py:161} INFO - Processing /opt/airflow/dags/ETL/Scripts/wheel3.exe took 0.036 seconds
[2023-12-06 11:46:16,495] {processor.py:153} INFO - Started process (PID=3013) to work on /opt/airflow/dags/ETL/Scripts/wheel3.exe
[2023-12-06 11:46:16,496] {processor.py:641} INFO - Processing file /opt/airflow/dags/ETL/Scripts/wheel3.exe for tasks to queue
[2023-12-06 11:46:16,496] {logging_mixin.py:115} INFO - [2023-12-06 11:46:16,496] {dagbag.py:508} INFO - Filling up the DagBag from /opt/airflow/dags/ETL/Scripts/wheel3.exe
[2023-12-06 11:46:16,505] {logging_mixin.py:115} INFO - [2023-12-06 11:46:16,505] {dagbag.py:371} INFO - File /opt/airflow/dags/ETL/Scripts/wheel3.exe:__main__.py assumed to contain no DAGs. Skipping.
[2023-12-06 11:46:16,506] {processor.py:653} WARNING - No viable dags retrieved from /opt/airflow/dags/ETL/Scripts/wheel3.exe
[2023-12-06 11:46:16,518] {processor.py:161} INFO - Processing /opt/airflow/dags/ETL/Scripts/wheel3.exe took 0.026 seconds
[2023-12-06 11:46:26,934] {processor.py:153} INFO - Started process (PID=3061) to work on /opt/airflow/dags/ETL/Scripts/wheel3.exe
[2023-12-06 11:46:26,935] {processor.py:641} INFO - Processing file /opt/airflow/dags/ETL/Scripts/wheel3.exe for tasks to queue
[2023-12-06 11:46:26,935] {logging_mixin.py:115} INFO - [2023-12-06 11:46:26,935] {dagbag.py:508} INFO - Filling up the DagBag from /opt/airflow/dags/ETL/Scripts/wheel3.exe
[2023-12-06 11:46:26,944] {logging_mixin.py:115} INFO - [2023-12-06 11:46:26,944] {dagbag.py:371} INFO - File /opt/airflow/dags/ETL/Scripts/wheel3.exe:__main__.py assumed to contain no DAGs. Skipping.
[2023-12-06 11:46:26,945] {processor.py:653} WARNING - No viable dags retrieved from /opt/airflow/dags/ETL/Scripts/wheel3.exe
[2023-12-06 11:46:26,957] {processor.py:161} INFO - Processing /opt/airflow/dags/ETL/Scripts/wheel3.exe took 0.025 seconds
[2023-12-06 11:46:37,302] {processor.py:153} INFO - Started process (PID=3105) to work on /opt/airflow/dags/ETL/Scripts/wheel3.exe
[2023-12-06 11:46:37,303] {processor.py:641} INFO - Processing file /opt/airflow/dags/ETL/Scripts/wheel3.exe for tasks to queue
[2023-12-06 11:46:37,304] {logging_mixin.py:115} INFO - [2023-12-06 11:46:37,304] {dagbag.py:508} INFO - Filling up the DagBag from /opt/airflow/dags/ETL/Scripts/wheel3.exe
[2023-12-06 11:46:37,311] {logging_mixin.py:115} INFO - [2023-12-06 11:46:37,311] {dagbag.py:371} INFO - File /opt/airflow/dags/ETL/Scripts/wheel3.exe:__main__.py assumed to contain no DAGs. Skipping.
[2023-12-06 11:46:37,312] {processor.py:653} WARNING - No viable dags retrieved from /opt/airflow/dags/ETL/Scripts/wheel3.exe
[2023-12-06 11:46:37,324] {processor.py:161} INFO - Processing /opt/airflow/dags/ETL/Scripts/wheel3.exe took 0.024 seconds
[2023-12-06 11:46:47,732] {processor.py:153} INFO - Started process (PID=3153) to work on /opt/airflow/dags/ETL/Scripts/wheel3.exe
[2023-12-06 11:46:47,733] {processor.py:641} INFO - Processing file /opt/airflow/dags/ETL/Scripts/wheel3.exe for tasks to queue
[2023-12-06 11:46:47,733] {logging_mixin.py:115} INFO - [2023-12-06 11:46:47,733] {dagbag.py:508} INFO - Filling up the DagBag from /opt/airflow/dags/ETL/Scripts/wheel3.exe
[2023-12-06 11:46:47,743] {logging_mixin.py:115} INFO - [2023-12-06 11:46:47,743] {dagbag.py:371} INFO - File /opt/airflow/dags/ETL/Scripts/wheel3.exe:__main__.py assumed to contain no DAGs. Skipping.
[2023-12-06 11:46:47,744] {processor.py:653} WARNING - No viable dags retrieved from /opt/airflow/dags/ETL/Scripts/wheel3.exe
[2023-12-06 11:46:47,759] {processor.py:161} INFO - Processing /opt/airflow/dags/ETL/Scripts/wheel3.exe took 0.030 seconds
[2023-12-06 11:46:58,058] {processor.py:153} INFO - Started process (PID=3197) to work on /opt/airflow/dags/ETL/Scripts/wheel3.exe
[2023-12-06 11:46:58,058] {processor.py:641} INFO - Processing file /opt/airflow/dags/ETL/Scripts/wheel3.exe for tasks to queue
[2023-12-06 11:46:58,059] {logging_mixin.py:115} INFO - [2023-12-06 11:46:58,059] {dagbag.py:508} INFO - Filling up the DagBag from /opt/airflow/dags/ETL/Scripts/wheel3.exe
[2023-12-06 11:46:58,067] {logging_mixin.py:115} INFO - [2023-12-06 11:46:58,067] {dagbag.py:371} INFO - File /opt/airflow/dags/ETL/Scripts/wheel3.exe:__main__.py assumed to contain no DAGs. Skipping.
[2023-12-06 11:46:58,068] {processor.py:653} WARNING - No viable dags retrieved from /opt/airflow/dags/ETL/Scripts/wheel3.exe
[2023-12-06 11:46:58,081] {processor.py:161} INFO - Processing /opt/airflow/dags/ETL/Scripts/wheel3.exe took 0.026 seconds
[2023-12-06 11:47:08,589] {processor.py:153} INFO - Started process (PID=3243) to work on /opt/airflow/dags/ETL/Scripts/wheel3.exe
[2023-12-06 11:47:08,590] {processor.py:641} INFO - Processing file /opt/airflow/dags/ETL/Scripts/wheel3.exe for tasks to queue
[2023-12-06 11:47:08,591] {logging_mixin.py:115} INFO - [2023-12-06 11:47:08,591] {dagbag.py:508} INFO - Filling up the DagBag from /opt/airflow/dags/ETL/Scripts/wheel3.exe
[2023-12-06 11:47:08,601] {logging_mixin.py:115} INFO - [2023-12-06 11:47:08,601] {dagbag.py:371} INFO - File /opt/airflow/dags/ETL/Scripts/wheel3.exe:__main__.py assumed to contain no DAGs. Skipping.
[2023-12-06 11:47:08,602] {processor.py:653} WARNING - No viable dags retrieved from /opt/airflow/dags/ETL/Scripts/wheel3.exe
[2023-12-06 11:47:08,618] {processor.py:161} INFO - Processing /opt/airflow/dags/ETL/Scripts/wheel3.exe took 0.032 seconds
[2023-12-06 11:47:19,011] {processor.py:153} INFO - Started process (PID=3289) to work on /opt/airflow/dags/ETL/Scripts/wheel3.exe
[2023-12-06 11:47:19,012] {processor.py:641} INFO - Processing file /opt/airflow/dags/ETL/Scripts/wheel3.exe for tasks to queue
[2023-12-06 11:47:19,012] {logging_mixin.py:115} INFO - [2023-12-06 11:47:19,012] {dagbag.py:508} INFO - Filling up the DagBag from /opt/airflow/dags/ETL/Scripts/wheel3.exe
[2023-12-06 11:47:19,020] {logging_mixin.py:115} INFO - [2023-12-06 11:47:19,020] {dagbag.py:371} INFO - File /opt/airflow/dags/ETL/Scripts/wheel3.exe:__main__.py assumed to contain no DAGs. Skipping.
[2023-12-06 11:47:19,021] {processor.py:653} WARNING - No viable dags retrieved from /opt/airflow/dags/ETL/Scripts/wheel3.exe
[2023-12-06 11:47:19,033] {processor.py:161} INFO - Processing /opt/airflow/dags/ETL/Scripts/wheel3.exe took 0.025 seconds
[2023-12-06 11:47:35,849] {processor.py:153} INFO - Started process (PID=3331) to work on /opt/airflow/dags/ETL/Scripts/wheel3.exe
[2023-12-06 11:47:35,850] {processor.py:641} INFO - Processing file /opt/airflow/dags/ETL/Scripts/wheel3.exe for tasks to queue
[2023-12-06 11:47:35,851] {logging_mixin.py:115} INFO - [2023-12-06 11:47:35,851] {dagbag.py:508} INFO - Filling up the DagBag from /opt/airflow/dags/ETL/Scripts/wheel3.exe
[2023-12-06 11:47:35,858] {logging_mixin.py:115} INFO - [2023-12-06 11:47:35,858] {dagbag.py:371} INFO - File /opt/airflow/dags/ETL/Scripts/wheel3.exe:__main__.py assumed to contain no DAGs. Skipping.
[2023-12-06 11:47:35,859] {processor.py:653} WARNING - No viable dags retrieved from /opt/airflow/dags/ETL/Scripts/wheel3.exe
[2023-12-06 11:47:35,872] {processor.py:161} INFO - Processing /opt/airflow/dags/ETL/Scripts/wheel3.exe took 0.025 seconds
[2023-12-06 11:47:46,279] {processor.py:153} INFO - Started process (PID=3375) to work on /opt/airflow/dags/ETL/Scripts/wheel3.exe
[2023-12-06 11:47:46,280] {processor.py:641} INFO - Processing file /opt/airflow/dags/ETL/Scripts/wheel3.exe for tasks to queue
[2023-12-06 11:47:46,281] {logging_mixin.py:115} INFO - [2023-12-06 11:47:46,281] {dagbag.py:508} INFO - Filling up the DagBag from /opt/airflow/dags/ETL/Scripts/wheel3.exe
[2023-12-06 11:47:46,290] {logging_mixin.py:115} INFO - [2023-12-06 11:47:46,289] {dagbag.py:371} INFO - File /opt/airflow/dags/ETL/Scripts/wheel3.exe:__main__.py assumed to contain no DAGs. Skipping.
[2023-12-06 11:47:46,290] {processor.py:653} WARNING - No viable dags retrieved from /opt/airflow/dags/ETL/Scripts/wheel3.exe
[2023-12-06 11:47:46,306] {processor.py:161} INFO - Processing /opt/airflow/dags/ETL/Scripts/wheel3.exe took 0.030 seconds
[2023-12-06 11:47:56,760] {processor.py:153} INFO - Started process (PID=3423) to work on /opt/airflow/dags/ETL/Scripts/wheel3.exe
[2023-12-06 11:47:56,761] {processor.py:641} INFO - Processing file /opt/airflow/dags/ETL/Scripts/wheel3.exe for tasks to queue
[2023-12-06 11:47:56,762] {logging_mixin.py:115} INFO - [2023-12-06 11:47:56,762] {dagbag.py:508} INFO - Filling up the DagBag from /opt/airflow/dags/ETL/Scripts/wheel3.exe
[2023-12-06 11:47:56,771] {logging_mixin.py:115} INFO - [2023-12-06 11:47:56,771] {dagbag.py:371} INFO - File /opt/airflow/dags/ETL/Scripts/wheel3.exe:__main__.py assumed to contain no DAGs. Skipping.
[2023-12-06 11:47:56,771] {processor.py:653} WARNING - No viable dags retrieved from /opt/airflow/dags/ETL/Scripts/wheel3.exe
[2023-12-06 11:47:56,787] {processor.py:161} INFO - Processing /opt/airflow/dags/ETL/Scripts/wheel3.exe took 0.029 seconds
[2023-12-06 11:48:07,154] {processor.py:153} INFO - Started process (PID=3469) to work on /opt/airflow/dags/ETL/Scripts/wheel3.exe
[2023-12-06 11:48:07,155] {processor.py:641} INFO - Processing file /opt/airflow/dags/ETL/Scripts/wheel3.exe for tasks to queue
[2023-12-06 11:48:07,156] {logging_mixin.py:115} INFO - [2023-12-06 11:48:07,156] {dagbag.py:508} INFO - Filling up the DagBag from /opt/airflow/dags/ETL/Scripts/wheel3.exe
[2023-12-06 11:48:07,165] {logging_mixin.py:115} INFO - [2023-12-06 11:48:07,165] {dagbag.py:371} INFO - File /opt/airflow/dags/ETL/Scripts/wheel3.exe:__main__.py assumed to contain no DAGs. Skipping.
[2023-12-06 11:48:07,165] {processor.py:653} WARNING - No viable dags retrieved from /opt/airflow/dags/ETL/Scripts/wheel3.exe
[2023-12-06 11:48:07,177] {processor.py:161} INFO - Processing /opt/airflow/dags/ETL/Scripts/wheel3.exe took 0.026 seconds
[2023-12-06 11:48:17,584] {processor.py:153} INFO - Started process (PID=3513) to work on /opt/airflow/dags/ETL/Scripts/wheel3.exe
[2023-12-06 11:48:17,585] {processor.py:641} INFO - Processing file /opt/airflow/dags/ETL/Scripts/wheel3.exe for tasks to queue
[2023-12-06 11:48:17,585] {logging_mixin.py:115} INFO - [2023-12-06 11:48:17,585] {dagbag.py:508} INFO - Filling up the DagBag from /opt/airflow/dags/ETL/Scripts/wheel3.exe
[2023-12-06 11:48:17,593] {logging_mixin.py:115} INFO - [2023-12-06 11:48:17,593] {dagbag.py:371} INFO - File /opt/airflow/dags/ETL/Scripts/wheel3.exe:__main__.py assumed to contain no DAGs. Skipping.
[2023-12-06 11:48:17,594] {processor.py:653} WARNING - No viable dags retrieved from /opt/airflow/dags/ETL/Scripts/wheel3.exe
[2023-12-06 11:48:17,606] {processor.py:161} INFO - Processing /opt/airflow/dags/ETL/Scripts/wheel3.exe took 0.025 seconds
[2023-12-06 11:48:28,089] {processor.py:153} INFO - Started process (PID=3564) to work on /opt/airflow/dags/ETL/Scripts/wheel3.exe
[2023-12-06 11:48:28,090] {processor.py:641} INFO - Processing file /opt/airflow/dags/ETL/Scripts/wheel3.exe for tasks to queue
[2023-12-06 11:48:28,090] {logging_mixin.py:115} INFO - [2023-12-06 11:48:28,090] {dagbag.py:508} INFO - Filling up the DagBag from /opt/airflow/dags/ETL/Scripts/wheel3.exe
[2023-12-06 11:48:28,098] {logging_mixin.py:115} INFO - [2023-12-06 11:48:28,098] {dagbag.py:371} INFO - File /opt/airflow/dags/ETL/Scripts/wheel3.exe:__main__.py assumed to contain no DAGs. Skipping.
[2023-12-06 11:48:28,099] {processor.py:653} WARNING - No viable dags retrieved from /opt/airflow/dags/ETL/Scripts/wheel3.exe
[2023-12-06 11:48:28,111] {processor.py:161} INFO - Processing /opt/airflow/dags/ETL/Scripts/wheel3.exe took 0.024 seconds
[2023-12-06 11:48:38,586] {processor.py:153} INFO - Started process (PID=3608) to work on /opt/airflow/dags/ETL/Scripts/wheel3.exe
[2023-12-06 11:48:38,587] {processor.py:641} INFO - Processing file /opt/airflow/dags/ETL/Scripts/wheel3.exe for tasks to queue
[2023-12-06 11:48:38,589] {logging_mixin.py:115} INFO - [2023-12-06 11:48:38,589] {dagbag.py:508} INFO - Filling up the DagBag from /opt/airflow/dags/ETL/Scripts/wheel3.exe
[2023-12-06 11:48:38,598] {logging_mixin.py:115} INFO - [2023-12-06 11:48:38,598] {dagbag.py:371} INFO - File /opt/airflow/dags/ETL/Scripts/wheel3.exe:__main__.py assumed to contain no DAGs. Skipping.
[2023-12-06 11:48:38,600] {processor.py:653} WARNING - No viable dags retrieved from /opt/airflow/dags/ETL/Scripts/wheel3.exe
[2023-12-06 11:48:38,623] {processor.py:161} INFO - Processing /opt/airflow/dags/ETL/Scripts/wheel3.exe took 0.043 seconds
[2023-12-06 11:48:49,066] {processor.py:153} INFO - Started process (PID=3657) to work on /opt/airflow/dags/ETL/Scripts/wheel3.exe
[2023-12-06 11:48:49,067] {processor.py:641} INFO - Processing file /opt/airflow/dags/ETL/Scripts/wheel3.exe for tasks to queue
[2023-12-06 11:48:49,068] {logging_mixin.py:115} INFO - [2023-12-06 11:48:49,068] {dagbag.py:508} INFO - Filling up the DagBag from /opt/airflow/dags/ETL/Scripts/wheel3.exe
[2023-12-06 11:48:49,075] {logging_mixin.py:115} INFO - [2023-12-06 11:48:49,075] {dagbag.py:371} INFO - File /opt/airflow/dags/ETL/Scripts/wheel3.exe:__main__.py assumed to contain no DAGs. Skipping.
[2023-12-06 11:48:49,076] {processor.py:653} WARNING - No viable dags retrieved from /opt/airflow/dags/ETL/Scripts/wheel3.exe
[2023-12-06 11:48:49,088] {processor.py:161} INFO - Processing /opt/airflow/dags/ETL/Scripts/wheel3.exe took 0.025 seconds
[2023-12-06 11:48:59,611] {processor.py:153} INFO - Started process (PID=3705) to work on /opt/airflow/dags/ETL/Scripts/wheel3.exe
[2023-12-06 11:48:59,612] {processor.py:641} INFO - Processing file /opt/airflow/dags/ETL/Scripts/wheel3.exe for tasks to queue
[2023-12-06 11:48:59,612] {logging_mixin.py:115} INFO - [2023-12-06 11:48:59,612] {dagbag.py:508} INFO - Filling up the DagBag from /opt/airflow/dags/ETL/Scripts/wheel3.exe
[2023-12-06 11:48:59,620] {logging_mixin.py:115} INFO - [2023-12-06 11:48:59,620] {dagbag.py:371} INFO - File /opt/airflow/dags/ETL/Scripts/wheel3.exe:__main__.py assumed to contain no DAGs. Skipping.
[2023-12-06 11:48:59,621] {processor.py:653} WARNING - No viable dags retrieved from /opt/airflow/dags/ETL/Scripts/wheel3.exe
[2023-12-06 11:48:59,633] {processor.py:161} INFO - Processing /opt/airflow/dags/ETL/Scripts/wheel3.exe took 0.025 seconds
[2023-12-06 11:49:10,007] {processor.py:153} INFO - Started process (PID=3751) to work on /opt/airflow/dags/ETL/Scripts/wheel3.exe
[2023-12-06 11:49:10,008] {processor.py:641} INFO - Processing file /opt/airflow/dags/ETL/Scripts/wheel3.exe for tasks to queue
[2023-12-06 11:49:10,008] {logging_mixin.py:115} INFO - [2023-12-06 11:49:10,008] {dagbag.py:508} INFO - Filling up the DagBag from /opt/airflow/dags/ETL/Scripts/wheel3.exe
[2023-12-06 11:49:10,017] {logging_mixin.py:115} INFO - [2023-12-06 11:49:10,017] {dagbag.py:371} INFO - File /opt/airflow/dags/ETL/Scripts/wheel3.exe:__main__.py assumed to contain no DAGs. Skipping.
[2023-12-06 11:49:10,017] {processor.py:653} WARNING - No viable dags retrieved from /opt/airflow/dags/ETL/Scripts/wheel3.exe
[2023-12-06 11:49:10,029] {processor.py:161} INFO - Processing /opt/airflow/dags/ETL/Scripts/wheel3.exe took 0.024 seconds
[2023-12-06 11:49:20,555] {processor.py:153} INFO - Started process (PID=3795) to work on /opt/airflow/dags/ETL/Scripts/wheel3.exe
[2023-12-06 11:49:20,555] {processor.py:641} INFO - Processing file /opt/airflow/dags/ETL/Scripts/wheel3.exe for tasks to queue
[2023-12-06 11:49:20,556] {logging_mixin.py:115} INFO - [2023-12-06 11:49:20,556] {dagbag.py:508} INFO - Filling up the DagBag from /opt/airflow/dags/ETL/Scripts/wheel3.exe
[2023-12-06 11:49:20,564] {logging_mixin.py:115} INFO - [2023-12-06 11:49:20,564] {dagbag.py:371} INFO - File /opt/airflow/dags/ETL/Scripts/wheel3.exe:__main__.py assumed to contain no DAGs. Skipping.
[2023-12-06 11:49:20,565] {processor.py:653} WARNING - No viable dags retrieved from /opt/airflow/dags/ETL/Scripts/wheel3.exe
[2023-12-06 11:49:20,577] {processor.py:161} INFO - Processing /opt/airflow/dags/ETL/Scripts/wheel3.exe took 0.025 seconds
[2023-12-06 11:49:31,026] {processor.py:153} INFO - Started process (PID=3843) to work on /opt/airflow/dags/ETL/Scripts/wheel3.exe
[2023-12-06 11:49:31,027] {processor.py:641} INFO - Processing file /opt/airflow/dags/ETL/Scripts/wheel3.exe for tasks to queue
[2023-12-06 11:49:31,028] {logging_mixin.py:115} INFO - [2023-12-06 11:49:31,028] {dagbag.py:508} INFO - Filling up the DagBag from /opt/airflow/dags/ETL/Scripts/wheel3.exe
[2023-12-06 11:49:31,036] {logging_mixin.py:115} INFO - [2023-12-06 11:49:31,036] {dagbag.py:371} INFO - File /opt/airflow/dags/ETL/Scripts/wheel3.exe:__main__.py assumed to contain no DAGs. Skipping.
[2023-12-06 11:49:31,037] {processor.py:653} WARNING - No viable dags retrieved from /opt/airflow/dags/ETL/Scripts/wheel3.exe
[2023-12-06 11:49:31,090] {processor.py:161} INFO - Processing /opt/airflow/dags/ETL/Scripts/wheel3.exe took 0.067 seconds
[2023-12-06 11:49:41,507] {processor.py:153} INFO - Started process (PID=3889) to work on /opt/airflow/dags/ETL/Scripts/wheel3.exe
[2023-12-06 11:49:41,508] {processor.py:641} INFO - Processing file /opt/airflow/dags/ETL/Scripts/wheel3.exe for tasks to queue
[2023-12-06 11:49:41,508] {logging_mixin.py:115} INFO - [2023-12-06 11:49:41,508] {dagbag.py:508} INFO - Filling up the DagBag from /opt/airflow/dags/ETL/Scripts/wheel3.exe
[2023-12-06 11:49:41,516] {logging_mixin.py:115} INFO - [2023-12-06 11:49:41,516] {dagbag.py:371} INFO - File /opt/airflow/dags/ETL/Scripts/wheel3.exe:__main__.py assumed to contain no DAGs. Skipping.
[2023-12-06 11:49:41,517] {processor.py:653} WARNING - No viable dags retrieved from /opt/airflow/dags/ETL/Scripts/wheel3.exe
[2023-12-06 11:49:41,530] {processor.py:161} INFO - Processing /opt/airflow/dags/ETL/Scripts/wheel3.exe took 0.025 seconds
[2023-12-06 11:49:51,945] {processor.py:153} INFO - Started process (PID=3935) to work on /opt/airflow/dags/ETL/Scripts/wheel3.exe
[2023-12-06 11:49:51,945] {processor.py:641} INFO - Processing file /opt/airflow/dags/ETL/Scripts/wheel3.exe for tasks to queue
[2023-12-06 11:49:51,946] {logging_mixin.py:115} INFO - [2023-12-06 11:49:51,946] {dagbag.py:508} INFO - Filling up the DagBag from /opt/airflow/dags/ETL/Scripts/wheel3.exe
[2023-12-06 11:49:51,954] {logging_mixin.py:115} INFO - [2023-12-06 11:49:51,954] {dagbag.py:371} INFO - File /opt/airflow/dags/ETL/Scripts/wheel3.exe:__main__.py assumed to contain no DAGs. Skipping.
[2023-12-06 11:49:51,954] {processor.py:653} WARNING - No viable dags retrieved from /opt/airflow/dags/ETL/Scripts/wheel3.exe
[2023-12-06 11:49:51,967] {processor.py:161} INFO - Processing /opt/airflow/dags/ETL/Scripts/wheel3.exe took 0.025 seconds
[2023-12-06 11:50:02,301] {processor.py:153} INFO - Started process (PID=3979) to work on /opt/airflow/dags/ETL/Scripts/wheel3.exe
[2023-12-06 11:50:02,302] {processor.py:641} INFO - Processing file /opt/airflow/dags/ETL/Scripts/wheel3.exe for tasks to queue
[2023-12-06 11:50:02,302] {logging_mixin.py:115} INFO - [2023-12-06 11:50:02,302] {dagbag.py:508} INFO - Filling up the DagBag from /opt/airflow/dags/ETL/Scripts/wheel3.exe
[2023-12-06 11:50:02,309] {logging_mixin.py:115} INFO - [2023-12-06 11:50:02,309] {dagbag.py:371} INFO - File /opt/airflow/dags/ETL/Scripts/wheel3.exe:__main__.py assumed to contain no DAGs. Skipping.
[2023-12-06 11:50:02,310] {processor.py:653} WARNING - No viable dags retrieved from /opt/airflow/dags/ETL/Scripts/wheel3.exe
[2023-12-06 11:50:02,322] {processor.py:161} INFO - Processing /opt/airflow/dags/ETL/Scripts/wheel3.exe took 0.024 seconds
[2023-12-06 11:50:12,780] {processor.py:153} INFO - Started process (PID=4027) to work on /opt/airflow/dags/ETL/Scripts/wheel3.exe
[2023-12-06 11:50:12,781] {processor.py:641} INFO - Processing file /opt/airflow/dags/ETL/Scripts/wheel3.exe for tasks to queue
[2023-12-06 11:50:12,782] {logging_mixin.py:115} INFO - [2023-12-06 11:50:12,782] {dagbag.py:508} INFO - Filling up the DagBag from /opt/airflow/dags/ETL/Scripts/wheel3.exe
[2023-12-06 11:50:12,789] {logging_mixin.py:115} INFO - [2023-12-06 11:50:12,789] {dagbag.py:371} INFO - File /opt/airflow/dags/ETL/Scripts/wheel3.exe:__main__.py assumed to contain no DAGs. Skipping.
[2023-12-06 11:50:12,790] {processor.py:653} WARNING - No viable dags retrieved from /opt/airflow/dags/ETL/Scripts/wheel3.exe
[2023-12-06 11:50:12,802] {processor.py:161} INFO - Processing /opt/airflow/dags/ETL/Scripts/wheel3.exe took 0.024 seconds
[2023-12-06 11:50:23,116] {processor.py:153} INFO - Started process (PID=4071) to work on /opt/airflow/dags/ETL/Scripts/wheel3.exe
[2023-12-06 11:50:23,116] {processor.py:641} INFO - Processing file /opt/airflow/dags/ETL/Scripts/wheel3.exe for tasks to queue
[2023-12-06 11:50:23,117] {logging_mixin.py:115} INFO - [2023-12-06 11:50:23,117] {dagbag.py:508} INFO - Filling up the DagBag from /opt/airflow/dags/ETL/Scripts/wheel3.exe
[2023-12-06 11:50:23,124] {logging_mixin.py:115} INFO - [2023-12-06 11:50:23,124] {dagbag.py:371} INFO - File /opt/airflow/dags/ETL/Scripts/wheel3.exe:__main__.py assumed to contain no DAGs. Skipping.
[2023-12-06 11:50:23,125] {processor.py:653} WARNING - No viable dags retrieved from /opt/airflow/dags/ETL/Scripts/wheel3.exe
[2023-12-06 11:50:23,136] {processor.py:161} INFO - Processing /opt/airflow/dags/ETL/Scripts/wheel3.exe took 0.023 seconds
[2023-12-06 11:50:33,506] {processor.py:153} INFO - Started process (PID=4117) to work on /opt/airflow/dags/ETL/Scripts/wheel3.exe
[2023-12-06 11:50:33,507] {processor.py:641} INFO - Processing file /opt/airflow/dags/ETL/Scripts/wheel3.exe for tasks to queue
[2023-12-06 11:50:33,507] {logging_mixin.py:115} INFO - [2023-12-06 11:50:33,507] {dagbag.py:508} INFO - Filling up the DagBag from /opt/airflow/dags/ETL/Scripts/wheel3.exe
[2023-12-06 11:50:33,518] {logging_mixin.py:115} INFO - [2023-12-06 11:50:33,518] {dagbag.py:371} INFO - File /opt/airflow/dags/ETL/Scripts/wheel3.exe:__main__.py assumed to contain no DAGs. Skipping.
[2023-12-06 11:50:33,518] {processor.py:653} WARNING - No viable dags retrieved from /opt/airflow/dags/ETL/Scripts/wheel3.exe
[2023-12-06 11:50:33,536] {processor.py:161} INFO - Processing /opt/airflow/dags/ETL/Scripts/wheel3.exe took 0.033 seconds
[2023-12-06 11:50:43,948] {processor.py:153} INFO - Started process (PID=4163) to work on /opt/airflow/dags/ETL/Scripts/wheel3.exe
[2023-12-06 11:50:43,949] {processor.py:641} INFO - Processing file /opt/airflow/dags/ETL/Scripts/wheel3.exe for tasks to queue
[2023-12-06 11:50:43,949] {logging_mixin.py:115} INFO - [2023-12-06 11:50:43,949] {dagbag.py:508} INFO - Filling up the DagBag from /opt/airflow/dags/ETL/Scripts/wheel3.exe
[2023-12-06 11:50:43,956] {logging_mixin.py:115} INFO - [2023-12-06 11:50:43,956] {dagbag.py:371} INFO - File /opt/airflow/dags/ETL/Scripts/wheel3.exe:__main__.py assumed to contain no DAGs. Skipping.
[2023-12-06 11:50:43,957] {processor.py:653} WARNING - No viable dags retrieved from /opt/airflow/dags/ETL/Scripts/wheel3.exe
[2023-12-06 11:50:43,969] {processor.py:161} INFO - Processing /opt/airflow/dags/ETL/Scripts/wheel3.exe took 0.023 seconds
[2023-12-06 11:50:54,368] {processor.py:153} INFO - Started process (PID=4209) to work on /opt/airflow/dags/ETL/Scripts/wheel3.exe
[2023-12-06 11:50:54,369] {processor.py:641} INFO - Processing file /opt/airflow/dags/ETL/Scripts/wheel3.exe for tasks to queue
[2023-12-06 11:50:54,369] {logging_mixin.py:115} INFO - [2023-12-06 11:50:54,369] {dagbag.py:508} INFO - Filling up the DagBag from /opt/airflow/dags/ETL/Scripts/wheel3.exe
[2023-12-06 11:50:54,377] {logging_mixin.py:115} INFO - [2023-12-06 11:50:54,377] {dagbag.py:371} INFO - File /opt/airflow/dags/ETL/Scripts/wheel3.exe:__main__.py assumed to contain no DAGs. Skipping.
[2023-12-06 11:50:54,378] {processor.py:653} WARNING - No viable dags retrieved from /opt/airflow/dags/ETL/Scripts/wheel3.exe
[2023-12-06 11:50:54,389] {processor.py:161} INFO - Processing /opt/airflow/dags/ETL/Scripts/wheel3.exe took 0.024 seconds
[2023-12-06 11:51:04,856] {processor.py:153} INFO - Started process (PID=4257) to work on /opt/airflow/dags/ETL/Scripts/wheel3.exe
[2023-12-06 11:51:04,857] {processor.py:641} INFO - Processing file /opt/airflow/dags/ETL/Scripts/wheel3.exe for tasks to queue
[2023-12-06 11:51:04,858] {logging_mixin.py:115} INFO - [2023-12-06 11:51:04,857] {dagbag.py:508} INFO - Filling up the DagBag from /opt/airflow/dags/ETL/Scripts/wheel3.exe
[2023-12-06 11:51:04,865] {logging_mixin.py:115} INFO - [2023-12-06 11:51:04,865] {dagbag.py:371} INFO - File /opt/airflow/dags/ETL/Scripts/wheel3.exe:__main__.py assumed to contain no DAGs. Skipping.
[2023-12-06 11:51:04,866] {processor.py:653} WARNING - No viable dags retrieved from /opt/airflow/dags/ETL/Scripts/wheel3.exe
[2023-12-06 11:51:04,878] {processor.py:161} INFO - Processing /opt/airflow/dags/ETL/Scripts/wheel3.exe took 0.024 seconds
[2023-12-06 11:51:15,238] {processor.py:153} INFO - Started process (PID=4301) to work on /opt/airflow/dags/ETL/Scripts/wheel3.exe
[2023-12-06 11:51:15,239] {processor.py:641} INFO - Processing file /opt/airflow/dags/ETL/Scripts/wheel3.exe for tasks to queue
[2023-12-06 11:51:15,240] {logging_mixin.py:115} INFO - [2023-12-06 11:51:15,240] {dagbag.py:508} INFO - Filling up the DagBag from /opt/airflow/dags/ETL/Scripts/wheel3.exe
[2023-12-06 11:51:15,247] {logging_mixin.py:115} INFO - [2023-12-06 11:51:15,247] {dagbag.py:371} INFO - File /opt/airflow/dags/ETL/Scripts/wheel3.exe:__main__.py assumed to contain no DAGs. Skipping.
[2023-12-06 11:51:15,247] {processor.py:653} WARNING - No viable dags retrieved from /opt/airflow/dags/ETL/Scripts/wheel3.exe
[2023-12-06 11:51:15,259] {processor.py:161} INFO - Processing /opt/airflow/dags/ETL/Scripts/wheel3.exe took 0.024 seconds
[2023-12-06 11:51:25,735] {processor.py:153} INFO - Started process (PID=4347) to work on /opt/airflow/dags/ETL/Scripts/wheel3.exe
[2023-12-06 11:51:25,736] {processor.py:641} INFO - Processing file /opt/airflow/dags/ETL/Scripts/wheel3.exe for tasks to queue
[2023-12-06 11:51:25,736] {logging_mixin.py:115} INFO - [2023-12-06 11:51:25,736] {dagbag.py:508} INFO - Filling up the DagBag from /opt/airflow/dags/ETL/Scripts/wheel3.exe
[2023-12-06 11:51:25,744] {logging_mixin.py:115} INFO - [2023-12-06 11:51:25,744] {dagbag.py:371} INFO - File /opt/airflow/dags/ETL/Scripts/wheel3.exe:__main__.py assumed to contain no DAGs. Skipping.
[2023-12-06 11:51:25,745] {processor.py:653} WARNING - No viable dags retrieved from /opt/airflow/dags/ETL/Scripts/wheel3.exe
[2023-12-06 11:51:25,771] {processor.py:161} INFO - Processing /opt/airflow/dags/ETL/Scripts/wheel3.exe took 0.040 seconds
[2023-12-06 11:51:36,279] {processor.py:153} INFO - Started process (PID=4395) to work on /opt/airflow/dags/ETL/Scripts/wheel3.exe
[2023-12-06 11:51:36,280] {processor.py:641} INFO - Processing file /opt/airflow/dags/ETL/Scripts/wheel3.exe for tasks to queue
[2023-12-06 11:51:36,281] {logging_mixin.py:115} INFO - [2023-12-06 11:51:36,281] {dagbag.py:508} INFO - Filling up the DagBag from /opt/airflow/dags/ETL/Scripts/wheel3.exe
[2023-12-06 11:51:36,293] {logging_mixin.py:115} INFO - [2023-12-06 11:51:36,293] {dagbag.py:371} INFO - File /opt/airflow/dags/ETL/Scripts/wheel3.exe:__main__.py assumed to contain no DAGs. Skipping.
[2023-12-06 11:51:36,294] {processor.py:653} WARNING - No viable dags retrieved from /opt/airflow/dags/ETL/Scripts/wheel3.exe
[2023-12-06 11:51:36,311] {processor.py:161} INFO - Processing /opt/airflow/dags/ETL/Scripts/wheel3.exe took 0.036 seconds
[2023-12-06 11:51:46,994] {processor.py:153} INFO - Started process (PID=4441) to work on /opt/airflow/dags/ETL/Scripts/wheel3.exe
[2023-12-06 11:51:46,995] {processor.py:641} INFO - Processing file /opt/airflow/dags/ETL/Scripts/wheel3.exe for tasks to queue
[2023-12-06 11:51:46,996] {logging_mixin.py:115} INFO - [2023-12-06 11:51:46,995] {dagbag.py:508} INFO - Filling up the DagBag from /opt/airflow/dags/ETL/Scripts/wheel3.exe
[2023-12-06 11:51:47,010] {logging_mixin.py:115} INFO - [2023-12-06 11:51:47,010] {dagbag.py:371} INFO - File /opt/airflow/dags/ETL/Scripts/wheel3.exe:__main__.py assumed to contain no DAGs. Skipping.
[2023-12-06 11:51:47,011] {processor.py:653} WARNING - No viable dags retrieved from /opt/airflow/dags/ETL/Scripts/wheel3.exe
[2023-12-06 11:51:47,022] {processor.py:161} INFO - Processing /opt/airflow/dags/ETL/Scripts/wheel3.exe took 0.031 seconds
[2023-12-06 11:51:57,961] {processor.py:153} INFO - Started process (PID=4487) to work on /opt/airflow/dags/ETL/Scripts/wheel3.exe
[2023-12-06 11:51:57,963] {processor.py:641} INFO - Processing file /opt/airflow/dags/ETL/Scripts/wheel3.exe for tasks to queue
[2023-12-06 11:51:57,964] {logging_mixin.py:115} INFO - [2023-12-06 11:51:57,964] {dagbag.py:508} INFO - Filling up the DagBag from /opt/airflow/dags/ETL/Scripts/wheel3.exe
[2023-12-06 11:51:57,980] {logging_mixin.py:115} INFO - [2023-12-06 11:51:57,979] {dagbag.py:371} INFO - File /opt/airflow/dags/ETL/Scripts/wheel3.exe:__main__.py assumed to contain no DAGs. Skipping.
[2023-12-06 11:51:57,981] {processor.py:653} WARNING - No viable dags retrieved from /opt/airflow/dags/ETL/Scripts/wheel3.exe
[2023-12-06 11:51:58,020] {processor.py:161} INFO - Processing /opt/airflow/dags/ETL/Scripts/wheel3.exe took 0.063 seconds
[2023-12-06 11:52:08,587] {processor.py:153} INFO - Started process (PID=4533) to work on /opt/airflow/dags/ETL/Scripts/wheel3.exe
[2023-12-06 11:52:08,590] {processor.py:641} INFO - Processing file /opt/airflow/dags/ETL/Scripts/wheel3.exe for tasks to queue
[2023-12-06 11:52:08,591] {logging_mixin.py:115} INFO - [2023-12-06 11:52:08,591] {dagbag.py:508} INFO - Filling up the DagBag from /opt/airflow/dags/ETL/Scripts/wheel3.exe
[2023-12-06 11:52:08,606] {logging_mixin.py:115} INFO - [2023-12-06 11:52:08,606] {dagbag.py:371} INFO - File /opt/airflow/dags/ETL/Scripts/wheel3.exe:__main__.py assumed to contain no DAGs. Skipping.
[2023-12-06 11:52:08,607] {processor.py:653} WARNING - No viable dags retrieved from /opt/airflow/dags/ETL/Scripts/wheel3.exe
[2023-12-06 11:52:08,622] {processor.py:161} INFO - Processing /opt/airflow/dags/ETL/Scripts/wheel3.exe took 0.039 seconds
[2023-12-06 11:52:18,973] {processor.py:153} INFO - Started process (PID=4577) to work on /opt/airflow/dags/ETL/Scripts/wheel3.exe
[2023-12-06 11:52:18,973] {processor.py:641} INFO - Processing file /opt/airflow/dags/ETL/Scripts/wheel3.exe for tasks to queue
[2023-12-06 11:52:18,974] {logging_mixin.py:115} INFO - [2023-12-06 11:52:18,974] {dagbag.py:508} INFO - Filling up the DagBag from /opt/airflow/dags/ETL/Scripts/wheel3.exe
[2023-12-06 11:52:18,983] {logging_mixin.py:115} INFO - [2023-12-06 11:52:18,983] {dagbag.py:371} INFO - File /opt/airflow/dags/ETL/Scripts/wheel3.exe:__main__.py assumed to contain no DAGs. Skipping.
[2023-12-06 11:52:18,983] {processor.py:653} WARNING - No viable dags retrieved from /opt/airflow/dags/ETL/Scripts/wheel3.exe
[2023-12-06 11:52:18,997] {processor.py:161} INFO - Processing /opt/airflow/dags/ETL/Scripts/wheel3.exe took 0.027 seconds
[2023-12-06 11:52:37,670] {processor.py:153} INFO - Started process (PID=4629) to work on /opt/airflow/dags/ETL/Scripts/wheel3.exe
[2023-12-06 11:52:37,671] {processor.py:641} INFO - Processing file /opt/airflow/dags/ETL/Scripts/wheel3.exe for tasks to queue
[2023-12-06 11:52:37,672] {logging_mixin.py:115} INFO - [2023-12-06 11:52:37,672] {dagbag.py:508} INFO - Filling up the DagBag from /opt/airflow/dags/ETL/Scripts/wheel3.exe
[2023-12-06 11:52:37,683] {logging_mixin.py:115} INFO - [2023-12-06 11:52:37,683] {dagbag.py:371} INFO - File /opt/airflow/dags/ETL/Scripts/wheel3.exe:__main__.py assumed to contain no DAGs. Skipping.
[2023-12-06 11:52:37,685] {processor.py:653} WARNING - No viable dags retrieved from /opt/airflow/dags/ETL/Scripts/wheel3.exe
[2023-12-06 11:52:37,707] {processor.py:161} INFO - Processing /opt/airflow/dags/ETL/Scripts/wheel3.exe took 0.042 seconds
[2023-12-06 11:52:48,712] {processor.py:153} INFO - Started process (PID=4675) to work on /opt/airflow/dags/ETL/Scripts/wheel3.exe
[2023-12-06 11:52:48,713] {processor.py:641} INFO - Processing file /opt/airflow/dags/ETL/Scripts/wheel3.exe for tasks to queue
[2023-12-06 11:52:48,714] {logging_mixin.py:115} INFO - [2023-12-06 11:52:48,714] {dagbag.py:508} INFO - Filling up the DagBag from /opt/airflow/dags/ETL/Scripts/wheel3.exe
[2023-12-06 11:52:48,724] {logging_mixin.py:115} INFO - [2023-12-06 11:52:48,724] {dagbag.py:371} INFO - File /opt/airflow/dags/ETL/Scripts/wheel3.exe:__main__.py assumed to contain no DAGs. Skipping.
[2023-12-06 11:52:48,725] {processor.py:653} WARNING - No viable dags retrieved from /opt/airflow/dags/ETL/Scripts/wheel3.exe
[2023-12-06 11:52:48,739] {processor.py:161} INFO - Processing /opt/airflow/dags/ETL/Scripts/wheel3.exe took 0.029 seconds
[2023-12-06 11:52:59,496] {processor.py:153} INFO - Started process (PID=4721) to work on /opt/airflow/dags/ETL/Scripts/wheel3.exe
[2023-12-06 11:52:59,497] {processor.py:641} INFO - Processing file /opt/airflow/dags/ETL/Scripts/wheel3.exe for tasks to queue
[2023-12-06 11:52:59,498] {logging_mixin.py:115} INFO - [2023-12-06 11:52:59,497] {dagbag.py:508} INFO - Filling up the DagBag from /opt/airflow/dags/ETL/Scripts/wheel3.exe
[2023-12-06 11:52:59,508] {logging_mixin.py:115} INFO - [2023-12-06 11:52:59,508] {dagbag.py:371} INFO - File /opt/airflow/dags/ETL/Scripts/wheel3.exe:__main__.py assumed to contain no DAGs. Skipping.
[2023-12-06 11:52:59,509] {processor.py:653} WARNING - No viable dags retrieved from /opt/airflow/dags/ETL/Scripts/wheel3.exe
[2023-12-06 11:52:59,522] {processor.py:161} INFO - Processing /opt/airflow/dags/ETL/Scripts/wheel3.exe took 0.028 seconds
