[2023-12-06 11:37:40,264] {processor.py:153} INFO - Started process (PID=748) to work on /opt/airflow/dags/ETL/Scripts/wheel.exe
[2023-12-06 11:37:40,264] {processor.py:641} INFO - Processing file /opt/airflow/dags/ETL/Scripts/wheel.exe for tasks to queue
[2023-12-06 11:37:40,265] {logging_mixin.py:115} INFO - [2023-12-06 11:37:40,265] {dagbag.py:508} INFO - Filling up the DagBag from /opt/airflow/dags/ETL/Scripts/wheel.exe
[2023-12-06 11:37:40,273] {logging_mixin.py:115} INFO - [2023-12-06 11:37:40,273] {dagbag.py:371} INFO - File /opt/airflow/dags/ETL/Scripts/wheel.exe:__main__.py assumed to contain no DAGs. Skipping.
[2023-12-06 11:37:40,274] {processor.py:653} WARNING - No viable dags retrieved from /opt/airflow/dags/ETL/Scripts/wheel.exe
[2023-12-06 11:37:40,287] {processor.py:161} INFO - Processing /opt/airflow/dags/ETL/Scripts/wheel.exe took 0.026 seconds
[2023-12-06 11:37:50,676] {processor.py:153} INFO - Started process (PID=794) to work on /opt/airflow/dags/ETL/Scripts/wheel.exe
[2023-12-06 11:37:50,677] {processor.py:641} INFO - Processing file /opt/airflow/dags/ETL/Scripts/wheel.exe for tasks to queue
[2023-12-06 11:37:50,677] {logging_mixin.py:115} INFO - [2023-12-06 11:37:50,677] {dagbag.py:508} INFO - Filling up the DagBag from /opt/airflow/dags/ETL/Scripts/wheel.exe
[2023-12-06 11:37:50,685] {logging_mixin.py:115} INFO - [2023-12-06 11:37:50,685] {dagbag.py:371} INFO - File /opt/airflow/dags/ETL/Scripts/wheel.exe:__main__.py assumed to contain no DAGs. Skipping.
[2023-12-06 11:37:50,685] {processor.py:653} WARNING - No viable dags retrieved from /opt/airflow/dags/ETL/Scripts/wheel.exe
[2023-12-06 11:37:50,700] {processor.py:161} INFO - Processing /opt/airflow/dags/ETL/Scripts/wheel.exe took 0.027 seconds
[2023-12-06 11:38:01,218] {processor.py:153} INFO - Started process (PID=838) to work on /opt/airflow/dags/ETL/Scripts/wheel.exe
[2023-12-06 11:38:01,218] {processor.py:641} INFO - Processing file /opt/airflow/dags/ETL/Scripts/wheel.exe for tasks to queue
[2023-12-06 11:38:01,219] {logging_mixin.py:115} INFO - [2023-12-06 11:38:01,219] {dagbag.py:508} INFO - Filling up the DagBag from /opt/airflow/dags/ETL/Scripts/wheel.exe
[2023-12-06 11:38:01,227] {logging_mixin.py:115} INFO - [2023-12-06 11:38:01,227] {dagbag.py:371} INFO - File /opt/airflow/dags/ETL/Scripts/wheel.exe:__main__.py assumed to contain no DAGs. Skipping.
[2023-12-06 11:38:01,228] {processor.py:653} WARNING - No viable dags retrieved from /opt/airflow/dags/ETL/Scripts/wheel.exe
[2023-12-06 11:38:01,240] {processor.py:161} INFO - Processing /opt/airflow/dags/ETL/Scripts/wheel.exe took 0.026 seconds
[2023-12-06 11:38:11,602] {processor.py:153} INFO - Started process (PID=889) to work on /opt/airflow/dags/ETL/Scripts/wheel.exe
[2023-12-06 11:38:11,602] {processor.py:641} INFO - Processing file /opt/airflow/dags/ETL/Scripts/wheel.exe for tasks to queue
[2023-12-06 11:38:11,603] {logging_mixin.py:115} INFO - [2023-12-06 11:38:11,603] {dagbag.py:508} INFO - Filling up the DagBag from /opt/airflow/dags/ETL/Scripts/wheel.exe
[2023-12-06 11:38:11,611] {logging_mixin.py:115} INFO - [2023-12-06 11:38:11,611] {dagbag.py:371} INFO - File /opt/airflow/dags/ETL/Scripts/wheel.exe:__main__.py assumed to contain no DAGs. Skipping.
[2023-12-06 11:38:11,612] {processor.py:653} WARNING - No viable dags retrieved from /opt/airflow/dags/ETL/Scripts/wheel.exe
[2023-12-06 11:38:11,626] {processor.py:161} INFO - Processing /opt/airflow/dags/ETL/Scripts/wheel.exe took 0.027 seconds
[2023-12-06 11:38:21,956] {processor.py:153} INFO - Started process (PID=938) to work on /opt/airflow/dags/ETL/Scripts/wheel.exe
[2023-12-06 11:38:21,957] {processor.py:641} INFO - Processing file /opt/airflow/dags/ETL/Scripts/wheel.exe for tasks to queue
[2023-12-06 11:38:21,958] {logging_mixin.py:115} INFO - [2023-12-06 11:38:21,958] {dagbag.py:508} INFO - Filling up the DagBag from /opt/airflow/dags/ETL/Scripts/wheel.exe
[2023-12-06 11:38:21,966] {logging_mixin.py:115} INFO - [2023-12-06 11:38:21,966] {dagbag.py:371} INFO - File /opt/airflow/dags/ETL/Scripts/wheel.exe:__main__.py assumed to contain no DAGs. Skipping.
[2023-12-06 11:38:21,967] {processor.py:653} WARNING - No viable dags retrieved from /opt/airflow/dags/ETL/Scripts/wheel.exe
[2023-12-06 11:38:21,981] {processor.py:161} INFO - Processing /opt/airflow/dags/ETL/Scripts/wheel.exe took 0.028 seconds
[2023-12-06 11:38:32,337] {processor.py:153} INFO - Started process (PID=984) to work on /opt/airflow/dags/ETL/Scripts/wheel.exe
[2023-12-06 11:38:32,338] {processor.py:641} INFO - Processing file /opt/airflow/dags/ETL/Scripts/wheel.exe for tasks to queue
[2023-12-06 11:38:32,338] {logging_mixin.py:115} INFO - [2023-12-06 11:38:32,338] {dagbag.py:508} INFO - Filling up the DagBag from /opt/airflow/dags/ETL/Scripts/wheel.exe
[2023-12-06 11:38:32,346] {logging_mixin.py:115} INFO - [2023-12-06 11:38:32,346] {dagbag.py:371} INFO - File /opt/airflow/dags/ETL/Scripts/wheel.exe:__main__.py assumed to contain no DAGs. Skipping.
[2023-12-06 11:38:32,347] {processor.py:653} WARNING - No viable dags retrieved from /opt/airflow/dags/ETL/Scripts/wheel.exe
[2023-12-06 11:38:32,359] {processor.py:161} INFO - Processing /opt/airflow/dags/ETL/Scripts/wheel.exe took 0.025 seconds
[2023-12-06 11:38:42,902] {processor.py:153} INFO - Started process (PID=1031) to work on /opt/airflow/dags/ETL/Scripts/wheel.exe
[2023-12-06 11:38:42,902] {processor.py:641} INFO - Processing file /opt/airflow/dags/ETL/Scripts/wheel.exe for tasks to queue
[2023-12-06 11:38:42,903] {logging_mixin.py:115} INFO - [2023-12-06 11:38:42,903] {dagbag.py:508} INFO - Filling up the DagBag from /opt/airflow/dags/ETL/Scripts/wheel.exe
[2023-12-06 11:38:42,910] {logging_mixin.py:115} INFO - [2023-12-06 11:38:42,910] {dagbag.py:371} INFO - File /opt/airflow/dags/ETL/Scripts/wheel.exe:__main__.py assumed to contain no DAGs. Skipping.
[2023-12-06 11:38:42,911] {processor.py:653} WARNING - No viable dags retrieved from /opt/airflow/dags/ETL/Scripts/wheel.exe
[2023-12-06 11:38:42,928] {processor.py:161} INFO - Processing /opt/airflow/dags/ETL/Scripts/wheel.exe took 0.029 seconds
[2023-12-06 11:38:53,360] {processor.py:153} INFO - Started process (PID=1079) to work on /opt/airflow/dags/ETL/Scripts/wheel.exe
[2023-12-06 11:38:53,361] {processor.py:641} INFO - Processing file /opt/airflow/dags/ETL/Scripts/wheel.exe for tasks to queue
[2023-12-06 11:38:53,362] {logging_mixin.py:115} INFO - [2023-12-06 11:38:53,361] {dagbag.py:508} INFO - Filling up the DagBag from /opt/airflow/dags/ETL/Scripts/wheel.exe
[2023-12-06 11:38:53,371] {logging_mixin.py:115} INFO - [2023-12-06 11:38:53,371] {dagbag.py:371} INFO - File /opt/airflow/dags/ETL/Scripts/wheel.exe:__main__.py assumed to contain no DAGs. Skipping.
[2023-12-06 11:38:53,372] {processor.py:653} WARNING - No viable dags retrieved from /opt/airflow/dags/ETL/Scripts/wheel.exe
[2023-12-06 11:38:53,385] {processor.py:161} INFO - Processing /opt/airflow/dags/ETL/Scripts/wheel.exe took 0.028 seconds
[2023-12-06 11:39:03,724] {processor.py:153} INFO - Started process (PID=1123) to work on /opt/airflow/dags/ETL/Scripts/wheel.exe
[2023-12-06 11:39:03,725] {processor.py:641} INFO - Processing file /opt/airflow/dags/ETL/Scripts/wheel.exe for tasks to queue
[2023-12-06 11:39:03,725] {logging_mixin.py:115} INFO - [2023-12-06 11:39:03,725] {dagbag.py:508} INFO - Filling up the DagBag from /opt/airflow/dags/ETL/Scripts/wheel.exe
[2023-12-06 11:39:03,733] {logging_mixin.py:115} INFO - [2023-12-06 11:39:03,733] {dagbag.py:371} INFO - File /opt/airflow/dags/ETL/Scripts/wheel.exe:__main__.py assumed to contain no DAGs. Skipping.
[2023-12-06 11:39:03,734] {processor.py:653} WARNING - No viable dags retrieved from /opt/airflow/dags/ETL/Scripts/wheel.exe
[2023-12-06 11:39:03,748] {processor.py:161} INFO - Processing /opt/airflow/dags/ETL/Scripts/wheel.exe took 0.026 seconds
[2023-12-06 11:39:14,303] {processor.py:153} INFO - Started process (PID=1171) to work on /opt/airflow/dags/ETL/Scripts/wheel.exe
[2023-12-06 11:39:14,304] {processor.py:641} INFO - Processing file /opt/airflow/dags/ETL/Scripts/wheel.exe for tasks to queue
[2023-12-06 11:39:14,305] {logging_mixin.py:115} INFO - [2023-12-06 11:39:14,305] {dagbag.py:508} INFO - Filling up the DagBag from /opt/airflow/dags/ETL/Scripts/wheel.exe
[2023-12-06 11:39:14,313] {logging_mixin.py:115} INFO - [2023-12-06 11:39:14,313] {dagbag.py:371} INFO - File /opt/airflow/dags/ETL/Scripts/wheel.exe:__main__.py assumed to contain no DAGs. Skipping.
[2023-12-06 11:39:14,314] {processor.py:653} WARNING - No viable dags retrieved from /opt/airflow/dags/ETL/Scripts/wheel.exe
[2023-12-06 11:39:14,325] {processor.py:161} INFO - Processing /opt/airflow/dags/ETL/Scripts/wheel.exe took 0.024 seconds
[2023-12-06 11:39:24,698] {processor.py:153} INFO - Started process (PID=1217) to work on /opt/airflow/dags/ETL/Scripts/wheel.exe
[2023-12-06 11:39:24,698] {processor.py:641} INFO - Processing file /opt/airflow/dags/ETL/Scripts/wheel.exe for tasks to queue
[2023-12-06 11:39:24,699] {logging_mixin.py:115} INFO - [2023-12-06 11:39:24,699] {dagbag.py:508} INFO - Filling up the DagBag from /opt/airflow/dags/ETL/Scripts/wheel.exe
[2023-12-06 11:39:24,706] {logging_mixin.py:115} INFO - [2023-12-06 11:39:24,706] {dagbag.py:371} INFO - File /opt/airflow/dags/ETL/Scripts/wheel.exe:__main__.py assumed to contain no DAGs. Skipping.
[2023-12-06 11:39:24,707] {processor.py:653} WARNING - No viable dags retrieved from /opt/airflow/dags/ETL/Scripts/wheel.exe
[2023-12-06 11:39:24,719] {processor.py:161} INFO - Processing /opt/airflow/dags/ETL/Scripts/wheel.exe took 0.024 seconds
[2023-12-06 11:39:35,076] {processor.py:153} INFO - Started process (PID=1263) to work on /opt/airflow/dags/ETL/Scripts/wheel.exe
[2023-12-06 11:39:35,077] {processor.py:641} INFO - Processing file /opt/airflow/dags/ETL/Scripts/wheel.exe for tasks to queue
[2023-12-06 11:39:35,077] {logging_mixin.py:115} INFO - [2023-12-06 11:39:35,077] {dagbag.py:508} INFO - Filling up the DagBag from /opt/airflow/dags/ETL/Scripts/wheel.exe
[2023-12-06 11:39:35,086] {logging_mixin.py:115} INFO - [2023-12-06 11:39:35,086] {dagbag.py:371} INFO - File /opt/airflow/dags/ETL/Scripts/wheel.exe:__main__.py assumed to contain no DAGs. Skipping.
[2023-12-06 11:39:35,087] {processor.py:653} WARNING - No viable dags retrieved from /opt/airflow/dags/ETL/Scripts/wheel.exe
[2023-12-06 11:39:35,104] {processor.py:161} INFO - Processing /opt/airflow/dags/ETL/Scripts/wheel.exe took 0.031 seconds
[2023-12-06 11:39:45,448] {processor.py:153} INFO - Started process (PID=1309) to work on /opt/airflow/dags/ETL/Scripts/wheel.exe
[2023-12-06 11:39:45,449] {processor.py:641} INFO - Processing file /opt/airflow/dags/ETL/Scripts/wheel.exe for tasks to queue
[2023-12-06 11:39:45,450] {logging_mixin.py:115} INFO - [2023-12-06 11:39:45,450] {dagbag.py:508} INFO - Filling up the DagBag from /opt/airflow/dags/ETL/Scripts/wheel.exe
[2023-12-06 11:39:45,457] {logging_mixin.py:115} INFO - [2023-12-06 11:39:45,457] {dagbag.py:371} INFO - File /opt/airflow/dags/ETL/Scripts/wheel.exe:__main__.py assumed to contain no DAGs. Skipping.
[2023-12-06 11:39:45,458] {processor.py:653} WARNING - No viable dags retrieved from /opt/airflow/dags/ETL/Scripts/wheel.exe
[2023-12-06 11:39:45,473] {processor.py:161} INFO - Processing /opt/airflow/dags/ETL/Scripts/wheel.exe took 0.027 seconds
[2023-12-06 11:39:55,860] {processor.py:153} INFO - Started process (PID=1355) to work on /opt/airflow/dags/ETL/Scripts/wheel.exe
[2023-12-06 11:39:55,861] {processor.py:641} INFO - Processing file /opt/airflow/dags/ETL/Scripts/wheel.exe for tasks to queue
[2023-12-06 11:39:55,862] {logging_mixin.py:115} INFO - [2023-12-06 11:39:55,861] {dagbag.py:508} INFO - Filling up the DagBag from /opt/airflow/dags/ETL/Scripts/wheel.exe
[2023-12-06 11:39:55,868] {logging_mixin.py:115} INFO - [2023-12-06 11:39:55,868] {dagbag.py:371} INFO - File /opt/airflow/dags/ETL/Scripts/wheel.exe:__main__.py assumed to contain no DAGs. Skipping.
[2023-12-06 11:39:55,869] {processor.py:653} WARNING - No viable dags retrieved from /opt/airflow/dags/ETL/Scripts/wheel.exe
[2023-12-06 11:39:55,880] {processor.py:161} INFO - Processing /opt/airflow/dags/ETL/Scripts/wheel.exe took 0.023 seconds
[2023-12-06 11:40:06,213] {processor.py:153} INFO - Started process (PID=1401) to work on /opt/airflow/dags/ETL/Scripts/wheel.exe
[2023-12-06 11:40:06,214] {processor.py:641} INFO - Processing file /opt/airflow/dags/ETL/Scripts/wheel.exe for tasks to queue
[2023-12-06 11:40:06,215] {logging_mixin.py:115} INFO - [2023-12-06 11:40:06,215] {dagbag.py:508} INFO - Filling up the DagBag from /opt/airflow/dags/ETL/Scripts/wheel.exe
[2023-12-06 11:40:06,228] {logging_mixin.py:115} INFO - [2023-12-06 11:40:06,228] {dagbag.py:371} INFO - File /opt/airflow/dags/ETL/Scripts/wheel.exe:__main__.py assumed to contain no DAGs. Skipping.
[2023-12-06 11:40:06,229] {processor.py:653} WARNING - No viable dags retrieved from /opt/airflow/dags/ETL/Scripts/wheel.exe
[2023-12-06 11:40:06,243] {processor.py:161} INFO - Processing /opt/airflow/dags/ETL/Scripts/wheel.exe took 0.034 seconds
[2023-12-06 11:40:16,579] {processor.py:153} INFO - Started process (PID=1445) to work on /opt/airflow/dags/ETL/Scripts/wheel.exe
[2023-12-06 11:40:16,580] {processor.py:641} INFO - Processing file /opt/airflow/dags/ETL/Scripts/wheel.exe for tasks to queue
[2023-12-06 11:40:16,580] {logging_mixin.py:115} INFO - [2023-12-06 11:40:16,580] {dagbag.py:508} INFO - Filling up the DagBag from /opt/airflow/dags/ETL/Scripts/wheel.exe
[2023-12-06 11:40:16,590] {logging_mixin.py:115} INFO - [2023-12-06 11:40:16,590] {dagbag.py:371} INFO - File /opt/airflow/dags/ETL/Scripts/wheel.exe:__main__.py assumed to contain no DAGs. Skipping.
[2023-12-06 11:40:16,591] {processor.py:653} WARNING - No viable dags retrieved from /opt/airflow/dags/ETL/Scripts/wheel.exe
[2023-12-06 11:40:16,611] {processor.py:161} INFO - Processing /opt/airflow/dags/ETL/Scripts/wheel.exe took 0.035 seconds
[2023-12-06 11:40:27,000] {processor.py:153} INFO - Started process (PID=1491) to work on /opt/airflow/dags/ETL/Scripts/wheel.exe
[2023-12-06 11:40:27,000] {processor.py:641} INFO - Processing file /opt/airflow/dags/ETL/Scripts/wheel.exe for tasks to queue
[2023-12-06 11:40:27,001] {logging_mixin.py:115} INFO - [2023-12-06 11:40:27,001] {dagbag.py:508} INFO - Filling up the DagBag from /opt/airflow/dags/ETL/Scripts/wheel.exe
[2023-12-06 11:40:27,009] {logging_mixin.py:115} INFO - [2023-12-06 11:40:27,009] {dagbag.py:371} INFO - File /opt/airflow/dags/ETL/Scripts/wheel.exe:__main__.py assumed to contain no DAGs. Skipping.
[2023-12-06 11:40:27,009] {processor.py:653} WARNING - No viable dags retrieved from /opt/airflow/dags/ETL/Scripts/wheel.exe
[2023-12-06 11:40:27,022] {processor.py:161} INFO - Processing /opt/airflow/dags/ETL/Scripts/wheel.exe took 0.025 seconds
[2023-12-06 11:40:37,390] {processor.py:153} INFO - Started process (PID=1537) to work on /opt/airflow/dags/ETL/Scripts/wheel.exe
[2023-12-06 11:40:37,391] {processor.py:641} INFO - Processing file /opt/airflow/dags/ETL/Scripts/wheel.exe for tasks to queue
[2023-12-06 11:40:37,391] {logging_mixin.py:115} INFO - [2023-12-06 11:40:37,391] {dagbag.py:508} INFO - Filling up the DagBag from /opt/airflow/dags/ETL/Scripts/wheel.exe
[2023-12-06 11:40:37,400] {logging_mixin.py:115} INFO - [2023-12-06 11:40:37,400] {dagbag.py:371} INFO - File /opt/airflow/dags/ETL/Scripts/wheel.exe:__main__.py assumed to contain no DAGs. Skipping.
[2023-12-06 11:40:37,400] {processor.py:653} WARNING - No viable dags retrieved from /opt/airflow/dags/ETL/Scripts/wheel.exe
[2023-12-06 11:40:37,413] {processor.py:161} INFO - Processing /opt/airflow/dags/ETL/Scripts/wheel.exe took 0.025 seconds
[2023-12-06 11:40:47,766] {processor.py:153} INFO - Started process (PID=1579) to work on /opt/airflow/dags/ETL/Scripts/wheel.exe
[2023-12-06 11:40:47,767] {processor.py:641} INFO - Processing file /opt/airflow/dags/ETL/Scripts/wheel.exe for tasks to queue
[2023-12-06 11:40:47,767] {logging_mixin.py:115} INFO - [2023-12-06 11:40:47,767] {dagbag.py:508} INFO - Filling up the DagBag from /opt/airflow/dags/ETL/Scripts/wheel.exe
[2023-12-06 11:40:47,775] {logging_mixin.py:115} INFO - [2023-12-06 11:40:47,775] {dagbag.py:371} INFO - File /opt/airflow/dags/ETL/Scripts/wheel.exe:__main__.py assumed to contain no DAGs. Skipping.
[2023-12-06 11:40:47,776] {processor.py:653} WARNING - No viable dags retrieved from /opt/airflow/dags/ETL/Scripts/wheel.exe
[2023-12-06 11:40:47,788] {processor.py:161} INFO - Processing /opt/airflow/dags/ETL/Scripts/wheel.exe took 0.025 seconds
[2023-12-06 11:40:58,107] {processor.py:153} INFO - Started process (PID=1625) to work on /opt/airflow/dags/ETL/Scripts/wheel.exe
[2023-12-06 11:40:58,108] {processor.py:641} INFO - Processing file /opt/airflow/dags/ETL/Scripts/wheel.exe for tasks to queue
[2023-12-06 11:40:58,108] {logging_mixin.py:115} INFO - [2023-12-06 11:40:58,108] {dagbag.py:508} INFO - Filling up the DagBag from /opt/airflow/dags/ETL/Scripts/wheel.exe
[2023-12-06 11:40:58,116] {logging_mixin.py:115} INFO - [2023-12-06 11:40:58,116] {dagbag.py:371} INFO - File /opt/airflow/dags/ETL/Scripts/wheel.exe:__main__.py assumed to contain no DAGs. Skipping.
[2023-12-06 11:40:58,116] {processor.py:653} WARNING - No viable dags retrieved from /opt/airflow/dags/ETL/Scripts/wheel.exe
[2023-12-06 11:40:58,129] {processor.py:161} INFO - Processing /opt/airflow/dags/ETL/Scripts/wheel.exe took 0.025 seconds
[2023-12-06 11:41:08,515] {processor.py:153} INFO - Started process (PID=1669) to work on /opt/airflow/dags/ETL/Scripts/wheel.exe
[2023-12-06 11:41:08,516] {processor.py:641} INFO - Processing file /opt/airflow/dags/ETL/Scripts/wheel.exe for tasks to queue
[2023-12-06 11:41:08,516] {logging_mixin.py:115} INFO - [2023-12-06 11:41:08,516] {dagbag.py:508} INFO - Filling up the DagBag from /opt/airflow/dags/ETL/Scripts/wheel.exe
[2023-12-06 11:41:08,524] {logging_mixin.py:115} INFO - [2023-12-06 11:41:08,524] {dagbag.py:371} INFO - File /opt/airflow/dags/ETL/Scripts/wheel.exe:__main__.py assumed to contain no DAGs. Skipping.
[2023-12-06 11:41:08,525] {processor.py:653} WARNING - No viable dags retrieved from /opt/airflow/dags/ETL/Scripts/wheel.exe
[2023-12-06 11:41:08,536] {processor.py:161} INFO - Processing /opt/airflow/dags/ETL/Scripts/wheel.exe took 0.024 seconds
[2023-12-06 11:41:18,941] {processor.py:153} INFO - Started process (PID=1717) to work on /opt/airflow/dags/ETL/Scripts/wheel.exe
[2023-12-06 11:41:18,942] {processor.py:641} INFO - Processing file /opt/airflow/dags/ETL/Scripts/wheel.exe for tasks to queue
[2023-12-06 11:41:18,943] {logging_mixin.py:115} INFO - [2023-12-06 11:41:18,943] {dagbag.py:508} INFO - Filling up the DagBag from /opt/airflow/dags/ETL/Scripts/wheel.exe
[2023-12-06 11:41:18,951] {logging_mixin.py:115} INFO - [2023-12-06 11:41:18,951] {dagbag.py:371} INFO - File /opt/airflow/dags/ETL/Scripts/wheel.exe:__main__.py assumed to contain no DAGs. Skipping.
[2023-12-06 11:41:18,952] {processor.py:653} WARNING - No viable dags retrieved from /opt/airflow/dags/ETL/Scripts/wheel.exe
[2023-12-06 11:41:18,966] {processor.py:161} INFO - Processing /opt/airflow/dags/ETL/Scripts/wheel.exe took 0.028 seconds
[2023-12-06 11:41:29,340] {processor.py:153} INFO - Started process (PID=1763) to work on /opt/airflow/dags/ETL/Scripts/wheel.exe
[2023-12-06 11:41:29,340] {processor.py:641} INFO - Processing file /opt/airflow/dags/ETL/Scripts/wheel.exe for tasks to queue
[2023-12-06 11:41:29,341] {logging_mixin.py:115} INFO - [2023-12-06 11:41:29,341] {dagbag.py:508} INFO - Filling up the DagBag from /opt/airflow/dags/ETL/Scripts/wheel.exe
[2023-12-06 11:41:29,348] {logging_mixin.py:115} INFO - [2023-12-06 11:41:29,348] {dagbag.py:371} INFO - File /opt/airflow/dags/ETL/Scripts/wheel.exe:__main__.py assumed to contain no DAGs. Skipping.
[2023-12-06 11:41:29,348] {processor.py:653} WARNING - No viable dags retrieved from /opt/airflow/dags/ETL/Scripts/wheel.exe
[2023-12-06 11:41:29,360] {processor.py:161} INFO - Processing /opt/airflow/dags/ETL/Scripts/wheel.exe took 0.024 seconds
[2023-12-06 11:41:39,735] {processor.py:153} INFO - Started process (PID=1807) to work on /opt/airflow/dags/ETL/Scripts/wheel.exe
[2023-12-06 11:41:39,736] {processor.py:641} INFO - Processing file /opt/airflow/dags/ETL/Scripts/wheel.exe for tasks to queue
[2023-12-06 11:41:39,736] {logging_mixin.py:115} INFO - [2023-12-06 11:41:39,736] {dagbag.py:508} INFO - Filling up the DagBag from /opt/airflow/dags/ETL/Scripts/wheel.exe
[2023-12-06 11:41:39,745] {logging_mixin.py:115} INFO - [2023-12-06 11:41:39,745] {dagbag.py:371} INFO - File /opt/airflow/dags/ETL/Scripts/wheel.exe:__main__.py assumed to contain no DAGs. Skipping.
[2023-12-06 11:41:39,745] {processor.py:653} WARNING - No viable dags retrieved from /opt/airflow/dags/ETL/Scripts/wheel.exe
[2023-12-06 11:41:39,759] {processor.py:161} INFO - Processing /opt/airflow/dags/ETL/Scripts/wheel.exe took 0.027 seconds
[2023-12-06 11:41:50,166] {processor.py:153} INFO - Started process (PID=1853) to work on /opt/airflow/dags/ETL/Scripts/wheel.exe
[2023-12-06 11:41:50,167] {processor.py:641} INFO - Processing file /opt/airflow/dags/ETL/Scripts/wheel.exe for tasks to queue
[2023-12-06 11:41:50,167] {logging_mixin.py:115} INFO - [2023-12-06 11:41:50,167] {dagbag.py:508} INFO - Filling up the DagBag from /opt/airflow/dags/ETL/Scripts/wheel.exe
[2023-12-06 11:41:50,175] {logging_mixin.py:115} INFO - [2023-12-06 11:41:50,175] {dagbag.py:371} INFO - File /opt/airflow/dags/ETL/Scripts/wheel.exe:__main__.py assumed to contain no DAGs. Skipping.
[2023-12-06 11:41:50,175] {processor.py:653} WARNING - No viable dags retrieved from /opt/airflow/dags/ETL/Scripts/wheel.exe
[2023-12-06 11:41:50,188] {processor.py:161} INFO - Processing /opt/airflow/dags/ETL/Scripts/wheel.exe took 0.025 seconds
[2023-12-06 11:42:00,425] {processor.py:153} INFO - Started process (PID=1901) to work on /opt/airflow/dags/ETL/Scripts/wheel.exe
[2023-12-06 11:42:00,426] {processor.py:641} INFO - Processing file /opt/airflow/dags/ETL/Scripts/wheel.exe for tasks to queue
[2023-12-06 11:42:00,426] {logging_mixin.py:115} INFO - [2023-12-06 11:42:00,426] {dagbag.py:508} INFO - Filling up the DagBag from /opt/airflow/dags/ETL/Scripts/wheel.exe
[2023-12-06 11:42:00,434] {logging_mixin.py:115} INFO - [2023-12-06 11:42:00,434] {dagbag.py:371} INFO - File /opt/airflow/dags/ETL/Scripts/wheel.exe:__main__.py assumed to contain no DAGs. Skipping.
[2023-12-06 11:42:00,435] {processor.py:653} WARNING - No viable dags retrieved from /opt/airflow/dags/ETL/Scripts/wheel.exe
[2023-12-06 11:42:00,448] {processor.py:161} INFO - Processing /opt/airflow/dags/ETL/Scripts/wheel.exe took 0.025 seconds
[2023-12-06 11:42:10,826] {processor.py:153} INFO - Started process (PID=1945) to work on /opt/airflow/dags/ETL/Scripts/wheel.exe
[2023-12-06 11:42:10,827] {processor.py:641} INFO - Processing file /opt/airflow/dags/ETL/Scripts/wheel.exe for tasks to queue
[2023-12-06 11:42:10,827] {logging_mixin.py:115} INFO - [2023-12-06 11:42:10,827] {dagbag.py:508} INFO - Filling up the DagBag from /opt/airflow/dags/ETL/Scripts/wheel.exe
[2023-12-06 11:42:10,833] {logging_mixin.py:115} INFO - [2023-12-06 11:42:10,833] {dagbag.py:371} INFO - File /opt/airflow/dags/ETL/Scripts/wheel.exe:__main__.py assumed to contain no DAGs. Skipping.
[2023-12-06 11:42:10,834] {processor.py:653} WARNING - No viable dags retrieved from /opt/airflow/dags/ETL/Scripts/wheel.exe
[2023-12-06 11:42:10,846] {processor.py:161} INFO - Processing /opt/airflow/dags/ETL/Scripts/wheel.exe took 0.023 seconds
[2023-12-06 11:42:21,255] {processor.py:153} INFO - Started process (PID=1991) to work on /opt/airflow/dags/ETL/Scripts/wheel.exe
[2023-12-06 11:42:21,255] {processor.py:641} INFO - Processing file /opt/airflow/dags/ETL/Scripts/wheel.exe for tasks to queue
[2023-12-06 11:42:21,256] {logging_mixin.py:115} INFO - [2023-12-06 11:42:21,256] {dagbag.py:508} INFO - Filling up the DagBag from /opt/airflow/dags/ETL/Scripts/wheel.exe
[2023-12-06 11:42:21,264] {logging_mixin.py:115} INFO - [2023-12-06 11:42:21,264] {dagbag.py:371} INFO - File /opt/airflow/dags/ETL/Scripts/wheel.exe:__main__.py assumed to contain no DAGs. Skipping.
[2023-12-06 11:42:21,265] {processor.py:653} WARNING - No viable dags retrieved from /opt/airflow/dags/ETL/Scripts/wheel.exe
[2023-12-06 11:42:21,278] {processor.py:161} INFO - Processing /opt/airflow/dags/ETL/Scripts/wheel.exe took 0.026 seconds
[2023-12-06 11:42:37,060] {processor.py:153} INFO - Started process (PID=2031) to work on /opt/airflow/dags/ETL/Scripts/wheel.exe
[2023-12-06 11:42:37,061] {processor.py:641} INFO - Processing file /opt/airflow/dags/ETL/Scripts/wheel.exe for tasks to queue
[2023-12-06 11:42:37,062] {logging_mixin.py:115} INFO - [2023-12-06 11:42:37,062] {dagbag.py:508} INFO - Filling up the DagBag from /opt/airflow/dags/ETL/Scripts/wheel.exe
[2023-12-06 11:42:37,068] {logging_mixin.py:115} INFO - [2023-12-06 11:42:37,068] {dagbag.py:371} INFO - File /opt/airflow/dags/ETL/Scripts/wheel.exe:__main__.py assumed to contain no DAGs. Skipping.
[2023-12-06 11:42:37,069] {processor.py:653} WARNING - No viable dags retrieved from /opt/airflow/dags/ETL/Scripts/wheel.exe
[2023-12-06 11:42:37,080] {processor.py:161} INFO - Processing /opt/airflow/dags/ETL/Scripts/wheel.exe took 0.023 seconds
[2023-12-06 11:42:47,516] {processor.py:153} INFO - Started process (PID=2077) to work on /opt/airflow/dags/ETL/Scripts/wheel.exe
[2023-12-06 11:42:47,517] {processor.py:641} INFO - Processing file /opt/airflow/dags/ETL/Scripts/wheel.exe for tasks to queue
[2023-12-06 11:42:47,518] {logging_mixin.py:115} INFO - [2023-12-06 11:42:47,518] {dagbag.py:508} INFO - Filling up the DagBag from /opt/airflow/dags/ETL/Scripts/wheel.exe
[2023-12-06 11:42:47,525] {logging_mixin.py:115} INFO - [2023-12-06 11:42:47,525] {dagbag.py:371} INFO - File /opt/airflow/dags/ETL/Scripts/wheel.exe:__main__.py assumed to contain no DAGs. Skipping.
[2023-12-06 11:42:47,526] {processor.py:653} WARNING - No viable dags retrieved from /opt/airflow/dags/ETL/Scripts/wheel.exe
[2023-12-06 11:42:47,538] {processor.py:161} INFO - Processing /opt/airflow/dags/ETL/Scripts/wheel.exe took 0.024 seconds
[2023-12-06 11:42:57,913] {processor.py:153} INFO - Started process (PID=2123) to work on /opt/airflow/dags/ETL/Scripts/wheel.exe
[2023-12-06 11:42:57,914] {processor.py:641} INFO - Processing file /opt/airflow/dags/ETL/Scripts/wheel.exe for tasks to queue
[2023-12-06 11:42:57,915] {logging_mixin.py:115} INFO - [2023-12-06 11:42:57,915] {dagbag.py:508} INFO - Filling up the DagBag from /opt/airflow/dags/ETL/Scripts/wheel.exe
[2023-12-06 11:42:57,922] {logging_mixin.py:115} INFO - [2023-12-06 11:42:57,922] {dagbag.py:371} INFO - File /opt/airflow/dags/ETL/Scripts/wheel.exe:__main__.py assumed to contain no DAGs. Skipping.
[2023-12-06 11:42:57,923] {processor.py:653} WARNING - No viable dags retrieved from /opt/airflow/dags/ETL/Scripts/wheel.exe
[2023-12-06 11:42:57,937] {processor.py:161} INFO - Processing /opt/airflow/dags/ETL/Scripts/wheel.exe took 0.028 seconds
[2023-12-06 11:43:08,359] {processor.py:153} INFO - Started process (PID=2169) to work on /opt/airflow/dags/ETL/Scripts/wheel.exe
[2023-12-06 11:43:08,360] {processor.py:641} INFO - Processing file /opt/airflow/dags/ETL/Scripts/wheel.exe for tasks to queue
[2023-12-06 11:43:08,360] {logging_mixin.py:115} INFO - [2023-12-06 11:43:08,360] {dagbag.py:508} INFO - Filling up the DagBag from /opt/airflow/dags/ETL/Scripts/wheel.exe
[2023-12-06 11:43:08,369] {logging_mixin.py:115} INFO - [2023-12-06 11:43:08,369] {dagbag.py:371} INFO - File /opt/airflow/dags/ETL/Scripts/wheel.exe:__main__.py assumed to contain no DAGs. Skipping.
[2023-12-06 11:43:08,370] {processor.py:653} WARNING - No viable dags retrieved from /opt/airflow/dags/ETL/Scripts/wheel.exe
[2023-12-06 11:43:08,384] {processor.py:161} INFO - Processing /opt/airflow/dags/ETL/Scripts/wheel.exe took 0.028 seconds
[2023-12-06 11:43:18,822] {processor.py:153} INFO - Started process (PID=2215) to work on /opt/airflow/dags/ETL/Scripts/wheel.exe
[2023-12-06 11:43:18,823] {processor.py:641} INFO - Processing file /opt/airflow/dags/ETL/Scripts/wheel.exe for tasks to queue
[2023-12-06 11:43:18,824] {logging_mixin.py:115} INFO - [2023-12-06 11:43:18,824] {dagbag.py:508} INFO - Filling up the DagBag from /opt/airflow/dags/ETL/Scripts/wheel.exe
[2023-12-06 11:43:18,831] {logging_mixin.py:115} INFO - [2023-12-06 11:43:18,831] {dagbag.py:371} INFO - File /opt/airflow/dags/ETL/Scripts/wheel.exe:__main__.py assumed to contain no DAGs. Skipping.
[2023-12-06 11:43:18,832] {processor.py:653} WARNING - No viable dags retrieved from /opt/airflow/dags/ETL/Scripts/wheel.exe
[2023-12-06 11:43:18,845] {processor.py:161} INFO - Processing /opt/airflow/dags/ETL/Scripts/wheel.exe took 0.026 seconds
[2023-12-06 11:43:29,224] {processor.py:153} INFO - Started process (PID=2264) to work on /opt/airflow/dags/ETL/Scripts/wheel.exe
[2023-12-06 11:43:29,225] {processor.py:641} INFO - Processing file /opt/airflow/dags/ETL/Scripts/wheel.exe for tasks to queue
[2023-12-06 11:43:29,226] {logging_mixin.py:115} INFO - [2023-12-06 11:43:29,226] {dagbag.py:508} INFO - Filling up the DagBag from /opt/airflow/dags/ETL/Scripts/wheel.exe
[2023-12-06 11:43:29,233] {logging_mixin.py:115} INFO - [2023-12-06 11:43:29,233] {dagbag.py:371} INFO - File /opt/airflow/dags/ETL/Scripts/wheel.exe:__main__.py assumed to contain no DAGs. Skipping.
[2023-12-06 11:43:29,234] {processor.py:653} WARNING - No viable dags retrieved from /opt/airflow/dags/ETL/Scripts/wheel.exe
[2023-12-06 11:43:29,246] {processor.py:161} INFO - Processing /opt/airflow/dags/ETL/Scripts/wheel.exe took 0.025 seconds
[2023-12-06 11:43:39,618] {processor.py:153} INFO - Started process (PID=2312) to work on /opt/airflow/dags/ETL/Scripts/wheel.exe
[2023-12-06 11:43:39,618] {processor.py:641} INFO - Processing file /opt/airflow/dags/ETL/Scripts/wheel.exe for tasks to queue
[2023-12-06 11:43:39,619] {logging_mixin.py:115} INFO - [2023-12-06 11:43:39,619] {dagbag.py:508} INFO - Filling up the DagBag from /opt/airflow/dags/ETL/Scripts/wheel.exe
[2023-12-06 11:43:39,628] {logging_mixin.py:115} INFO - [2023-12-06 11:43:39,628] {dagbag.py:371} INFO - File /opt/airflow/dags/ETL/Scripts/wheel.exe:__main__.py assumed to contain no DAGs. Skipping.
[2023-12-06 11:43:39,629] {processor.py:653} WARNING - No viable dags retrieved from /opt/airflow/dags/ETL/Scripts/wheel.exe
[2023-12-06 11:43:39,644] {processor.py:161} INFO - Processing /opt/airflow/dags/ETL/Scripts/wheel.exe took 0.030 seconds
[2023-12-06 11:43:50,127] {processor.py:153} INFO - Started process (PID=2359) to work on /opt/airflow/dags/ETL/Scripts/wheel.exe
[2023-12-06 11:43:50,128] {processor.py:641} INFO - Processing file /opt/airflow/dags/ETL/Scripts/wheel.exe for tasks to queue
[2023-12-06 11:43:50,128] {logging_mixin.py:115} INFO - [2023-12-06 11:43:50,128] {dagbag.py:508} INFO - Filling up the DagBag from /opt/airflow/dags/ETL/Scripts/wheel.exe
[2023-12-06 11:43:50,139] {logging_mixin.py:115} INFO - [2023-12-06 11:43:50,139] {dagbag.py:371} INFO - File /opt/airflow/dags/ETL/Scripts/wheel.exe:__main__.py assumed to contain no DAGs. Skipping.
[2023-12-06 11:43:50,140] {processor.py:653} WARNING - No viable dags retrieved from /opt/airflow/dags/ETL/Scripts/wheel.exe
[2023-12-06 11:43:50,155] {processor.py:161} INFO - Processing /opt/airflow/dags/ETL/Scripts/wheel.exe took 0.032 seconds
[2023-12-06 11:44:00,549] {processor.py:153} INFO - Started process (PID=2405) to work on /opt/airflow/dags/ETL/Scripts/wheel.exe
[2023-12-06 11:44:00,549] {processor.py:641} INFO - Processing file /opt/airflow/dags/ETL/Scripts/wheel.exe for tasks to queue
[2023-12-06 11:44:00,550] {logging_mixin.py:115} INFO - [2023-12-06 11:44:00,550] {dagbag.py:508} INFO - Filling up the DagBag from /opt/airflow/dags/ETL/Scripts/wheel.exe
[2023-12-06 11:44:00,559] {logging_mixin.py:115} INFO - [2023-12-06 11:44:00,559] {dagbag.py:371} INFO - File /opt/airflow/dags/ETL/Scripts/wheel.exe:__main__.py assumed to contain no DAGs. Skipping.
[2023-12-06 11:44:00,560] {processor.py:653} WARNING - No viable dags retrieved from /opt/airflow/dags/ETL/Scripts/wheel.exe
[2023-12-06 11:44:00,573] {processor.py:161} INFO - Processing /opt/airflow/dags/ETL/Scripts/wheel.exe took 0.027 seconds
[2023-12-06 11:44:11,007] {processor.py:153} INFO - Started process (PID=2451) to work on /opt/airflow/dags/ETL/Scripts/wheel.exe
[2023-12-06 11:44:11,008] {processor.py:641} INFO - Processing file /opt/airflow/dags/ETL/Scripts/wheel.exe for tasks to queue
[2023-12-06 11:44:11,009] {logging_mixin.py:115} INFO - [2023-12-06 11:44:11,009] {dagbag.py:508} INFO - Filling up the DagBag from /opt/airflow/dags/ETL/Scripts/wheel.exe
[2023-12-06 11:44:11,016] {logging_mixin.py:115} INFO - [2023-12-06 11:44:11,016] {dagbag.py:371} INFO - File /opt/airflow/dags/ETL/Scripts/wheel.exe:__main__.py assumed to contain no DAGs. Skipping.
[2023-12-06 11:44:11,017] {processor.py:653} WARNING - No viable dags retrieved from /opt/airflow/dags/ETL/Scripts/wheel.exe
[2023-12-06 11:44:11,031] {processor.py:161} INFO - Processing /opt/airflow/dags/ETL/Scripts/wheel.exe took 0.026 seconds
[2023-12-06 11:44:21,444] {processor.py:153} INFO - Started process (PID=2497) to work on /opt/airflow/dags/ETL/Scripts/wheel.exe
[2023-12-06 11:44:21,444] {processor.py:641} INFO - Processing file /opt/airflow/dags/ETL/Scripts/wheel.exe for tasks to queue
[2023-12-06 11:44:21,445] {logging_mixin.py:115} INFO - [2023-12-06 11:44:21,445] {dagbag.py:508} INFO - Filling up the DagBag from /opt/airflow/dags/ETL/Scripts/wheel.exe
[2023-12-06 11:44:21,454] {logging_mixin.py:115} INFO - [2023-12-06 11:44:21,454] {dagbag.py:371} INFO - File /opt/airflow/dags/ETL/Scripts/wheel.exe:__main__.py assumed to contain no DAGs. Skipping.
[2023-12-06 11:44:21,455] {processor.py:653} WARNING - No viable dags retrieved from /opt/airflow/dags/ETL/Scripts/wheel.exe
[2023-12-06 11:44:21,476] {processor.py:161} INFO - Processing /opt/airflow/dags/ETL/Scripts/wheel.exe took 0.035 seconds
[2023-12-06 11:44:31,932] {processor.py:153} INFO - Started process (PID=2543) to work on /opt/airflow/dags/ETL/Scripts/wheel.exe
[2023-12-06 11:44:31,932] {processor.py:641} INFO - Processing file /opt/airflow/dags/ETL/Scripts/wheel.exe for tasks to queue
[2023-12-06 11:44:31,933] {logging_mixin.py:115} INFO - [2023-12-06 11:44:31,933] {dagbag.py:508} INFO - Filling up the DagBag from /opt/airflow/dags/ETL/Scripts/wheel.exe
[2023-12-06 11:44:31,942] {logging_mixin.py:115} INFO - [2023-12-06 11:44:31,942] {dagbag.py:371} INFO - File /opt/airflow/dags/ETL/Scripts/wheel.exe:__main__.py assumed to contain no DAGs. Skipping.
[2023-12-06 11:44:31,943] {processor.py:653} WARNING - No viable dags retrieved from /opt/airflow/dags/ETL/Scripts/wheel.exe
[2023-12-06 11:44:31,960] {processor.py:161} INFO - Processing /opt/airflow/dags/ETL/Scripts/wheel.exe took 0.032 seconds
[2023-12-06 11:44:42,416] {processor.py:153} INFO - Started process (PID=2591) to work on /opt/airflow/dags/ETL/Scripts/wheel.exe
[2023-12-06 11:44:42,417] {processor.py:641} INFO - Processing file /opt/airflow/dags/ETL/Scripts/wheel.exe for tasks to queue
[2023-12-06 11:44:42,417] {logging_mixin.py:115} INFO - [2023-12-06 11:44:42,417] {dagbag.py:508} INFO - Filling up the DagBag from /opt/airflow/dags/ETL/Scripts/wheel.exe
[2023-12-06 11:44:42,427] {logging_mixin.py:115} INFO - [2023-12-06 11:44:42,427] {dagbag.py:371} INFO - File /opt/airflow/dags/ETL/Scripts/wheel.exe:__main__.py assumed to contain no DAGs. Skipping.
[2023-12-06 11:44:42,427] {processor.py:653} WARNING - No viable dags retrieved from /opt/airflow/dags/ETL/Scripts/wheel.exe
[2023-12-06 11:44:42,442] {processor.py:161} INFO - Processing /opt/airflow/dags/ETL/Scripts/wheel.exe took 0.029 seconds
[2023-12-06 11:44:52,938] {processor.py:153} INFO - Started process (PID=2637) to work on /opt/airflow/dags/ETL/Scripts/wheel.exe
[2023-12-06 11:44:52,939] {processor.py:641} INFO - Processing file /opt/airflow/dags/ETL/Scripts/wheel.exe for tasks to queue
[2023-12-06 11:44:52,940] {logging_mixin.py:115} INFO - [2023-12-06 11:44:52,940] {dagbag.py:508} INFO - Filling up the DagBag from /opt/airflow/dags/ETL/Scripts/wheel.exe
[2023-12-06 11:44:52,950] {logging_mixin.py:115} INFO - [2023-12-06 11:44:52,950] {dagbag.py:371} INFO - File /opt/airflow/dags/ETL/Scripts/wheel.exe:__main__.py assumed to contain no DAGs. Skipping.
[2023-12-06 11:44:52,951] {processor.py:653} WARNING - No viable dags retrieved from /opt/airflow/dags/ETL/Scripts/wheel.exe
[2023-12-06 11:44:52,963] {processor.py:161} INFO - Processing /opt/airflow/dags/ETL/Scripts/wheel.exe took 0.028 seconds
[2023-12-06 11:45:03,398] {processor.py:153} INFO - Started process (PID=2681) to work on /opt/airflow/dags/ETL/Scripts/wheel.exe
[2023-12-06 11:45:03,399] {processor.py:641} INFO - Processing file /opt/airflow/dags/ETL/Scripts/wheel.exe for tasks to queue
[2023-12-06 11:45:03,399] {logging_mixin.py:115} INFO - [2023-12-06 11:45:03,399] {dagbag.py:508} INFO - Filling up the DagBag from /opt/airflow/dags/ETL/Scripts/wheel.exe
[2023-12-06 11:45:03,408] {logging_mixin.py:115} INFO - [2023-12-06 11:45:03,408] {dagbag.py:371} INFO - File /opt/airflow/dags/ETL/Scripts/wheel.exe:__main__.py assumed to contain no DAGs. Skipping.
[2023-12-06 11:45:03,409] {processor.py:653} WARNING - No viable dags retrieved from /opt/airflow/dags/ETL/Scripts/wheel.exe
[2023-12-06 11:45:03,423] {processor.py:161} INFO - Processing /opt/airflow/dags/ETL/Scripts/wheel.exe took 0.028 seconds
[2023-12-06 11:45:13,792] {processor.py:153} INFO - Started process (PID=2729) to work on /opt/airflow/dags/ETL/Scripts/wheel.exe
[2023-12-06 11:45:13,793] {processor.py:641} INFO - Processing file /opt/airflow/dags/ETL/Scripts/wheel.exe for tasks to queue
[2023-12-06 11:45:13,794] {logging_mixin.py:115} INFO - [2023-12-06 11:45:13,794] {dagbag.py:508} INFO - Filling up the DagBag from /opt/airflow/dags/ETL/Scripts/wheel.exe
[2023-12-06 11:45:13,801] {logging_mixin.py:115} INFO - [2023-12-06 11:45:13,801] {dagbag.py:371} INFO - File /opt/airflow/dags/ETL/Scripts/wheel.exe:__main__.py assumed to contain no DAGs. Skipping.
[2023-12-06 11:45:13,802] {processor.py:653} WARNING - No viable dags retrieved from /opt/airflow/dags/ETL/Scripts/wheel.exe
[2023-12-06 11:45:13,814] {processor.py:161} INFO - Processing /opt/airflow/dags/ETL/Scripts/wheel.exe took 0.025 seconds
[2023-12-06 11:45:24,120] {processor.py:153} INFO - Started process (PID=2773) to work on /opt/airflow/dags/ETL/Scripts/wheel.exe
[2023-12-06 11:45:24,120] {processor.py:641} INFO - Processing file /opt/airflow/dags/ETL/Scripts/wheel.exe for tasks to queue
[2023-12-06 11:45:24,121] {logging_mixin.py:115} INFO - [2023-12-06 11:45:24,121] {dagbag.py:508} INFO - Filling up the DagBag from /opt/airflow/dags/ETL/Scripts/wheel.exe
[2023-12-06 11:45:24,127] {logging_mixin.py:115} INFO - [2023-12-06 11:45:24,127] {dagbag.py:371} INFO - File /opt/airflow/dags/ETL/Scripts/wheel.exe:__main__.py assumed to contain no DAGs. Skipping.
[2023-12-06 11:45:24,127] {processor.py:653} WARNING - No viable dags retrieved from /opt/airflow/dags/ETL/Scripts/wheel.exe
[2023-12-06 11:45:24,140] {processor.py:161} INFO - Processing /opt/airflow/dags/ETL/Scripts/wheel.exe took 0.023 seconds
[2023-12-06 11:45:34,547] {processor.py:153} INFO - Started process (PID=2819) to work on /opt/airflow/dags/ETL/Scripts/wheel.exe
[2023-12-06 11:45:34,548] {processor.py:641} INFO - Processing file /opt/airflow/dags/ETL/Scripts/wheel.exe for tasks to queue
[2023-12-06 11:45:34,549] {logging_mixin.py:115} INFO - [2023-12-06 11:45:34,549] {dagbag.py:508} INFO - Filling up the DagBag from /opt/airflow/dags/ETL/Scripts/wheel.exe
[2023-12-06 11:45:34,562] {logging_mixin.py:115} INFO - [2023-12-06 11:45:34,562] {dagbag.py:371} INFO - File /opt/airflow/dags/ETL/Scripts/wheel.exe:__main__.py assumed to contain no DAGs. Skipping.
[2023-12-06 11:45:34,563] {processor.py:653} WARNING - No viable dags retrieved from /opt/airflow/dags/ETL/Scripts/wheel.exe
[2023-12-06 11:45:34,578] {processor.py:161} INFO - Processing /opt/airflow/dags/ETL/Scripts/wheel.exe took 0.035 seconds
[2023-12-06 11:45:45,045] {processor.py:153} INFO - Started process (PID=2865) to work on /opt/airflow/dags/ETL/Scripts/wheel.exe
[2023-12-06 11:45:45,046] {processor.py:641} INFO - Processing file /opt/airflow/dags/ETL/Scripts/wheel.exe for tasks to queue
[2023-12-06 11:45:45,047] {logging_mixin.py:115} INFO - [2023-12-06 11:45:45,047] {dagbag.py:508} INFO - Filling up the DagBag from /opt/airflow/dags/ETL/Scripts/wheel.exe
[2023-12-06 11:45:45,056] {logging_mixin.py:115} INFO - [2023-12-06 11:45:45,055] {dagbag.py:371} INFO - File /opt/airflow/dags/ETL/Scripts/wheel.exe:__main__.py assumed to contain no DAGs. Skipping.
[2023-12-06 11:45:45,056] {processor.py:653} WARNING - No viable dags retrieved from /opt/airflow/dags/ETL/Scripts/wheel.exe
[2023-12-06 11:45:45,073] {processor.py:161} INFO - Processing /opt/airflow/dags/ETL/Scripts/wheel.exe took 0.032 seconds
[2023-12-06 11:45:55,574] {processor.py:153} INFO - Started process (PID=2911) to work on /opt/airflow/dags/ETL/Scripts/wheel.exe
[2023-12-06 11:45:55,575] {processor.py:641} INFO - Processing file /opt/airflow/dags/ETL/Scripts/wheel.exe for tasks to queue
[2023-12-06 11:45:55,576] {logging_mixin.py:115} INFO - [2023-12-06 11:45:55,576] {dagbag.py:508} INFO - Filling up the DagBag from /opt/airflow/dags/ETL/Scripts/wheel.exe
[2023-12-06 11:45:55,586] {logging_mixin.py:115} INFO - [2023-12-06 11:45:55,586] {dagbag.py:371} INFO - File /opt/airflow/dags/ETL/Scripts/wheel.exe:__main__.py assumed to contain no DAGs. Skipping.
[2023-12-06 11:45:55,587] {processor.py:653} WARNING - No viable dags retrieved from /opt/airflow/dags/ETL/Scripts/wheel.exe
[2023-12-06 11:45:55,602] {processor.py:161} INFO - Processing /opt/airflow/dags/ETL/Scripts/wheel.exe took 0.030 seconds
[2023-12-06 11:46:05,971] {processor.py:153} INFO - Started process (PID=2959) to work on /opt/airflow/dags/ETL/Scripts/wheel.exe
[2023-12-06 11:46:05,971] {processor.py:641} INFO - Processing file /opt/airflow/dags/ETL/Scripts/wheel.exe for tasks to queue
[2023-12-06 11:46:05,972] {logging_mixin.py:115} INFO - [2023-12-06 11:46:05,972] {dagbag.py:508} INFO - Filling up the DagBag from /opt/airflow/dags/ETL/Scripts/wheel.exe
[2023-12-06 11:46:05,981] {logging_mixin.py:115} INFO - [2023-12-06 11:46:05,981] {dagbag.py:371} INFO - File /opt/airflow/dags/ETL/Scripts/wheel.exe:__main__.py assumed to contain no DAGs. Skipping.
[2023-12-06 11:46:05,982] {processor.py:653} WARNING - No viable dags retrieved from /opt/airflow/dags/ETL/Scripts/wheel.exe
[2023-12-06 11:46:05,996] {processor.py:161} INFO - Processing /opt/airflow/dags/ETL/Scripts/wheel.exe took 0.029 seconds
[2023-12-06 11:46:16,440] {processor.py:153} INFO - Started process (PID=3003) to work on /opt/airflow/dags/ETL/Scripts/wheel.exe
[2023-12-06 11:46:16,441] {processor.py:641} INFO - Processing file /opt/airflow/dags/ETL/Scripts/wheel.exe for tasks to queue
[2023-12-06 11:46:16,442] {logging_mixin.py:115} INFO - [2023-12-06 11:46:16,442] {dagbag.py:508} INFO - Filling up the DagBag from /opt/airflow/dags/ETL/Scripts/wheel.exe
[2023-12-06 11:46:16,452] {logging_mixin.py:115} INFO - [2023-12-06 11:46:16,452] {dagbag.py:371} INFO - File /opt/airflow/dags/ETL/Scripts/wheel.exe:__main__.py assumed to contain no DAGs. Skipping.
[2023-12-06 11:46:16,453] {processor.py:653} WARNING - No viable dags retrieved from /opt/airflow/dags/ETL/Scripts/wheel.exe
[2023-12-06 11:46:16,467] {processor.py:161} INFO - Processing /opt/airflow/dags/ETL/Scripts/wheel.exe took 0.030 seconds
[2023-12-06 11:46:26,886] {processor.py:153} INFO - Started process (PID=3051) to work on /opt/airflow/dags/ETL/Scripts/wheel.exe
[2023-12-06 11:46:26,887] {processor.py:641} INFO - Processing file /opt/airflow/dags/ETL/Scripts/wheel.exe for tasks to queue
[2023-12-06 11:46:26,888] {logging_mixin.py:115} INFO - [2023-12-06 11:46:26,888] {dagbag.py:508} INFO - Filling up the DagBag from /opt/airflow/dags/ETL/Scripts/wheel.exe
[2023-12-06 11:46:26,896] {logging_mixin.py:115} INFO - [2023-12-06 11:46:26,896] {dagbag.py:371} INFO - File /opt/airflow/dags/ETL/Scripts/wheel.exe:__main__.py assumed to contain no DAGs. Skipping.
[2023-12-06 11:46:26,897] {processor.py:653} WARNING - No viable dags retrieved from /opt/airflow/dags/ETL/Scripts/wheel.exe
[2023-12-06 11:46:26,909] {processor.py:161} INFO - Processing /opt/airflow/dags/ETL/Scripts/wheel.exe took 0.025 seconds
[2023-12-06 11:46:37,255] {processor.py:153} INFO - Started process (PID=3095) to work on /opt/airflow/dags/ETL/Scripts/wheel.exe
[2023-12-06 11:46:37,256] {processor.py:641} INFO - Processing file /opt/airflow/dags/ETL/Scripts/wheel.exe for tasks to queue
[2023-12-06 11:46:37,257] {logging_mixin.py:115} INFO - [2023-12-06 11:46:37,257] {dagbag.py:508} INFO - Filling up the DagBag from /opt/airflow/dags/ETL/Scripts/wheel.exe
[2023-12-06 11:46:37,264] {logging_mixin.py:115} INFO - [2023-12-06 11:46:37,264] {dagbag.py:371} INFO - File /opt/airflow/dags/ETL/Scripts/wheel.exe:__main__.py assumed to contain no DAGs. Skipping.
[2023-12-06 11:46:37,264] {processor.py:653} WARNING - No viable dags retrieved from /opt/airflow/dags/ETL/Scripts/wheel.exe
[2023-12-06 11:46:37,276] {processor.py:161} INFO - Processing /opt/airflow/dags/ETL/Scripts/wheel.exe took 0.025 seconds
[2023-12-06 11:46:47,675] {processor.py:153} INFO - Started process (PID=3143) to work on /opt/airflow/dags/ETL/Scripts/wheel.exe
[2023-12-06 11:46:47,676] {processor.py:641} INFO - Processing file /opt/airflow/dags/ETL/Scripts/wheel.exe for tasks to queue
[2023-12-06 11:46:47,676] {logging_mixin.py:115} INFO - [2023-12-06 11:46:47,676] {dagbag.py:508} INFO - Filling up the DagBag from /opt/airflow/dags/ETL/Scripts/wheel.exe
[2023-12-06 11:46:47,684] {logging_mixin.py:115} INFO - [2023-12-06 11:46:47,684] {dagbag.py:371} INFO - File /opt/airflow/dags/ETL/Scripts/wheel.exe:__main__.py assumed to contain no DAGs. Skipping.
[2023-12-06 11:46:47,685] {processor.py:653} WARNING - No viable dags retrieved from /opt/airflow/dags/ETL/Scripts/wheel.exe
[2023-12-06 11:46:47,699] {processor.py:161} INFO - Processing /opt/airflow/dags/ETL/Scripts/wheel.exe took 0.027 seconds
[2023-12-06 11:46:58,010] {processor.py:153} INFO - Started process (PID=3187) to work on /opt/airflow/dags/ETL/Scripts/wheel.exe
[2023-12-06 11:46:58,011] {processor.py:641} INFO - Processing file /opt/airflow/dags/ETL/Scripts/wheel.exe for tasks to queue
[2023-12-06 11:46:58,012] {logging_mixin.py:115} INFO - [2023-12-06 11:46:58,011] {dagbag.py:508} INFO - Filling up the DagBag from /opt/airflow/dags/ETL/Scripts/wheel.exe
[2023-12-06 11:46:58,018] {logging_mixin.py:115} INFO - [2023-12-06 11:46:58,018] {dagbag.py:371} INFO - File /opt/airflow/dags/ETL/Scripts/wheel.exe:__main__.py assumed to contain no DAGs. Skipping.
[2023-12-06 11:46:58,019] {processor.py:653} WARNING - No viable dags retrieved from /opt/airflow/dags/ETL/Scripts/wheel.exe
[2023-12-06 11:46:58,031] {processor.py:161} INFO - Processing /opt/airflow/dags/ETL/Scripts/wheel.exe took 0.024 seconds
[2023-12-06 11:47:08,507] {processor.py:153} INFO - Started process (PID=3233) to work on /opt/airflow/dags/ETL/Scripts/wheel.exe
[2023-12-06 11:47:08,508] {processor.py:641} INFO - Processing file /opt/airflow/dags/ETL/Scripts/wheel.exe for tasks to queue
[2023-12-06 11:47:08,509] {logging_mixin.py:115} INFO - [2023-12-06 11:47:08,509] {dagbag.py:508} INFO - Filling up the DagBag from /opt/airflow/dags/ETL/Scripts/wheel.exe
[2023-12-06 11:47:08,523] {logging_mixin.py:115} INFO - [2023-12-06 11:47:08,523] {dagbag.py:371} INFO - File /opt/airflow/dags/ETL/Scripts/wheel.exe:__main__.py assumed to contain no DAGs. Skipping.
[2023-12-06 11:47:08,524] {processor.py:653} WARNING - No viable dags retrieved from /opt/airflow/dags/ETL/Scripts/wheel.exe
[2023-12-06 11:47:08,551] {processor.py:161} INFO - Processing /opt/airflow/dags/ETL/Scripts/wheel.exe took 0.051 seconds
[2023-12-06 11:47:18,964] {processor.py:153} INFO - Started process (PID=3281) to work on /opt/airflow/dags/ETL/Scripts/wheel.exe
[2023-12-06 11:47:18,965] {processor.py:641} INFO - Processing file /opt/airflow/dags/ETL/Scripts/wheel.exe for tasks to queue
[2023-12-06 11:47:18,965] {logging_mixin.py:115} INFO - [2023-12-06 11:47:18,965] {dagbag.py:508} INFO - Filling up the DagBag from /opt/airflow/dags/ETL/Scripts/wheel.exe
[2023-12-06 11:47:18,974] {logging_mixin.py:115} INFO - [2023-12-06 11:47:18,974] {dagbag.py:371} INFO - File /opt/airflow/dags/ETL/Scripts/wheel.exe:__main__.py assumed to contain no DAGs. Skipping.
[2023-12-06 11:47:18,974] {processor.py:653} WARNING - No viable dags retrieved from /opt/airflow/dags/ETL/Scripts/wheel.exe
[2023-12-06 11:47:18,986] {processor.py:161} INFO - Processing /opt/airflow/dags/ETL/Scripts/wheel.exe took 0.025 seconds
[2023-12-06 11:47:35,790] {processor.py:153} INFO - Started process (PID=3321) to work on /opt/airflow/dags/ETL/Scripts/wheel.exe
[2023-12-06 11:47:35,791] {processor.py:641} INFO - Processing file /opt/airflow/dags/ETL/Scripts/wheel.exe for tasks to queue
[2023-12-06 11:47:35,792] {logging_mixin.py:115} INFO - [2023-12-06 11:47:35,792] {dagbag.py:508} INFO - Filling up the DagBag from /opt/airflow/dags/ETL/Scripts/wheel.exe
[2023-12-06 11:47:35,806] {logging_mixin.py:115} INFO - [2023-12-06 11:47:35,806] {dagbag.py:371} INFO - File /opt/airflow/dags/ETL/Scripts/wheel.exe:__main__.py assumed to contain no DAGs. Skipping.
[2023-12-06 11:47:35,807] {processor.py:653} WARNING - No viable dags retrieved from /opt/airflow/dags/ETL/Scripts/wheel.exe
[2023-12-06 11:47:35,821] {processor.py:161} INFO - Processing /opt/airflow/dags/ETL/Scripts/wheel.exe took 0.035 seconds
[2023-12-06 11:47:46,220] {processor.py:153} INFO - Started process (PID=3367) to work on /opt/airflow/dags/ETL/Scripts/wheel.exe
[2023-12-06 11:47:46,221] {processor.py:641} INFO - Processing file /opt/airflow/dags/ETL/Scripts/wheel.exe for tasks to queue
[2023-12-06 11:47:46,222] {logging_mixin.py:115} INFO - [2023-12-06 11:47:46,222] {dagbag.py:508} INFO - Filling up the DagBag from /opt/airflow/dags/ETL/Scripts/wheel.exe
[2023-12-06 11:47:46,233] {logging_mixin.py:115} INFO - [2023-12-06 11:47:46,233] {dagbag.py:371} INFO - File /opt/airflow/dags/ETL/Scripts/wheel.exe:__main__.py assumed to contain no DAGs. Skipping.
[2023-12-06 11:47:46,234] {processor.py:653} WARNING - No viable dags retrieved from /opt/airflow/dags/ETL/Scripts/wheel.exe
[2023-12-06 11:47:46,251] {processor.py:161} INFO - Processing /opt/airflow/dags/ETL/Scripts/wheel.exe took 0.035 seconds
[2023-12-06 11:47:56,666] {processor.py:153} INFO - Started process (PID=3411) to work on /opt/airflow/dags/ETL/Scripts/wheel.exe
[2023-12-06 11:47:56,667] {processor.py:641} INFO - Processing file /opt/airflow/dags/ETL/Scripts/wheel.exe for tasks to queue
[2023-12-06 11:47:56,667] {logging_mixin.py:115} INFO - [2023-12-06 11:47:56,667] {dagbag.py:508} INFO - Filling up the DagBag from /opt/airflow/dags/ETL/Scripts/wheel.exe
[2023-12-06 11:47:56,673] {logging_mixin.py:115} INFO - [2023-12-06 11:47:56,673] {dagbag.py:371} INFO - File /opt/airflow/dags/ETL/Scripts/wheel.exe:__main__.py assumed to contain no DAGs. Skipping.
[2023-12-06 11:47:56,674] {processor.py:653} WARNING - No viable dags retrieved from /opt/airflow/dags/ETL/Scripts/wheel.exe
[2023-12-06 11:47:56,687] {processor.py:161} INFO - Processing /opt/airflow/dags/ETL/Scripts/wheel.exe took 0.025 seconds
[2023-12-06 11:48:07,101] {processor.py:153} INFO - Started process (PID=3459) to work on /opt/airflow/dags/ETL/Scripts/wheel.exe
[2023-12-06 11:48:07,102] {processor.py:641} INFO - Processing file /opt/airflow/dags/ETL/Scripts/wheel.exe for tasks to queue
[2023-12-06 11:48:07,102] {logging_mixin.py:115} INFO - [2023-12-06 11:48:07,102] {dagbag.py:508} INFO - Filling up the DagBag from /opt/airflow/dags/ETL/Scripts/wheel.exe
[2023-12-06 11:48:07,110] {logging_mixin.py:115} INFO - [2023-12-06 11:48:07,110] {dagbag.py:371} INFO - File /opt/airflow/dags/ETL/Scripts/wheel.exe:__main__.py assumed to contain no DAGs. Skipping.
[2023-12-06 11:48:07,111] {processor.py:653} WARNING - No viable dags retrieved from /opt/airflow/dags/ETL/Scripts/wheel.exe
[2023-12-06 11:48:07,123] {processor.py:161} INFO - Processing /opt/airflow/dags/ETL/Scripts/wheel.exe took 0.025 seconds
[2023-12-06 11:48:17,537] {processor.py:153} INFO - Started process (PID=3505) to work on /opt/airflow/dags/ETL/Scripts/wheel.exe
[2023-12-06 11:48:17,537] {processor.py:641} INFO - Processing file /opt/airflow/dags/ETL/Scripts/wheel.exe for tasks to queue
[2023-12-06 11:48:17,538] {logging_mixin.py:115} INFO - [2023-12-06 11:48:17,538] {dagbag.py:508} INFO - Filling up the DagBag from /opt/airflow/dags/ETL/Scripts/wheel.exe
[2023-12-06 11:48:17,546] {logging_mixin.py:115} INFO - [2023-12-06 11:48:17,546] {dagbag.py:371} INFO - File /opt/airflow/dags/ETL/Scripts/wheel.exe:__main__.py assumed to contain no DAGs. Skipping.
[2023-12-06 11:48:17,547] {processor.py:653} WARNING - No viable dags retrieved from /opt/airflow/dags/ETL/Scripts/wheel.exe
[2023-12-06 11:48:17,559] {processor.py:161} INFO - Processing /opt/airflow/dags/ETL/Scripts/wheel.exe took 0.025 seconds
[2023-12-06 11:48:28,041] {processor.py:153} INFO - Started process (PID=3554) to work on /opt/airflow/dags/ETL/Scripts/wheel.exe
[2023-12-06 11:48:28,042] {processor.py:641} INFO - Processing file /opt/airflow/dags/ETL/Scripts/wheel.exe for tasks to queue
[2023-12-06 11:48:28,042] {logging_mixin.py:115} INFO - [2023-12-06 11:48:28,042] {dagbag.py:508} INFO - Filling up the DagBag from /opt/airflow/dags/ETL/Scripts/wheel.exe
[2023-12-06 11:48:28,050] {logging_mixin.py:115} INFO - [2023-12-06 11:48:28,050] {dagbag.py:371} INFO - File /opt/airflow/dags/ETL/Scripts/wheel.exe:__main__.py assumed to contain no DAGs. Skipping.
[2023-12-06 11:48:28,051] {processor.py:653} WARNING - No viable dags retrieved from /opt/airflow/dags/ETL/Scripts/wheel.exe
[2023-12-06 11:48:28,064] {processor.py:161} INFO - Processing /opt/airflow/dags/ETL/Scripts/wheel.exe took 0.025 seconds
[2023-12-06 11:48:38,506] {processor.py:153} INFO - Started process (PID=3600) to work on /opt/airflow/dags/ETL/Scripts/wheel.exe
[2023-12-06 11:48:38,507] {processor.py:641} INFO - Processing file /opt/airflow/dags/ETL/Scripts/wheel.exe for tasks to queue
[2023-12-06 11:48:38,508] {logging_mixin.py:115} INFO - [2023-12-06 11:48:38,508] {dagbag.py:508} INFO - Filling up the DagBag from /opt/airflow/dags/ETL/Scripts/wheel.exe
[2023-12-06 11:48:38,524] {logging_mixin.py:115} INFO - [2023-12-06 11:48:38,524] {dagbag.py:371} INFO - File /opt/airflow/dags/ETL/Scripts/wheel.exe:__main__.py assumed to contain no DAGs. Skipping.
[2023-12-06 11:48:38,526] {processor.py:653} WARNING - No viable dags retrieved from /opt/airflow/dags/ETL/Scripts/wheel.exe
[2023-12-06 11:48:38,546] {processor.py:161} INFO - Processing /opt/airflow/dags/ETL/Scripts/wheel.exe took 0.043 seconds
[2023-12-06 11:48:49,020] {processor.py:153} INFO - Started process (PID=3649) to work on /opt/airflow/dags/ETL/Scripts/wheel.exe
[2023-12-06 11:48:49,020] {processor.py:641} INFO - Processing file /opt/airflow/dags/ETL/Scripts/wheel.exe for tasks to queue
[2023-12-06 11:48:49,021] {logging_mixin.py:115} INFO - [2023-12-06 11:48:49,021] {dagbag.py:508} INFO - Filling up the DagBag from /opt/airflow/dags/ETL/Scripts/wheel.exe
[2023-12-06 11:48:49,029] {logging_mixin.py:115} INFO - [2023-12-06 11:48:49,029] {dagbag.py:371} INFO - File /opt/airflow/dags/ETL/Scripts/wheel.exe:__main__.py assumed to contain no DAGs. Skipping.
[2023-12-06 11:48:49,029] {processor.py:653} WARNING - No viable dags retrieved from /opt/airflow/dags/ETL/Scripts/wheel.exe
[2023-12-06 11:48:49,041] {processor.py:161} INFO - Processing /opt/airflow/dags/ETL/Scripts/wheel.exe took 0.024 seconds
[2023-12-06 11:48:59,519] {processor.py:153} INFO - Started process (PID=3693) to work on /opt/airflow/dags/ETL/Scripts/wheel.exe
[2023-12-06 11:48:59,520] {processor.py:641} INFO - Processing file /opt/airflow/dags/ETL/Scripts/wheel.exe for tasks to queue
[2023-12-06 11:48:59,520] {logging_mixin.py:115} INFO - [2023-12-06 11:48:59,520] {dagbag.py:508} INFO - Filling up the DagBag from /opt/airflow/dags/ETL/Scripts/wheel.exe
[2023-12-06 11:48:59,528] {logging_mixin.py:115} INFO - [2023-12-06 11:48:59,528] {dagbag.py:371} INFO - File /opt/airflow/dags/ETL/Scripts/wheel.exe:__main__.py assumed to contain no DAGs. Skipping.
[2023-12-06 11:48:59,528] {processor.py:653} WARNING - No viable dags retrieved from /opt/airflow/dags/ETL/Scripts/wheel.exe
[2023-12-06 11:48:59,541] {processor.py:161} INFO - Processing /opt/airflow/dags/ETL/Scripts/wheel.exe took 0.025 seconds
[2023-12-06 11:49:09,960] {processor.py:153} INFO - Started process (PID=3741) to work on /opt/airflow/dags/ETL/Scripts/wheel.exe
[2023-12-06 11:49:09,961] {processor.py:641} INFO - Processing file /opt/airflow/dags/ETL/Scripts/wheel.exe for tasks to queue
[2023-12-06 11:49:09,961] {logging_mixin.py:115} INFO - [2023-12-06 11:49:09,961] {dagbag.py:508} INFO - Filling up the DagBag from /opt/airflow/dags/ETL/Scripts/wheel.exe
[2023-12-06 11:49:09,969] {logging_mixin.py:115} INFO - [2023-12-06 11:49:09,969] {dagbag.py:371} INFO - File /opt/airflow/dags/ETL/Scripts/wheel.exe:__main__.py assumed to contain no DAGs. Skipping.
[2023-12-06 11:49:09,970] {processor.py:653} WARNING - No viable dags retrieved from /opt/airflow/dags/ETL/Scripts/wheel.exe
[2023-12-06 11:49:09,982] {processor.py:161} INFO - Processing /opt/airflow/dags/ETL/Scripts/wheel.exe took 0.025 seconds
[2023-12-06 11:49:20,507] {processor.py:153} INFO - Started process (PID=3787) to work on /opt/airflow/dags/ETL/Scripts/wheel.exe
[2023-12-06 11:49:20,507] {processor.py:641} INFO - Processing file /opt/airflow/dags/ETL/Scripts/wheel.exe for tasks to queue
[2023-12-06 11:49:20,509] {logging_mixin.py:115} INFO - [2023-12-06 11:49:20,508] {dagbag.py:508} INFO - Filling up the DagBag from /opt/airflow/dags/ETL/Scripts/wheel.exe
[2023-12-06 11:49:20,518] {logging_mixin.py:115} INFO - [2023-12-06 11:49:20,517] {dagbag.py:371} INFO - File /opt/airflow/dags/ETL/Scripts/wheel.exe:__main__.py assumed to contain no DAGs. Skipping.
[2023-12-06 11:49:20,518] {processor.py:653} WARNING - No viable dags retrieved from /opt/airflow/dags/ETL/Scripts/wheel.exe
[2023-12-06 11:49:20,531] {processor.py:161} INFO - Processing /opt/airflow/dags/ETL/Scripts/wheel.exe took 0.027 seconds
[2023-12-06 11:49:30,972] {processor.py:153} INFO - Started process (PID=3833) to work on /opt/airflow/dags/ETL/Scripts/wheel.exe
[2023-12-06 11:49:30,973] {processor.py:641} INFO - Processing file /opt/airflow/dags/ETL/Scripts/wheel.exe for tasks to queue
[2023-12-06 11:49:30,973] {logging_mixin.py:115} INFO - [2023-12-06 11:49:30,973] {dagbag.py:508} INFO - Filling up the DagBag from /opt/airflow/dags/ETL/Scripts/wheel.exe
[2023-12-06 11:49:30,981] {logging_mixin.py:115} INFO - [2023-12-06 11:49:30,981] {dagbag.py:371} INFO - File /opt/airflow/dags/ETL/Scripts/wheel.exe:__main__.py assumed to contain no DAGs. Skipping.
[2023-12-06 11:49:30,982] {processor.py:653} WARNING - No viable dags retrieved from /opt/airflow/dags/ETL/Scripts/wheel.exe
[2023-12-06 11:49:30,994] {processor.py:161} INFO - Processing /opt/airflow/dags/ETL/Scripts/wheel.exe took 0.024 seconds
[2023-12-06 11:49:41,459] {processor.py:153} INFO - Started process (PID=3879) to work on /opt/airflow/dags/ETL/Scripts/wheel.exe
[2023-12-06 11:49:41,460] {processor.py:641} INFO - Processing file /opt/airflow/dags/ETL/Scripts/wheel.exe for tasks to queue
[2023-12-06 11:49:41,460] {logging_mixin.py:115} INFO - [2023-12-06 11:49:41,460] {dagbag.py:508} INFO - Filling up the DagBag from /opt/airflow/dags/ETL/Scripts/wheel.exe
[2023-12-06 11:49:41,467] {logging_mixin.py:115} INFO - [2023-12-06 11:49:41,467] {dagbag.py:371} INFO - File /opt/airflow/dags/ETL/Scripts/wheel.exe:__main__.py assumed to contain no DAGs. Skipping.
[2023-12-06 11:49:41,467] {processor.py:653} WARNING - No viable dags retrieved from /opt/airflow/dags/ETL/Scripts/wheel.exe
[2023-12-06 11:49:41,480] {processor.py:161} INFO - Processing /opt/airflow/dags/ETL/Scripts/wheel.exe took 0.024 seconds
[2023-12-06 11:49:51,849] {processor.py:153} INFO - Started process (PID=3923) to work on /opt/airflow/dags/ETL/Scripts/wheel.exe
[2023-12-06 11:49:51,849] {processor.py:641} INFO - Processing file /opt/airflow/dags/ETL/Scripts/wheel.exe for tasks to queue
[2023-12-06 11:49:51,850] {logging_mixin.py:115} INFO - [2023-12-06 11:49:51,850] {dagbag.py:508} INFO - Filling up the DagBag from /opt/airflow/dags/ETL/Scripts/wheel.exe
[2023-12-06 11:49:51,858] {logging_mixin.py:115} INFO - [2023-12-06 11:49:51,858] {dagbag.py:371} INFO - File /opt/airflow/dags/ETL/Scripts/wheel.exe:__main__.py assumed to contain no DAGs. Skipping.
[2023-12-06 11:49:51,859] {processor.py:653} WARNING - No viable dags retrieved from /opt/airflow/dags/ETL/Scripts/wheel.exe
[2023-12-06 11:49:51,871] {processor.py:161} INFO - Processing /opt/airflow/dags/ETL/Scripts/wheel.exe took 0.025 seconds
[2023-12-06 11:50:02,254] {processor.py:153} INFO - Started process (PID=3969) to work on /opt/airflow/dags/ETL/Scripts/wheel.exe
[2023-12-06 11:50:02,254] {processor.py:641} INFO - Processing file /opt/airflow/dags/ETL/Scripts/wheel.exe for tasks to queue
[2023-12-06 11:50:02,255] {logging_mixin.py:115} INFO - [2023-12-06 11:50:02,255] {dagbag.py:508} INFO - Filling up the DagBag from /opt/airflow/dags/ETL/Scripts/wheel.exe
[2023-12-06 11:50:02,262] {logging_mixin.py:115} INFO - [2023-12-06 11:50:02,262] {dagbag.py:371} INFO - File /opt/airflow/dags/ETL/Scripts/wheel.exe:__main__.py assumed to contain no DAGs. Skipping.
[2023-12-06 11:50:02,262] {processor.py:653} WARNING - No viable dags retrieved from /opt/airflow/dags/ETL/Scripts/wheel.exe
[2023-12-06 11:50:02,275] {processor.py:161} INFO - Processing /opt/airflow/dags/ETL/Scripts/wheel.exe took 0.024 seconds
[2023-12-06 11:50:12,731] {processor.py:153} INFO - Started process (PID=4017) to work on /opt/airflow/dags/ETL/Scripts/wheel.exe
[2023-12-06 11:50:12,732] {processor.py:641} INFO - Processing file /opt/airflow/dags/ETL/Scripts/wheel.exe for tasks to queue
[2023-12-06 11:50:12,732] {logging_mixin.py:115} INFO - [2023-12-06 11:50:12,732] {dagbag.py:508} INFO - Filling up the DagBag from /opt/airflow/dags/ETL/Scripts/wheel.exe
[2023-12-06 11:50:12,740] {logging_mixin.py:115} INFO - [2023-12-06 11:50:12,740] {dagbag.py:371} INFO - File /opt/airflow/dags/ETL/Scripts/wheel.exe:__main__.py assumed to contain no DAGs. Skipping.
[2023-12-06 11:50:12,741] {processor.py:653} WARNING - No viable dags retrieved from /opt/airflow/dags/ETL/Scripts/wheel.exe
[2023-12-06 11:50:12,754] {processor.py:161} INFO - Processing /opt/airflow/dags/ETL/Scripts/wheel.exe took 0.025 seconds
[2023-12-06 11:50:23,072] {processor.py:153} INFO - Started process (PID=4063) to work on /opt/airflow/dags/ETL/Scripts/wheel.exe
[2023-12-06 11:50:23,072] {processor.py:641} INFO - Processing file /opt/airflow/dags/ETL/Scripts/wheel.exe for tasks to queue
[2023-12-06 11:50:23,073] {logging_mixin.py:115} INFO - [2023-12-06 11:50:23,073] {dagbag.py:508} INFO - Filling up the DagBag from /opt/airflow/dags/ETL/Scripts/wheel.exe
[2023-12-06 11:50:23,080] {logging_mixin.py:115} INFO - [2023-12-06 11:50:23,079] {dagbag.py:371} INFO - File /opt/airflow/dags/ETL/Scripts/wheel.exe:__main__.py assumed to contain no DAGs. Skipping.
[2023-12-06 11:50:23,080] {processor.py:653} WARNING - No viable dags retrieved from /opt/airflow/dags/ETL/Scripts/wheel.exe
[2023-12-06 11:50:23,092] {processor.py:161} INFO - Processing /opt/airflow/dags/ETL/Scripts/wheel.exe took 0.023 seconds
[2023-12-06 11:50:33,457] {processor.py:153} INFO - Started process (PID=4107) to work on /opt/airflow/dags/ETL/Scripts/wheel.exe
[2023-12-06 11:50:33,457] {processor.py:641} INFO - Processing file /opt/airflow/dags/ETL/Scripts/wheel.exe for tasks to queue
[2023-12-06 11:50:33,458] {logging_mixin.py:115} INFO - [2023-12-06 11:50:33,458] {dagbag.py:508} INFO - Filling up the DagBag from /opt/airflow/dags/ETL/Scripts/wheel.exe
[2023-12-06 11:50:33,465] {logging_mixin.py:115} INFO - [2023-12-06 11:50:33,465] {dagbag.py:371} INFO - File /opt/airflow/dags/ETL/Scripts/wheel.exe:__main__.py assumed to contain no DAGs. Skipping.
[2023-12-06 11:50:33,466] {processor.py:653} WARNING - No viable dags retrieved from /opt/airflow/dags/ETL/Scripts/wheel.exe
[2023-12-06 11:50:33,478] {processor.py:161} INFO - Processing /opt/airflow/dags/ETL/Scripts/wheel.exe took 0.024 seconds
[2023-12-06 11:50:43,901] {processor.py:153} INFO - Started process (PID=4155) to work on /opt/airflow/dags/ETL/Scripts/wheel.exe
[2023-12-06 11:50:43,902] {processor.py:641} INFO - Processing file /opt/airflow/dags/ETL/Scripts/wheel.exe for tasks to queue
[2023-12-06 11:50:43,903] {logging_mixin.py:115} INFO - [2023-12-06 11:50:43,903] {dagbag.py:508} INFO - Filling up the DagBag from /opt/airflow/dags/ETL/Scripts/wheel.exe
[2023-12-06 11:50:43,912] {logging_mixin.py:115} INFO - [2023-12-06 11:50:43,912] {dagbag.py:371} INFO - File /opt/airflow/dags/ETL/Scripts/wheel.exe:__main__.py assumed to contain no DAGs. Skipping.
[2023-12-06 11:50:43,913] {processor.py:653} WARNING - No viable dags retrieved from /opt/airflow/dags/ETL/Scripts/wheel.exe
[2023-12-06 11:50:43,924] {processor.py:161} INFO - Processing /opt/airflow/dags/ETL/Scripts/wheel.exe took 0.026 seconds
[2023-12-06 11:50:54,323] {processor.py:153} INFO - Started process (PID=4199) to work on /opt/airflow/dags/ETL/Scripts/wheel.exe
[2023-12-06 11:50:54,323] {processor.py:641} INFO - Processing file /opt/airflow/dags/ETL/Scripts/wheel.exe for tasks to queue
[2023-12-06 11:50:54,324] {logging_mixin.py:115} INFO - [2023-12-06 11:50:54,324] {dagbag.py:508} INFO - Filling up the DagBag from /opt/airflow/dags/ETL/Scripts/wheel.exe
[2023-12-06 11:50:54,330] {logging_mixin.py:115} INFO - [2023-12-06 11:50:54,330] {dagbag.py:371} INFO - File /opt/airflow/dags/ETL/Scripts/wheel.exe:__main__.py assumed to contain no DAGs. Skipping.
[2023-12-06 11:50:54,331] {processor.py:653} WARNING - No viable dags retrieved from /opt/airflow/dags/ETL/Scripts/wheel.exe
[2023-12-06 11:50:54,343] {processor.py:161} INFO - Processing /opt/airflow/dags/ETL/Scripts/wheel.exe took 0.023 seconds
[2023-12-06 11:51:04,809] {processor.py:153} INFO - Started process (PID=4247) to work on /opt/airflow/dags/ETL/Scripts/wheel.exe
[2023-12-06 11:51:04,810] {processor.py:641} INFO - Processing file /opt/airflow/dags/ETL/Scripts/wheel.exe for tasks to queue
[2023-12-06 11:51:04,810] {logging_mixin.py:115} INFO - [2023-12-06 11:51:04,810] {dagbag.py:508} INFO - Filling up the DagBag from /opt/airflow/dags/ETL/Scripts/wheel.exe
[2023-12-06 11:51:04,818] {logging_mixin.py:115} INFO - [2023-12-06 11:51:04,818] {dagbag.py:371} INFO - File /opt/airflow/dags/ETL/Scripts/wheel.exe:__main__.py assumed to contain no DAGs. Skipping.
[2023-12-06 11:51:04,819] {processor.py:653} WARNING - No viable dags retrieved from /opt/airflow/dags/ETL/Scripts/wheel.exe
[2023-12-06 11:51:04,831] {processor.py:161} INFO - Processing /opt/airflow/dags/ETL/Scripts/wheel.exe took 0.025 seconds
[2023-12-06 11:51:15,193] {processor.py:153} INFO - Started process (PID=4293) to work on /opt/airflow/dags/ETL/Scripts/wheel.exe
[2023-12-06 11:51:15,194] {processor.py:641} INFO - Processing file /opt/airflow/dags/ETL/Scripts/wheel.exe for tasks to queue
[2023-12-06 11:51:15,194] {logging_mixin.py:115} INFO - [2023-12-06 11:51:15,194] {dagbag.py:508} INFO - Filling up the DagBag from /opt/airflow/dags/ETL/Scripts/wheel.exe
[2023-12-06 11:51:15,204] {logging_mixin.py:115} INFO - [2023-12-06 11:51:15,203] {dagbag.py:371} INFO - File /opt/airflow/dags/ETL/Scripts/wheel.exe:__main__.py assumed to contain no DAGs. Skipping.
[2023-12-06 11:51:15,204] {processor.py:653} WARNING - No viable dags retrieved from /opt/airflow/dags/ETL/Scripts/wheel.exe
[2023-12-06 11:51:15,215] {processor.py:161} INFO - Processing /opt/airflow/dags/ETL/Scripts/wheel.exe took 0.025 seconds
[2023-12-06 11:51:25,677] {processor.py:153} INFO - Started process (PID=4339) to work on /opt/airflow/dags/ETL/Scripts/wheel.exe
[2023-12-06 11:51:25,678] {processor.py:641} INFO - Processing file /opt/airflow/dags/ETL/Scripts/wheel.exe for tasks to queue
[2023-12-06 11:51:25,679] {logging_mixin.py:115} INFO - [2023-12-06 11:51:25,679] {dagbag.py:508} INFO - Filling up the DagBag from /opt/airflow/dags/ETL/Scripts/wheel.exe
[2023-12-06 11:51:25,691] {logging_mixin.py:115} INFO - [2023-12-06 11:51:25,691] {dagbag.py:371} INFO - File /opt/airflow/dags/ETL/Scripts/wheel.exe:__main__.py assumed to contain no DAGs. Skipping.
[2023-12-06 11:51:25,692] {processor.py:653} WARNING - No viable dags retrieved from /opt/airflow/dags/ETL/Scripts/wheel.exe
[2023-12-06 11:51:25,706] {processor.py:161} INFO - Processing /opt/airflow/dags/ETL/Scripts/wheel.exe took 0.032 seconds
[2023-12-06 11:51:36,147] {processor.py:153} INFO - Started process (PID=4383) to work on /opt/airflow/dags/ETL/Scripts/wheel.exe
[2023-12-06 11:51:36,147] {processor.py:641} INFO - Processing file /opt/airflow/dags/ETL/Scripts/wheel.exe for tasks to queue
[2023-12-06 11:51:36,148] {logging_mixin.py:115} INFO - [2023-12-06 11:51:36,148] {dagbag.py:508} INFO - Filling up the DagBag from /opt/airflow/dags/ETL/Scripts/wheel.exe
[2023-12-06 11:51:36,158] {logging_mixin.py:115} INFO - [2023-12-06 11:51:36,158] {dagbag.py:371} INFO - File /opt/airflow/dags/ETL/Scripts/wheel.exe:__main__.py assumed to contain no DAGs. Skipping.
[2023-12-06 11:51:36,159] {processor.py:653} WARNING - No viable dags retrieved from /opt/airflow/dags/ETL/Scripts/wheel.exe
[2023-12-06 11:51:36,174] {processor.py:161} INFO - Processing /opt/airflow/dags/ETL/Scripts/wheel.exe took 0.031 seconds
[2023-12-06 11:51:46,847] {processor.py:153} INFO - Started process (PID=4429) to work on /opt/airflow/dags/ETL/Scripts/wheel.exe
[2023-12-06 11:51:46,848] {processor.py:641} INFO - Processing file /opt/airflow/dags/ETL/Scripts/wheel.exe for tasks to queue
[2023-12-06 11:51:46,849] {logging_mixin.py:115} INFO - [2023-12-06 11:51:46,849] {dagbag.py:508} INFO - Filling up the DagBag from /opt/airflow/dags/ETL/Scripts/wheel.exe
[2023-12-06 11:51:46,920] {logging_mixin.py:115} INFO - [2023-12-06 11:51:46,920] {dagbag.py:371} INFO - File /opt/airflow/dags/ETL/Scripts/wheel.exe:__main__.py assumed to contain no DAGs. Skipping.
[2023-12-06 11:51:46,924] {processor.py:653} WARNING - No viable dags retrieved from /opt/airflow/dags/ETL/Scripts/wheel.exe
[2023-12-06 11:51:46,962] {processor.py:161} INFO - Processing /opt/airflow/dags/ETL/Scripts/wheel.exe took 0.118 seconds
[2023-12-06 11:51:57,880] {processor.py:153} INFO - Started process (PID=4477) to work on /opt/airflow/dags/ETL/Scripts/wheel.exe
[2023-12-06 11:51:57,881] {processor.py:641} INFO - Processing file /opt/airflow/dags/ETL/Scripts/wheel.exe for tasks to queue
[2023-12-06 11:51:57,881] {logging_mixin.py:115} INFO - [2023-12-06 11:51:57,881] {dagbag.py:508} INFO - Filling up the DagBag from /opt/airflow/dags/ETL/Scripts/wheel.exe
[2023-12-06 11:51:57,893] {logging_mixin.py:115} INFO - [2023-12-06 11:51:57,893] {dagbag.py:371} INFO - File /opt/airflow/dags/ETL/Scripts/wheel.exe:__main__.py assumed to contain no DAGs. Skipping.
[2023-12-06 11:51:57,893] {processor.py:653} WARNING - No viable dags retrieved from /opt/airflow/dags/ETL/Scripts/wheel.exe
[2023-12-06 11:51:57,917] {processor.py:161} INFO - Processing /opt/airflow/dags/ETL/Scripts/wheel.exe took 0.040 seconds
[2023-12-06 11:52:08,513] {processor.py:153} INFO - Started process (PID=4523) to work on /opt/airflow/dags/ETL/Scripts/wheel.exe
[2023-12-06 11:52:08,530] {processor.py:641} INFO - Processing file /opt/airflow/dags/ETL/Scripts/wheel.exe for tasks to queue
[2023-12-06 11:52:08,531] {logging_mixin.py:115} INFO - [2023-12-06 11:52:08,530] {dagbag.py:508} INFO - Filling up the DagBag from /opt/airflow/dags/ETL/Scripts/wheel.exe
[2023-12-06 11:52:08,545] {logging_mixin.py:115} INFO - [2023-12-06 11:52:08,545] {dagbag.py:371} INFO - File /opt/airflow/dags/ETL/Scripts/wheel.exe:__main__.py assumed to contain no DAGs. Skipping.
[2023-12-06 11:52:08,546] {processor.py:653} WARNING - No viable dags retrieved from /opt/airflow/dags/ETL/Scripts/wheel.exe
[2023-12-06 11:52:08,559] {processor.py:161} INFO - Processing /opt/airflow/dags/ETL/Scripts/wheel.exe took 0.049 seconds
[2023-12-06 11:52:18,915] {processor.py:153} INFO - Started process (PID=4569) to work on /opt/airflow/dags/ETL/Scripts/wheel.exe
[2023-12-06 11:52:18,915] {processor.py:641} INFO - Processing file /opt/airflow/dags/ETL/Scripts/wheel.exe for tasks to queue
[2023-12-06 11:52:18,916] {logging_mixin.py:115} INFO - [2023-12-06 11:52:18,916] {dagbag.py:508} INFO - Filling up the DagBag from /opt/airflow/dags/ETL/Scripts/wheel.exe
[2023-12-06 11:52:18,925] {logging_mixin.py:115} INFO - [2023-12-06 11:52:18,925] {dagbag.py:371} INFO - File /opt/airflow/dags/ETL/Scripts/wheel.exe:__main__.py assumed to contain no DAGs. Skipping.
[2023-12-06 11:52:18,926] {processor.py:653} WARNING - No viable dags retrieved from /opt/airflow/dags/ETL/Scripts/wheel.exe
[2023-12-06 11:52:18,940] {processor.py:161} INFO - Processing /opt/airflow/dags/ETL/Scripts/wheel.exe took 0.027 seconds
[2023-12-06 11:52:37,549] {processor.py:153} INFO - Started process (PID=4619) to work on /opt/airflow/dags/ETL/Scripts/wheel.exe
[2023-12-06 11:52:37,549] {processor.py:641} INFO - Processing file /opt/airflow/dags/ETL/Scripts/wheel.exe for tasks to queue
[2023-12-06 11:52:37,550] {logging_mixin.py:115} INFO - [2023-12-06 11:52:37,550] {dagbag.py:508} INFO - Filling up the DagBag from /opt/airflow/dags/ETL/Scripts/wheel.exe
[2023-12-06 11:52:37,559] {logging_mixin.py:115} INFO - [2023-12-06 11:52:37,559] {dagbag.py:371} INFO - File /opt/airflow/dags/ETL/Scripts/wheel.exe:__main__.py assumed to contain no DAGs. Skipping.
[2023-12-06 11:52:37,560] {processor.py:653} WARNING - No viable dags retrieved from /opt/airflow/dags/ETL/Scripts/wheel.exe
[2023-12-06 11:52:37,576] {processor.py:161} INFO - Processing /opt/airflow/dags/ETL/Scripts/wheel.exe took 0.030 seconds
[2023-12-06 11:52:48,608] {processor.py:153} INFO - Started process (PID=4665) to work on /opt/airflow/dags/ETL/Scripts/wheel.exe
[2023-12-06 11:52:48,609] {processor.py:641} INFO - Processing file /opt/airflow/dags/ETL/Scripts/wheel.exe for tasks to queue
[2023-12-06 11:52:48,610] {logging_mixin.py:115} INFO - [2023-12-06 11:52:48,610] {dagbag.py:508} INFO - Filling up the DagBag from /opt/airflow/dags/ETL/Scripts/wheel.exe
[2023-12-06 11:52:48,617] {logging_mixin.py:115} INFO - [2023-12-06 11:52:48,617] {dagbag.py:371} INFO - File /opt/airflow/dags/ETL/Scripts/wheel.exe:__main__.py assumed to contain no DAGs. Skipping.
[2023-12-06 11:52:48,618] {processor.py:653} WARNING - No viable dags retrieved from /opt/airflow/dags/ETL/Scripts/wheel.exe
[2023-12-06 11:52:48,631] {processor.py:161} INFO - Processing /opt/airflow/dags/ETL/Scripts/wheel.exe took 0.025 seconds
[2023-12-06 11:52:59,381] {processor.py:153} INFO - Started process (PID=4711) to work on /opt/airflow/dags/ETL/Scripts/wheel.exe
[2023-12-06 11:52:59,387] {processor.py:641} INFO - Processing file /opt/airflow/dags/ETL/Scripts/wheel.exe for tasks to queue
[2023-12-06 11:52:59,390] {logging_mixin.py:115} INFO - [2023-12-06 11:52:59,389] {dagbag.py:508} INFO - Filling up the DagBag from /opt/airflow/dags/ETL/Scripts/wheel.exe
[2023-12-06 11:52:59,407] {logging_mixin.py:115} INFO - [2023-12-06 11:52:59,407] {dagbag.py:371} INFO - File /opt/airflow/dags/ETL/Scripts/wheel.exe:__main__.py assumed to contain no DAGs. Skipping.
[2023-12-06 11:52:59,407] {processor.py:653} WARNING - No viable dags retrieved from /opt/airflow/dags/ETL/Scripts/wheel.exe
[2023-12-06 11:52:59,421] {processor.py:161} INFO - Processing /opt/airflow/dags/ETL/Scripts/wheel.exe took 0.044 seconds
