[2023-12-06 11:37:40,372] {processor.py:153} INFO - Started process (PID=763) to work on /opt/airflow/dags/ETL/Scripts/wheel3.10.exe
[2023-12-06 11:37:40,373] {processor.py:641} INFO - Processing file /opt/airflow/dags/ETL/Scripts/wheel3.10.exe for tasks to queue
[2023-12-06 11:37:40,374] {logging_mixin.py:115} INFO - [2023-12-06 11:37:40,374] {dagbag.py:508} INFO - Filling up the DagBag from /opt/airflow/dags/ETL/Scripts/wheel3.10.exe
[2023-12-06 11:37:40,381] {logging_mixin.py:115} INFO - [2023-12-06 11:37:40,381] {dagbag.py:371} INFO - File /opt/airflow/dags/ETL/Scripts/wheel3.10.exe:__main__.py assumed to contain no DAGs. Skipping.
[2023-12-06 11:37:40,382] {processor.py:653} WARNING - No viable dags retrieved from /opt/airflow/dags/ETL/Scripts/wheel3.10.exe
[2023-12-06 11:37:40,393] {processor.py:161} INFO - Processing /opt/airflow/dags/ETL/Scripts/wheel3.10.exe took 0.024 seconds
[2023-12-06 11:37:50,783] {processor.py:153} INFO - Started process (PID=809) to work on /opt/airflow/dags/ETL/Scripts/wheel3.10.exe
[2023-12-06 11:37:50,784] {processor.py:641} INFO - Processing file /opt/airflow/dags/ETL/Scripts/wheel3.10.exe for tasks to queue
[2023-12-06 11:37:50,785] {logging_mixin.py:115} INFO - [2023-12-06 11:37:50,784] {dagbag.py:508} INFO - Filling up the DagBag from /opt/airflow/dags/ETL/Scripts/wheel3.10.exe
[2023-12-06 11:37:50,794] {logging_mixin.py:115} INFO - [2023-12-06 11:37:50,794] {dagbag.py:371} INFO - File /opt/airflow/dags/ETL/Scripts/wheel3.10.exe:__main__.py assumed to contain no DAGs. Skipping.
[2023-12-06 11:37:50,795] {processor.py:653} WARNING - No viable dags retrieved from /opt/airflow/dags/ETL/Scripts/wheel3.10.exe
[2023-12-06 11:37:50,808] {processor.py:161} INFO - Processing /opt/airflow/dags/ETL/Scripts/wheel3.10.exe took 0.028 seconds
[2023-12-06 11:38:01,316] {processor.py:153} INFO - Started process (PID=855) to work on /opt/airflow/dags/ETL/Scripts/wheel3.10.exe
[2023-12-06 11:38:01,316] {processor.py:641} INFO - Processing file /opt/airflow/dags/ETL/Scripts/wheel3.10.exe for tasks to queue
[2023-12-06 11:38:01,317] {logging_mixin.py:115} INFO - [2023-12-06 11:38:01,317] {dagbag.py:508} INFO - Filling up the DagBag from /opt/airflow/dags/ETL/Scripts/wheel3.10.exe
[2023-12-06 11:38:01,325] {logging_mixin.py:115} INFO - [2023-12-06 11:38:01,325] {dagbag.py:371} INFO - File /opt/airflow/dags/ETL/Scripts/wheel3.10.exe:__main__.py assumed to contain no DAGs. Skipping.
[2023-12-06 11:38:01,326] {processor.py:653} WARNING - No viable dags retrieved from /opt/airflow/dags/ETL/Scripts/wheel3.10.exe
[2023-12-06 11:38:01,338] {processor.py:161} INFO - Processing /opt/airflow/dags/ETL/Scripts/wheel3.10.exe took 0.025 seconds
[2023-12-06 11:38:11,656] {processor.py:153} INFO - Started process (PID=902) to work on /opt/airflow/dags/ETL/Scripts/wheel3.10.exe
[2023-12-06 11:38:11,657] {processor.py:641} INFO - Processing file /opt/airflow/dags/ETL/Scripts/wheel3.10.exe for tasks to queue
[2023-12-06 11:38:11,658] {logging_mixin.py:115} INFO - [2023-12-06 11:38:11,658] {dagbag.py:508} INFO - Filling up the DagBag from /opt/airflow/dags/ETL/Scripts/wheel3.10.exe
[2023-12-06 11:38:11,667] {logging_mixin.py:115} INFO - [2023-12-06 11:38:11,667] {dagbag.py:371} INFO - File /opt/airflow/dags/ETL/Scripts/wheel3.10.exe:__main__.py assumed to contain no DAGs. Skipping.
[2023-12-06 11:38:11,668] {processor.py:653} WARNING - No viable dags retrieved from /opt/airflow/dags/ETL/Scripts/wheel3.10.exe
[2023-12-06 11:38:11,681] {processor.py:161} INFO - Processing /opt/airflow/dags/ETL/Scripts/wheel3.10.exe took 0.028 seconds
[2023-12-06 11:38:22,010] {processor.py:153} INFO - Started process (PID=951) to work on /opt/airflow/dags/ETL/Scripts/wheel3.10.exe
[2023-12-06 11:38:22,011] {processor.py:641} INFO - Processing file /opt/airflow/dags/ETL/Scripts/wheel3.10.exe for tasks to queue
[2023-12-06 11:38:22,011] {logging_mixin.py:115} INFO - [2023-12-06 11:38:22,011] {dagbag.py:508} INFO - Filling up the DagBag from /opt/airflow/dags/ETL/Scripts/wheel3.10.exe
[2023-12-06 11:38:22,021] {logging_mixin.py:115} INFO - [2023-12-06 11:38:22,021] {dagbag.py:371} INFO - File /opt/airflow/dags/ETL/Scripts/wheel3.10.exe:__main__.py assumed to contain no DAGs. Skipping.
[2023-12-06 11:38:22,022] {processor.py:653} WARNING - No viable dags retrieved from /opt/airflow/dags/ETL/Scripts/wheel3.10.exe
[2023-12-06 11:38:22,035] {processor.py:161} INFO - Processing /opt/airflow/dags/ETL/Scripts/wheel3.10.exe took 0.027 seconds
[2023-12-06 11:38:32,385] {processor.py:153} INFO - Started process (PID=997) to work on /opt/airflow/dags/ETL/Scripts/wheel3.10.exe
[2023-12-06 11:38:32,386] {processor.py:641} INFO - Processing file /opt/airflow/dags/ETL/Scripts/wheel3.10.exe for tasks to queue
[2023-12-06 11:38:32,387] {logging_mixin.py:115} INFO - [2023-12-06 11:38:32,387] {dagbag.py:508} INFO - Filling up the DagBag from /opt/airflow/dags/ETL/Scripts/wheel3.10.exe
[2023-12-06 11:38:32,394] {logging_mixin.py:115} INFO - [2023-12-06 11:38:32,393] {dagbag.py:371} INFO - File /opt/airflow/dags/ETL/Scripts/wheel3.10.exe:__main__.py assumed to contain no DAGs. Skipping.
[2023-12-06 11:38:32,394] {processor.py:653} WARNING - No viable dags retrieved from /opt/airflow/dags/ETL/Scripts/wheel3.10.exe
[2023-12-06 11:38:32,407] {processor.py:161} INFO - Processing /opt/airflow/dags/ETL/Scripts/wheel3.10.exe took 0.025 seconds
[2023-12-06 11:38:43,018] {processor.py:153} INFO - Started process (PID=1046) to work on /opt/airflow/dags/ETL/Scripts/wheel3.10.exe
[2023-12-06 11:38:43,019] {processor.py:641} INFO - Processing file /opt/airflow/dags/ETL/Scripts/wheel3.10.exe for tasks to queue
[2023-12-06 11:38:43,020] {logging_mixin.py:115} INFO - [2023-12-06 11:38:43,020] {dagbag.py:508} INFO - Filling up the DagBag from /opt/airflow/dags/ETL/Scripts/wheel3.10.exe
[2023-12-06 11:38:43,028] {logging_mixin.py:115} INFO - [2023-12-06 11:38:43,028] {dagbag.py:371} INFO - File /opt/airflow/dags/ETL/Scripts/wheel3.10.exe:__main__.py assumed to contain no DAGs. Skipping.
[2023-12-06 11:38:43,029] {processor.py:653} WARNING - No viable dags retrieved from /opt/airflow/dags/ETL/Scripts/wheel3.10.exe
[2023-12-06 11:38:43,044] {processor.py:161} INFO - Processing /opt/airflow/dags/ETL/Scripts/wheel3.10.exe took 0.029 seconds
[2023-12-06 11:38:53,418] {processor.py:153} INFO - Started process (PID=1092) to work on /opt/airflow/dags/ETL/Scripts/wheel3.10.exe
[2023-12-06 11:38:53,418] {processor.py:641} INFO - Processing file /opt/airflow/dags/ETL/Scripts/wheel3.10.exe for tasks to queue
[2023-12-06 11:38:53,419] {logging_mixin.py:115} INFO - [2023-12-06 11:38:53,419] {dagbag.py:508} INFO - Filling up the DagBag from /opt/airflow/dags/ETL/Scripts/wheel3.10.exe
[2023-12-06 11:38:53,430] {logging_mixin.py:115} INFO - [2023-12-06 11:38:53,430] {dagbag.py:371} INFO - File /opt/airflow/dags/ETL/Scripts/wheel3.10.exe:__main__.py assumed to contain no DAGs. Skipping.
[2023-12-06 11:38:53,431] {processor.py:653} WARNING - No viable dags retrieved from /opt/airflow/dags/ETL/Scripts/wheel3.10.exe
[2023-12-06 11:38:53,446] {processor.py:161} INFO - Processing /opt/airflow/dags/ETL/Scripts/wheel3.10.exe took 0.032 seconds
[2023-12-06 11:39:03,829] {processor.py:153} INFO - Started process (PID=1140) to work on /opt/airflow/dags/ETL/Scripts/wheel3.10.exe
[2023-12-06 11:39:03,829] {processor.py:641} INFO - Processing file /opt/airflow/dags/ETL/Scripts/wheel3.10.exe for tasks to queue
[2023-12-06 11:39:03,830] {logging_mixin.py:115} INFO - [2023-12-06 11:39:03,830] {dagbag.py:508} INFO - Filling up the DagBag from /opt/airflow/dags/ETL/Scripts/wheel3.10.exe
[2023-12-06 11:39:03,838] {logging_mixin.py:115} INFO - [2023-12-06 11:39:03,837] {dagbag.py:371} INFO - File /opt/airflow/dags/ETL/Scripts/wheel3.10.exe:__main__.py assumed to contain no DAGs. Skipping.
[2023-12-06 11:39:03,838] {processor.py:653} WARNING - No viable dags retrieved from /opt/airflow/dags/ETL/Scripts/wheel3.10.exe
[2023-12-06 11:39:03,858] {processor.py:161} INFO - Processing /opt/airflow/dags/ETL/Scripts/wheel3.10.exe took 0.032 seconds
[2023-12-06 11:39:14,402] {processor.py:153} INFO - Started process (PID=1186) to work on /opt/airflow/dags/ETL/Scripts/wheel3.10.exe
[2023-12-06 11:39:14,403] {processor.py:641} INFO - Processing file /opt/airflow/dags/ETL/Scripts/wheel3.10.exe for tasks to queue
[2023-12-06 11:39:14,403] {logging_mixin.py:115} INFO - [2023-12-06 11:39:14,403] {dagbag.py:508} INFO - Filling up the DagBag from /opt/airflow/dags/ETL/Scripts/wheel3.10.exe
[2023-12-06 11:39:14,412] {logging_mixin.py:115} INFO - [2023-12-06 11:39:14,412] {dagbag.py:371} INFO - File /opt/airflow/dags/ETL/Scripts/wheel3.10.exe:__main__.py assumed to contain no DAGs. Skipping.
[2023-12-06 11:39:14,413] {processor.py:653} WARNING - No viable dags retrieved from /opt/airflow/dags/ETL/Scripts/wheel3.10.exe
[2023-12-06 11:39:14,434] {processor.py:161} INFO - Processing /opt/airflow/dags/ETL/Scripts/wheel3.10.exe took 0.034 seconds
[2023-12-06 11:39:24,745] {processor.py:153} INFO - Started process (PID=1230) to work on /opt/airflow/dags/ETL/Scripts/wheel3.10.exe
[2023-12-06 11:39:24,745] {processor.py:641} INFO - Processing file /opt/airflow/dags/ETL/Scripts/wheel3.10.exe for tasks to queue
[2023-12-06 11:39:24,746] {logging_mixin.py:115} INFO - [2023-12-06 11:39:24,746] {dagbag.py:508} INFO - Filling up the DagBag from /opt/airflow/dags/ETL/Scripts/wheel3.10.exe
[2023-12-06 11:39:24,753] {logging_mixin.py:115} INFO - [2023-12-06 11:39:24,753] {dagbag.py:371} INFO - File /opt/airflow/dags/ETL/Scripts/wheel3.10.exe:__main__.py assumed to contain no DAGs. Skipping.
[2023-12-06 11:39:24,753] {processor.py:653} WARNING - No viable dags retrieved from /opt/airflow/dags/ETL/Scripts/wheel3.10.exe
[2023-12-06 11:39:24,766] {processor.py:161} INFO - Processing /opt/airflow/dags/ETL/Scripts/wheel3.10.exe took 0.023 seconds
[2023-12-06 11:39:35,132] {processor.py:153} INFO - Started process (PID=1276) to work on /opt/airflow/dags/ETL/Scripts/wheel3.10.exe
[2023-12-06 11:39:35,132] {processor.py:641} INFO - Processing file /opt/airflow/dags/ETL/Scripts/wheel3.10.exe for tasks to queue
[2023-12-06 11:39:35,133] {logging_mixin.py:115} INFO - [2023-12-06 11:39:35,133] {dagbag.py:508} INFO - Filling up the DagBag from /opt/airflow/dags/ETL/Scripts/wheel3.10.exe
[2023-12-06 11:39:35,141] {logging_mixin.py:115} INFO - [2023-12-06 11:39:35,140] {dagbag.py:371} INFO - File /opt/airflow/dags/ETL/Scripts/wheel3.10.exe:__main__.py assumed to contain no DAGs. Skipping.
[2023-12-06 11:39:35,141] {processor.py:653} WARNING - No viable dags retrieved from /opt/airflow/dags/ETL/Scripts/wheel3.10.exe
[2023-12-06 11:39:35,153] {processor.py:161} INFO - Processing /opt/airflow/dags/ETL/Scripts/wheel3.10.exe took 0.024 seconds
[2023-12-06 11:39:45,558] {processor.py:153} INFO - Started process (PID=1324) to work on /opt/airflow/dags/ETL/Scripts/wheel3.10.exe
[2023-12-06 11:39:45,559] {processor.py:641} INFO - Processing file /opt/airflow/dags/ETL/Scripts/wheel3.10.exe for tasks to queue
[2023-12-06 11:39:45,559] {logging_mixin.py:115} INFO - [2023-12-06 11:39:45,559] {dagbag.py:508} INFO - Filling up the DagBag from /opt/airflow/dags/ETL/Scripts/wheel3.10.exe
[2023-12-06 11:39:45,569] {logging_mixin.py:115} INFO - [2023-12-06 11:39:45,569] {dagbag.py:371} INFO - File /opt/airflow/dags/ETL/Scripts/wheel3.10.exe:__main__.py assumed to contain no DAGs. Skipping.
[2023-12-06 11:39:45,570] {processor.py:653} WARNING - No viable dags retrieved from /opt/airflow/dags/ETL/Scripts/wheel3.10.exe
[2023-12-06 11:39:45,584] {processor.py:161} INFO - Processing /opt/airflow/dags/ETL/Scripts/wheel3.10.exe took 0.030 seconds
[2023-12-06 11:39:55,906] {processor.py:153} INFO - Started process (PID=1368) to work on /opt/airflow/dags/ETL/Scripts/wheel3.10.exe
[2023-12-06 11:39:55,907] {processor.py:641} INFO - Processing file /opt/airflow/dags/ETL/Scripts/wheel3.10.exe for tasks to queue
[2023-12-06 11:39:55,908] {logging_mixin.py:115} INFO - [2023-12-06 11:39:55,908] {dagbag.py:508} INFO - Filling up the DagBag from /opt/airflow/dags/ETL/Scripts/wheel3.10.exe
[2023-12-06 11:39:55,914] {logging_mixin.py:115} INFO - [2023-12-06 11:39:55,914] {dagbag.py:371} INFO - File /opt/airflow/dags/ETL/Scripts/wheel3.10.exe:__main__.py assumed to contain no DAGs. Skipping.
[2023-12-06 11:39:55,915] {processor.py:653} WARNING - No viable dags retrieved from /opt/airflow/dags/ETL/Scripts/wheel3.10.exe
[2023-12-06 11:39:55,926] {processor.py:161} INFO - Processing /opt/airflow/dags/ETL/Scripts/wheel3.10.exe took 0.023 seconds
[2023-12-06 11:40:06,272] {processor.py:153} INFO - Started process (PID=1414) to work on /opt/airflow/dags/ETL/Scripts/wheel3.10.exe
[2023-12-06 11:40:06,273] {processor.py:641} INFO - Processing file /opt/airflow/dags/ETL/Scripts/wheel3.10.exe for tasks to queue
[2023-12-06 11:40:06,273] {logging_mixin.py:115} INFO - [2023-12-06 11:40:06,273] {dagbag.py:508} INFO - Filling up the DagBag from /opt/airflow/dags/ETL/Scripts/wheel3.10.exe
[2023-12-06 11:40:06,281] {logging_mixin.py:115} INFO - [2023-12-06 11:40:06,281] {dagbag.py:371} INFO - File /opt/airflow/dags/ETL/Scripts/wheel3.10.exe:__main__.py assumed to contain no DAGs. Skipping.
[2023-12-06 11:40:06,281] {processor.py:653} WARNING - No viable dags retrieved from /opt/airflow/dags/ETL/Scripts/wheel3.10.exe
[2023-12-06 11:40:06,294] {processor.py:161} INFO - Processing /opt/airflow/dags/ETL/Scripts/wheel3.10.exe took 0.026 seconds
[2023-12-06 11:40:16,702] {processor.py:153} INFO - Started process (PID=1460) to work on /opt/airflow/dags/ETL/Scripts/wheel3.10.exe
[2023-12-06 11:40:16,702] {processor.py:641} INFO - Processing file /opt/airflow/dags/ETL/Scripts/wheel3.10.exe for tasks to queue
[2023-12-06 11:40:16,703] {logging_mixin.py:115} INFO - [2023-12-06 11:40:16,703] {dagbag.py:508} INFO - Filling up the DagBag from /opt/airflow/dags/ETL/Scripts/wheel3.10.exe
[2023-12-06 11:40:16,712] {logging_mixin.py:115} INFO - [2023-12-06 11:40:16,712] {dagbag.py:371} INFO - File /opt/airflow/dags/ETL/Scripts/wheel3.10.exe:__main__.py assumed to contain no DAGs. Skipping.
[2023-12-06 11:40:16,713] {processor.py:653} WARNING - No viable dags retrieved from /opt/airflow/dags/ETL/Scripts/wheel3.10.exe
[2023-12-06 11:40:16,728] {processor.py:161} INFO - Processing /opt/airflow/dags/ETL/Scripts/wheel3.10.exe took 0.030 seconds
[2023-12-06 11:40:27,093] {processor.py:153} INFO - Started process (PID=1508) to work on /opt/airflow/dags/ETL/Scripts/wheel3.10.exe
[2023-12-06 11:40:27,094] {processor.py:641} INFO - Processing file /opt/airflow/dags/ETL/Scripts/wheel3.10.exe for tasks to queue
[2023-12-06 11:40:27,094] {logging_mixin.py:115} INFO - [2023-12-06 11:40:27,094] {dagbag.py:508} INFO - Filling up the DagBag from /opt/airflow/dags/ETL/Scripts/wheel3.10.exe
[2023-12-06 11:40:27,104] {logging_mixin.py:115} INFO - [2023-12-06 11:40:27,104] {dagbag.py:371} INFO - File /opt/airflow/dags/ETL/Scripts/wheel3.10.exe:__main__.py assumed to contain no DAGs. Skipping.
[2023-12-06 11:40:27,105] {processor.py:653} WARNING - No viable dags retrieved from /opt/airflow/dags/ETL/Scripts/wheel3.10.exe
[2023-12-06 11:40:27,117] {processor.py:161} INFO - Processing /opt/airflow/dags/ETL/Scripts/wheel3.10.exe took 0.027 seconds
[2023-12-06 11:40:37,486] {processor.py:153} INFO - Started process (PID=1552) to work on /opt/airflow/dags/ETL/Scripts/wheel3.10.exe
[2023-12-06 11:40:37,487] {processor.py:641} INFO - Processing file /opt/airflow/dags/ETL/Scripts/wheel3.10.exe for tasks to queue
[2023-12-06 11:40:37,487] {logging_mixin.py:115} INFO - [2023-12-06 11:40:37,487] {dagbag.py:508} INFO - Filling up the DagBag from /opt/airflow/dags/ETL/Scripts/wheel3.10.exe
[2023-12-06 11:40:37,495] {logging_mixin.py:115} INFO - [2023-12-06 11:40:37,495] {dagbag.py:371} INFO - File /opt/airflow/dags/ETL/Scripts/wheel3.10.exe:__main__.py assumed to contain no DAGs. Skipping.
[2023-12-06 11:40:37,496] {processor.py:653} WARNING - No viable dags retrieved from /opt/airflow/dags/ETL/Scripts/wheel3.10.exe
[2023-12-06 11:40:37,507] {processor.py:161} INFO - Processing /opt/airflow/dags/ETL/Scripts/wheel3.10.exe took 0.024 seconds
[2023-12-06 11:40:47,814] {processor.py:153} INFO - Started process (PID=1592) to work on /opt/airflow/dags/ETL/Scripts/wheel3.10.exe
[2023-12-06 11:40:47,815] {processor.py:641} INFO - Processing file /opt/airflow/dags/ETL/Scripts/wheel3.10.exe for tasks to queue
[2023-12-06 11:40:47,815] {logging_mixin.py:115} INFO - [2023-12-06 11:40:47,815] {dagbag.py:508} INFO - Filling up the DagBag from /opt/airflow/dags/ETL/Scripts/wheel3.10.exe
[2023-12-06 11:40:47,823] {logging_mixin.py:115} INFO - [2023-12-06 11:40:47,823] {dagbag.py:371} INFO - File /opt/airflow/dags/ETL/Scripts/wheel3.10.exe:__main__.py assumed to contain no DAGs. Skipping.
[2023-12-06 11:40:47,823] {processor.py:653} WARNING - No viable dags retrieved from /opt/airflow/dags/ETL/Scripts/wheel3.10.exe
[2023-12-06 11:40:47,835] {processor.py:161} INFO - Processing /opt/airflow/dags/ETL/Scripts/wheel3.10.exe took 0.024 seconds
[2023-12-06 11:40:58,200] {processor.py:153} INFO - Started process (PID=1640) to work on /opt/airflow/dags/ETL/Scripts/wheel3.10.exe
[2023-12-06 11:40:58,200] {processor.py:641} INFO - Processing file /opt/airflow/dags/ETL/Scripts/wheel3.10.exe for tasks to queue
[2023-12-06 11:40:58,201] {logging_mixin.py:115} INFO - [2023-12-06 11:40:58,201] {dagbag.py:508} INFO - Filling up the DagBag from /opt/airflow/dags/ETL/Scripts/wheel3.10.exe
[2023-12-06 11:40:58,208] {logging_mixin.py:115} INFO - [2023-12-06 11:40:58,208] {dagbag.py:371} INFO - File /opt/airflow/dags/ETL/Scripts/wheel3.10.exe:__main__.py assumed to contain no DAGs. Skipping.
[2023-12-06 11:40:58,208] {processor.py:653} WARNING - No viable dags retrieved from /opt/airflow/dags/ETL/Scripts/wheel3.10.exe
[2023-12-06 11:40:58,220] {processor.py:161} INFO - Processing /opt/airflow/dags/ETL/Scripts/wheel3.10.exe took 0.023 seconds
[2023-12-06 11:41:08,609] {processor.py:153} INFO - Started process (PID=1686) to work on /opt/airflow/dags/ETL/Scripts/wheel3.10.exe
[2023-12-06 11:41:08,610] {processor.py:641} INFO - Processing file /opt/airflow/dags/ETL/Scripts/wheel3.10.exe for tasks to queue
[2023-12-06 11:41:08,610] {logging_mixin.py:115} INFO - [2023-12-06 11:41:08,610] {dagbag.py:508} INFO - Filling up the DagBag from /opt/airflow/dags/ETL/Scripts/wheel3.10.exe
[2023-12-06 11:41:08,617] {logging_mixin.py:115} INFO - [2023-12-06 11:41:08,617] {dagbag.py:371} INFO - File /opt/airflow/dags/ETL/Scripts/wheel3.10.exe:__main__.py assumed to contain no DAGs. Skipping.
[2023-12-06 11:41:08,618] {processor.py:653} WARNING - No viable dags retrieved from /opt/airflow/dags/ETL/Scripts/wheel3.10.exe
[2023-12-06 11:41:08,630] {processor.py:161} INFO - Processing /opt/airflow/dags/ETL/Scripts/wheel3.10.exe took 0.024 seconds
[2023-12-06 11:41:19,048] {processor.py:153} INFO - Started process (PID=1732) to work on /opt/airflow/dags/ETL/Scripts/wheel3.10.exe
[2023-12-06 11:41:19,049] {processor.py:641} INFO - Processing file /opt/airflow/dags/ETL/Scripts/wheel3.10.exe for tasks to queue
[2023-12-06 11:41:19,050] {logging_mixin.py:115} INFO - [2023-12-06 11:41:19,050] {dagbag.py:508} INFO - Filling up the DagBag from /opt/airflow/dags/ETL/Scripts/wheel3.10.exe
[2023-12-06 11:41:19,057] {logging_mixin.py:115} INFO - [2023-12-06 11:41:19,057] {dagbag.py:371} INFO - File /opt/airflow/dags/ETL/Scripts/wheel3.10.exe:__main__.py assumed to contain no DAGs. Skipping.
[2023-12-06 11:41:19,057] {processor.py:653} WARNING - No viable dags retrieved from /opt/airflow/dags/ETL/Scripts/wheel3.10.exe
[2023-12-06 11:41:19,069] {processor.py:161} INFO - Processing /opt/airflow/dags/ETL/Scripts/wheel3.10.exe took 0.023 seconds
[2023-12-06 11:41:29,437] {processor.py:153} INFO - Started process (PID=1778) to work on /opt/airflow/dags/ETL/Scripts/wheel3.10.exe
[2023-12-06 11:41:29,437] {processor.py:641} INFO - Processing file /opt/airflow/dags/ETL/Scripts/wheel3.10.exe for tasks to queue
[2023-12-06 11:41:29,438] {logging_mixin.py:115} INFO - [2023-12-06 11:41:29,438] {dagbag.py:508} INFO - Filling up the DagBag from /opt/airflow/dags/ETL/Scripts/wheel3.10.exe
[2023-12-06 11:41:29,446] {logging_mixin.py:115} INFO - [2023-12-06 11:41:29,446] {dagbag.py:371} INFO - File /opt/airflow/dags/ETL/Scripts/wheel3.10.exe:__main__.py assumed to contain no DAGs. Skipping.
[2023-12-06 11:41:29,447] {processor.py:653} WARNING - No viable dags retrieved from /opt/airflow/dags/ETL/Scripts/wheel3.10.exe
[2023-12-06 11:41:29,459] {processor.py:161} INFO - Processing /opt/airflow/dags/ETL/Scripts/wheel3.10.exe took 0.025 seconds
[2023-12-06 11:41:39,854] {processor.py:153} INFO - Started process (PID=1822) to work on /opt/airflow/dags/ETL/Scripts/wheel3.10.exe
[2023-12-06 11:41:39,855] {processor.py:641} INFO - Processing file /opt/airflow/dags/ETL/Scripts/wheel3.10.exe for tasks to queue
[2023-12-06 11:41:39,857] {logging_mixin.py:115} INFO - [2023-12-06 11:41:39,857] {dagbag.py:508} INFO - Filling up the DagBag from /opt/airflow/dags/ETL/Scripts/wheel3.10.exe
[2023-12-06 11:41:39,867] {logging_mixin.py:115} INFO - [2023-12-06 11:41:39,867] {dagbag.py:371} INFO - File /opt/airflow/dags/ETL/Scripts/wheel3.10.exe:__main__.py assumed to contain no DAGs. Skipping.
[2023-12-06 11:41:39,869] {processor.py:653} WARNING - No viable dags retrieved from /opt/airflow/dags/ETL/Scripts/wheel3.10.exe
[2023-12-06 11:41:39,888] {processor.py:161} INFO - Processing /opt/airflow/dags/ETL/Scripts/wheel3.10.exe took 0.039 seconds
[2023-12-06 11:41:50,263] {processor.py:153} INFO - Started process (PID=1870) to work on /opt/airflow/dags/ETL/Scripts/wheel3.10.exe
[2023-12-06 11:41:50,264] {processor.py:641} INFO - Processing file /opt/airflow/dags/ETL/Scripts/wheel3.10.exe for tasks to queue
[2023-12-06 11:41:50,264] {logging_mixin.py:115} INFO - [2023-12-06 11:41:50,264] {dagbag.py:508} INFO - Filling up the DagBag from /opt/airflow/dags/ETL/Scripts/wheel3.10.exe
[2023-12-06 11:41:50,272] {logging_mixin.py:115} INFO - [2023-12-06 11:41:50,272] {dagbag.py:371} INFO - File /opt/airflow/dags/ETL/Scripts/wheel3.10.exe:__main__.py assumed to contain no DAGs. Skipping.
[2023-12-06 11:41:50,273] {processor.py:653} WARNING - No viable dags retrieved from /opt/airflow/dags/ETL/Scripts/wheel3.10.exe
[2023-12-06 11:41:50,285] {processor.py:161} INFO - Processing /opt/airflow/dags/ETL/Scripts/wheel3.10.exe took 0.024 seconds
[2023-12-06 11:42:00,475] {processor.py:153} INFO - Started process (PID=1914) to work on /opt/airflow/dags/ETL/Scripts/wheel3.10.exe
[2023-12-06 11:42:00,476] {processor.py:641} INFO - Processing file /opt/airflow/dags/ETL/Scripts/wheel3.10.exe for tasks to queue
[2023-12-06 11:42:00,477] {logging_mixin.py:115} INFO - [2023-12-06 11:42:00,477] {dagbag.py:508} INFO - Filling up the DagBag from /opt/airflow/dags/ETL/Scripts/wheel3.10.exe
[2023-12-06 11:42:00,484] {logging_mixin.py:115} INFO - [2023-12-06 11:42:00,483] {dagbag.py:371} INFO - File /opt/airflow/dags/ETL/Scripts/wheel3.10.exe:__main__.py assumed to contain no DAGs. Skipping.
[2023-12-06 11:42:00,484] {processor.py:653} WARNING - No viable dags retrieved from /opt/airflow/dags/ETL/Scripts/wheel3.10.exe
[2023-12-06 11:42:00,496] {processor.py:161} INFO - Processing /opt/airflow/dags/ETL/Scripts/wheel3.10.exe took 0.024 seconds
[2023-12-06 11:42:10,920] {processor.py:153} INFO - Started process (PID=1960) to work on /opt/airflow/dags/ETL/Scripts/wheel3.10.exe
[2023-12-06 11:42:10,921] {processor.py:641} INFO - Processing file /opt/airflow/dags/ETL/Scripts/wheel3.10.exe for tasks to queue
[2023-12-06 11:42:10,921] {logging_mixin.py:115} INFO - [2023-12-06 11:42:10,921] {dagbag.py:508} INFO - Filling up the DagBag from /opt/airflow/dags/ETL/Scripts/wheel3.10.exe
[2023-12-06 11:42:10,929] {logging_mixin.py:115} INFO - [2023-12-06 11:42:10,929] {dagbag.py:371} INFO - File /opt/airflow/dags/ETL/Scripts/wheel3.10.exe:__main__.py assumed to contain no DAGs. Skipping.
[2023-12-06 11:42:10,930] {processor.py:653} WARNING - No viable dags retrieved from /opt/airflow/dags/ETL/Scripts/wheel3.10.exe
[2023-12-06 11:42:10,943] {processor.py:161} INFO - Processing /opt/airflow/dags/ETL/Scripts/wheel3.10.exe took 0.025 seconds
[2023-12-06 11:42:21,355] {processor.py:153} INFO - Started process (PID=2008) to work on /opt/airflow/dags/ETL/Scripts/wheel3.10.exe
[2023-12-06 11:42:21,356] {processor.py:641} INFO - Processing file /opt/airflow/dags/ETL/Scripts/wheel3.10.exe for tasks to queue
[2023-12-06 11:42:21,357] {logging_mixin.py:115} INFO - [2023-12-06 11:42:21,357] {dagbag.py:508} INFO - Filling up the DagBag from /opt/airflow/dags/ETL/Scripts/wheel3.10.exe
[2023-12-06 11:42:21,365] {logging_mixin.py:115} INFO - [2023-12-06 11:42:21,365] {dagbag.py:371} INFO - File /opt/airflow/dags/ETL/Scripts/wheel3.10.exe:__main__.py assumed to contain no DAGs. Skipping.
[2023-12-06 11:42:21,366] {processor.py:653} WARNING - No viable dags retrieved from /opt/airflow/dags/ETL/Scripts/wheel3.10.exe
[2023-12-06 11:42:21,380] {processor.py:161} INFO - Processing /opt/airflow/dags/ETL/Scripts/wheel3.10.exe took 0.028 seconds
[2023-12-06 11:42:37,162] {processor.py:153} INFO - Started process (PID=2048) to work on /opt/airflow/dags/ETL/Scripts/wheel3.10.exe
[2023-12-06 11:42:37,163] {processor.py:641} INFO - Processing file /opt/airflow/dags/ETL/Scripts/wheel3.10.exe for tasks to queue
[2023-12-06 11:42:37,164] {logging_mixin.py:115} INFO - [2023-12-06 11:42:37,164] {dagbag.py:508} INFO - Filling up the DagBag from /opt/airflow/dags/ETL/Scripts/wheel3.10.exe
[2023-12-06 11:42:37,175] {logging_mixin.py:115} INFO - [2023-12-06 11:42:37,175] {dagbag.py:371} INFO - File /opt/airflow/dags/ETL/Scripts/wheel3.10.exe:__main__.py assumed to contain no DAGs. Skipping.
[2023-12-06 11:42:37,176] {processor.py:653} WARNING - No viable dags retrieved from /opt/airflow/dags/ETL/Scripts/wheel3.10.exe
[2023-12-06 11:42:37,190] {processor.py:161} INFO - Processing /opt/airflow/dags/ETL/Scripts/wheel3.10.exe took 0.031 seconds
[2023-12-06 11:42:47,610] {processor.py:153} INFO - Started process (PID=2092) to work on /opt/airflow/dags/ETL/Scripts/wheel3.10.exe
[2023-12-06 11:42:47,611] {processor.py:641} INFO - Processing file /opt/airflow/dags/ETL/Scripts/wheel3.10.exe for tasks to queue
[2023-12-06 11:42:47,611] {logging_mixin.py:115} INFO - [2023-12-06 11:42:47,611] {dagbag.py:508} INFO - Filling up the DagBag from /opt/airflow/dags/ETL/Scripts/wheel3.10.exe
[2023-12-06 11:42:47,619] {logging_mixin.py:115} INFO - [2023-12-06 11:42:47,619] {dagbag.py:371} INFO - File /opt/airflow/dags/ETL/Scripts/wheel3.10.exe:__main__.py assumed to contain no DAGs. Skipping.
[2023-12-06 11:42:47,620] {processor.py:653} WARNING - No viable dags retrieved from /opt/airflow/dags/ETL/Scripts/wheel3.10.exe
[2023-12-06 11:42:47,634] {processor.py:161} INFO - Processing /opt/airflow/dags/ETL/Scripts/wheel3.10.exe took 0.027 seconds
[2023-12-06 11:42:58,016] {processor.py:153} INFO - Started process (PID=2138) to work on /opt/airflow/dags/ETL/Scripts/wheel3.10.exe
[2023-12-06 11:42:58,016] {processor.py:641} INFO - Processing file /opt/airflow/dags/ETL/Scripts/wheel3.10.exe for tasks to queue
[2023-12-06 11:42:58,017] {logging_mixin.py:115} INFO - [2023-12-06 11:42:58,017] {dagbag.py:508} INFO - Filling up the DagBag from /opt/airflow/dags/ETL/Scripts/wheel3.10.exe
[2023-12-06 11:42:58,026] {logging_mixin.py:115} INFO - [2023-12-06 11:42:58,026] {dagbag.py:371} INFO - File /opt/airflow/dags/ETL/Scripts/wheel3.10.exe:__main__.py assumed to contain no DAGs. Skipping.
[2023-12-06 11:42:58,027] {processor.py:653} WARNING - No viable dags retrieved from /opt/airflow/dags/ETL/Scripts/wheel3.10.exe
[2023-12-06 11:42:58,040] {processor.py:161} INFO - Processing /opt/airflow/dags/ETL/Scripts/wheel3.10.exe took 0.028 seconds
[2023-12-06 11:43:08,466] {processor.py:153} INFO - Started process (PID=2186) to work on /opt/airflow/dags/ETL/Scripts/wheel3.10.exe
[2023-12-06 11:43:08,467] {processor.py:641} INFO - Processing file /opt/airflow/dags/ETL/Scripts/wheel3.10.exe for tasks to queue
[2023-12-06 11:43:08,467] {logging_mixin.py:115} INFO - [2023-12-06 11:43:08,467] {dagbag.py:508} INFO - Filling up the DagBag from /opt/airflow/dags/ETL/Scripts/wheel3.10.exe
[2023-12-06 11:43:08,474] {logging_mixin.py:115} INFO - [2023-12-06 11:43:08,474] {dagbag.py:371} INFO - File /opt/airflow/dags/ETL/Scripts/wheel3.10.exe:__main__.py assumed to contain no DAGs. Skipping.
[2023-12-06 11:43:08,475] {processor.py:653} WARNING - No viable dags retrieved from /opt/airflow/dags/ETL/Scripts/wheel3.10.exe
[2023-12-06 11:43:08,487] {processor.py:161} INFO - Processing /opt/airflow/dags/ETL/Scripts/wheel3.10.exe took 0.023 seconds
[2023-12-06 11:43:18,923] {processor.py:153} INFO - Started process (PID=2232) to work on /opt/airflow/dags/ETL/Scripts/wheel3.10.exe
[2023-12-06 11:43:18,923] {processor.py:641} INFO - Processing file /opt/airflow/dags/ETL/Scripts/wheel3.10.exe for tasks to queue
[2023-12-06 11:43:18,924] {logging_mixin.py:115} INFO - [2023-12-06 11:43:18,924] {dagbag.py:508} INFO - Filling up the DagBag from /opt/airflow/dags/ETL/Scripts/wheel3.10.exe
[2023-12-06 11:43:18,931] {logging_mixin.py:115} INFO - [2023-12-06 11:43:18,931] {dagbag.py:371} INFO - File /opt/airflow/dags/ETL/Scripts/wheel3.10.exe:__main__.py assumed to contain no DAGs. Skipping.
[2023-12-06 11:43:18,932] {processor.py:653} WARNING - No viable dags retrieved from /opt/airflow/dags/ETL/Scripts/wheel3.10.exe
[2023-12-06 11:43:18,943] {processor.py:161} INFO - Processing /opt/airflow/dags/ETL/Scripts/wheel3.10.exe took 0.023 seconds
[2023-12-06 11:43:29,325] {processor.py:153} INFO - Started process (PID=2281) to work on /opt/airflow/dags/ETL/Scripts/wheel3.10.exe
[2023-12-06 11:43:29,325] {processor.py:641} INFO - Processing file /opt/airflow/dags/ETL/Scripts/wheel3.10.exe for tasks to queue
[2023-12-06 11:43:29,326] {logging_mixin.py:115} INFO - [2023-12-06 11:43:29,326] {dagbag.py:508} INFO - Filling up the DagBag from /opt/airflow/dags/ETL/Scripts/wheel3.10.exe
[2023-12-06 11:43:29,334] {logging_mixin.py:115} INFO - [2023-12-06 11:43:29,334] {dagbag.py:371} INFO - File /opt/airflow/dags/ETL/Scripts/wheel3.10.exe:__main__.py assumed to contain no DAGs. Skipping.
[2023-12-06 11:43:29,335] {processor.py:653} WARNING - No viable dags retrieved from /opt/airflow/dags/ETL/Scripts/wheel3.10.exe
[2023-12-06 11:43:29,347] {processor.py:161} INFO - Processing /opt/airflow/dags/ETL/Scripts/wheel3.10.exe took 0.025 seconds
[2023-12-06 11:43:39,738] {processor.py:153} INFO - Started process (PID=2327) to work on /opt/airflow/dags/ETL/Scripts/wheel3.10.exe
[2023-12-06 11:43:39,740] {processor.py:641} INFO - Processing file /opt/airflow/dags/ETL/Scripts/wheel3.10.exe for tasks to queue
[2023-12-06 11:43:39,741] {logging_mixin.py:115} INFO - [2023-12-06 11:43:39,741] {dagbag.py:508} INFO - Filling up the DagBag from /opt/airflow/dags/ETL/Scripts/wheel3.10.exe
[2023-12-06 11:43:39,757] {logging_mixin.py:115} INFO - [2023-12-06 11:43:39,757] {dagbag.py:371} INFO - File /opt/airflow/dags/ETL/Scripts/wheel3.10.exe:__main__.py assumed to contain no DAGs. Skipping.
[2023-12-06 11:43:39,759] {processor.py:653} WARNING - No viable dags retrieved from /opt/airflow/dags/ETL/Scripts/wheel3.10.exe
[2023-12-06 11:43:39,778] {processor.py:161} INFO - Processing /opt/airflow/dags/ETL/Scripts/wheel3.10.exe took 0.043 seconds
[2023-12-06 11:43:50,245] {processor.py:153} INFO - Started process (PID=2376) to work on /opt/airflow/dags/ETL/Scripts/wheel3.10.exe
[2023-12-06 11:43:50,246] {processor.py:641} INFO - Processing file /opt/airflow/dags/ETL/Scripts/wheel3.10.exe for tasks to queue
[2023-12-06 11:43:50,247] {logging_mixin.py:115} INFO - [2023-12-06 11:43:50,247] {dagbag.py:508} INFO - Filling up the DagBag from /opt/airflow/dags/ETL/Scripts/wheel3.10.exe
[2023-12-06 11:43:50,257] {logging_mixin.py:115} INFO - [2023-12-06 11:43:50,257] {dagbag.py:371} INFO - File /opt/airflow/dags/ETL/Scripts/wheel3.10.exe:__main__.py assumed to contain no DAGs. Skipping.
[2023-12-06 11:43:50,258] {processor.py:653} WARNING - No viable dags retrieved from /opt/airflow/dags/ETL/Scripts/wheel3.10.exe
[2023-12-06 11:43:50,273] {processor.py:161} INFO - Processing /opt/airflow/dags/ETL/Scripts/wheel3.10.exe took 0.031 seconds
[2023-12-06 11:44:00,645] {processor.py:153} INFO - Started process (PID=2420) to work on /opt/airflow/dags/ETL/Scripts/wheel3.10.exe
[2023-12-06 11:44:00,646] {processor.py:641} INFO - Processing file /opt/airflow/dags/ETL/Scripts/wheel3.10.exe for tasks to queue
[2023-12-06 11:44:00,647] {logging_mixin.py:115} INFO - [2023-12-06 11:44:00,647] {dagbag.py:508} INFO - Filling up the DagBag from /opt/airflow/dags/ETL/Scripts/wheel3.10.exe
[2023-12-06 11:44:00,654] {logging_mixin.py:115} INFO - [2023-12-06 11:44:00,654] {dagbag.py:371} INFO - File /opt/airflow/dags/ETL/Scripts/wheel3.10.exe:__main__.py assumed to contain no DAGs. Skipping.
[2023-12-06 11:44:00,655] {processor.py:653} WARNING - No viable dags retrieved from /opt/airflow/dags/ETL/Scripts/wheel3.10.exe
[2023-12-06 11:44:00,667] {processor.py:161} INFO - Processing /opt/airflow/dags/ETL/Scripts/wheel3.10.exe took 0.025 seconds
[2023-12-06 11:44:11,119] {processor.py:153} INFO - Started process (PID=2466) to work on /opt/airflow/dags/ETL/Scripts/wheel3.10.exe
[2023-12-06 11:44:11,120] {processor.py:641} INFO - Processing file /opt/airflow/dags/ETL/Scripts/wheel3.10.exe for tasks to queue
[2023-12-06 11:44:11,121] {logging_mixin.py:115} INFO - [2023-12-06 11:44:11,121] {dagbag.py:508} INFO - Filling up the DagBag from /opt/airflow/dags/ETL/Scripts/wheel3.10.exe
[2023-12-06 11:44:11,132] {logging_mixin.py:115} INFO - [2023-12-06 11:44:11,131] {dagbag.py:371} INFO - File /opt/airflow/dags/ETL/Scripts/wheel3.10.exe:__main__.py assumed to contain no DAGs. Skipping.
[2023-12-06 11:44:11,133] {processor.py:653} WARNING - No viable dags retrieved from /opt/airflow/dags/ETL/Scripts/wheel3.10.exe
[2023-12-06 11:44:11,150] {processor.py:161} INFO - Processing /opt/airflow/dags/ETL/Scripts/wheel3.10.exe took 0.034 seconds
[2023-12-06 11:44:21,579] {processor.py:153} INFO - Started process (PID=2514) to work on /opt/airflow/dags/ETL/Scripts/wheel3.10.exe
[2023-12-06 11:44:21,579] {processor.py:641} INFO - Processing file /opt/airflow/dags/ETL/Scripts/wheel3.10.exe for tasks to queue
[2023-12-06 11:44:21,580] {logging_mixin.py:115} INFO - [2023-12-06 11:44:21,580] {dagbag.py:508} INFO - Filling up the DagBag from /opt/airflow/dags/ETL/Scripts/wheel3.10.exe
[2023-12-06 11:44:21,589] {logging_mixin.py:115} INFO - [2023-12-06 11:44:21,589] {dagbag.py:371} INFO - File /opt/airflow/dags/ETL/Scripts/wheel3.10.exe:__main__.py assumed to contain no DAGs. Skipping.
[2023-12-06 11:44:21,590] {processor.py:653} WARNING - No viable dags retrieved from /opt/airflow/dags/ETL/Scripts/wheel3.10.exe
[2023-12-06 11:44:21,603] {processor.py:161} INFO - Processing /opt/airflow/dags/ETL/Scripts/wheel3.10.exe took 0.028 seconds
[2023-12-06 11:44:32,051] {processor.py:153} INFO - Started process (PID=2558) to work on /opt/airflow/dags/ETL/Scripts/wheel3.10.exe
[2023-12-06 11:44:32,052] {processor.py:641} INFO - Processing file /opt/airflow/dags/ETL/Scripts/wheel3.10.exe for tasks to queue
[2023-12-06 11:44:32,053] {logging_mixin.py:115} INFO - [2023-12-06 11:44:32,053] {dagbag.py:508} INFO - Filling up the DagBag from /opt/airflow/dags/ETL/Scripts/wheel3.10.exe
[2023-12-06 11:44:32,059] {logging_mixin.py:115} INFO - [2023-12-06 11:44:32,059] {dagbag.py:371} INFO - File /opt/airflow/dags/ETL/Scripts/wheel3.10.exe:__main__.py assumed to contain no DAGs. Skipping.
[2023-12-06 11:44:32,060] {processor.py:653} WARNING - No viable dags retrieved from /opt/airflow/dags/ETL/Scripts/wheel3.10.exe
[2023-12-06 11:44:32,074] {processor.py:161} INFO - Processing /opt/airflow/dags/ETL/Scripts/wheel3.10.exe took 0.027 seconds
[2023-12-06 11:44:42,524] {processor.py:153} INFO - Started process (PID=2606) to work on /opt/airflow/dags/ETL/Scripts/wheel3.10.exe
[2023-12-06 11:44:42,525] {processor.py:641} INFO - Processing file /opt/airflow/dags/ETL/Scripts/wheel3.10.exe for tasks to queue
[2023-12-06 11:44:42,526] {logging_mixin.py:115} INFO - [2023-12-06 11:44:42,526] {dagbag.py:508} INFO - Filling up the DagBag from /opt/airflow/dags/ETL/Scripts/wheel3.10.exe
[2023-12-06 11:44:42,534] {logging_mixin.py:115} INFO - [2023-12-06 11:44:42,534] {dagbag.py:371} INFO - File /opt/airflow/dags/ETL/Scripts/wheel3.10.exe:__main__.py assumed to contain no DAGs. Skipping.
[2023-12-06 11:44:42,535] {processor.py:653} WARNING - No viable dags retrieved from /opt/airflow/dags/ETL/Scripts/wheel3.10.exe
[2023-12-06 11:44:42,549] {processor.py:161} INFO - Processing /opt/airflow/dags/ETL/Scripts/wheel3.10.exe took 0.028 seconds
[2023-12-06 11:44:53,034] {processor.py:153} INFO - Started process (PID=2652) to work on /opt/airflow/dags/ETL/Scripts/wheel3.10.exe
[2023-12-06 11:44:53,034] {processor.py:641} INFO - Processing file /opt/airflow/dags/ETL/Scripts/wheel3.10.exe for tasks to queue
[2023-12-06 11:44:53,035] {logging_mixin.py:115} INFO - [2023-12-06 11:44:53,035] {dagbag.py:508} INFO - Filling up the DagBag from /opt/airflow/dags/ETL/Scripts/wheel3.10.exe
[2023-12-06 11:44:53,043] {logging_mixin.py:115} INFO - [2023-12-06 11:44:53,043] {dagbag.py:371} INFO - File /opt/airflow/dags/ETL/Scripts/wheel3.10.exe:__main__.py assumed to contain no DAGs. Skipping.
[2023-12-06 11:44:53,044] {processor.py:653} WARNING - No viable dags retrieved from /opt/airflow/dags/ETL/Scripts/wheel3.10.exe
[2023-12-06 11:44:53,055] {processor.py:161} INFO - Processing /opt/airflow/dags/ETL/Scripts/wheel3.10.exe took 0.025 seconds
[2023-12-06 11:45:03,498] {processor.py:153} INFO - Started process (PID=2698) to work on /opt/airflow/dags/ETL/Scripts/wheel3.10.exe
[2023-12-06 11:45:03,499] {processor.py:641} INFO - Processing file /opt/airflow/dags/ETL/Scripts/wheel3.10.exe for tasks to queue
[2023-12-06 11:45:03,500] {logging_mixin.py:115} INFO - [2023-12-06 11:45:03,499] {dagbag.py:508} INFO - Filling up the DagBag from /opt/airflow/dags/ETL/Scripts/wheel3.10.exe
[2023-12-06 11:45:03,508] {logging_mixin.py:115} INFO - [2023-12-06 11:45:03,508] {dagbag.py:371} INFO - File /opt/airflow/dags/ETL/Scripts/wheel3.10.exe:__main__.py assumed to contain no DAGs. Skipping.
[2023-12-06 11:45:03,509] {processor.py:653} WARNING - No viable dags retrieved from /opt/airflow/dags/ETL/Scripts/wheel3.10.exe
[2023-12-06 11:45:03,521] {processor.py:161} INFO - Processing /opt/airflow/dags/ETL/Scripts/wheel3.10.exe took 0.026 seconds
[2023-12-06 11:45:13,840] {processor.py:153} INFO - Started process (PID=2742) to work on /opt/airflow/dags/ETL/Scripts/wheel3.10.exe
[2023-12-06 11:45:13,841] {processor.py:641} INFO - Processing file /opt/airflow/dags/ETL/Scripts/wheel3.10.exe for tasks to queue
[2023-12-06 11:45:13,842] {logging_mixin.py:115} INFO - [2023-12-06 11:45:13,842] {dagbag.py:508} INFO - Filling up the DagBag from /opt/airflow/dags/ETL/Scripts/wheel3.10.exe
[2023-12-06 11:45:13,851] {logging_mixin.py:115} INFO - [2023-12-06 11:45:13,850] {dagbag.py:371} INFO - File /opt/airflow/dags/ETL/Scripts/wheel3.10.exe:__main__.py assumed to contain no DAGs. Skipping.
[2023-12-06 11:45:13,851] {processor.py:653} WARNING - No viable dags retrieved from /opt/airflow/dags/ETL/Scripts/wheel3.10.exe
[2023-12-06 11:45:13,864] {processor.py:161} INFO - Processing /opt/airflow/dags/ETL/Scripts/wheel3.10.exe took 0.026 seconds
[2023-12-06 11:45:24,215] {processor.py:153} INFO - Started process (PID=2790) to work on /opt/airflow/dags/ETL/Scripts/wheel3.10.exe
[2023-12-06 11:45:24,215] {processor.py:641} INFO - Processing file /opt/airflow/dags/ETL/Scripts/wheel3.10.exe for tasks to queue
[2023-12-06 11:45:24,216] {logging_mixin.py:115} INFO - [2023-12-06 11:45:24,216] {dagbag.py:508} INFO - Filling up the DagBag from /opt/airflow/dags/ETL/Scripts/wheel3.10.exe
[2023-12-06 11:45:24,224] {logging_mixin.py:115} INFO - [2023-12-06 11:45:24,224] {dagbag.py:371} INFO - File /opt/airflow/dags/ETL/Scripts/wheel3.10.exe:__main__.py assumed to contain no DAGs. Skipping.
[2023-12-06 11:45:24,225] {processor.py:653} WARNING - No viable dags retrieved from /opt/airflow/dags/ETL/Scripts/wheel3.10.exe
[2023-12-06 11:45:24,236] {processor.py:161} INFO - Processing /opt/airflow/dags/ETL/Scripts/wheel3.10.exe took 0.024 seconds
[2023-12-06 11:45:34,661] {processor.py:153} INFO - Started process (PID=2836) to work on /opt/airflow/dags/ETL/Scripts/wheel3.10.exe
[2023-12-06 11:45:34,661] {processor.py:641} INFO - Processing file /opt/airflow/dags/ETL/Scripts/wheel3.10.exe for tasks to queue
[2023-12-06 11:45:34,662] {logging_mixin.py:115} INFO - [2023-12-06 11:45:34,662] {dagbag.py:508} INFO - Filling up the DagBag from /opt/airflow/dags/ETL/Scripts/wheel3.10.exe
[2023-12-06 11:45:34,671] {logging_mixin.py:115} INFO - [2023-12-06 11:45:34,671] {dagbag.py:371} INFO - File /opt/airflow/dags/ETL/Scripts/wheel3.10.exe:__main__.py assumed to contain no DAGs. Skipping.
[2023-12-06 11:45:34,671] {processor.py:653} WARNING - No viable dags retrieved from /opt/airflow/dags/ETL/Scripts/wheel3.10.exe
[2023-12-06 11:45:34,684] {processor.py:161} INFO - Processing /opt/airflow/dags/ETL/Scripts/wheel3.10.exe took 0.026 seconds
[2023-12-06 11:45:45,245] {processor.py:153} INFO - Started process (PID=2880) to work on /opt/airflow/dags/ETL/Scripts/wheel3.10.exe
[2023-12-06 11:45:45,246] {processor.py:641} INFO - Processing file /opt/airflow/dags/ETL/Scripts/wheel3.10.exe for tasks to queue
[2023-12-06 11:45:45,247] {logging_mixin.py:115} INFO - [2023-12-06 11:45:45,247] {dagbag.py:508} INFO - Filling up the DagBag from /opt/airflow/dags/ETL/Scripts/wheel3.10.exe
[2023-12-06 11:45:45,257] {logging_mixin.py:115} INFO - [2023-12-06 11:45:45,257] {dagbag.py:371} INFO - File /opt/airflow/dags/ETL/Scripts/wheel3.10.exe:__main__.py assumed to contain no DAGs. Skipping.
[2023-12-06 11:45:45,259] {processor.py:653} WARNING - No viable dags retrieved from /opt/airflow/dags/ETL/Scripts/wheel3.10.exe
[2023-12-06 11:45:45,271] {processor.py:161} INFO - Processing /opt/airflow/dags/ETL/Scripts/wheel3.10.exe took 0.031 seconds
[2023-12-06 11:45:55,674] {processor.py:153} INFO - Started process (PID=2928) to work on /opt/airflow/dags/ETL/Scripts/wheel3.10.exe
[2023-12-06 11:45:55,675] {processor.py:641} INFO - Processing file /opt/airflow/dags/ETL/Scripts/wheel3.10.exe for tasks to queue
[2023-12-06 11:45:55,675] {logging_mixin.py:115} INFO - [2023-12-06 11:45:55,675] {dagbag.py:508} INFO - Filling up the DagBag from /opt/airflow/dags/ETL/Scripts/wheel3.10.exe
[2023-12-06 11:45:55,683] {logging_mixin.py:115} INFO - [2023-12-06 11:45:55,683] {dagbag.py:371} INFO - File /opt/airflow/dags/ETL/Scripts/wheel3.10.exe:__main__.py assumed to contain no DAGs. Skipping.
[2023-12-06 11:45:55,684] {processor.py:653} WARNING - No viable dags retrieved from /opt/airflow/dags/ETL/Scripts/wheel3.10.exe
[2023-12-06 11:45:55,696] {processor.py:161} INFO - Processing /opt/airflow/dags/ETL/Scripts/wheel3.10.exe took 0.024 seconds
[2023-12-06 11:46:06,101] {processor.py:153} INFO - Started process (PID=2974) to work on /opt/airflow/dags/ETL/Scripts/wheel3.10.exe
[2023-12-06 11:46:06,102] {processor.py:641} INFO - Processing file /opt/airflow/dags/ETL/Scripts/wheel3.10.exe for tasks to queue
[2023-12-06 11:46:06,102] {logging_mixin.py:115} INFO - [2023-12-06 11:46:06,102] {dagbag.py:508} INFO - Filling up the DagBag from /opt/airflow/dags/ETL/Scripts/wheel3.10.exe
[2023-12-06 11:46:06,111] {logging_mixin.py:115} INFO - [2023-12-06 11:46:06,111] {dagbag.py:371} INFO - File /opt/airflow/dags/ETL/Scripts/wheel3.10.exe:__main__.py assumed to contain no DAGs. Skipping.
[2023-12-06 11:46:06,111] {processor.py:653} WARNING - No viable dags retrieved from /opt/airflow/dags/ETL/Scripts/wheel3.10.exe
[2023-12-06 11:46:06,125] {processor.py:161} INFO - Processing /opt/airflow/dags/ETL/Scripts/wheel3.10.exe took 0.026 seconds
[2023-12-06 11:46:16,544] {processor.py:153} INFO - Started process (PID=3020) to work on /opt/airflow/dags/ETL/Scripts/wheel3.10.exe
[2023-12-06 11:46:16,545] {processor.py:641} INFO - Processing file /opt/airflow/dags/ETL/Scripts/wheel3.10.exe for tasks to queue
[2023-12-06 11:46:16,546] {logging_mixin.py:115} INFO - [2023-12-06 11:46:16,546] {dagbag.py:508} INFO - Filling up the DagBag from /opt/airflow/dags/ETL/Scripts/wheel3.10.exe
[2023-12-06 11:46:16,554] {logging_mixin.py:115} INFO - [2023-12-06 11:46:16,554] {dagbag.py:371} INFO - File /opt/airflow/dags/ETL/Scripts/wheel3.10.exe:__main__.py assumed to contain no DAGs. Skipping.
[2023-12-06 11:46:16,554] {processor.py:653} WARNING - No viable dags retrieved from /opt/airflow/dags/ETL/Scripts/wheel3.10.exe
[2023-12-06 11:46:16,568] {processor.py:161} INFO - Processing /opt/airflow/dags/ETL/Scripts/wheel3.10.exe took 0.027 seconds
[2023-12-06 11:46:26,982] {processor.py:153} INFO - Started process (PID=3066) to work on /opt/airflow/dags/ETL/Scripts/wheel3.10.exe
[2023-12-06 11:46:26,983] {processor.py:641} INFO - Processing file /opt/airflow/dags/ETL/Scripts/wheel3.10.exe for tasks to queue
[2023-12-06 11:46:26,983] {logging_mixin.py:115} INFO - [2023-12-06 11:46:26,983] {dagbag.py:508} INFO - Filling up the DagBag from /opt/airflow/dags/ETL/Scripts/wheel3.10.exe
[2023-12-06 11:46:26,992] {logging_mixin.py:115} INFO - [2023-12-06 11:46:26,992] {dagbag.py:371} INFO - File /opt/airflow/dags/ETL/Scripts/wheel3.10.exe:__main__.py assumed to contain no DAGs. Skipping.
[2023-12-06 11:46:26,993] {processor.py:653} WARNING - No viable dags retrieved from /opt/airflow/dags/ETL/Scripts/wheel3.10.exe
[2023-12-06 11:46:27,004] {processor.py:161} INFO - Processing /opt/airflow/dags/ETL/Scripts/wheel3.10.exe took 0.025 seconds
[2023-12-06 11:46:37,348] {processor.py:153} INFO - Started process (PID=3112) to work on /opt/airflow/dags/ETL/Scripts/wheel3.10.exe
[2023-12-06 11:46:37,349] {processor.py:641} INFO - Processing file /opt/airflow/dags/ETL/Scripts/wheel3.10.exe for tasks to queue
[2023-12-06 11:46:37,349] {logging_mixin.py:115} INFO - [2023-12-06 11:46:37,349] {dagbag.py:508} INFO - Filling up the DagBag from /opt/airflow/dags/ETL/Scripts/wheel3.10.exe
[2023-12-06 11:46:37,358] {logging_mixin.py:115} INFO - [2023-12-06 11:46:37,358] {dagbag.py:371} INFO - File /opt/airflow/dags/ETL/Scripts/wheel3.10.exe:__main__.py assumed to contain no DAGs. Skipping.
[2023-12-06 11:46:37,358] {processor.py:653} WARNING - No viable dags retrieved from /opt/airflow/dags/ETL/Scripts/wheel3.10.exe
[2023-12-06 11:46:37,369] {processor.py:161} INFO - Processing /opt/airflow/dags/ETL/Scripts/wheel3.10.exe took 0.024 seconds
[2023-12-06 11:46:47,732] {processor.py:153} INFO - Started process (PID=3156) to work on /opt/airflow/dags/ETL/Scripts/wheel3.10.exe
[2023-12-06 11:46:47,733] {processor.py:641} INFO - Processing file /opt/airflow/dags/ETL/Scripts/wheel3.10.exe for tasks to queue
[2023-12-06 11:46:47,733] {logging_mixin.py:115} INFO - [2023-12-06 11:46:47,733] {dagbag.py:508} INFO - Filling up the DagBag from /opt/airflow/dags/ETL/Scripts/wheel3.10.exe
[2023-12-06 11:46:47,743] {logging_mixin.py:115} INFO - [2023-12-06 11:46:47,743] {dagbag.py:371} INFO - File /opt/airflow/dags/ETL/Scripts/wheel3.10.exe:__main__.py assumed to contain no DAGs. Skipping.
[2023-12-06 11:46:47,744] {processor.py:653} WARNING - No viable dags retrieved from /opt/airflow/dags/ETL/Scripts/wheel3.10.exe
[2023-12-06 11:46:47,759] {processor.py:161} INFO - Processing /opt/airflow/dags/ETL/Scripts/wheel3.10.exe took 0.029 seconds
[2023-12-06 11:46:58,111] {processor.py:153} INFO - Started process (PID=3204) to work on /opt/airflow/dags/ETL/Scripts/wheel3.10.exe
[2023-12-06 11:46:58,112] {processor.py:641} INFO - Processing file /opt/airflow/dags/ETL/Scripts/wheel3.10.exe for tasks to queue
[2023-12-06 11:46:58,112] {logging_mixin.py:115} INFO - [2023-12-06 11:46:58,112] {dagbag.py:508} INFO - Filling up the DagBag from /opt/airflow/dags/ETL/Scripts/wheel3.10.exe
[2023-12-06 11:46:58,121] {logging_mixin.py:115} INFO - [2023-12-06 11:46:58,121] {dagbag.py:371} INFO - File /opt/airflow/dags/ETL/Scripts/wheel3.10.exe:__main__.py assumed to contain no DAGs. Skipping.
[2023-12-06 11:46:58,122] {processor.py:653} WARNING - No viable dags retrieved from /opt/airflow/dags/ETL/Scripts/wheel3.10.exe
[2023-12-06 11:46:58,135] {processor.py:161} INFO - Processing /opt/airflow/dags/ETL/Scripts/wheel3.10.exe took 0.027 seconds
[2023-12-06 11:47:08,652] {processor.py:153} INFO - Started process (PID=3250) to work on /opt/airflow/dags/ETL/Scripts/wheel3.10.exe
[2023-12-06 11:47:08,653] {processor.py:641} INFO - Processing file /opt/airflow/dags/ETL/Scripts/wheel3.10.exe for tasks to queue
[2023-12-06 11:47:08,653] {logging_mixin.py:115} INFO - [2023-12-06 11:47:08,653] {dagbag.py:508} INFO - Filling up the DagBag from /opt/airflow/dags/ETL/Scripts/wheel3.10.exe
[2023-12-06 11:47:08,664] {logging_mixin.py:115} INFO - [2023-12-06 11:47:08,664] {dagbag.py:371} INFO - File /opt/airflow/dags/ETL/Scripts/wheel3.10.exe:__main__.py assumed to contain no DAGs. Skipping.
[2023-12-06 11:47:08,665] {processor.py:653} WARNING - No viable dags retrieved from /opt/airflow/dags/ETL/Scripts/wheel3.10.exe
[2023-12-06 11:47:08,679] {processor.py:161} INFO - Processing /opt/airflow/dags/ETL/Scripts/wheel3.10.exe took 0.031 seconds
[2023-12-06 11:47:19,064] {processor.py:153} INFO - Started process (PID=3296) to work on /opt/airflow/dags/ETL/Scripts/wheel3.10.exe
[2023-12-06 11:47:19,065] {processor.py:641} INFO - Processing file /opt/airflow/dags/ETL/Scripts/wheel3.10.exe for tasks to queue
[2023-12-06 11:47:19,065] {logging_mixin.py:115} INFO - [2023-12-06 11:47:19,065] {dagbag.py:508} INFO - Filling up the DagBag from /opt/airflow/dags/ETL/Scripts/wheel3.10.exe
[2023-12-06 11:47:19,074] {logging_mixin.py:115} INFO - [2023-12-06 11:47:19,074] {dagbag.py:371} INFO - File /opt/airflow/dags/ETL/Scripts/wheel3.10.exe:__main__.py assumed to contain no DAGs. Skipping.
[2023-12-06 11:47:19,075] {processor.py:653} WARNING - No viable dags retrieved from /opt/airflow/dags/ETL/Scripts/wheel3.10.exe
[2023-12-06 11:47:19,086] {processor.py:161} INFO - Processing /opt/airflow/dags/ETL/Scripts/wheel3.10.exe took 0.025 seconds
[2023-12-06 11:47:35,850] {processor.py:153} INFO - Started process (PID=3334) to work on /opt/airflow/dags/ETL/Scripts/wheel3.10.exe
[2023-12-06 11:47:35,850] {processor.py:641} INFO - Processing file /opt/airflow/dags/ETL/Scripts/wheel3.10.exe for tasks to queue
[2023-12-06 11:47:35,851] {logging_mixin.py:115} INFO - [2023-12-06 11:47:35,851] {dagbag.py:508} INFO - Filling up the DagBag from /opt/airflow/dags/ETL/Scripts/wheel3.10.exe
[2023-12-06 11:47:35,858] {logging_mixin.py:115} INFO - [2023-12-06 11:47:35,858] {dagbag.py:371} INFO - File /opt/airflow/dags/ETL/Scripts/wheel3.10.exe:__main__.py assumed to contain no DAGs. Skipping.
[2023-12-06 11:47:35,859] {processor.py:653} WARNING - No viable dags retrieved from /opt/airflow/dags/ETL/Scripts/wheel3.10.exe
[2023-12-06 11:47:35,872] {processor.py:161} INFO - Processing /opt/airflow/dags/ETL/Scripts/wheel3.10.exe took 0.025 seconds
[2023-12-06 11:47:46,339] {processor.py:153} INFO - Started process (PID=3382) to work on /opt/airflow/dags/ETL/Scripts/wheel3.10.exe
[2023-12-06 11:47:46,340] {processor.py:641} INFO - Processing file /opt/airflow/dags/ETL/Scripts/wheel3.10.exe for tasks to queue
[2023-12-06 11:47:46,341] {logging_mixin.py:115} INFO - [2023-12-06 11:47:46,340] {dagbag.py:508} INFO - Filling up the DagBag from /opt/airflow/dags/ETL/Scripts/wheel3.10.exe
[2023-12-06 11:47:46,352] {logging_mixin.py:115} INFO - [2023-12-06 11:47:46,352] {dagbag.py:371} INFO - File /opt/airflow/dags/ETL/Scripts/wheel3.10.exe:__main__.py assumed to contain no DAGs. Skipping.
[2023-12-06 11:47:46,353] {processor.py:653} WARNING - No viable dags retrieved from /opt/airflow/dags/ETL/Scripts/wheel3.10.exe
[2023-12-06 11:47:46,368] {processor.py:161} INFO - Processing /opt/airflow/dags/ETL/Scripts/wheel3.10.exe took 0.033 seconds
[2023-12-06 11:47:56,760] {processor.py:153} INFO - Started process (PID=3426) to work on /opt/airflow/dags/ETL/Scripts/wheel3.10.exe
[2023-12-06 11:47:56,761] {processor.py:641} INFO - Processing file /opt/airflow/dags/ETL/Scripts/wheel3.10.exe for tasks to queue
[2023-12-06 11:47:56,762] {logging_mixin.py:115} INFO - [2023-12-06 11:47:56,762] {dagbag.py:508} INFO - Filling up the DagBag from /opt/airflow/dags/ETL/Scripts/wheel3.10.exe
[2023-12-06 11:47:56,771] {logging_mixin.py:115} INFO - [2023-12-06 11:47:56,771] {dagbag.py:371} INFO - File /opt/airflow/dags/ETL/Scripts/wheel3.10.exe:__main__.py assumed to contain no DAGs. Skipping.
[2023-12-06 11:47:56,771] {processor.py:653} WARNING - No viable dags retrieved from /opt/airflow/dags/ETL/Scripts/wheel3.10.exe
[2023-12-06 11:47:56,786] {processor.py:161} INFO - Processing /opt/airflow/dags/ETL/Scripts/wheel3.10.exe took 0.029 seconds
[2023-12-06 11:48:07,154] {processor.py:153} INFO - Started process (PID=3472) to work on /opt/airflow/dags/ETL/Scripts/wheel3.10.exe
[2023-12-06 11:48:07,155] {processor.py:641} INFO - Processing file /opt/airflow/dags/ETL/Scripts/wheel3.10.exe for tasks to queue
[2023-12-06 11:48:07,156] {logging_mixin.py:115} INFO - [2023-12-06 11:48:07,156] {dagbag.py:508} INFO - Filling up the DagBag from /opt/airflow/dags/ETL/Scripts/wheel3.10.exe
[2023-12-06 11:48:07,165] {logging_mixin.py:115} INFO - [2023-12-06 11:48:07,165] {dagbag.py:371} INFO - File /opt/airflow/dags/ETL/Scripts/wheel3.10.exe:__main__.py assumed to contain no DAGs. Skipping.
[2023-12-06 11:48:07,165] {processor.py:653} WARNING - No viable dags retrieved from /opt/airflow/dags/ETL/Scripts/wheel3.10.exe
[2023-12-06 11:48:07,177] {processor.py:161} INFO - Processing /opt/airflow/dags/ETL/Scripts/wheel3.10.exe took 0.026 seconds
[2023-12-06 11:48:17,634] {processor.py:153} INFO - Started process (PID=3520) to work on /opt/airflow/dags/ETL/Scripts/wheel3.10.exe
[2023-12-06 11:48:17,635] {processor.py:641} INFO - Processing file /opt/airflow/dags/ETL/Scripts/wheel3.10.exe for tasks to queue
[2023-12-06 11:48:17,635] {logging_mixin.py:115} INFO - [2023-12-06 11:48:17,635] {dagbag.py:508} INFO - Filling up the DagBag from /opt/airflow/dags/ETL/Scripts/wheel3.10.exe
[2023-12-06 11:48:17,645] {logging_mixin.py:115} INFO - [2023-12-06 11:48:17,645] {dagbag.py:371} INFO - File /opt/airflow/dags/ETL/Scripts/wheel3.10.exe:__main__.py assumed to contain no DAGs. Skipping.
[2023-12-06 11:48:17,646] {processor.py:653} WARNING - No viable dags retrieved from /opt/airflow/dags/ETL/Scripts/wheel3.10.exe
[2023-12-06 11:48:17,669] {processor.py:161} INFO - Processing /opt/airflow/dags/ETL/Scripts/wheel3.10.exe took 0.039 seconds
[2023-12-06 11:48:28,089] {processor.py:153} INFO - Started process (PID=3567) to work on /opt/airflow/dags/ETL/Scripts/wheel3.10.exe
[2023-12-06 11:48:28,090] {processor.py:641} INFO - Processing file /opt/airflow/dags/ETL/Scripts/wheel3.10.exe for tasks to queue
[2023-12-06 11:48:28,090] {logging_mixin.py:115} INFO - [2023-12-06 11:48:28,090] {dagbag.py:508} INFO - Filling up the DagBag from /opt/airflow/dags/ETL/Scripts/wheel3.10.exe
[2023-12-06 11:48:28,098] {logging_mixin.py:115} INFO - [2023-12-06 11:48:28,098] {dagbag.py:371} INFO - File /opt/airflow/dags/ETL/Scripts/wheel3.10.exe:__main__.py assumed to contain no DAGs. Skipping.
[2023-12-06 11:48:28,098] {processor.py:653} WARNING - No viable dags retrieved from /opt/airflow/dags/ETL/Scripts/wheel3.10.exe
[2023-12-06 11:48:28,111] {processor.py:161} INFO - Processing /opt/airflow/dags/ETL/Scripts/wheel3.10.exe took 0.024 seconds
[2023-12-06 11:48:38,658] {processor.py:153} INFO - Started process (PID=3615) to work on /opt/airflow/dags/ETL/Scripts/wheel3.10.exe
[2023-12-06 11:48:38,659] {processor.py:641} INFO - Processing file /opt/airflow/dags/ETL/Scripts/wheel3.10.exe for tasks to queue
[2023-12-06 11:48:38,659] {logging_mixin.py:115} INFO - [2023-12-06 11:48:38,659] {dagbag.py:508} INFO - Filling up the DagBag from /opt/airflow/dags/ETL/Scripts/wheel3.10.exe
[2023-12-06 11:48:38,667] {logging_mixin.py:115} INFO - [2023-12-06 11:48:38,667] {dagbag.py:371} INFO - File /opt/airflow/dags/ETL/Scripts/wheel3.10.exe:__main__.py assumed to contain no DAGs. Skipping.
[2023-12-06 11:48:38,667] {processor.py:653} WARNING - No viable dags retrieved from /opt/airflow/dags/ETL/Scripts/wheel3.10.exe
[2023-12-06 11:48:38,680] {processor.py:161} INFO - Processing /opt/airflow/dags/ETL/Scripts/wheel3.10.exe took 0.025 seconds
[2023-12-06 11:48:49,113] {processor.py:153} INFO - Started process (PID=3664) to work on /opt/airflow/dags/ETL/Scripts/wheel3.10.exe
[2023-12-06 11:48:49,113] {processor.py:641} INFO - Processing file /opt/airflow/dags/ETL/Scripts/wheel3.10.exe for tasks to queue
[2023-12-06 11:48:49,114] {logging_mixin.py:115} INFO - [2023-12-06 11:48:49,114] {dagbag.py:508} INFO - Filling up the DagBag from /opt/airflow/dags/ETL/Scripts/wheel3.10.exe
[2023-12-06 11:48:49,122] {logging_mixin.py:115} INFO - [2023-12-06 11:48:49,122] {dagbag.py:371} INFO - File /opt/airflow/dags/ETL/Scripts/wheel3.10.exe:__main__.py assumed to contain no DAGs. Skipping.
[2023-12-06 11:48:49,123] {processor.py:653} WARNING - No viable dags retrieved from /opt/airflow/dags/ETL/Scripts/wheel3.10.exe
[2023-12-06 11:48:49,135] {processor.py:161} INFO - Processing /opt/airflow/dags/ETL/Scripts/wheel3.10.exe took 0.025 seconds
[2023-12-06 11:48:59,611] {processor.py:153} INFO - Started process (PID=3708) to work on /opt/airflow/dags/ETL/Scripts/wheel3.10.exe
[2023-12-06 11:48:59,612] {processor.py:641} INFO - Processing file /opt/airflow/dags/ETL/Scripts/wheel3.10.exe for tasks to queue
[2023-12-06 11:48:59,612] {logging_mixin.py:115} INFO - [2023-12-06 11:48:59,612] {dagbag.py:508} INFO - Filling up the DagBag from /opt/airflow/dags/ETL/Scripts/wheel3.10.exe
[2023-12-06 11:48:59,620] {logging_mixin.py:115} INFO - [2023-12-06 11:48:59,620] {dagbag.py:371} INFO - File /opt/airflow/dags/ETL/Scripts/wheel3.10.exe:__main__.py assumed to contain no DAGs. Skipping.
[2023-12-06 11:48:59,621] {processor.py:653} WARNING - No viable dags retrieved from /opt/airflow/dags/ETL/Scripts/wheel3.10.exe
[2023-12-06 11:48:59,633] {processor.py:161} INFO - Processing /opt/airflow/dags/ETL/Scripts/wheel3.10.exe took 0.025 seconds
[2023-12-06 11:49:10,053] {processor.py:153} INFO - Started process (PID=3756) to work on /opt/airflow/dags/ETL/Scripts/wheel3.10.exe
[2023-12-06 11:49:10,053] {processor.py:641} INFO - Processing file /opt/airflow/dags/ETL/Scripts/wheel3.10.exe for tasks to queue
[2023-12-06 11:49:10,054] {logging_mixin.py:115} INFO - [2023-12-06 11:49:10,054] {dagbag.py:508} INFO - Filling up the DagBag from /opt/airflow/dags/ETL/Scripts/wheel3.10.exe
[2023-12-06 11:49:10,061] {logging_mixin.py:115} INFO - [2023-12-06 11:49:10,061] {dagbag.py:371} INFO - File /opt/airflow/dags/ETL/Scripts/wheel3.10.exe:__main__.py assumed to contain no DAGs. Skipping.
[2023-12-06 11:49:10,061] {processor.py:653} WARNING - No viable dags retrieved from /opt/airflow/dags/ETL/Scripts/wheel3.10.exe
[2023-12-06 11:49:10,073] {processor.py:161} INFO - Processing /opt/airflow/dags/ETL/Scripts/wheel3.10.exe took 0.023 seconds
[2023-12-06 11:49:20,602] {processor.py:153} INFO - Started process (PID=3802) to work on /opt/airflow/dags/ETL/Scripts/wheel3.10.exe
[2023-12-06 11:49:20,602] {processor.py:641} INFO - Processing file /opt/airflow/dags/ETL/Scripts/wheel3.10.exe for tasks to queue
[2023-12-06 11:49:20,603] {logging_mixin.py:115} INFO - [2023-12-06 11:49:20,603] {dagbag.py:508} INFO - Filling up the DagBag from /opt/airflow/dags/ETL/Scripts/wheel3.10.exe
[2023-12-06 11:49:20,611] {logging_mixin.py:115} INFO - [2023-12-06 11:49:20,611] {dagbag.py:371} INFO - File /opt/airflow/dags/ETL/Scripts/wheel3.10.exe:__main__.py assumed to contain no DAGs. Skipping.
[2023-12-06 11:49:20,612] {processor.py:653} WARNING - No viable dags retrieved from /opt/airflow/dags/ETL/Scripts/wheel3.10.exe
[2023-12-06 11:49:20,623] {processor.py:161} INFO - Processing /opt/airflow/dags/ETL/Scripts/wheel3.10.exe took 0.025 seconds
[2023-12-06 11:49:31,027] {processor.py:153} INFO - Started process (PID=3846) to work on /opt/airflow/dags/ETL/Scripts/wheel3.10.exe
[2023-12-06 11:49:31,028] {processor.py:641} INFO - Processing file /opt/airflow/dags/ETL/Scripts/wheel3.10.exe for tasks to queue
[2023-12-06 11:49:31,029] {logging_mixin.py:115} INFO - [2023-12-06 11:49:31,029] {dagbag.py:508} INFO - Filling up the DagBag from /opt/airflow/dags/ETL/Scripts/wheel3.10.exe
[2023-12-06 11:49:31,036] {logging_mixin.py:115} INFO - [2023-12-06 11:49:31,036] {dagbag.py:371} INFO - File /opt/airflow/dags/ETL/Scripts/wheel3.10.exe:__main__.py assumed to contain no DAGs. Skipping.
[2023-12-06 11:49:31,037] {processor.py:653} WARNING - No viable dags retrieved from /opt/airflow/dags/ETL/Scripts/wheel3.10.exe
[2023-12-06 11:49:31,090] {processor.py:161} INFO - Processing /opt/airflow/dags/ETL/Scripts/wheel3.10.exe took 0.067 seconds
[2023-12-06 11:49:41,508] {processor.py:153} INFO - Started process (PID=3892) to work on /opt/airflow/dags/ETL/Scripts/wheel3.10.exe
[2023-12-06 11:49:41,508] {processor.py:641} INFO - Processing file /opt/airflow/dags/ETL/Scripts/wheel3.10.exe for tasks to queue
[2023-12-06 11:49:41,509] {logging_mixin.py:115} INFO - [2023-12-06 11:49:41,509] {dagbag.py:508} INFO - Filling up the DagBag from /opt/airflow/dags/ETL/Scripts/wheel3.10.exe
[2023-12-06 11:49:41,516] {logging_mixin.py:115} INFO - [2023-12-06 11:49:41,516] {dagbag.py:371} INFO - File /opt/airflow/dags/ETL/Scripts/wheel3.10.exe:__main__.py assumed to contain no DAGs. Skipping.
[2023-12-06 11:49:41,517] {processor.py:653} WARNING - No viable dags retrieved from /opt/airflow/dags/ETL/Scripts/wheel3.10.exe
[2023-12-06 11:49:41,529] {processor.py:161} INFO - Processing /opt/airflow/dags/ETL/Scripts/wheel3.10.exe took 0.024 seconds
[2023-12-06 11:49:51,945] {processor.py:153} INFO - Started process (PID=3938) to work on /opt/airflow/dags/ETL/Scripts/wheel3.10.exe
[2023-12-06 11:49:51,945] {processor.py:641} INFO - Processing file /opt/airflow/dags/ETL/Scripts/wheel3.10.exe for tasks to queue
[2023-12-06 11:49:51,946] {logging_mixin.py:115} INFO - [2023-12-06 11:49:51,946] {dagbag.py:508} INFO - Filling up the DagBag from /opt/airflow/dags/ETL/Scripts/wheel3.10.exe
[2023-12-06 11:49:51,954] {logging_mixin.py:115} INFO - [2023-12-06 11:49:51,954] {dagbag.py:371} INFO - File /opt/airflow/dags/ETL/Scripts/wheel3.10.exe:__main__.py assumed to contain no DAGs. Skipping.
[2023-12-06 11:49:51,954] {processor.py:653} WARNING - No viable dags retrieved from /opt/airflow/dags/ETL/Scripts/wheel3.10.exe
[2023-12-06 11:49:51,967] {processor.py:161} INFO - Processing /opt/airflow/dags/ETL/Scripts/wheel3.10.exe took 0.025 seconds
[2023-12-06 11:50:02,349] {processor.py:153} INFO - Started process (PID=3986) to work on /opt/airflow/dags/ETL/Scripts/wheel3.10.exe
[2023-12-06 11:50:02,350] {processor.py:641} INFO - Processing file /opt/airflow/dags/ETL/Scripts/wheel3.10.exe for tasks to queue
[2023-12-06 11:50:02,350] {logging_mixin.py:115} INFO - [2023-12-06 11:50:02,350] {dagbag.py:508} INFO - Filling up the DagBag from /opt/airflow/dags/ETL/Scripts/wheel3.10.exe
[2023-12-06 11:50:02,359] {logging_mixin.py:115} INFO - [2023-12-06 11:50:02,358] {dagbag.py:371} INFO - File /opt/airflow/dags/ETL/Scripts/wheel3.10.exe:__main__.py assumed to contain no DAGs. Skipping.
[2023-12-06 11:50:02,359] {processor.py:653} WARNING - No viable dags retrieved from /opt/airflow/dags/ETL/Scripts/wheel3.10.exe
[2023-12-06 11:50:02,373] {processor.py:161} INFO - Processing /opt/airflow/dags/ETL/Scripts/wheel3.10.exe took 0.027 seconds
[2023-12-06 11:50:12,780] {processor.py:153} INFO - Started process (PID=4030) to work on /opt/airflow/dags/ETL/Scripts/wheel3.10.exe
[2023-12-06 11:50:12,781] {processor.py:641} INFO - Processing file /opt/airflow/dags/ETL/Scripts/wheel3.10.exe for tasks to queue
[2023-12-06 11:50:12,782] {logging_mixin.py:115} INFO - [2023-12-06 11:50:12,782] {dagbag.py:508} INFO - Filling up the DagBag from /opt/airflow/dags/ETL/Scripts/wheel3.10.exe
[2023-12-06 11:50:12,790] {logging_mixin.py:115} INFO - [2023-12-06 11:50:12,789] {dagbag.py:371} INFO - File /opt/airflow/dags/ETL/Scripts/wheel3.10.exe:__main__.py assumed to contain no DAGs. Skipping.
[2023-12-06 11:50:12,790] {processor.py:653} WARNING - No viable dags retrieved from /opt/airflow/dags/ETL/Scripts/wheel3.10.exe
[2023-12-06 11:50:12,802] {processor.py:161} INFO - Processing /opt/airflow/dags/ETL/Scripts/wheel3.10.exe took 0.024 seconds
[2023-12-06 11:50:23,162] {processor.py:153} INFO - Started process (PID=4078) to work on /opt/airflow/dags/ETL/Scripts/wheel3.10.exe
[2023-12-06 11:50:23,163] {processor.py:641} INFO - Processing file /opt/airflow/dags/ETL/Scripts/wheel3.10.exe for tasks to queue
[2023-12-06 11:50:23,163] {logging_mixin.py:115} INFO - [2023-12-06 11:50:23,163] {dagbag.py:508} INFO - Filling up the DagBag from /opt/airflow/dags/ETL/Scripts/wheel3.10.exe
[2023-12-06 11:50:23,170] {logging_mixin.py:115} INFO - [2023-12-06 11:50:23,170] {dagbag.py:371} INFO - File /opt/airflow/dags/ETL/Scripts/wheel3.10.exe:__main__.py assumed to contain no DAGs. Skipping.
[2023-12-06 11:50:23,171] {processor.py:653} WARNING - No viable dags retrieved from /opt/airflow/dags/ETL/Scripts/wheel3.10.exe
[2023-12-06 11:50:23,184] {processor.py:161} INFO - Processing /opt/airflow/dags/ETL/Scripts/wheel3.10.exe took 0.024 seconds
[2023-12-06 11:50:33,571] {processor.py:153} INFO - Started process (PID=4124) to work on /opt/airflow/dags/ETL/Scripts/wheel3.10.exe
[2023-12-06 11:50:33,572] {processor.py:641} INFO - Processing file /opt/airflow/dags/ETL/Scripts/wheel3.10.exe for tasks to queue
[2023-12-06 11:50:33,572] {logging_mixin.py:115} INFO - [2023-12-06 11:50:33,572] {dagbag.py:508} INFO - Filling up the DagBag from /opt/airflow/dags/ETL/Scripts/wheel3.10.exe
[2023-12-06 11:50:33,585] {logging_mixin.py:115} INFO - [2023-12-06 11:50:33,585] {dagbag.py:371} INFO - File /opt/airflow/dags/ETL/Scripts/wheel3.10.exe:__main__.py assumed to contain no DAGs. Skipping.
[2023-12-06 11:50:33,586] {processor.py:653} WARNING - No viable dags retrieved from /opt/airflow/dags/ETL/Scripts/wheel3.10.exe
[2023-12-06 11:50:33,604] {processor.py:161} INFO - Processing /opt/airflow/dags/ETL/Scripts/wheel3.10.exe took 0.037 seconds
[2023-12-06 11:50:43,994] {processor.py:153} INFO - Started process (PID=4170) to work on /opt/airflow/dags/ETL/Scripts/wheel3.10.exe
[2023-12-06 11:50:43,995] {processor.py:641} INFO - Processing file /opt/airflow/dags/ETL/Scripts/wheel3.10.exe for tasks to queue
[2023-12-06 11:50:43,995] {logging_mixin.py:115} INFO - [2023-12-06 11:50:43,995] {dagbag.py:508} INFO - Filling up the DagBag from /opt/airflow/dags/ETL/Scripts/wheel3.10.exe
[2023-12-06 11:50:44,005] {logging_mixin.py:115} INFO - [2023-12-06 11:50:44,005] {dagbag.py:371} INFO - File /opt/airflow/dags/ETL/Scripts/wheel3.10.exe:__main__.py assumed to contain no DAGs. Skipping.
[2023-12-06 11:50:44,005] {processor.py:653} WARNING - No viable dags retrieved from /opt/airflow/dags/ETL/Scripts/wheel3.10.exe
[2023-12-06 11:50:44,017] {processor.py:161} INFO - Processing /opt/airflow/dags/ETL/Scripts/wheel3.10.exe took 0.025 seconds
[2023-12-06 11:50:54,417] {processor.py:153} INFO - Started process (PID=4216) to work on /opt/airflow/dags/ETL/Scripts/wheel3.10.exe
[2023-12-06 11:50:54,417] {processor.py:641} INFO - Processing file /opt/airflow/dags/ETL/Scripts/wheel3.10.exe for tasks to queue
[2023-12-06 11:50:54,418] {logging_mixin.py:115} INFO - [2023-12-06 11:50:54,418] {dagbag.py:508} INFO - Filling up the DagBag from /opt/airflow/dags/ETL/Scripts/wheel3.10.exe
[2023-12-06 11:50:54,426] {logging_mixin.py:115} INFO - [2023-12-06 11:50:54,426] {dagbag.py:371} INFO - File /opt/airflow/dags/ETL/Scripts/wheel3.10.exe:__main__.py assumed to contain no DAGs. Skipping.
[2023-12-06 11:50:54,427] {processor.py:653} WARNING - No viable dags retrieved from /opt/airflow/dags/ETL/Scripts/wheel3.10.exe
[2023-12-06 11:50:54,438] {processor.py:161} INFO - Processing /opt/airflow/dags/ETL/Scripts/wheel3.10.exe took 0.024 seconds
[2023-12-06 11:51:04,856] {processor.py:153} INFO - Started process (PID=4260) to work on /opt/airflow/dags/ETL/Scripts/wheel3.10.exe
[2023-12-06 11:51:04,857] {processor.py:641} INFO - Processing file /opt/airflow/dags/ETL/Scripts/wheel3.10.exe for tasks to queue
[2023-12-06 11:51:04,858] {logging_mixin.py:115} INFO - [2023-12-06 11:51:04,857] {dagbag.py:508} INFO - Filling up the DagBag from /opt/airflow/dags/ETL/Scripts/wheel3.10.exe
[2023-12-06 11:51:04,865] {logging_mixin.py:115} INFO - [2023-12-06 11:51:04,865] {dagbag.py:371} INFO - File /opt/airflow/dags/ETL/Scripts/wheel3.10.exe:__main__.py assumed to contain no DAGs. Skipping.
[2023-12-06 11:51:04,866] {processor.py:653} WARNING - No viable dags retrieved from /opt/airflow/dags/ETL/Scripts/wheel3.10.exe
[2023-12-06 11:51:04,878] {processor.py:161} INFO - Processing /opt/airflow/dags/ETL/Scripts/wheel3.10.exe took 0.024 seconds
[2023-12-06 11:51:15,284] {processor.py:153} INFO - Started process (PID=4308) to work on /opt/airflow/dags/ETL/Scripts/wheel3.10.exe
[2023-12-06 11:51:15,284] {processor.py:641} INFO - Processing file /opt/airflow/dags/ETL/Scripts/wheel3.10.exe for tasks to queue
[2023-12-06 11:51:15,285] {logging_mixin.py:115} INFO - [2023-12-06 11:51:15,285] {dagbag.py:508} INFO - Filling up the DagBag from /opt/airflow/dags/ETL/Scripts/wheel3.10.exe
[2023-12-06 11:51:15,292] {logging_mixin.py:115} INFO - [2023-12-06 11:51:15,292] {dagbag.py:371} INFO - File /opt/airflow/dags/ETL/Scripts/wheel3.10.exe:__main__.py assumed to contain no DAGs. Skipping.
[2023-12-06 11:51:15,292] {processor.py:653} WARNING - No viable dags retrieved from /opt/airflow/dags/ETL/Scripts/wheel3.10.exe
[2023-12-06 11:51:15,303] {processor.py:161} INFO - Processing /opt/airflow/dags/ETL/Scripts/wheel3.10.exe took 0.022 seconds
[2023-12-06 11:51:25,807] {processor.py:153} INFO - Started process (PID=4354) to work on /opt/airflow/dags/ETL/Scripts/wheel3.10.exe
[2023-12-06 11:51:25,808] {processor.py:641} INFO - Processing file /opt/airflow/dags/ETL/Scripts/wheel3.10.exe for tasks to queue
[2023-12-06 11:51:25,808] {logging_mixin.py:115} INFO - [2023-12-06 11:51:25,808] {dagbag.py:508} INFO - Filling up the DagBag from /opt/airflow/dags/ETL/Scripts/wheel3.10.exe
[2023-12-06 11:51:25,816] {logging_mixin.py:115} INFO - [2023-12-06 11:51:25,816] {dagbag.py:371} INFO - File /opt/airflow/dags/ETL/Scripts/wheel3.10.exe:__main__.py assumed to contain no DAGs. Skipping.
[2023-12-06 11:51:25,817] {processor.py:653} WARNING - No viable dags retrieved from /opt/airflow/dags/ETL/Scripts/wheel3.10.exe
[2023-12-06 11:51:25,830] {processor.py:161} INFO - Processing /opt/airflow/dags/ETL/Scripts/wheel3.10.exe took 0.026 seconds
[2023-12-06 11:51:36,279] {processor.py:153} INFO - Started process (PID=4398) to work on /opt/airflow/dags/ETL/Scripts/wheel3.10.exe
[2023-12-06 11:51:36,280] {processor.py:641} INFO - Processing file /opt/airflow/dags/ETL/Scripts/wheel3.10.exe for tasks to queue
[2023-12-06 11:51:36,281] {logging_mixin.py:115} INFO - [2023-12-06 11:51:36,281] {dagbag.py:508} INFO - Filling up the DagBag from /opt/airflow/dags/ETL/Scripts/wheel3.10.exe
[2023-12-06 11:51:36,293] {logging_mixin.py:115} INFO - [2023-12-06 11:51:36,293] {dagbag.py:371} INFO - File /opt/airflow/dags/ETL/Scripts/wheel3.10.exe:__main__.py assumed to contain no DAGs. Skipping.
[2023-12-06 11:51:36,294] {processor.py:653} WARNING - No viable dags retrieved from /opt/airflow/dags/ETL/Scripts/wheel3.10.exe
[2023-12-06 11:51:36,311] {processor.py:161} INFO - Processing /opt/airflow/dags/ETL/Scripts/wheel3.10.exe took 0.036 seconds
[2023-12-06 11:51:47,047] {processor.py:153} INFO - Started process (PID=4446) to work on /opt/airflow/dags/ETL/Scripts/wheel3.10.exe
[2023-12-06 11:51:47,048] {processor.py:641} INFO - Processing file /opt/airflow/dags/ETL/Scripts/wheel3.10.exe for tasks to queue
[2023-12-06 11:51:47,048] {logging_mixin.py:115} INFO - [2023-12-06 11:51:47,048] {dagbag.py:508} INFO - Filling up the DagBag from /opt/airflow/dags/ETL/Scripts/wheel3.10.exe
[2023-12-06 11:51:47,060] {logging_mixin.py:115} INFO - [2023-12-06 11:51:47,060] {dagbag.py:371} INFO - File /opt/airflow/dags/ETL/Scripts/wheel3.10.exe:__main__.py assumed to contain no DAGs. Skipping.
[2023-12-06 11:51:47,060] {processor.py:653} WARNING - No viable dags retrieved from /opt/airflow/dags/ETL/Scripts/wheel3.10.exe
[2023-12-06 11:51:47,072] {processor.py:161} INFO - Processing /opt/airflow/dags/ETL/Scripts/wheel3.10.exe took 0.028 seconds
[2023-12-06 11:51:58,078] {processor.py:153} INFO - Started process (PID=4492) to work on /opt/airflow/dags/ETL/Scripts/wheel3.10.exe
[2023-12-06 11:51:58,079] {processor.py:641} INFO - Processing file /opt/airflow/dags/ETL/Scripts/wheel3.10.exe for tasks to queue
[2023-12-06 11:51:58,081] {logging_mixin.py:115} INFO - [2023-12-06 11:51:58,081] {dagbag.py:508} INFO - Filling up the DagBag from /opt/airflow/dags/ETL/Scripts/wheel3.10.exe
[2023-12-06 11:51:58,107] {logging_mixin.py:115} INFO - [2023-12-06 11:51:58,107] {dagbag.py:371} INFO - File /opt/airflow/dags/ETL/Scripts/wheel3.10.exe:__main__.py assumed to contain no DAGs. Skipping.
[2023-12-06 11:51:58,108] {processor.py:653} WARNING - No viable dags retrieved from /opt/airflow/dags/ETL/Scripts/wheel3.10.exe
[2023-12-06 11:51:58,135] {processor.py:161} INFO - Processing /opt/airflow/dags/ETL/Scripts/wheel3.10.exe took 0.063 seconds
[2023-12-06 11:52:08,588] {processor.py:153} INFO - Started process (PID=4536) to work on /opt/airflow/dags/ETL/Scripts/wheel3.10.exe
[2023-12-06 11:52:08,590] {processor.py:641} INFO - Processing file /opt/airflow/dags/ETL/Scripts/wheel3.10.exe for tasks to queue
[2023-12-06 11:52:08,591] {logging_mixin.py:115} INFO - [2023-12-06 11:52:08,591] {dagbag.py:508} INFO - Filling up the DagBag from /opt/airflow/dags/ETL/Scripts/wheel3.10.exe
[2023-12-06 11:52:08,606] {logging_mixin.py:115} INFO - [2023-12-06 11:52:08,606] {dagbag.py:371} INFO - File /opt/airflow/dags/ETL/Scripts/wheel3.10.exe:__main__.py assumed to contain no DAGs. Skipping.
[2023-12-06 11:52:08,607] {processor.py:653} WARNING - No viable dags retrieved from /opt/airflow/dags/ETL/Scripts/wheel3.10.exe
[2023-12-06 11:52:08,622] {processor.py:161} INFO - Processing /opt/airflow/dags/ETL/Scripts/wheel3.10.exe took 0.038 seconds
[2023-12-06 11:52:19,027] {processor.py:153} INFO - Started process (PID=4584) to work on /opt/airflow/dags/ETL/Scripts/wheel3.10.exe
[2023-12-06 11:52:19,027] {processor.py:641} INFO - Processing file /opt/airflow/dags/ETL/Scripts/wheel3.10.exe for tasks to queue
[2023-12-06 11:52:19,028] {logging_mixin.py:115} INFO - [2023-12-06 11:52:19,028] {dagbag.py:508} INFO - Filling up the DagBag from /opt/airflow/dags/ETL/Scripts/wheel3.10.exe
[2023-12-06 11:52:19,038] {logging_mixin.py:115} INFO - [2023-12-06 11:52:19,038] {dagbag.py:371} INFO - File /opt/airflow/dags/ETL/Scripts/wheel3.10.exe:__main__.py assumed to contain no DAGs. Skipping.
[2023-12-06 11:52:19,039] {processor.py:653} WARNING - No viable dags retrieved from /opt/airflow/dags/ETL/Scripts/wheel3.10.exe
[2023-12-06 11:52:19,052] {processor.py:161} INFO - Processing /opt/airflow/dags/ETL/Scripts/wheel3.10.exe took 0.028 seconds
[2023-12-06 11:52:37,745] {processor.py:153} INFO - Started process (PID=4634) to work on /opt/airflow/dags/ETL/Scripts/wheel3.10.exe
[2023-12-06 11:52:37,746] {processor.py:641} INFO - Processing file /opt/airflow/dags/ETL/Scripts/wheel3.10.exe for tasks to queue
[2023-12-06 11:52:37,746] {logging_mixin.py:115} INFO - [2023-12-06 11:52:37,746] {dagbag.py:508} INFO - Filling up the DagBag from /opt/airflow/dags/ETL/Scripts/wheel3.10.exe
[2023-12-06 11:52:37,761] {logging_mixin.py:115} INFO - [2023-12-06 11:52:37,760] {dagbag.py:371} INFO - File /opt/airflow/dags/ETL/Scripts/wheel3.10.exe:__main__.py assumed to contain no DAGs. Skipping.
[2023-12-06 11:52:37,761] {processor.py:653} WARNING - No viable dags retrieved from /opt/airflow/dags/ETL/Scripts/wheel3.10.exe
[2023-12-06 11:52:37,781] {processor.py:161} INFO - Processing /opt/airflow/dags/ETL/Scripts/wheel3.10.exe took 0.039 seconds
[2023-12-06 11:52:48,767] {processor.py:153} INFO - Started process (PID=4680) to work on /opt/airflow/dags/ETL/Scripts/wheel3.10.exe
[2023-12-06 11:52:48,768] {processor.py:641} INFO - Processing file /opt/airflow/dags/ETL/Scripts/wheel3.10.exe for tasks to queue
[2023-12-06 11:52:48,769] {logging_mixin.py:115} INFO - [2023-12-06 11:52:48,768] {dagbag.py:508} INFO - Filling up the DagBag from /opt/airflow/dags/ETL/Scripts/wheel3.10.exe
[2023-12-06 11:52:48,779] {logging_mixin.py:115} INFO - [2023-12-06 11:52:48,778] {dagbag.py:371} INFO - File /opt/airflow/dags/ETL/Scripts/wheel3.10.exe:__main__.py assumed to contain no DAGs. Skipping.
[2023-12-06 11:52:48,779] {processor.py:653} WARNING - No viable dags retrieved from /opt/airflow/dags/ETL/Scripts/wheel3.10.exe
[2023-12-06 11:52:48,795] {processor.py:161} INFO - Processing /opt/airflow/dags/ETL/Scripts/wheel3.10.exe took 0.033 seconds
[2023-12-06 11:52:59,547] {processor.py:153} INFO - Started process (PID=4726) to work on /opt/airflow/dags/ETL/Scripts/wheel3.10.exe
[2023-12-06 11:52:59,548] {processor.py:641} INFO - Processing file /opt/airflow/dags/ETL/Scripts/wheel3.10.exe for tasks to queue
[2023-12-06 11:52:59,548] {logging_mixin.py:115} INFO - [2023-12-06 11:52:59,548] {dagbag.py:508} INFO - Filling up the DagBag from /opt/airflow/dags/ETL/Scripts/wheel3.10.exe
[2023-12-06 11:52:59,559] {logging_mixin.py:115} INFO - [2023-12-06 11:52:59,559] {dagbag.py:371} INFO - File /opt/airflow/dags/ETL/Scripts/wheel3.10.exe:__main__.py assumed to contain no DAGs. Skipping.
[2023-12-06 11:52:59,560] {processor.py:653} WARNING - No viable dags retrieved from /opt/airflow/dags/ETL/Scripts/wheel3.10.exe
[2023-12-06 11:52:59,576] {processor.py:161} INFO - Processing /opt/airflow/dags/ETL/Scripts/wheel3.10.exe took 0.032 seconds
