[2023-12-07 22:09:22,400] {taskinstance.py:1179} INFO - Dependencies all met for <TaskInstance: ETL_redshift_docker_airflow.transformar_data scheduled__2023-12-06T00:00:00+00:00 [queued]>
[2023-12-07 22:09:22,410] {taskinstance.py:1179} INFO - Dependencies all met for <TaskInstance: ETL_redshift_docker_airflow.transformar_data scheduled__2023-12-06T00:00:00+00:00 [queued]>
[2023-12-07 22:09:22,410] {taskinstance.py:1376} INFO - 
--------------------------------------------------------------------------------
[2023-12-07 22:09:22,411] {taskinstance.py:1377} INFO - Starting attempt 2 of 6
[2023-12-07 22:09:22,411] {taskinstance.py:1378} INFO - 
--------------------------------------------------------------------------------
[2023-12-07 22:09:22,424] {taskinstance.py:1397} INFO - Executing <Task(PythonOperator): transformar_data> on 2023-12-06 00:00:00+00:00
[2023-12-07 22:09:22,429] {standard_task_runner.py:52} INFO - Started process 503 to run task
[2023-12-07 22:09:22,432] {standard_task_runner.py:79} INFO - Running: ['***', 'tasks', 'run', 'ETL_redshift_docker_***', 'transformar_data', 'scheduled__2023-12-06T00:00:00+00:00', '--job-id', '151', '--raw', '--subdir', 'DAGS_FOLDER/ETL a Redshift.py', '--cfg-path', '/tmp/tmpx_96_6j5', '--error-file', '/tmp/tmpwpp77ua9']
[2023-12-07 22:09:22,433] {standard_task_runner.py:80} INFO - Job 151: Subtask transformar_data
[2023-12-07 22:09:22,496] {task_command.py:371} INFO - Running <TaskInstance: ETL_redshift_docker_airflow.transformar_data scheduled__2023-12-06T00:00:00+00:00 [running]> on host 4357a10b93bd
[2023-12-07 22:09:22,536] {logging_mixin.py:115} WARNING - /home/***/.local/lib/python3.7/site-packages/***/utils/context.py:202 AirflowContextDeprecationWarning: Accessing 'execution_date' from the template is deprecated and will be removed in a future version. Please use 'data_interval_start' or 'logical_date' instead.
[2023-12-07 22:09:22,571] {taskinstance.py:1591} INFO - Exporting the following env vars:
AIRFLOW_CTX_DAG_OWNER=ManuelMoyano
AIRFLOW_CTX_DAG_ID=ETL_redshift_docker_***
AIRFLOW_CTX_TASK_ID=transformar_data
AIRFLOW_CTX_EXECUTION_DATE=2023-12-06T00:00:00+00:00
AIRFLOW_CTX_TRY_NUMBER=2
AIRFLOW_CTX_DAG_RUN_ID=scheduled__2023-12-06T00:00:00+00:00
[2023-12-07 22:09:22,572] {logging_mixin.py:115} INFO - Transformando la data para la fecha: 2023-12-06 0
[2023-12-07 22:09:22,591] {python.py:173} INFO - Done. Returned value was: None
[2023-12-07 22:09:22,604] {taskinstance.py:1420} INFO - Marking task as SUCCESS. dag_id=ETL_redshift_docker_***, task_id=transformar_data, execution_date=20231206T000000, start_date=20231207T220922, end_date=20231207T220922
[2023-12-07 22:09:22,643] {local_task_job.py:156} INFO - Task exited with return code 0
[2023-12-07 22:09:22,683] {local_task_job.py:273} INFO - 1 downstream tasks scheduled from follow-on schedule check
