[2023-12-20T22:20:15.897+0000] {taskinstance.py:1957} INFO - Dependencies all met for dep_context=non-requeueable deps ti=<TaskInstance: ETL_redshift_docker_airflow.mensaje_carga_completada manual__2023-12-20T22:17:44.652480+00:00 [queued]>
[2023-12-20T22:20:15.906+0000] {taskinstance.py:1957} INFO - Dependencies all met for dep_context=requeueable deps ti=<TaskInstance: ETL_redshift_docker_airflow.mensaje_carga_completada manual__2023-12-20T22:17:44.652480+00:00 [queued]>
[2023-12-20T22:20:15.907+0000] {taskinstance.py:2171} INFO - Starting attempt 1 of 6
[2023-12-20T22:20:15.921+0000] {taskinstance.py:2192} INFO - Executing <Task(PythonOperator): mensaje_carga_completada> on 2023-12-20 22:17:44.652480+00:00
[2023-12-20T22:20:15.926+0000] {standard_task_runner.py:60} INFO - Started process 105 to run task
[2023-12-20T22:20:15.930+0000] {standard_task_runner.py:87} INFO - Running: ['***', 'tasks', 'run', 'ETL_redshift_docker_***', 'mensaje_carga_completada', 'manual__2023-12-20T22:17:44.652480+00:00', '--job-id', '377', '--raw', '--subdir', 'DAGS_FOLDER/ETL a Redshift.py', '--cfg-path', '/tmp/tmpvrcyel0i']
[2023-12-20T22:20:15.932+0000] {standard_task_runner.py:88} INFO - Job 377: Subtask mensaje_carga_completada
[2023-12-20T22:20:15.944+0000] {warnings.py:109} WARNING - /home/***/.local/lib/python3.8/site-packages/***/settings.py:195: DeprecationWarning: The sql_alchemy_conn option in [core] has been moved to the sql_alchemy_conn option in [database] - the old setting has been used, but please update your config.
  SQL_ALCHEMY_CONN = conf.get("database", "SQL_ALCHEMY_CONN")

[2023-12-20T22:20:15.976+0000] {task_command.py:423} INFO - Running <TaskInstance: ETL_redshift_docker_airflow.mensaje_carga_completada manual__2023-12-20T22:17:44.652480+00:00 [running]> on host de1b3d441485
[2023-12-20T22:20:16.022+0000] {warnings.py:109} WARNING - /home/***/.local/lib/python3.8/site-packages/***/utils/context.py:207: AirflowContextDeprecationWarning: Accessing 'execution_date' from the template is deprecated and will be removed in a future version. Please use 'data_interval_start' or 'logical_date' instead.
  warnings.warn(_create_deprecation_warning(key, self._deprecation_replacements[key]))

[2023-12-20T22:20:16.055+0000] {taskinstance.py:2481} INFO - Exporting env vars: AIRFLOW_CTX_DAG_OWNER='ManuelMoyano' AIRFLOW_CTX_DAG_ID='ETL_redshift_docker_***' AIRFLOW_CTX_TASK_ID='mensaje_carga_completada' AIRFLOW_CTX_EXECUTION_DATE='2023-12-20T22:17:44.652480+00:00' AIRFLOW_CTX_TRY_NUMBER='1' AIRFLOW_CTX_DAG_RUN_ID='manual__2023-12-20T22:17:44.652480+00:00'
[2023-12-20T22:20:16.057+0000] {taskinstance.py:2699} ERROR - Task failed with exception
Traceback (most recent call last):
  File "/home/airflow/.local/lib/python3.8/site-packages/airflow/models/taskinstance.py", line 433, in _execute_task
    result = execute_callable(context=context, **execute_callable_kwargs)
  File "/home/airflow/.local/lib/python3.8/site-packages/airflow/operators/python.py", line 199, in execute
    return_value = self.execute_callable()
  File "/home/airflow/.local/lib/python3.8/site-packages/airflow/operators/python.py", line 216, in execute_callable
    return self.python_callable(*self.op_args, **self.op_kwargs)
TypeError: enviar() missing 1 required positional argument: 'n_pages'
[2023-12-20T22:20:16.075+0000] {taskinstance.py:1138} INFO - Marking task as UP_FOR_RETRY. dag_id=ETL_redshift_docker_***, task_id=mensaje_carga_completada, execution_date=20231220T221744, start_date=20231220T222015, end_date=20231220T222016
[2023-12-20T22:20:16.099+0000] {standard_task_runner.py:107} ERROR - Failed to execute job 377 for task mensaje_carga_completada (enviar() missing 1 required positional argument: 'n_pages'; 105)
[2023-12-20T22:20:16.143+0000] {local_task_job_runner.py:234} INFO - Task exited with return code 1
[2023-12-20T22:20:16.159+0000] {taskinstance.py:3281} INFO - 0 downstream tasks scheduled from follow-on schedule check
