[2023-12-06 11:33:38,190] {taskinstance.py:1179} INFO - Dependencies all met for <TaskInstance: ETL_redshift_docker_airflow.transformar_data manual__2023-12-06T11:23:23.725705+00:00 [queued]>
[2023-12-06 11:33:38,201] {taskinstance.py:1179} INFO - Dependencies all met for <TaskInstance: ETL_redshift_docker_airflow.transformar_data manual__2023-12-06T11:23:23.725705+00:00 [queued]>
[2023-12-06 11:33:38,201] {taskinstance.py:1376} INFO - 
--------------------------------------------------------------------------------
[2023-12-06 11:33:38,202] {taskinstance.py:1377} INFO - Starting attempt 3 of 6
[2023-12-06 11:33:38,202] {taskinstance.py:1378} INFO - 
--------------------------------------------------------------------------------
[2023-12-06 11:33:38,216] {taskinstance.py:1397} INFO - Executing <Task(PythonOperator): transformar_data> on 2023-12-06 11:23:23.725705+00:00
[2023-12-06 11:33:38,220] {standard_task_runner.py:52} INFO - Started process 595 to run task
[2023-12-06 11:33:38,223] {standard_task_runner.py:79} INFO - Running: ['***', 'tasks', 'run', 'ETL_redshift_docker_***', 'transformar_data', 'manual__2023-12-06T11:23:23.725705+00:00', '--job-id', '28', '--raw', '--subdir', 'DAGS_FOLDER/ETL a Redshift.py', '--cfg-path', '/tmp/tmpiotn6whg', '--error-file', '/tmp/tmpm6n0po2z']
[2023-12-06 11:33:38,225] {standard_task_runner.py:80} INFO - Job 28: Subtask transformar_data
[2023-12-06 11:33:38,290] {task_command.py:371} INFO - Running <TaskInstance: ETL_redshift_docker_airflow.transformar_data manual__2023-12-06T11:23:23.725705+00:00 [running]> on host 4357a10b93bd
[2023-12-06 11:33:38,331] {logging_mixin.py:115} WARNING - /home/***/.local/lib/python3.7/site-packages/***/utils/context.py:202 AirflowContextDeprecationWarning: Accessing 'execution_date' from the template is deprecated and will be removed in a future version. Please use 'data_interval_start' or 'logical_date' instead.
[2023-12-06 11:33:38,364] {taskinstance.py:1591} INFO - Exporting the following env vars:
AIRFLOW_CTX_DAG_OWNER=ManuelMoyano
AIRFLOW_CTX_DAG_ID=ETL_redshift_docker_***
AIRFLOW_CTX_TASK_ID=transformar_data
AIRFLOW_CTX_EXECUTION_DATE=2023-12-06T11:23:23.725705+00:00
AIRFLOW_CTX_TRY_NUMBER=3
AIRFLOW_CTX_DAG_RUN_ID=manual__2023-12-06T11:23:23.725705+00:00
[2023-12-06 11:33:38,365] {logging_mixin.py:115} INFO - Transformando la data para la fecha: 2023-12-06 11
[2023-12-06 11:33:38,365] {taskinstance.py:1909} ERROR - Task failed with exception
Traceback (most recent call last):
  File "/home/airflow/.local/lib/python3.7/site-packages/airflow/operators/python.py", line 171, in execute
    return_value = self.execute_callable()
  File "/home/airflow/.local/lib/python3.7/site-packages/airflow/operators/python.py", line 189, in execute_callable
    return self.python_callable(*self.op_args, **self.op_kwargs)
  File "/opt/airflow/dags/ETL a Redshift.py", line 101, in transformar_data
    fullpage_movie = pages[f'df_movie_{1}']
KeyError: 'df_movie_1'
[2023-12-06 11:33:38,377] {taskinstance.py:1420} INFO - Marking task as UP_FOR_RETRY. dag_id=ETL_redshift_docker_***, task_id=transformar_data, execution_date=20231206T112323, start_date=20231206T113338, end_date=20231206T113338
[2023-12-06 11:33:38,388] {standard_task_runner.py:97} ERROR - Failed to execute job 28 for task transformar_data ('df_movie_1'; 595)
[2023-12-06 11:33:38,395] {local_task_job.py:156} INFO - Task exited with return code 1
[2023-12-06 11:33:38,435] {local_task_job.py:273} INFO - 0 downstream tasks scheduled from follow-on schedule check
