[2023-12-07 22:16:46,526] {taskinstance.py:1179} INFO - Dependencies all met for <TaskInstance: ETL_redshift_docker_airflow.cargar_data manual__2023-12-07T22:16:32.209588+00:00 [queued]>
[2023-12-07 22:16:46,536] {taskinstance.py:1179} INFO - Dependencies all met for <TaskInstance: ETL_redshift_docker_airflow.cargar_data manual__2023-12-07T22:16:32.209588+00:00 [queued]>
[2023-12-07 22:16:46,536] {taskinstance.py:1376} INFO - 
--------------------------------------------------------------------------------
[2023-12-07 22:16:46,537] {taskinstance.py:1377} INFO - Starting attempt 1 of 6
[2023-12-07 22:16:46,537] {taskinstance.py:1378} INFO - 
--------------------------------------------------------------------------------
[2023-12-07 22:16:46,556] {taskinstance.py:1397} INFO - Executing <Task(PythonOperator): cargar_data> on 2023-12-07 22:16:32.209588+00:00
[2023-12-07 22:16:46,560] {standard_task_runner.py:52} INFO - Started process 854 to run task
[2023-12-07 22:16:46,564] {standard_task_runner.py:79} INFO - Running: ['***', 'tasks', 'run', 'ETL_redshift_docker_***', 'cargar_data', 'manual__2023-12-07T22:16:32.209588+00:00', '--job-id', '180', '--raw', '--subdir', 'DAGS_FOLDER/ETL a Redshift.py', '--cfg-path', '/tmp/tmph6i0wv2j', '--error-file', '/tmp/tmp3u8pt3bm']
[2023-12-07 22:16:46,566] {standard_task_runner.py:80} INFO - Job 180: Subtask cargar_data
[2023-12-07 22:16:46,636] {task_command.py:371} INFO - Running <TaskInstance: ETL_redshift_docker_airflow.cargar_data manual__2023-12-07T22:16:32.209588+00:00 [running]> on host 4357a10b93bd
[2023-12-07 22:16:46,687] {logging_mixin.py:115} WARNING - /home/***/.local/lib/python3.7/site-packages/***/utils/context.py:202 AirflowContextDeprecationWarning: Accessing 'execution_date' from the template is deprecated and will be removed in a future version. Please use 'data_interval_start' or 'logical_date' instead.
[2023-12-07 22:16:46,726] {taskinstance.py:1591} INFO - Exporting the following env vars:
AIRFLOW_CTX_DAG_OWNER=ManuelMoyano
AIRFLOW_CTX_DAG_ID=ETL_redshift_docker_***
AIRFLOW_CTX_TASK_ID=cargar_data
AIRFLOW_CTX_EXECUTION_DATE=2023-12-07T22:16:32.209588+00:00
AIRFLOW_CTX_TRY_NUMBER=1
AIRFLOW_CTX_DAG_RUN_ID=manual__2023-12-07T22:16:32.209588+00:00
[2023-12-07 22:16:46,727] {logging_mixin.py:115} INFO - Cargando la data para la fecha: 2023-12-07 22
[2023-12-07 22:16:49,172] {python.py:173} INFO - Done. Returned value was: None
[2023-12-07 22:16:49,185] {taskinstance.py:1420} INFO - Marking task as SUCCESS. dag_id=ETL_redshift_docker_***, task_id=cargar_data, execution_date=20231207T221632, start_date=20231207T221646, end_date=20231207T221649
[2023-12-07 22:16:49,224] {local_task_job.py:156} INFO - Task exited with return code 0
[2023-12-07 22:16:49,252] {local_task_job.py:273} INFO - 0 downstream tasks scheduled from follow-on schedule check
