[2023-12-07 22:17:36,429] {taskinstance.py:1179} INFO - Dependencies all met for <TaskInstance: ETL_redshift_docker_airflow.cargar_data manual__2023-12-07T22:02:24.244913+00:00 [queued]>
[2023-12-07 22:17:36,441] {taskinstance.py:1179} INFO - Dependencies all met for <TaskInstance: ETL_redshift_docker_airflow.cargar_data manual__2023-12-07T22:02:24.244913+00:00 [queued]>
[2023-12-07 22:17:36,442] {taskinstance.py:1376} INFO - 
--------------------------------------------------------------------------------
[2023-12-07 22:17:36,442] {taskinstance.py:1377} INFO - Starting attempt 3 of 6
[2023-12-07 22:17:36,442] {taskinstance.py:1378} INFO - 
--------------------------------------------------------------------------------
[2023-12-07 22:17:36,459] {taskinstance.py:1397} INFO - Executing <Task(PythonOperator): cargar_data> on 2023-12-07 22:02:24.244913+00:00
[2023-12-07 22:17:36,464] {standard_task_runner.py:52} INFO - Started process 881 to run task
[2023-12-07 22:17:36,467] {standard_task_runner.py:79} INFO - Running: ['***', 'tasks', 'run', 'ETL_redshift_docker_***', 'cargar_data', 'manual__2023-12-07T22:02:24.244913+00:00', '--job-id', '181', '--raw', '--subdir', 'DAGS_FOLDER/ETL a Redshift.py', '--cfg-path', '/tmp/tmp9f6q1khi', '--error-file', '/tmp/tmpenv0dnt_']
[2023-12-07 22:17:36,468] {standard_task_runner.py:80} INFO - Job 181: Subtask cargar_data
[2023-12-07 22:17:36,528] {task_command.py:371} INFO - Running <TaskInstance: ETL_redshift_docker_airflow.cargar_data manual__2023-12-07T22:02:24.244913+00:00 [running]> on host 4357a10b93bd
[2023-12-07 22:17:36,574] {logging_mixin.py:115} WARNING - /home/***/.local/lib/python3.7/site-packages/***/utils/context.py:202 AirflowContextDeprecationWarning: Accessing 'execution_date' from the template is deprecated and will be removed in a future version. Please use 'data_interval_start' or 'logical_date' instead.
[2023-12-07 22:17:36,608] {taskinstance.py:1591} INFO - Exporting the following env vars:
AIRFLOW_CTX_DAG_OWNER=ManuelMoyano
AIRFLOW_CTX_DAG_ID=ETL_redshift_docker_***
AIRFLOW_CTX_TASK_ID=cargar_data
AIRFLOW_CTX_EXECUTION_DATE=2023-12-07T22:02:24.244913+00:00
AIRFLOW_CTX_TRY_NUMBER=3
AIRFLOW_CTX_DAG_RUN_ID=manual__2023-12-07T22:02:24.244913+00:00
[2023-12-07 22:17:36,609] {logging_mixin.py:115} INFO - Cargando la data para la fecha: 2023-12-07 22
[2023-12-07 22:17:40,109] {python.py:173} INFO - Done. Returned value was: None
[2023-12-07 22:17:40,514] {taskinstance.py:1420} INFO - Marking task as SUCCESS. dag_id=ETL_redshift_docker_***, task_id=cargar_data, execution_date=20231207T220224, start_date=20231207T221736, end_date=20231207T221740
[2023-12-07 22:17:40,570] {local_task_job.py:156} INFO - Task exited with return code 0
[2023-12-07 22:17:40,625] {local_task_job.py:273} INFO - 0 downstream tasks scheduled from follow-on schedule check
