[2023-12-20 13:59:55,269] {processor.py:163} INFO - Started process (PID=85) to work on /home/airflow/.local/lib/python3.6/site-packages/airflow/example_dags/tutorial_taskflow_api_etl_virtualenv.py
[2023-12-20 13:59:55,288] {processor.py:642} INFO - Processing file /home/airflow/.local/lib/python3.6/site-packages/airflow/example_dags/tutorial_taskflow_api_etl_virtualenv.py for tasks to queue
[2023-12-20 13:59:55,290] {logging_mixin.py:109} INFO - [2023-12-20 13:59:55,290] {dagbag.py:500} INFO - Filling up the DagBag from /home/airflow/.local/lib/python3.6/site-packages/airflow/example_dags/tutorial_taskflow_api_etl_virtualenv.py
[2023-12-20 13:59:56,266] {processor.py:654} INFO - DAG(s) dict_keys(['tutorial_taskflow_api_etl_virtualenv']) retrieved from /home/airflow/.local/lib/python3.6/site-packages/airflow/example_dags/tutorial_taskflow_api_etl_virtualenv.py
[2023-12-20 14:00:16,484] {logging_mixin.py:109} INFO - [2023-12-20 14:00:16,484] {dag.py:2396} INFO - Sync 1 DAGs
[2023-12-20 14:00:19,145] {logging_mixin.py:109} INFO - [2023-12-20 14:00:19,145] {dag.py:2935} INFO - Setting next_dagrun for tutorial_taskflow_api_etl_virtualenv to None
[2023-12-20 14:00:19,558] {processor.py:171} INFO - Processing /home/airflow/.local/lib/python3.6/site-packages/airflow/example_dags/tutorial_taskflow_api_etl_virtualenv.py took 24.734 seconds
[2023-12-20 14:03:16,102] {processor.py:163} INFO - Started process (PID=225) to work on /home/airflow/.local/lib/python3.6/site-packages/airflow/example_dags/tutorial_taskflow_api_etl_virtualenv.py
[2023-12-20 14:03:16,327] {processor.py:642} INFO - Processing file /home/airflow/.local/lib/python3.6/site-packages/airflow/example_dags/tutorial_taskflow_api_etl_virtualenv.py for tasks to queue
[2023-12-20 14:03:16,328] {logging_mixin.py:109} INFO - [2023-12-20 14:03:16,327] {dagbag.py:500} INFO - Filling up the DagBag from /home/airflow/.local/lib/python3.6/site-packages/airflow/example_dags/tutorial_taskflow_api_etl_virtualenv.py
[2023-12-20 14:03:16,362] {processor.py:654} INFO - DAG(s) dict_keys(['tutorial_taskflow_api_etl_virtualenv']) retrieved from /home/airflow/.local/lib/python3.6/site-packages/airflow/example_dags/tutorial_taskflow_api_etl_virtualenv.py
[2023-12-20 14:03:16,587] {logging_mixin.py:109} INFO - [2023-12-20 14:03:16,587] {dag.py:2396} INFO - Sync 1 DAGs
[2023-12-20 14:03:16,597] {logging_mixin.py:109} INFO - [2023-12-20 14:03:16,597] {dag.py:2935} INFO - Setting next_dagrun for tutorial_taskflow_api_etl_virtualenv to None
[2023-12-20 14:03:16,606] {processor.py:171} INFO - Processing /home/airflow/.local/lib/python3.6/site-packages/airflow/example_dags/tutorial_taskflow_api_etl_virtualenv.py took 0.508 seconds
[2023-12-20 14:04:06,288] {processor.py:163} INFO - Started process (PID=319) to work on /home/airflow/.local/lib/python3.6/site-packages/airflow/example_dags/tutorial_taskflow_api_etl_virtualenv.py
[2023-12-20 14:04:06,289] {processor.py:642} INFO - Processing file /home/airflow/.local/lib/python3.6/site-packages/airflow/example_dags/tutorial_taskflow_api_etl_virtualenv.py for tasks to queue
[2023-12-20 14:04:06,290] {logging_mixin.py:109} INFO - [2023-12-20 14:04:06,290] {dagbag.py:500} INFO - Filling up the DagBag from /home/airflow/.local/lib/python3.6/site-packages/airflow/example_dags/tutorial_taskflow_api_etl_virtualenv.py
[2023-12-20 14:04:06,327] {processor.py:654} INFO - DAG(s) dict_keys(['tutorial_taskflow_api_etl_virtualenv']) retrieved from /home/airflow/.local/lib/python3.6/site-packages/airflow/example_dags/tutorial_taskflow_api_etl_virtualenv.py
[2023-12-20 14:04:06,604] {logging_mixin.py:109} INFO - [2023-12-20 14:04:06,604] {dag.py:2396} INFO - Sync 1 DAGs
[2023-12-20 14:04:06,616] {logging_mixin.py:109} INFO - [2023-12-20 14:04:06,616] {dag.py:2935} INFO - Setting next_dagrun for tutorial_taskflow_api_etl_virtualenv to None
[2023-12-20 14:04:06,628] {processor.py:171} INFO - Processing /home/airflow/.local/lib/python3.6/site-packages/airflow/example_dags/tutorial_taskflow_api_etl_virtualenv.py took 0.343 seconds
[2023-12-20 14:04:39,664] {processor.py:163} INFO - Started process (PID=395) to work on /home/airflow/.local/lib/python3.6/site-packages/airflow/example_dags/tutorial_taskflow_api_etl_virtualenv.py
[2023-12-20 14:04:39,706] {processor.py:642} INFO - Processing file /home/airflow/.local/lib/python3.6/site-packages/airflow/example_dags/tutorial_taskflow_api_etl_virtualenv.py for tasks to queue
[2023-12-20 14:04:39,707] {logging_mixin.py:109} INFO - [2023-12-20 14:04:39,707] {dagbag.py:500} INFO - Filling up the DagBag from /home/airflow/.local/lib/python3.6/site-packages/airflow/example_dags/tutorial_taskflow_api_etl_virtualenv.py
[2023-12-20 14:04:39,732] {processor.py:654} INFO - DAG(s) dict_keys(['tutorial_taskflow_api_etl_virtualenv']) retrieved from /home/airflow/.local/lib/python3.6/site-packages/airflow/example_dags/tutorial_taskflow_api_etl_virtualenv.py
[2023-12-20 14:04:39,941] {logging_mixin.py:109} INFO - [2023-12-20 14:04:39,941] {dag.py:2396} INFO - Sync 1 DAGs
[2023-12-20 14:04:39,951] {logging_mixin.py:109} INFO - [2023-12-20 14:04:39,950] {dag.py:2935} INFO - Setting next_dagrun for tutorial_taskflow_api_etl_virtualenv to None
[2023-12-20 14:04:40,059] {processor.py:171} INFO - Processing /home/airflow/.local/lib/python3.6/site-packages/airflow/example_dags/tutorial_taskflow_api_etl_virtualenv.py took 0.398 seconds
[2023-12-20 14:05:23,353] {processor.py:163} INFO - Started process (PID=492) to work on /home/airflow/.local/lib/python3.6/site-packages/airflow/example_dags/tutorial_taskflow_api_etl_virtualenv.py
[2023-12-20 14:05:23,376] {processor.py:642} INFO - Processing file /home/airflow/.local/lib/python3.6/site-packages/airflow/example_dags/tutorial_taskflow_api_etl_virtualenv.py for tasks to queue
[2023-12-20 14:05:23,377] {logging_mixin.py:109} INFO - [2023-12-20 14:05:23,377] {dagbag.py:500} INFO - Filling up the DagBag from /home/airflow/.local/lib/python3.6/site-packages/airflow/example_dags/tutorial_taskflow_api_etl_virtualenv.py
[2023-12-20 14:05:23,408] {processor.py:654} INFO - DAG(s) dict_keys(['tutorial_taskflow_api_etl_virtualenv']) retrieved from /home/airflow/.local/lib/python3.6/site-packages/airflow/example_dags/tutorial_taskflow_api_etl_virtualenv.py
[2023-12-20 14:05:23,599] {logging_mixin.py:109} INFO - [2023-12-20 14:05:23,599] {dag.py:2396} INFO - Sync 1 DAGs
[2023-12-20 14:05:23,611] {logging_mixin.py:109} INFO - [2023-12-20 14:05:23,611] {dag.py:2935} INFO - Setting next_dagrun for tutorial_taskflow_api_etl_virtualenv to None
[2023-12-20 14:05:23,635] {processor.py:171} INFO - Processing /home/airflow/.local/lib/python3.6/site-packages/airflow/example_dags/tutorial_taskflow_api_etl_virtualenv.py took 0.287 seconds
[2023-12-20 14:05:55,529] {processor.py:163} INFO - Started process (PID=576) to work on /home/airflow/.local/lib/python3.6/site-packages/airflow/example_dags/tutorial_taskflow_api_etl_virtualenv.py
[2023-12-20 14:05:55,547] {processor.py:642} INFO - Processing file /home/airflow/.local/lib/python3.6/site-packages/airflow/example_dags/tutorial_taskflow_api_etl_virtualenv.py for tasks to queue
[2023-12-20 14:05:55,548] {logging_mixin.py:109} INFO - [2023-12-20 14:05:55,548] {dagbag.py:500} INFO - Filling up the DagBag from /home/airflow/.local/lib/python3.6/site-packages/airflow/example_dags/tutorial_taskflow_api_etl_virtualenv.py
[2023-12-20 14:05:55,576] {processor.py:654} INFO - DAG(s) dict_keys(['tutorial_taskflow_api_etl_virtualenv']) retrieved from /home/airflow/.local/lib/python3.6/site-packages/airflow/example_dags/tutorial_taskflow_api_etl_virtualenv.py
[2023-12-20 14:05:55,865] {logging_mixin.py:109} INFO - [2023-12-20 14:05:55,864] {dag.py:2396} INFO - Sync 1 DAGs
[2023-12-20 14:05:55,874] {logging_mixin.py:109} INFO - [2023-12-20 14:05:55,874] {dag.py:2935} INFO - Setting next_dagrun for tutorial_taskflow_api_etl_virtualenv to None
[2023-12-20 14:05:55,883] {processor.py:171} INFO - Processing /home/airflow/.local/lib/python3.6/site-packages/airflow/example_dags/tutorial_taskflow_api_etl_virtualenv.py took 0.357 seconds
[2023-12-20 14:06:26,375] {processor.py:163} INFO - Started process (PID=648) to work on /home/airflow/.local/lib/python3.6/site-packages/airflow/example_dags/tutorial_taskflow_api_etl_virtualenv.py
[2023-12-20 14:06:26,377] {processor.py:642} INFO - Processing file /home/airflow/.local/lib/python3.6/site-packages/airflow/example_dags/tutorial_taskflow_api_etl_virtualenv.py for tasks to queue
[2023-12-20 14:06:26,378] {logging_mixin.py:109} INFO - [2023-12-20 14:06:26,377] {dagbag.py:500} INFO - Filling up the DagBag from /home/airflow/.local/lib/python3.6/site-packages/airflow/example_dags/tutorial_taskflow_api_etl_virtualenv.py
[2023-12-20 14:06:26,400] {processor.py:654} INFO - DAG(s) dict_keys(['tutorial_taskflow_api_etl_virtualenv']) retrieved from /home/airflow/.local/lib/python3.6/site-packages/airflow/example_dags/tutorial_taskflow_api_etl_virtualenv.py
[2023-12-20 14:06:26,596] {logging_mixin.py:109} INFO - [2023-12-20 14:06:26,596] {dag.py:2396} INFO - Sync 1 DAGs
[2023-12-20 14:06:26,609] {logging_mixin.py:109} INFO - [2023-12-20 14:06:26,609] {dag.py:2935} INFO - Setting next_dagrun for tutorial_taskflow_api_etl_virtualenv to None
[2023-12-20 14:06:26,619] {processor.py:171} INFO - Processing /home/airflow/.local/lib/python3.6/site-packages/airflow/example_dags/tutorial_taskflow_api_etl_virtualenv.py took 0.248 seconds
[2023-12-20 14:06:56,843] {processor.py:163} INFO - Started process (PID=729) to work on /home/airflow/.local/lib/python3.6/site-packages/airflow/example_dags/tutorial_taskflow_api_etl_virtualenv.py
[2023-12-20 14:06:56,889] {processor.py:642} INFO - Processing file /home/airflow/.local/lib/python3.6/site-packages/airflow/example_dags/tutorial_taskflow_api_etl_virtualenv.py for tasks to queue
[2023-12-20 14:06:56,890] {logging_mixin.py:109} INFO - [2023-12-20 14:06:56,890] {dagbag.py:500} INFO - Filling up the DagBag from /home/airflow/.local/lib/python3.6/site-packages/airflow/example_dags/tutorial_taskflow_api_etl_virtualenv.py
[2023-12-20 14:06:56,929] {processor.py:654} INFO - DAG(s) dict_keys(['tutorial_taskflow_api_etl_virtualenv']) retrieved from /home/airflow/.local/lib/python3.6/site-packages/airflow/example_dags/tutorial_taskflow_api_etl_virtualenv.py
[2023-12-20 14:06:57,119] {logging_mixin.py:109} INFO - [2023-12-20 14:06:57,119] {dag.py:2396} INFO - Sync 1 DAGs
[2023-12-20 14:06:57,135] {logging_mixin.py:109} INFO - [2023-12-20 14:06:57,135] {dag.py:2935} INFO - Setting next_dagrun for tutorial_taskflow_api_etl_virtualenv to None
[2023-12-20 14:06:57,279] {processor.py:171} INFO - Processing /home/airflow/.local/lib/python3.6/site-packages/airflow/example_dags/tutorial_taskflow_api_etl_virtualenv.py took 0.440 seconds
[2023-12-20 14:07:28,183] {processor.py:163} INFO - Started process (PID=805) to work on /home/airflow/.local/lib/python3.6/site-packages/airflow/example_dags/tutorial_taskflow_api_etl_virtualenv.py
[2023-12-20 14:07:28,185] {processor.py:642} INFO - Processing file /home/airflow/.local/lib/python3.6/site-packages/airflow/example_dags/tutorial_taskflow_api_etl_virtualenv.py for tasks to queue
[2023-12-20 14:07:28,187] {logging_mixin.py:109} INFO - [2023-12-20 14:07:28,186] {dagbag.py:500} INFO - Filling up the DagBag from /home/airflow/.local/lib/python3.6/site-packages/airflow/example_dags/tutorial_taskflow_api_etl_virtualenv.py
[2023-12-20 14:07:28,230] {processor.py:654} INFO - DAG(s) dict_keys(['tutorial_taskflow_api_etl_virtualenv']) retrieved from /home/airflow/.local/lib/python3.6/site-packages/airflow/example_dags/tutorial_taskflow_api_etl_virtualenv.py
[2023-12-20 14:07:28,446] {logging_mixin.py:109} INFO - [2023-12-20 14:07:28,446] {dag.py:2396} INFO - Sync 1 DAGs
[2023-12-20 14:07:28,457] {logging_mixin.py:109} INFO - [2023-12-20 14:07:28,457] {dag.py:2935} INFO - Setting next_dagrun for tutorial_taskflow_api_etl_virtualenv to None
[2023-12-20 14:07:28,466] {processor.py:171} INFO - Processing /home/airflow/.local/lib/python3.6/site-packages/airflow/example_dags/tutorial_taskflow_api_etl_virtualenv.py took 0.286 seconds
[2023-12-20 14:07:59,220] {processor.py:163} INFO - Started process (PID=881) to work on /home/airflow/.local/lib/python3.6/site-packages/airflow/example_dags/tutorial_taskflow_api_etl_virtualenv.py
[2023-12-20 14:07:59,222] {processor.py:642} INFO - Processing file /home/airflow/.local/lib/python3.6/site-packages/airflow/example_dags/tutorial_taskflow_api_etl_virtualenv.py for tasks to queue
[2023-12-20 14:07:59,223] {logging_mixin.py:109} INFO - [2023-12-20 14:07:59,222] {dagbag.py:500} INFO - Filling up the DagBag from /home/airflow/.local/lib/python3.6/site-packages/airflow/example_dags/tutorial_taskflow_api_etl_virtualenv.py
[2023-12-20 14:07:59,256] {processor.py:654} INFO - DAG(s) dict_keys(['tutorial_taskflow_api_etl_virtualenv']) retrieved from /home/airflow/.local/lib/python3.6/site-packages/airflow/example_dags/tutorial_taskflow_api_etl_virtualenv.py
[2023-12-20 14:07:59,464] {logging_mixin.py:109} INFO - [2023-12-20 14:07:59,464] {dag.py:2396} INFO - Sync 1 DAGs
[2023-12-20 14:07:59,481] {logging_mixin.py:109} INFO - [2023-12-20 14:07:59,481] {dag.py:2935} INFO - Setting next_dagrun for tutorial_taskflow_api_etl_virtualenv to None
[2023-12-20 14:07:59,495] {processor.py:171} INFO - Processing /home/airflow/.local/lib/python3.6/site-packages/airflow/example_dags/tutorial_taskflow_api_etl_virtualenv.py took 0.279 seconds
[2023-12-20 14:08:39,542] {processor.py:163} INFO - Started process (PID=966) to work on /home/airflow/.local/lib/python3.6/site-packages/airflow/example_dags/tutorial_taskflow_api_etl_virtualenv.py
[2023-12-20 14:08:39,561] {processor.py:642} INFO - Processing file /home/airflow/.local/lib/python3.6/site-packages/airflow/example_dags/tutorial_taskflow_api_etl_virtualenv.py for tasks to queue
[2023-12-20 14:08:39,562] {logging_mixin.py:109} INFO - [2023-12-20 14:08:39,562] {dagbag.py:500} INFO - Filling up the DagBag from /home/airflow/.local/lib/python3.6/site-packages/airflow/example_dags/tutorial_taskflow_api_etl_virtualenv.py
[2023-12-20 14:08:39,613] {processor.py:654} INFO - DAG(s) dict_keys(['tutorial_taskflow_api_etl_virtualenv']) retrieved from /home/airflow/.local/lib/python3.6/site-packages/airflow/example_dags/tutorial_taskflow_api_etl_virtualenv.py
[2023-12-20 14:08:39,829] {logging_mixin.py:109} INFO - [2023-12-20 14:08:39,828] {dag.py:2396} INFO - Sync 1 DAGs
[2023-12-20 14:08:39,840] {logging_mixin.py:109} INFO - [2023-12-20 14:08:39,840] {dag.py:2935} INFO - Setting next_dagrun for tutorial_taskflow_api_etl_virtualenv to None
[2023-12-20 14:08:39,849] {processor.py:171} INFO - Processing /home/airflow/.local/lib/python3.6/site-packages/airflow/example_dags/tutorial_taskflow_api_etl_virtualenv.py took 0.310 seconds
[2023-12-20 14:11:10,268] {processor.py:163} INFO - Started process (PID=66) to work on /home/airflow/.local/lib/python3.6/site-packages/airflow/example_dags/tutorial_taskflow_api_etl_virtualenv.py
[2023-12-20 14:11:10,389] {processor.py:642} INFO - Processing file /home/airflow/.local/lib/python3.6/site-packages/airflow/example_dags/tutorial_taskflow_api_etl_virtualenv.py for tasks to queue
[2023-12-20 14:11:10,390] {logging_mixin.py:109} INFO - [2023-12-20 14:11:10,390] {dagbag.py:500} INFO - Filling up the DagBag from /home/airflow/.local/lib/python3.6/site-packages/airflow/example_dags/tutorial_taskflow_api_etl_virtualenv.py
[2023-12-20 14:11:10,432] {processor.py:654} INFO - DAG(s) dict_keys(['tutorial_taskflow_api_etl_virtualenv']) retrieved from /home/airflow/.local/lib/python3.6/site-packages/airflow/example_dags/tutorial_taskflow_api_etl_virtualenv.py
[2023-12-20 14:11:10,677] {logging_mixin.py:109} INFO - [2023-12-20 14:11:10,677] {dag.py:2396} INFO - Sync 1 DAGs
[2023-12-20 14:11:10,695] {logging_mixin.py:109} INFO - [2023-12-20 14:11:10,695] {dag.py:2935} INFO - Setting next_dagrun for tutorial_taskflow_api_etl_virtualenv to None
[2023-12-20 14:11:10,864] {processor.py:171} INFO - Processing /home/airflow/.local/lib/python3.6/site-packages/airflow/example_dags/tutorial_taskflow_api_etl_virtualenv.py took 0.601 seconds
[2023-12-20 14:13:09,948] {processor.py:163} INFO - Started process (PID=142) to work on /home/airflow/.local/lib/python3.6/site-packages/airflow/example_dags/tutorial_taskflow_api_etl_virtualenv.py
[2023-12-20 14:13:09,950] {processor.py:642} INFO - Processing file /home/airflow/.local/lib/python3.6/site-packages/airflow/example_dags/tutorial_taskflow_api_etl_virtualenv.py for tasks to queue
[2023-12-20 14:13:09,950] {logging_mixin.py:109} INFO - [2023-12-20 14:13:09,950] {dagbag.py:500} INFO - Filling up the DagBag from /home/airflow/.local/lib/python3.6/site-packages/airflow/example_dags/tutorial_taskflow_api_etl_virtualenv.py
[2023-12-20 14:13:09,978] {processor.py:654} INFO - DAG(s) dict_keys(['tutorial_taskflow_api_etl_virtualenv']) retrieved from /home/airflow/.local/lib/python3.6/site-packages/airflow/example_dags/tutorial_taskflow_api_etl_virtualenv.py
[2023-12-20 14:13:10,149] {logging_mixin.py:109} INFO - [2023-12-20 14:13:10,149] {dag.py:2396} INFO - Sync 1 DAGs
[2023-12-20 14:13:10,161] {logging_mixin.py:109} INFO - [2023-12-20 14:13:10,161] {dag.py:2935} INFO - Setting next_dagrun for tutorial_taskflow_api_etl_virtualenv to None
[2023-12-20 14:13:10,195] {processor.py:171} INFO - Processing /home/airflow/.local/lib/python3.6/site-packages/airflow/example_dags/tutorial_taskflow_api_etl_virtualenv.py took 0.250 seconds
[2023-12-20 14:14:41,722] {processor.py:163} INFO - Started process (PID=270) to work on /home/airflow/.local/lib/python3.6/site-packages/airflow/example_dags/tutorial_taskflow_api_etl_virtualenv.py
[2023-12-20 14:14:42,315] {processor.py:642} INFO - Processing file /home/airflow/.local/lib/python3.6/site-packages/airflow/example_dags/tutorial_taskflow_api_etl_virtualenv.py for tasks to queue
[2023-12-20 14:14:42,316] {logging_mixin.py:109} INFO - [2023-12-20 14:14:42,316] {dagbag.py:500} INFO - Filling up the DagBag from /home/airflow/.local/lib/python3.6/site-packages/airflow/example_dags/tutorial_taskflow_api_etl_virtualenv.py
[2023-12-20 14:14:42,374] {processor.py:654} INFO - DAG(s) dict_keys(['tutorial_taskflow_api_etl_virtualenv']) retrieved from /home/airflow/.local/lib/python3.6/site-packages/airflow/example_dags/tutorial_taskflow_api_etl_virtualenv.py
[2023-12-20 14:14:48,459] {logging_mixin.py:109} INFO - [2023-12-20 14:14:48,459] {dag.py:2396} INFO - Sync 1 DAGs
[2023-12-20 14:14:48,518] {logging_mixin.py:109} INFO - [2023-12-20 14:14:48,518] {dag.py:2935} INFO - Setting next_dagrun for tutorial_taskflow_api_etl_virtualenv to None
[2023-12-20 14:14:48,727] {processor.py:171} INFO - Processing /home/airflow/.local/lib/python3.6/site-packages/airflow/example_dags/tutorial_taskflow_api_etl_virtualenv.py took 7.575 seconds
[2023-12-20 14:15:47,786] {processor.py:163} INFO - Started process (PID=369) to work on /home/airflow/.local/lib/python3.6/site-packages/airflow/example_dags/tutorial_taskflow_api_etl_virtualenv.py
[2023-12-20 14:15:47,789] {processor.py:642} INFO - Processing file /home/airflow/.local/lib/python3.6/site-packages/airflow/example_dags/tutorial_taskflow_api_etl_virtualenv.py for tasks to queue
[2023-12-20 14:15:47,790] {logging_mixin.py:109} INFO - [2023-12-20 14:15:47,790] {dagbag.py:500} INFO - Filling up the DagBag from /home/airflow/.local/lib/python3.6/site-packages/airflow/example_dags/tutorial_taskflow_api_etl_virtualenv.py
[2023-12-20 14:15:48,024] {processor.py:654} INFO - DAG(s) dict_keys(['tutorial_taskflow_api_etl_virtualenv']) retrieved from /home/airflow/.local/lib/python3.6/site-packages/airflow/example_dags/tutorial_taskflow_api_etl_virtualenv.py
[2023-12-20 14:15:48,352] {logging_mixin.py:109} INFO - [2023-12-20 14:15:48,352] {dag.py:2396} INFO - Sync 1 DAGs
[2023-12-20 14:15:48,375] {logging_mixin.py:109} INFO - [2023-12-20 14:15:48,375] {dag.py:2935} INFO - Setting next_dagrun for tutorial_taskflow_api_etl_virtualenv to None
[2023-12-20 14:15:48,390] {processor.py:171} INFO - Processing /home/airflow/.local/lib/python3.6/site-packages/airflow/example_dags/tutorial_taskflow_api_etl_virtualenv.py took 0.612 seconds
[2023-12-20 14:16:25,110] {processor.py:163} INFO - Started process (PID=428) to work on /home/airflow/.local/lib/python3.6/site-packages/airflow/example_dags/tutorial_taskflow_api_etl_virtualenv.py
[2023-12-20 14:16:25,112] {processor.py:642} INFO - Processing file /home/airflow/.local/lib/python3.6/site-packages/airflow/example_dags/tutorial_taskflow_api_etl_virtualenv.py for tasks to queue
[2023-12-20 14:16:25,441] {logging_mixin.py:109} INFO - [2023-12-20 14:16:25,441] {dagbag.py:500} INFO - Filling up the DagBag from /home/airflow/.local/lib/python3.6/site-packages/airflow/example_dags/tutorial_taskflow_api_etl_virtualenv.py
[2023-12-20 14:16:25,496] {processor.py:654} INFO - DAG(s) dict_keys(['tutorial_taskflow_api_etl_virtualenv']) retrieved from /home/airflow/.local/lib/python3.6/site-packages/airflow/example_dags/tutorial_taskflow_api_etl_virtualenv.py
[2023-12-20 14:16:25,727] {logging_mixin.py:109} INFO - [2023-12-20 14:16:25,727] {dag.py:2396} INFO - Sync 1 DAGs
[2023-12-20 14:16:25,743] {logging_mixin.py:109} INFO - [2023-12-20 14:16:25,743] {dag.py:2935} INFO - Setting next_dagrun for tutorial_taskflow_api_etl_virtualenv to None
[2023-12-20 14:16:25,855] {processor.py:171} INFO - Processing /home/airflow/.local/lib/python3.6/site-packages/airflow/example_dags/tutorial_taskflow_api_etl_virtualenv.py took 0.748 seconds
[2023-12-20 14:16:59,903] {processor.py:163} INFO - Started process (PID=503) to work on /home/airflow/.local/lib/python3.6/site-packages/airflow/example_dags/tutorial_taskflow_api_etl_virtualenv.py
[2023-12-20 14:17:00,162] {processor.py:642} INFO - Processing file /home/airflow/.local/lib/python3.6/site-packages/airflow/example_dags/tutorial_taskflow_api_etl_virtualenv.py for tasks to queue
[2023-12-20 14:17:00,163] {logging_mixin.py:109} INFO - [2023-12-20 14:17:00,163] {dagbag.py:500} INFO - Filling up the DagBag from /home/airflow/.local/lib/python3.6/site-packages/airflow/example_dags/tutorial_taskflow_api_etl_virtualenv.py
[2023-12-20 14:17:00,194] {processor.py:654} INFO - DAG(s) dict_keys(['tutorial_taskflow_api_etl_virtualenv']) retrieved from /home/airflow/.local/lib/python3.6/site-packages/airflow/example_dags/tutorial_taskflow_api_etl_virtualenv.py
[2023-12-20 14:17:00,451] {logging_mixin.py:109} INFO - [2023-12-20 14:17:00,451] {dag.py:2396} INFO - Sync 1 DAGs
[2023-12-20 14:17:00,470] {logging_mixin.py:109} INFO - [2023-12-20 14:17:00,470] {dag.py:2935} INFO - Setting next_dagrun for tutorial_taskflow_api_etl_virtualenv to None
[2023-12-20 14:17:00,487] {processor.py:171} INFO - Processing /home/airflow/.local/lib/python3.6/site-packages/airflow/example_dags/tutorial_taskflow_api_etl_virtualenv.py took 0.588 seconds
[2023-12-20 14:17:39,654] {processor.py:163} INFO - Started process (PID=598) to work on /home/airflow/.local/lib/python3.6/site-packages/airflow/example_dags/tutorial_taskflow_api_etl_virtualenv.py
[2023-12-20 14:17:39,706] {processor.py:642} INFO - Processing file /home/airflow/.local/lib/python3.6/site-packages/airflow/example_dags/tutorial_taskflow_api_etl_virtualenv.py for tasks to queue
[2023-12-20 14:17:39,707] {logging_mixin.py:109} INFO - [2023-12-20 14:17:39,707] {dagbag.py:500} INFO - Filling up the DagBag from /home/airflow/.local/lib/python3.6/site-packages/airflow/example_dags/tutorial_taskflow_api_etl_virtualenv.py
[2023-12-20 14:17:39,748] {processor.py:654} INFO - DAG(s) dict_keys(['tutorial_taskflow_api_etl_virtualenv']) retrieved from /home/airflow/.local/lib/python3.6/site-packages/airflow/example_dags/tutorial_taskflow_api_etl_virtualenv.py
[2023-12-20 14:17:40,137] {logging_mixin.py:109} INFO - [2023-12-20 14:17:40,137] {dag.py:2396} INFO - Sync 1 DAGs
[2023-12-20 14:17:40,157] {logging_mixin.py:109} INFO - [2023-12-20 14:17:40,157] {dag.py:2935} INFO - Setting next_dagrun for tutorial_taskflow_api_etl_virtualenv to None
[2023-12-20 14:17:40,202] {processor.py:171} INFO - Processing /home/airflow/.local/lib/python3.6/site-packages/airflow/example_dags/tutorial_taskflow_api_etl_virtualenv.py took 0.552 seconds
[2023-12-20 14:19:20,378] {processor.py:163} INFO - Started process (PID=708) to work on /home/airflow/.local/lib/python3.6/site-packages/airflow/example_dags/tutorial_taskflow_api_etl_virtualenv.py
[2023-12-20 14:19:20,379] {processor.py:642} INFO - Processing file /home/airflow/.local/lib/python3.6/site-packages/airflow/example_dags/tutorial_taskflow_api_etl_virtualenv.py for tasks to queue
[2023-12-20 14:19:20,380] {logging_mixin.py:109} INFO - [2023-12-20 14:19:20,380] {dagbag.py:500} INFO - Filling up the DagBag from /home/airflow/.local/lib/python3.6/site-packages/airflow/example_dags/tutorial_taskflow_api_etl_virtualenv.py
[2023-12-20 14:19:20,404] {processor.py:654} INFO - DAG(s) dict_keys(['tutorial_taskflow_api_etl_virtualenv']) retrieved from /home/airflow/.local/lib/python3.6/site-packages/airflow/example_dags/tutorial_taskflow_api_etl_virtualenv.py
[2023-12-20 14:19:20,564] {logging_mixin.py:109} INFO - [2023-12-20 14:19:20,564] {dag.py:2396} INFO - Sync 1 DAGs
[2023-12-20 14:19:20,573] {logging_mixin.py:109} INFO - [2023-12-20 14:19:20,573] {dag.py:2935} INFO - Setting next_dagrun for tutorial_taskflow_api_etl_virtualenv to None
[2023-12-20 14:19:20,583] {processor.py:171} INFO - Processing /home/airflow/.local/lib/python3.6/site-packages/airflow/example_dags/tutorial_taskflow_api_etl_virtualenv.py took 0.208 seconds
[2023-12-20 14:20:18,348] {processor.py:163} INFO - Started process (PID=793) to work on /home/airflow/.local/lib/python3.6/site-packages/airflow/example_dags/tutorial_taskflow_api_etl_virtualenv.py
[2023-12-20 14:20:18,350] {processor.py:642} INFO - Processing file /home/airflow/.local/lib/python3.6/site-packages/airflow/example_dags/tutorial_taskflow_api_etl_virtualenv.py for tasks to queue
[2023-12-20 14:20:18,351] {logging_mixin.py:109} INFO - [2023-12-20 14:20:18,351] {dagbag.py:500} INFO - Filling up the DagBag from /home/airflow/.local/lib/python3.6/site-packages/airflow/example_dags/tutorial_taskflow_api_etl_virtualenv.py
[2023-12-20 14:20:18,383] {processor.py:654} INFO - DAG(s) dict_keys(['tutorial_taskflow_api_etl_virtualenv']) retrieved from /home/airflow/.local/lib/python3.6/site-packages/airflow/example_dags/tutorial_taskflow_api_etl_virtualenv.py
[2023-12-20 14:20:18,583] {logging_mixin.py:109} INFO - [2023-12-20 14:20:18,583] {dag.py:2396} INFO - Sync 1 DAGs
[2023-12-20 14:20:18,594] {logging_mixin.py:109} INFO - [2023-12-20 14:20:18,594] {dag.py:2935} INFO - Setting next_dagrun for tutorial_taskflow_api_etl_virtualenv to None
[2023-12-20 14:20:18,605] {processor.py:171} INFO - Processing /home/airflow/.local/lib/python3.6/site-packages/airflow/example_dags/tutorial_taskflow_api_etl_virtualenv.py took 0.260 seconds
[2023-12-20 14:20:50,889] {processor.py:163} INFO - Started process (PID=879) to work on /home/airflow/.local/lib/python3.6/site-packages/airflow/example_dags/tutorial_taskflow_api_etl_virtualenv.py
[2023-12-20 14:20:50,895] {processor.py:642} INFO - Processing file /home/airflow/.local/lib/python3.6/site-packages/airflow/example_dags/tutorial_taskflow_api_etl_virtualenv.py for tasks to queue
[2023-12-20 14:20:50,896] {logging_mixin.py:109} INFO - [2023-12-20 14:20:50,896] {dagbag.py:500} INFO - Filling up the DagBag from /home/airflow/.local/lib/python3.6/site-packages/airflow/example_dags/tutorial_taskflow_api_etl_virtualenv.py
[2023-12-20 14:20:50,923] {processor.py:654} INFO - DAG(s) dict_keys(['tutorial_taskflow_api_etl_virtualenv']) retrieved from /home/airflow/.local/lib/python3.6/site-packages/airflow/example_dags/tutorial_taskflow_api_etl_virtualenv.py
[2023-12-20 14:20:51,145] {logging_mixin.py:109} INFO - [2023-12-20 14:20:51,145] {dag.py:2396} INFO - Sync 1 DAGs
[2023-12-20 14:20:51,154] {logging_mixin.py:109} INFO - [2023-12-20 14:20:51,154] {dag.py:2935} INFO - Setting next_dagrun for tutorial_taskflow_api_etl_virtualenv to None
[2023-12-20 14:20:51,163] {processor.py:171} INFO - Processing /home/airflow/.local/lib/python3.6/site-packages/airflow/example_dags/tutorial_taskflow_api_etl_virtualenv.py took 0.277 seconds
[2023-12-20 14:21:22,038] {processor.py:163} INFO - Started process (PID=956) to work on /home/airflow/.local/lib/python3.6/site-packages/airflow/example_dags/tutorial_taskflow_api_etl_virtualenv.py
[2023-12-20 14:21:22,040] {processor.py:642} INFO - Processing file /home/airflow/.local/lib/python3.6/site-packages/airflow/example_dags/tutorial_taskflow_api_etl_virtualenv.py for tasks to queue
[2023-12-20 14:21:22,040] {logging_mixin.py:109} INFO - [2023-12-20 14:21:22,040] {dagbag.py:500} INFO - Filling up the DagBag from /home/airflow/.local/lib/python3.6/site-packages/airflow/example_dags/tutorial_taskflow_api_etl_virtualenv.py
[2023-12-20 14:21:22,069] {processor.py:654} INFO - DAG(s) dict_keys(['tutorial_taskflow_api_etl_virtualenv']) retrieved from /home/airflow/.local/lib/python3.6/site-packages/airflow/example_dags/tutorial_taskflow_api_etl_virtualenv.py
[2023-12-20 14:21:22,261] {logging_mixin.py:109} INFO - [2023-12-20 14:21:22,261] {dag.py:2396} INFO - Sync 1 DAGs
[2023-12-20 14:21:22,273] {logging_mixin.py:109} INFO - [2023-12-20 14:21:22,273] {dag.py:2935} INFO - Setting next_dagrun for tutorial_taskflow_api_etl_virtualenv to None
[2023-12-20 14:21:22,287] {processor.py:171} INFO - Processing /home/airflow/.local/lib/python3.6/site-packages/airflow/example_dags/tutorial_taskflow_api_etl_virtualenv.py took 0.252 seconds
[2023-12-20 14:22:35,460] {processor.py:163} INFO - Started process (PID=1090) to work on /home/airflow/.local/lib/python3.6/site-packages/airflow/example_dags/tutorial_taskflow_api_etl_virtualenv.py
[2023-12-20 14:22:35,462] {processor.py:642} INFO - Processing file /home/airflow/.local/lib/python3.6/site-packages/airflow/example_dags/tutorial_taskflow_api_etl_virtualenv.py for tasks to queue
[2023-12-20 14:22:35,463] {logging_mixin.py:109} INFO - [2023-12-20 14:22:35,463] {dagbag.py:500} INFO - Filling up the DagBag from /home/airflow/.local/lib/python3.6/site-packages/airflow/example_dags/tutorial_taskflow_api_etl_virtualenv.py
[2023-12-20 14:22:35,489] {processor.py:654} INFO - DAG(s) dict_keys(['tutorial_taskflow_api_etl_virtualenv']) retrieved from /home/airflow/.local/lib/python3.6/site-packages/airflow/example_dags/tutorial_taskflow_api_etl_virtualenv.py
[2023-12-20 14:22:35,706] {logging_mixin.py:109} INFO - [2023-12-20 14:22:35,706] {dag.py:2396} INFO - Sync 1 DAGs
[2023-12-20 14:22:35,717] {logging_mixin.py:109} INFO - [2023-12-20 14:22:35,717] {dag.py:2935} INFO - Setting next_dagrun for tutorial_taskflow_api_etl_virtualenv to None
[2023-12-20 14:22:35,727] {processor.py:171} INFO - Processing /home/airflow/.local/lib/python3.6/site-packages/airflow/example_dags/tutorial_taskflow_api_etl_virtualenv.py took 0.269 seconds
[2023-12-20 14:23:06,876] {processor.py:163} INFO - Started process (PID=1176) to work on /home/airflow/.local/lib/python3.6/site-packages/airflow/example_dags/tutorial_taskflow_api_etl_virtualenv.py
[2023-12-20 14:23:06,879] {processor.py:642} INFO - Processing file /home/airflow/.local/lib/python3.6/site-packages/airflow/example_dags/tutorial_taskflow_api_etl_virtualenv.py for tasks to queue
[2023-12-20 14:23:06,881] {logging_mixin.py:109} INFO - [2023-12-20 14:23:06,880] {dagbag.py:500} INFO - Filling up the DagBag from /home/airflow/.local/lib/python3.6/site-packages/airflow/example_dags/tutorial_taskflow_api_etl_virtualenv.py
[2023-12-20 14:23:06,942] {processor.py:654} INFO - DAG(s) dict_keys(['tutorial_taskflow_api_etl_virtualenv']) retrieved from /home/airflow/.local/lib/python3.6/site-packages/airflow/example_dags/tutorial_taskflow_api_etl_virtualenv.py
[2023-12-20 14:23:07,166] {logging_mixin.py:109} INFO - [2023-12-20 14:23:07,166] {dag.py:2396} INFO - Sync 1 DAGs
[2023-12-20 14:23:07,180] {logging_mixin.py:109} INFO - [2023-12-20 14:23:07,179] {dag.py:2935} INFO - Setting next_dagrun for tutorial_taskflow_api_etl_virtualenv to None
[2023-12-20 14:23:07,190] {processor.py:171} INFO - Processing /home/airflow/.local/lib/python3.6/site-packages/airflow/example_dags/tutorial_taskflow_api_etl_virtualenv.py took 0.318 seconds
[2023-12-20 14:23:42,377] {processor.py:163} INFO - Started process (PID=1252) to work on /home/airflow/.local/lib/python3.6/site-packages/airflow/example_dags/tutorial_taskflow_api_etl_virtualenv.py
[2023-12-20 14:23:44,190] {processor.py:642} INFO - Processing file /home/airflow/.local/lib/python3.6/site-packages/airflow/example_dags/tutorial_taskflow_api_etl_virtualenv.py for tasks to queue
[2023-12-20 14:23:44,191] {logging_mixin.py:109} INFO - [2023-12-20 14:23:44,191] {dagbag.py:500} INFO - Filling up the DagBag from /home/airflow/.local/lib/python3.6/site-packages/airflow/example_dags/tutorial_taskflow_api_etl_virtualenv.py
[2023-12-20 14:23:44,224] {processor.py:654} INFO - DAG(s) dict_keys(['tutorial_taskflow_api_etl_virtualenv']) retrieved from /home/airflow/.local/lib/python3.6/site-packages/airflow/example_dags/tutorial_taskflow_api_etl_virtualenv.py
[2023-12-20 14:23:44,394] {logging_mixin.py:109} INFO - [2023-12-20 14:23:44,393] {dag.py:2396} INFO - Sync 1 DAGs
[2023-12-20 14:23:44,405] {logging_mixin.py:109} INFO - [2023-12-20 14:23:44,405] {dag.py:2935} INFO - Setting next_dagrun for tutorial_taskflow_api_etl_virtualenv to None
[2023-12-20 14:23:44,415] {processor.py:171} INFO - Processing /home/airflow/.local/lib/python3.6/site-packages/airflow/example_dags/tutorial_taskflow_api_etl_virtualenv.py took 2.040 seconds
[2023-12-20 14:24:14,647] {processor.py:163} INFO - Started process (PID=1338) to work on /home/airflow/.local/lib/python3.6/site-packages/airflow/example_dags/tutorial_taskflow_api_etl_virtualenv.py
[2023-12-20 14:24:14,648] {processor.py:642} INFO - Processing file /home/airflow/.local/lib/python3.6/site-packages/airflow/example_dags/tutorial_taskflow_api_etl_virtualenv.py for tasks to queue
[2023-12-20 14:24:14,649] {logging_mixin.py:109} INFO - [2023-12-20 14:24:14,649] {dagbag.py:500} INFO - Filling up the DagBag from /home/airflow/.local/lib/python3.6/site-packages/airflow/example_dags/tutorial_taskflow_api_etl_virtualenv.py
[2023-12-20 14:24:14,677] {processor.py:654} INFO - DAG(s) dict_keys(['tutorial_taskflow_api_etl_virtualenv']) retrieved from /home/airflow/.local/lib/python3.6/site-packages/airflow/example_dags/tutorial_taskflow_api_etl_virtualenv.py
[2023-12-20 14:24:14,885] {logging_mixin.py:109} INFO - [2023-12-20 14:24:14,885] {dag.py:2396} INFO - Sync 1 DAGs
[2023-12-20 14:24:14,896] {logging_mixin.py:109} INFO - [2023-12-20 14:24:14,896] {dag.py:2935} INFO - Setting next_dagrun for tutorial_taskflow_api_etl_virtualenv to None
[2023-12-20 14:24:15,155] {processor.py:171} INFO - Processing /home/airflow/.local/lib/python3.6/site-packages/airflow/example_dags/tutorial_taskflow_api_etl_virtualenv.py took 0.511 seconds
[2023-12-20 14:24:45,525] {processor.py:163} INFO - Started process (PID=1415) to work on /home/airflow/.local/lib/python3.6/site-packages/airflow/example_dags/tutorial_taskflow_api_etl_virtualenv.py
[2023-12-20 14:24:45,526] {processor.py:642} INFO - Processing file /home/airflow/.local/lib/python3.6/site-packages/airflow/example_dags/tutorial_taskflow_api_etl_virtualenv.py for tasks to queue
[2023-12-20 14:24:45,527] {logging_mixin.py:109} INFO - [2023-12-20 14:24:45,527] {dagbag.py:500} INFO - Filling up the DagBag from /home/airflow/.local/lib/python3.6/site-packages/airflow/example_dags/tutorial_taskflow_api_etl_virtualenv.py
[2023-12-20 14:24:45,554] {processor.py:654} INFO - DAG(s) dict_keys(['tutorial_taskflow_api_etl_virtualenv']) retrieved from /home/airflow/.local/lib/python3.6/site-packages/airflow/example_dags/tutorial_taskflow_api_etl_virtualenv.py
[2023-12-20 14:24:45,773] {logging_mixin.py:109} INFO - [2023-12-20 14:24:45,772] {dag.py:2396} INFO - Sync 1 DAGs
[2023-12-20 14:24:45,788] {logging_mixin.py:109} INFO - [2023-12-20 14:24:45,788] {dag.py:2935} INFO - Setting next_dagrun for tutorial_taskflow_api_etl_virtualenv to None
[2023-12-20 14:24:45,945] {processor.py:171} INFO - Processing /home/airflow/.local/lib/python3.6/site-packages/airflow/example_dags/tutorial_taskflow_api_etl_virtualenv.py took 0.423 seconds
[2023-12-20 14:25:19,864] {processor.py:163} INFO - Started process (PID=1502) to work on /home/airflow/.local/lib/python3.6/site-packages/airflow/example_dags/tutorial_taskflow_api_etl_virtualenv.py
[2023-12-20 14:25:19,868] {processor.py:642} INFO - Processing file /home/airflow/.local/lib/python3.6/site-packages/airflow/example_dags/tutorial_taskflow_api_etl_virtualenv.py for tasks to queue
[2023-12-20 14:25:19,874] {logging_mixin.py:109} INFO - [2023-12-20 14:25:19,874] {dagbag.py:500} INFO - Filling up the DagBag from /home/airflow/.local/lib/python3.6/site-packages/airflow/example_dags/tutorial_taskflow_api_etl_virtualenv.py
[2023-12-20 14:25:19,920] {processor.py:654} INFO - DAG(s) dict_keys(['tutorial_taskflow_api_etl_virtualenv']) retrieved from /home/airflow/.local/lib/python3.6/site-packages/airflow/example_dags/tutorial_taskflow_api_etl_virtualenv.py
[2023-12-20 14:25:20,162] {logging_mixin.py:109} INFO - [2023-12-20 14:25:20,162] {dag.py:2396} INFO - Sync 1 DAGs
[2023-12-20 14:25:20,172] {logging_mixin.py:109} INFO - [2023-12-20 14:25:20,172] {dag.py:2935} INFO - Setting next_dagrun for tutorial_taskflow_api_etl_virtualenv to None
[2023-12-20 14:25:20,181] {processor.py:171} INFO - Processing /home/airflow/.local/lib/python3.6/site-packages/airflow/example_dags/tutorial_taskflow_api_etl_virtualenv.py took 0.321 seconds
[2023-12-20 14:30:21,904] {processor.py:163} INFO - Started process (PID=67) to work on /home/airflow/.local/lib/python3.6/site-packages/airflow/example_dags/tutorial_taskflow_api_etl_virtualenv.py
[2023-12-20 14:30:21,905] {processor.py:642} INFO - Processing file /home/airflow/.local/lib/python3.6/site-packages/airflow/example_dags/tutorial_taskflow_api_etl_virtualenv.py for tasks to queue
[2023-12-20 14:30:21,906] {logging_mixin.py:109} INFO - [2023-12-20 14:30:21,905] {dagbag.py:500} INFO - Filling up the DagBag from /home/airflow/.local/lib/python3.6/site-packages/airflow/example_dags/tutorial_taskflow_api_etl_virtualenv.py
[2023-12-20 14:30:21,935] {processor.py:654} INFO - DAG(s) dict_keys(['tutorial_taskflow_api_etl_virtualenv']) retrieved from /home/airflow/.local/lib/python3.6/site-packages/airflow/example_dags/tutorial_taskflow_api_etl_virtualenv.py
[2023-12-20 14:30:22,271] {logging_mixin.py:109} INFO - [2023-12-20 14:30:22,271] {dag.py:2396} INFO - Sync 1 DAGs
[2023-12-20 14:30:22,303] {logging_mixin.py:109} INFO - [2023-12-20 14:30:22,303] {dag.py:2935} INFO - Setting next_dagrun for tutorial_taskflow_api_etl_virtualenv to None
[2023-12-20 14:30:22,361] {processor.py:171} INFO - Processing /home/airflow/.local/lib/python3.6/site-packages/airflow/example_dags/tutorial_taskflow_api_etl_virtualenv.py took 0.461 seconds
[2023-12-20 14:30:52,788] {processor.py:163} INFO - Started process (PID=143) to work on /home/airflow/.local/lib/python3.6/site-packages/airflow/example_dags/tutorial_taskflow_api_etl_virtualenv.py
[2023-12-20 14:30:52,791] {processor.py:642} INFO - Processing file /home/airflow/.local/lib/python3.6/site-packages/airflow/example_dags/tutorial_taskflow_api_etl_virtualenv.py for tasks to queue
[2023-12-20 14:30:52,793] {logging_mixin.py:109} INFO - [2023-12-20 14:30:52,792] {dagbag.py:500} INFO - Filling up the DagBag from /home/airflow/.local/lib/python3.6/site-packages/airflow/example_dags/tutorial_taskflow_api_etl_virtualenv.py
[2023-12-20 14:30:52,834] {processor.py:654} INFO - DAG(s) dict_keys(['tutorial_taskflow_api_etl_virtualenv']) retrieved from /home/airflow/.local/lib/python3.6/site-packages/airflow/example_dags/tutorial_taskflow_api_etl_virtualenv.py
[2023-12-20 14:30:53,062] {logging_mixin.py:109} INFO - [2023-12-20 14:30:53,062] {dag.py:2396} INFO - Sync 1 DAGs
[2023-12-20 14:30:53,076] {logging_mixin.py:109} INFO - [2023-12-20 14:30:53,076] {dag.py:2935} INFO - Setting next_dagrun for tutorial_taskflow_api_etl_virtualenv to None
[2023-12-20 14:30:53,085] {processor.py:171} INFO - Processing /home/airflow/.local/lib/python3.6/site-packages/airflow/example_dags/tutorial_taskflow_api_etl_virtualenv.py took 0.301 seconds
[2023-12-20 14:31:23,516] {processor.py:163} INFO - Started process (PID=229) to work on /home/airflow/.local/lib/python3.6/site-packages/airflow/example_dags/tutorial_taskflow_api_etl_virtualenv.py
[2023-12-20 14:31:23,517] {processor.py:642} INFO - Processing file /home/airflow/.local/lib/python3.6/site-packages/airflow/example_dags/tutorial_taskflow_api_etl_virtualenv.py for tasks to queue
[2023-12-20 14:31:23,518] {logging_mixin.py:109} INFO - [2023-12-20 14:31:23,518] {dagbag.py:500} INFO - Filling up the DagBag from /home/airflow/.local/lib/python3.6/site-packages/airflow/example_dags/tutorial_taskflow_api_etl_virtualenv.py
[2023-12-20 14:31:23,549] {processor.py:654} INFO - DAG(s) dict_keys(['tutorial_taskflow_api_etl_virtualenv']) retrieved from /home/airflow/.local/lib/python3.6/site-packages/airflow/example_dags/tutorial_taskflow_api_etl_virtualenv.py
[2023-12-20 14:31:23,738] {logging_mixin.py:109} INFO - [2023-12-20 14:31:23,737] {dag.py:2396} INFO - Sync 1 DAGs
[2023-12-20 14:31:23,752] {logging_mixin.py:109} INFO - [2023-12-20 14:31:23,752] {dag.py:2935} INFO - Setting next_dagrun for tutorial_taskflow_api_etl_virtualenv to None
[2023-12-20 14:31:23,762] {processor.py:171} INFO - Processing /home/airflow/.local/lib/python3.6/site-packages/airflow/example_dags/tutorial_taskflow_api_etl_virtualenv.py took 0.249 seconds
[2023-12-20 14:31:54,223] {processor.py:163} INFO - Started process (PID=305) to work on /home/airflow/.local/lib/python3.6/site-packages/airflow/example_dags/tutorial_taskflow_api_etl_virtualenv.py
[2023-12-20 14:31:54,225] {processor.py:642} INFO - Processing file /home/airflow/.local/lib/python3.6/site-packages/airflow/example_dags/tutorial_taskflow_api_etl_virtualenv.py for tasks to queue
[2023-12-20 14:31:54,226] {logging_mixin.py:109} INFO - [2023-12-20 14:31:54,226] {dagbag.py:500} INFO - Filling up the DagBag from /home/airflow/.local/lib/python3.6/site-packages/airflow/example_dags/tutorial_taskflow_api_etl_virtualenv.py
[2023-12-20 14:31:54,260] {processor.py:654} INFO - DAG(s) dict_keys(['tutorial_taskflow_api_etl_virtualenv']) retrieved from /home/airflow/.local/lib/python3.6/site-packages/airflow/example_dags/tutorial_taskflow_api_etl_virtualenv.py
[2023-12-20 14:31:54,507] {logging_mixin.py:109} INFO - [2023-12-20 14:31:54,507] {dag.py:2396} INFO - Sync 1 DAGs
[2023-12-20 14:31:54,535] {logging_mixin.py:109} INFO - [2023-12-20 14:31:54,535] {dag.py:2935} INFO - Setting next_dagrun for tutorial_taskflow_api_etl_virtualenv to None
[2023-12-20 14:31:54,551] {processor.py:171} INFO - Processing /home/airflow/.local/lib/python3.6/site-packages/airflow/example_dags/tutorial_taskflow_api_etl_virtualenv.py took 0.333 seconds
[2023-12-20 14:32:24,742] {processor.py:163} INFO - Started process (PID=392) to work on /home/airflow/.local/lib/python3.6/site-packages/airflow/example_dags/tutorial_taskflow_api_etl_virtualenv.py
[2023-12-20 14:32:24,744] {processor.py:642} INFO - Processing file /home/airflow/.local/lib/python3.6/site-packages/airflow/example_dags/tutorial_taskflow_api_etl_virtualenv.py for tasks to queue
[2023-12-20 14:32:24,745] {logging_mixin.py:109} INFO - [2023-12-20 14:32:24,744] {dagbag.py:500} INFO - Filling up the DagBag from /home/airflow/.local/lib/python3.6/site-packages/airflow/example_dags/tutorial_taskflow_api_etl_virtualenv.py
[2023-12-20 14:32:24,778] {processor.py:654} INFO - DAG(s) dict_keys(['tutorial_taskflow_api_etl_virtualenv']) retrieved from /home/airflow/.local/lib/python3.6/site-packages/airflow/example_dags/tutorial_taskflow_api_etl_virtualenv.py
[2023-12-20 14:32:24,977] {logging_mixin.py:109} INFO - [2023-12-20 14:32:24,976] {dag.py:2396} INFO - Sync 1 DAGs
[2023-12-20 14:32:24,995] {logging_mixin.py:109} INFO - [2023-12-20 14:32:24,995] {dag.py:2935} INFO - Setting next_dagrun for tutorial_taskflow_api_etl_virtualenv to None
[2023-12-20 14:32:25,006] {processor.py:171} INFO - Processing /home/airflow/.local/lib/python3.6/site-packages/airflow/example_dags/tutorial_taskflow_api_etl_virtualenv.py took 0.267 seconds
