[2023-12-05 15:18:50,007] {manager.py:480} INFO - Processing files using up to 2 processes at a time 
[2023-12-05 15:18:50,008] {manager.py:481} INFO - Process each file at most once every 10 seconds
[2023-12-05 15:18:50,008] {manager.py:483} INFO - Checking for new files in /opt/airflow/dags every 300 seconds
[2023-12-05 15:18:50,009] {manager.py:690} INFO - Searching for files in /opt/airflow/dags
[2023-12-05 15:18:50,021] {manager.py:693} INFO - There are 1 files in /opt/airflow/dags
[2023-12-05 15:18:50,108] {manager.py:809} INFO - 
================================================================================
DAG File Processing Stats

File Path                              PID  Runtime      # DAGs    # Errors  Last Runtime    Last Run
-----------------------------------  -----  ---------  --------  ----------  --------------  ----------
/opt/airflow/dags/ETL a Redshift.py    172  0.02s             0           0
================================================================================
[2023-12-05 15:19:20,622] {manager.py:809} INFO - 
================================================================================
DAG File Processing Stats

File Path                            PID    Runtime      # DAGs    # Errors  Last Runtime    Last Run
-----------------------------------  -----  ---------  --------  ----------  --------------  -------------------
/opt/airflow/dags/ETL a Redshift.py                           0           1  0.05s           2023-12-05T15:19:11
================================================================================
[2023-12-05 15:19:50,876] {manager.py:809} INFO - 
================================================================================
DAG File Processing Stats

File Path                            PID    Runtime      # DAGs    # Errors  Last Runtime    Last Run
-----------------------------------  -----  ---------  --------  ----------  --------------  -------------------
/opt/airflow/dags/ETL a Redshift.py                           0           1  0.05s           2023-12-05T15:19:41
================================================================================
[2023-12-05 15:20:21,139] {manager.py:809} INFO - 
================================================================================
DAG File Processing Stats

File Path                            PID    Runtime      # DAGs    # Errors  Last Runtime    Last Run
-----------------------------------  -----  ---------  --------  ----------  --------------  -------------------
/opt/airflow/dags/ETL a Redshift.py                           0           1  0.05s           2023-12-05T15:20:12
================================================================================
[2023-12-05 15:20:51,407] {manager.py:809} INFO - 
================================================================================
DAG File Processing Stats

File Path                            PID    Runtime      # DAGs    # Errors  Last Runtime    Last Run
-----------------------------------  -----  ---------  --------  ----------  --------------  -------------------
/opt/airflow/dags/ETL a Redshift.py                           0           1  0.05s           2023-12-05T15:20:42
================================================================================
[2023-12-05 15:21:21,675] {manager.py:809} INFO - 
================================================================================
DAG File Processing Stats

File Path                            PID    Runtime      # DAGs    # Errors  Last Runtime    Last Run
-----------------------------------  -----  ---------  --------  ----------  --------------  -------------------
/opt/airflow/dags/ETL a Redshift.py                           0           1  0.06s           2023-12-05T15:21:12
================================================================================
[2023-12-05 15:21:51,950] {manager.py:809} INFO - 
================================================================================
DAG File Processing Stats

File Path                            PID    Runtime      # DAGs    # Errors  Last Runtime    Last Run
-----------------------------------  -----  ---------  --------  ----------  --------------  -------------------
/opt/airflow/dags/ETL a Redshift.py                           0           1  0.06s           2023-12-05T15:21:42
================================================================================
[2023-12-05 15:22:22,150] {manager.py:809} INFO - 
================================================================================
DAG File Processing Stats

File Path                            PID    Runtime      # DAGs    # Errors  Last Runtime    Last Run
-----------------------------------  -----  ---------  --------  ----------  --------------  -------------------
/opt/airflow/dags/ETL a Redshift.py                           0           1  0.05s           2023-12-05T15:22:13
================================================================================
[2023-12-05 15:22:33,522] {manager.py:462} INFO - Exiting gracefully upon receiving signal 15
