[2023-12-07 22:07:35,106] {taskinstance.py:1179} INFO - Dependencies all met for <TaskInstance: ETL_redshift_docker_airflow.conexion_BD manual__2023-12-07T22:07:28.972230+00:00 [queued]>
[2023-12-07 22:07:35,115] {taskinstance.py:1179} INFO - Dependencies all met for <TaskInstance: ETL_redshift_docker_airflow.conexion_BD manual__2023-12-07T22:07:28.972230+00:00 [queued]>
[2023-12-07 22:07:35,116] {taskinstance.py:1376} INFO - 
--------------------------------------------------------------------------------
[2023-12-07 22:07:35,116] {taskinstance.py:1377} INFO - Starting attempt 1 of 6
[2023-12-07 22:07:35,117] {taskinstance.py:1378} INFO - 
--------------------------------------------------------------------------------
[2023-12-07 22:07:35,130] {taskinstance.py:1397} INFO - Executing <Task(PythonOperator): conexion_BD> on 2023-12-07 22:07:28.972230+00:00
[2023-12-07 22:07:35,135] {standard_task_runner.py:52} INFO - Started process 437 to run task
[2023-12-07 22:07:35,137] {standard_task_runner.py:79} INFO - Running: ['***', 'tasks', 'run', 'ETL_redshift_docker_***', 'conexion_BD', 'manual__2023-12-07T22:07:28.972230+00:00', '--job-id', '149', '--raw', '--subdir', 'DAGS_FOLDER/ETL a Redshift.py', '--cfg-path', '/tmp/tmp2gi6kow7', '--error-file', '/tmp/tmpo18mxu1d']
[2023-12-07 22:07:35,138] {standard_task_runner.py:80} INFO - Job 149: Subtask conexion_BD
[2023-12-07 22:07:35,198] {task_command.py:371} INFO - Running <TaskInstance: ETL_redshift_docker_airflow.conexion_BD manual__2023-12-07T22:07:28.972230+00:00 [running]> on host 4357a10b93bd
[2023-12-07 22:07:35,235] {logging_mixin.py:115} WARNING - /home/***/.local/lib/python3.7/site-packages/***/utils/context.py:202 AirflowContextDeprecationWarning: Accessing 'execution_date' from the template is deprecated and will be removed in a future version. Please use 'data_interval_start' or 'logical_date' instead.
[2023-12-07 22:07:35,272] {taskinstance.py:1591} INFO - Exporting the following env vars:
AIRFLOW_CTX_DAG_OWNER=ManuelMoyano
AIRFLOW_CTX_DAG_ID=ETL_redshift_docker_***
AIRFLOW_CTX_TASK_ID=conexion_BD
AIRFLOW_CTX_EXECUTION_DATE=2023-12-07T22:07:28.972230+00:00
AIRFLOW_CTX_TRY_NUMBER=1
AIRFLOW_CTX_DAG_RUN_ID=manual__2023-12-07T22:07:28.972230+00:00
[2023-12-07 22:07:35,273] {logging_mixin.py:115} INFO - Conectandose a la BD en la fecha: 2023-12-07 22
[2023-12-07 22:07:36,424] {logging_mixin.py:115} INFO - Connected to Redshift successfully!
[2023-12-07 22:07:36,425] {python.py:173} INFO - Done. Returned value was: None
[2023-12-07 22:07:36,439] {taskinstance.py:1420} INFO - Marking task as SUCCESS. dag_id=ETL_redshift_docker_***, task_id=conexion_BD, execution_date=20231207T220728, start_date=20231207T220735, end_date=20231207T220736
[2023-12-07 22:07:36,474] {local_task_job.py:156} INFO - Task exited with return code 0
[2023-12-07 22:07:36,506] {local_task_job.py:273} INFO - 1 downstream tasks scheduled from follow-on schedule check
