[2023-12-07 22:19:36,174] {taskinstance.py:1179} INFO - Dependencies all met for <TaskInstance: ETL_redshift_docker_airflow.cargar_data manual__2023-12-07T21:34:35.619321+00:00 [queued]>
[2023-12-07 22:19:36,189] {taskinstance.py:1179} INFO - Dependencies all met for <TaskInstance: ETL_redshift_docker_airflow.cargar_data manual__2023-12-07T21:34:35.619321+00:00 [queued]>
[2023-12-07 22:19:36,190] {taskinstance.py:1376} INFO - 
--------------------------------------------------------------------------------
[2023-12-07 22:19:36,191] {taskinstance.py:1377} INFO - Starting attempt 3 of 6
[2023-12-07 22:19:36,191] {taskinstance.py:1378} INFO - 
--------------------------------------------------------------------------------
[2023-12-07 22:19:36,212] {taskinstance.py:1397} INFO - Executing <Task(PythonOperator): cargar_data> on 2023-12-07 21:34:35.619321+00:00
[2023-12-07 22:19:36,226] {standard_task_runner.py:52} INFO - Started process 965 to run task
[2023-12-07 22:19:36,232] {standard_task_runner.py:79} INFO - Running: ['***', 'tasks', 'run', 'ETL_redshift_docker_***', 'cargar_data', 'manual__2023-12-07T21:34:35.619321+00:00', '--job-id', '185', '--raw', '--subdir', 'DAGS_FOLDER/ETL a Redshift.py', '--cfg-path', '/tmp/tmpgd4639su', '--error-file', '/tmp/tmp5_lbon19']
[2023-12-07 22:19:36,234] {standard_task_runner.py:80} INFO - Job 185: Subtask cargar_data
[2023-12-07 22:19:36,317] {task_command.py:371} INFO - Running <TaskInstance: ETL_redshift_docker_airflow.cargar_data manual__2023-12-07T21:34:35.619321+00:00 [running]> on host 4357a10b93bd
[2023-12-07 22:19:36,370] {logging_mixin.py:115} WARNING - /home/***/.local/lib/python3.7/site-packages/***/utils/context.py:202 AirflowContextDeprecationWarning: Accessing 'execution_date' from the template is deprecated and will be removed in a future version. Please use 'data_interval_start' or 'logical_date' instead.
[2023-12-07 22:19:36,427] {taskinstance.py:1591} INFO - Exporting the following env vars:
AIRFLOW_CTX_DAG_OWNER=ManuelMoyano
AIRFLOW_CTX_DAG_ID=ETL_redshift_docker_***
AIRFLOW_CTX_TASK_ID=cargar_data
AIRFLOW_CTX_EXECUTION_DATE=2023-12-07T21:34:35.619321+00:00
AIRFLOW_CTX_TRY_NUMBER=3
AIRFLOW_CTX_DAG_RUN_ID=manual__2023-12-07T21:34:35.619321+00:00
[2023-12-07 22:19:36,428] {logging_mixin.py:115} INFO - Cargando la data para la fecha: 2023-12-07 21
[2023-12-07 22:19:39,250] {python.py:173} INFO - Done. Returned value was: None
[2023-12-07 22:19:39,263] {taskinstance.py:1420} INFO - Marking task as SUCCESS. dag_id=ETL_redshift_docker_***, task_id=cargar_data, execution_date=20231207T213435, start_date=20231207T221936, end_date=20231207T221939
[2023-12-07 22:19:39,294] {local_task_job.py:156} INFO - Task exited with return code 0
[2023-12-07 22:19:39,342] {local_task_job.py:273} INFO - 0 downstream tasks scheduled from follow-on schedule check
