[2023-12-07 22:04:22,977] {taskinstance.py:1179} INFO - Dependencies all met for <TaskInstance: ETL_redshift_docker_airflow.transformar_data manual__2023-12-06T21:26:03.000440+00:00 [queued]>
[2023-12-07 22:04:22,994] {taskinstance.py:1179} INFO - Dependencies all met for <TaskInstance: ETL_redshift_docker_airflow.transformar_data manual__2023-12-06T21:26:03.000440+00:00 [queued]>
[2023-12-07 22:04:22,995] {taskinstance.py:1376} INFO - 
--------------------------------------------------------------------------------
[2023-12-07 22:04:22,996] {taskinstance.py:1377} INFO - Starting attempt 1 of 6
[2023-12-07 22:04:22,996] {taskinstance.py:1378} INFO - 
--------------------------------------------------------------------------------
[2023-12-07 22:04:23,015] {taskinstance.py:1397} INFO - Executing <Task(PythonOperator): transformar_data> on 2023-12-06 21:26:03.000440+00:00
[2023-12-07 22:04:23,024] {standard_task_runner.py:52} INFO - Started process 293 to run task
[2023-12-07 22:04:23,028] {standard_task_runner.py:79} INFO - Running: ['***', 'tasks', 'run', 'ETL_redshift_docker_***', 'transformar_data', 'manual__2023-12-06T21:26:03.000440+00:00', '--job-id', '139', '--raw', '--subdir', 'DAGS_FOLDER/ETL a Redshift.py', '--cfg-path', '/tmp/tmptwfgiuj7', '--error-file', '/tmp/tmppivgbof_']
[2023-12-07 22:04:23,029] {standard_task_runner.py:80} INFO - Job 139: Subtask transformar_data
[2023-12-07 22:04:23,104] {task_command.py:371} INFO - Running <TaskInstance: ETL_redshift_docker_airflow.transformar_data manual__2023-12-06T21:26:03.000440+00:00 [running]> on host 4357a10b93bd
[2023-12-07 22:04:23,146] {logging_mixin.py:115} WARNING - /home/***/.local/lib/python3.7/site-packages/***/utils/context.py:202 AirflowContextDeprecationWarning: Accessing 'execution_date' from the template is deprecated and will be removed in a future version. Please use 'data_interval_start' or 'logical_date' instead.
[2023-12-07 22:04:23,186] {taskinstance.py:1591} INFO - Exporting the following env vars:
AIRFLOW_CTX_DAG_OWNER=ManuelMoyano
AIRFLOW_CTX_DAG_ID=ETL_redshift_docker_***
AIRFLOW_CTX_TASK_ID=transformar_data
AIRFLOW_CTX_EXECUTION_DATE=2023-12-06T21:26:03.000440+00:00
AIRFLOW_CTX_TRY_NUMBER=1
AIRFLOW_CTX_DAG_RUN_ID=manual__2023-12-06T21:26:03.000440+00:00
[2023-12-07 22:04:23,188] {logging_mixin.py:115} INFO - Transformando la data para la fecha: 2023-12-06 21
[2023-12-07 22:04:23,188] {taskinstance.py:1909} ERROR - Task failed with exception
Traceback (most recent call last):
  File "/home/airflow/.local/lib/python3.7/site-packages/airflow/operators/python.py", line 171, in execute
    return_value = self.execute_callable()
  File "/home/airflow/.local/lib/python3.7/site-packages/airflow/operators/python.py", line 189, in execute_callable
    return self.python_callable(*self.op_args, **self.op_kwargs)
  File "/opt/airflow/dags/ETL a Redshift.py", line 122, in transformar_data
    fullpage = fullpage.sort_values('vote_average', ascending=False)
UnboundLocalError: local variable 'fullpage' referenced before assignment
[2023-12-07 22:04:23,199] {taskinstance.py:1420} INFO - Marking task as UP_FOR_RETRY. dag_id=ETL_redshift_docker_***, task_id=transformar_data, execution_date=20231206T212603, start_date=20231207T220422, end_date=20231207T220423
[2023-12-07 22:04:23,257] {standard_task_runner.py:97} ERROR - Failed to execute job 139 for task transformar_data (local variable 'fullpage' referenced before assignment; 293)
[2023-12-07 22:04:23,279] {local_task_job.py:156} INFO - Task exited with return code 1
[2023-12-07 22:04:23,345] {local_task_job.py:273} INFO - 0 downstream tasks scheduled from follow-on schedule check
