[2023-12-07 22:09:24,207] {taskinstance.py:1179} INFO - Dependencies all met for <TaskInstance: ETL_redshift_docker_airflow.transformar_data manual__2023-12-07T21:34:35.619321+00:00 [queued]>
[2023-12-07 22:09:24,226] {taskinstance.py:1179} INFO - Dependencies all met for <TaskInstance: ETL_redshift_docker_airflow.transformar_data manual__2023-12-07T21:34:35.619321+00:00 [queued]>
[2023-12-07 22:09:24,228] {taskinstance.py:1376} INFO - 
--------------------------------------------------------------------------------
[2023-12-07 22:09:24,229] {taskinstance.py:1377} INFO - Starting attempt 2 of 6
[2023-12-07 22:09:24,229] {taskinstance.py:1378} INFO - 
--------------------------------------------------------------------------------
[2023-12-07 22:09:24,254] {taskinstance.py:1397} INFO - Executing <Task(PythonOperator): transformar_data> on 2023-12-07 21:34:35.619321+00:00
[2023-12-07 22:09:24,263] {standard_task_runner.py:52} INFO - Started process 516 to run task
[2023-12-07 22:09:24,268] {standard_task_runner.py:79} INFO - Running: ['***', 'tasks', 'run', 'ETL_redshift_docker_***', 'transformar_data', 'manual__2023-12-07T21:34:35.619321+00:00', '--job-id', '153', '--raw', '--subdir', 'DAGS_FOLDER/ETL a Redshift.py', '--cfg-path', '/tmp/tmp8ie8gwmw', '--error-file', '/tmp/tmp6j2g9kdo']
[2023-12-07 22:09:24,271] {standard_task_runner.py:80} INFO - Job 153: Subtask transformar_data
[2023-12-07 22:09:24,367] {task_command.py:371} INFO - Running <TaskInstance: ETL_redshift_docker_airflow.transformar_data manual__2023-12-07T21:34:35.619321+00:00 [running]> on host 4357a10b93bd
[2023-12-07 22:09:24,446] {logging_mixin.py:115} WARNING - /home/***/.local/lib/python3.7/site-packages/***/utils/context.py:202 AirflowContextDeprecationWarning: Accessing 'execution_date' from the template is deprecated and will be removed in a future version. Please use 'data_interval_start' or 'logical_date' instead.
[2023-12-07 22:09:24,502] {taskinstance.py:1591} INFO - Exporting the following env vars:
AIRFLOW_CTX_DAG_OWNER=ManuelMoyano
AIRFLOW_CTX_DAG_ID=ETL_redshift_docker_***
AIRFLOW_CTX_TASK_ID=transformar_data
AIRFLOW_CTX_EXECUTION_DATE=2023-12-07T21:34:35.619321+00:00
AIRFLOW_CTX_TRY_NUMBER=2
AIRFLOW_CTX_DAG_RUN_ID=manual__2023-12-07T21:34:35.619321+00:00
[2023-12-07 22:09:24,504] {logging_mixin.py:115} INFO - Transformando la data para la fecha: 2023-12-07 21
[2023-12-07 22:09:24,540] {python.py:173} INFO - Done. Returned value was: None
[2023-12-07 22:09:24,557] {taskinstance.py:1420} INFO - Marking task as SUCCESS. dag_id=ETL_redshift_docker_***, task_id=transformar_data, execution_date=20231207T213435, start_date=20231207T220924, end_date=20231207T220924
[2023-12-07 22:09:24,603] {local_task_job.py:156} INFO - Task exited with return code 0
[2023-12-07 22:09:24,703] {local_task_job.py:273} INFO - 0 downstream tasks scheduled from follow-on schedule check
